<?xml version="1.0" encoding="UTF-8"?>
<testsuites name="Reset" time="329.423" tests="3" failures="0" errors="0">
   <testsuite name="Reset" tests="3" failures="0" errors="0" time="329.423" skipped="0" timestamp="01-01-2024T22:20:21" hostname="abyad - Thinkbook" id="Test Suites/Reset">
      <properties>
         <property name="deviceName" value=""/>
         <property name="devicePlatform" value=""/>
         <property name="logFolder" value="D:\\katalon\\Netflix\\Netflix - Create Profile\\Reports\\20240101_222011\\Reset\\20240101_222012"/>
         <property name="logFiles" value="D:\\katalon\\Netflix\\Netflix - Create Profile\\Reports\\20240101_222011\\Reset\\20240101_222012\\execution0.log"/>
         <property name="attachments" value=""/>
         <property name="hostName" value="abyad - Thinkbook"/>
         <property name="os" value="Windows 11 64bit"/>
         <property name="katalonVersion" value="9.2.0.212"/>
         <property name="browser" value="Chrome 120.0.0.0"/>
         <property name="hostAddress" value="192.168.18.169"/>
         <property name="sessionId" value="e38be3f535c40c16f5c6c442b92de54a"/>
         <property name="seleniumVersion" value="3.141.59"/>
         <property name="proxyInformation" value="ProxyInformation { proxyOption=NO_PROXY, proxyServerType=HTTP, username=, password=********, proxyServerAddress=, proxyServerPort=0, executionList=&quot;&quot;, isApplyToDesiredCapabilities=true }"/>
         <property name="platform" value="Windows 11"/>
      </properties>
      <testcase name="Test Cases/Profile" time="113.213" classname="Test Cases/Profile" status="PASSED">
         <system-out><![CDATA[01-01-2024T22:20:21 - [TEST_CASE][PASSED] - Test Cases/Profile: Test Cases/Profile

01-01-2024T22:20:22 - [TEST_STEP][PASSED] - openBrowser(""): Browser is opened with url: ''

01-01-2024T22:20:23 - [MESSAGE][INFO] - Starting 'Chrome' driver

01-01-2024T22:20:23 - [MESSAGE][INFO] - Action delay is set to 0 milliseconds

01-01-2024T22:20:25 - [MESSAGE][PASSED] - Browser is opened with url: ''

01-01-2024T22:20:25 - [TEST_STEP][PASSED] - navigateToUrl("https://www.netflix.com/id/login"): Navigate to 'https://www.netflix.com/id/login' successfully

01-01-2024T22:20:29 - [MESSAGE][PASSED] - Navigate to 'https://www.netflix.com/id/login' successfully

01-01-2024T22:20:29 - [TEST_STEP][PASSED] - click(findTestObject("Object Repository/Login/1 email")): Object: 'Object Repository/Login/1 email' is clicked on

01-01-2024T22:20:30 - [MESSAGE][PASSED] - Object: 'Object Repository/Login/1 email' is clicked on

01-01-2024T22:20:30 - [TEST_STEP][PASSED] - setText(findTestObject("Object Repository/Login/2 user id"), email): Text 'owz@frilsa.com' is set on object 'Object Repository/Login/2 user id'

01-01-2024T22:20:31 - [MESSAGE][PASSED] - Text 'owz@frilsa.com' is set on object 'Object Repository/Login/2 user id'

01-01-2024T22:20:31 - [TEST_STEP][PASSED] - setText(findTestObject("Object Repository/Login/3 password"), password): Text 'aku1100' is set on object 'Object Repository/Login/3 password'

01-01-2024T22:20:32 - [MESSAGE][PASSED] - Text 'aku1100' is set on object 'Object Repository/Login/3 password'

01-01-2024T22:20:32 - [TEST_STEP][PASSED] - click(findTestObject("Object Repository/Login/4 sign in")): Object: 'Object Repository/Login/4 sign in' is clicked on

01-01-2024T22:20:32 - [MESSAGE][PASSED] - Object: 'Object Repository/Login/4 sign in' is clicked on

01-01-2024T22:20:32 - [TEST_STEP][PASSED] - delay(2): Delayed 2 second(s)

01-01-2024T22:20:34 - [MESSAGE][PASSED] - Delayed 2 second(s)

01-01-2024T22:20:34 - [TEST_STEP][PASSED] - navigateToUrl("https://www.netflix.com/profiles/manage"): Navigate to 'https://www.netflix.com/profiles/manage' successfully

01-01-2024T22:20:37 - [MESSAGE][PASSED] - Navigate to 'https://www.netflix.com/profiles/manage' successfully

01-01-2024T22:20:37 - [TEST_STEP][PASSED] - click(findTestObject("Profile/profile yang ingin dihapus"), OPTIONAL): Object: 'Object Repository/Profile/profile yang ingin dihapus' is clicked on

01-01-2024T22:20:38 - [MESSAGE][PASSED] - Object: 'Object Repository/Profile/profile yang ingin dihapus' is clicked on

01-01-2024T22:20:38 - [TEST_STEP][PASSED] - click(findTestObject("Profile/profile delete"), OPTIONAL): Object: 'Object Repository/Profile/profile delete' is clicked on

01-01-2024T22:20:39 - [MESSAGE][PASSED] - Object: 'Object Repository/Profile/profile delete' is clicked on

01-01-2024T22:20:39 - [TEST_STEP][PASSED] - click(findTestObject("Profile/profile delete confirm"), OPTIONAL): Object: 'Object Repository/Profile/profile delete confirm' is clicked on

01-01-2024T22:20:39 - [MESSAGE][PASSED] - Object: 'Object Repository/Profile/profile delete confirm' is clicked on

01-01-2024T22:20:39 - [TEST_STEP][PASSED] - click(findTestObject("Profile/profile yang ingin dihapus"), OPTIONAL): Object: 'Object Repository/Profile/profile yang ingin dihapus' is clicked on

01-01-2024T22:20:40 - [MESSAGE][PASSED] - Object: 'Object Repository/Profile/profile yang ingin dihapus' is clicked on

01-01-2024T22:20:40 - [TEST_STEP][PASSED] - click(findTestObject("Profile/profile delete"), OPTIONAL): Object: 'Object Repository/Profile/profile delete' is clicked on

01-01-2024T22:20:42 - [MESSAGE][PASSED] - Object: 'Object Repository/Profile/profile delete' is clicked on

01-01-2024T22:20:42 - [TEST_STEP][PASSED] - click(findTestObject("Profile/profile delete confirm"), OPTIONAL): Object: 'Object Repository/Profile/profile delete confirm' is clicked on

01-01-2024T22:20:42 - [MESSAGE][PASSED] - Object: 'Object Repository/Profile/profile delete confirm' is clicked on

01-01-2024T22:20:42 - [TEST_STEP][PASSED] - click(findTestObject("Profile/profile yang ingin dihapus"), OPTIONAL): Object: 'Object Repository/Profile/profile yang ingin dihapus' is clicked on

01-01-2024T22:20:43 - [MESSAGE][PASSED] - Object: 'Object Repository/Profile/profile yang ingin dihapus' is clicked on

01-01-2024T22:20:43 - [TEST_STEP][PASSED] - click(findTestObject("Profile/profile delete"), OPTIONAL): Object: 'Object Repository/Profile/profile delete' is clicked on

01-01-2024T22:20:44 - [MESSAGE][PASSED] - Object: 'Object Repository/Profile/profile delete' is clicked on

01-01-2024T22:20:44 - [TEST_STEP][PASSED] - click(findTestObject("Profile/profile delete confirm"), OPTIONAL): Object: 'Object Repository/Profile/profile delete confirm' is clicked on

01-01-2024T22:20:45 - [MESSAGE][PASSED] - Object: 'Object Repository/Profile/profile delete confirm' is clicked on

01-01-2024T22:20:45 - [TEST_STEP][PASSED] - click(findTestObject("Profile/profile yang ingin dihapus"), OPTIONAL): Object: 'Object Repository/Profile/profile yang ingin dihapus' is clicked on

01-01-2024T22:20:47 - [MESSAGE][PASSED] - Object: 'Object Repository/Profile/profile yang ingin dihapus' is clicked on

01-01-2024T22:20:47 - [TEST_STEP][PASSED] - click(findTestObject("Profile/profile delete"), OPTIONAL): Object: 'Object Repository/Profile/profile delete' is clicked on

01-01-2024T22:20:48 - [MESSAGE][PASSED] - Object: 'Object Repository/Profile/profile delete' is clicked on

01-01-2024T22:20:48 - [TEST_STEP][PASSED] - click(findTestObject("Profile/profile delete confirm"), OPTIONAL): Object: 'Object Repository/Profile/profile delete confirm' is clicked on

01-01-2024T22:20:48 - [MESSAGE][PASSED] - Object: 'Object Repository/Profile/profile delete confirm' is clicked on

01-01-2024T22:20:48 - [TEST_STEP][PASSED] - navigateToUrl("https://www.netflix.com/profiles/manage", OPTIONAL): Navigate to 'https://www.netflix.com/profiles/manage' successfully

01-01-2024T22:20:50 - [MESSAGE][PASSED] - Navigate to 'https://www.netflix.com/profiles/manage' successfully

01-01-2024T22:20:50 - [TEST_STEP][PASSED] - click(findTestObject("Profile/profile edit name 1")): Object: 'Object Repository/Profile/profile edit name 1' is clicked on

01-01-2024T22:20:50 - [MESSAGE][PASSED] - Object: 'Object Repository/Profile/profile edit name 1' is clicked on

01-01-2024T22:20:50 - [TEST_STEP][PASSED] - clearText(findTestObject("Profile/profile edit name text")): Text of object 'Object Repository/Profile/profile edit name text' is cleared

01-01-2024T22:20:51 - [MESSAGE][PASSED] - Text of object 'Object Repository/Profile/profile edit name text' is cleared

01-01-2024T22:20:51 - [TEST_STEP][PASSED] - setText(findTestObject("Profile/profile edit name text"), "PROFILE 1"): Text 'PROFILE 1' is set on object 'Object Repository/Profile/profile edit name text'

01-01-2024T22:20:52 - [MESSAGE][PASSED] - Text 'PROFILE 1' is set on object 'Object Repository/Profile/profile edit name text'

01-01-2024T22:20:52 - [TEST_STEP][PASSED] - click(findTestObject("Profile/language change")): Object: 'Object Repository/Profile/language change' is clicked on

01-01-2024T22:20:53 - [MESSAGE][PASSED] - Object: 'Object Repository/Profile/language change' is clicked on

01-01-2024T22:20:53 - [TEST_STEP][PASSED] - click(findTestObject("Profile/language indonesia")): Object: 'Object Repository/Profile/language indonesia' is clicked on

01-01-2024T22:20:53 - [MESSAGE][PASSED] - Object: 'Object Repository/Profile/language indonesia' is clicked on

01-01-2024T22:20:53 - [TEST_STEP][PASSED] - click(findTestObject("Profile/profile edit name save")): Object: 'Object Repository/Profile/profile edit name save' is clicked on

01-01-2024T22:20:54 - [MESSAGE][PASSED] - Object: 'Object Repository/Profile/profile edit name save' is clicked on

01-01-2024T22:20:54 - [TEST_STEP][PASSED] - click(findTestObject("Profile/profile add 2")): Object: 'Object Repository/Profile/profile add 2' is clicked on

01-01-2024T22:20:56 - [MESSAGE][PASSED] - Object: 'Object Repository/Profile/profile add 2' is clicked on

01-01-2024T22:20:56 - [TEST_STEP][PASSED] - setText(findTestObject("Profile/profile input name"), "PROFILE 2"): Text 'PROFILE 2' is set on object 'Object Repository/Profile/profile input name'

01-01-2024T22:20:58 - [MESSAGE][PASSED] - Text 'PROFILE 2' is set on object 'Object Repository/Profile/profile input name'

01-01-2024T22:20:58 - [TEST_STEP][PASSED] - click(findTestObject("Profile/profile input name continue")): Object: 'Object Repository/Profile/profile input name continue' is clicked on

01-01-2024T22:20:58 - [MESSAGE][PASSED] - Object: 'Object Repository/Profile/profile input name continue' is clicked on

01-01-2024T22:20:58 - [TEST_STEP][PASSED] - click(findTestObject("Profile/profile add 3")): Object: 'Object Repository/Profile/profile add 3' is clicked on

01-01-2024T22:21:00 - [MESSAGE][PASSED] - Object: 'Object Repository/Profile/profile add 3' is clicked on

01-01-2024T22:21:00 - [TEST_STEP][PASSED] - setText(findTestObject("Profile/profile input name"), "PROFILE 3"): Text 'PROFILE 3' is set on object 'Object Repository/Profile/profile input name'

01-01-2024T22:21:01 - [MESSAGE][PASSED] - Text 'PROFILE 3' is set on object 'Object Repository/Profile/profile input name'

01-01-2024T22:21:01 - [TEST_STEP][PASSED] - click(findTestObject("Profile/profile input name continue")): Object: 'Object Repository/Profile/profile input name continue' is clicked on

01-01-2024T22:21:02 - [MESSAGE][PASSED] - Object: 'Object Repository/Profile/profile input name continue' is clicked on

01-01-2024T22:21:02 - [TEST_STEP][PASSED] - click(findTestObject("Profile/profile add 4")): Object: 'Object Repository/Profile/profile add 4' is clicked on

01-01-2024T22:21:03 - [MESSAGE][PASSED] - Object: 'Object Repository/Profile/profile add 4' is clicked on

01-01-2024T22:21:03 - [TEST_STEP][PASSED] - setText(findTestObject("Profile/profile input name"), "PROFILE 4"): Text 'PROFILE 4' is set on object 'Object Repository/Profile/profile input name'

01-01-2024T22:21:04 - [MESSAGE][PASSED] - Text 'PROFILE 4' is set on object 'Object Repository/Profile/profile input name'

01-01-2024T22:21:04 - [TEST_STEP][PASSED] - click(findTestObject("Profile/profile input name continue")): Object: 'Object Repository/Profile/profile input name continue' is clicked on

01-01-2024T22:21:05 - [MESSAGE][PASSED] - Object: 'Object Repository/Profile/profile input name continue' is clicked on

01-01-2024T22:21:05 - [TEST_STEP][PASSED] - click(findTestObject("Profile/profile add 5")): Object: 'Object Repository/Profile/profile add 5' is clicked on

01-01-2024T22:21:06 - [MESSAGE][PASSED] - Object: 'Object Repository/Profile/profile add 5' is clicked on

01-01-2024T22:21:06 - [TEST_STEP][PASSED] - setText(findTestObject("Profile/profile input name"), "PROFILE 5"): Text 'PROFILE 5' is set on object 'Object Repository/Profile/profile input name'

01-01-2024T22:21:08 - [MESSAGE][PASSED] - Text 'PROFILE 5' is set on object 'Object Repository/Profile/profile input name'

01-01-2024T22:21:08 - [TEST_STEP][PASSED] - click(findTestObject("Profile/profile input name continue")): Object: 'Object Repository/Profile/profile input name continue' is clicked on

01-01-2024T22:21:08 - [MESSAGE][PASSED] - Object: 'Object Repository/Profile/profile input name continue' is clicked on

01-01-2024T22:21:08 - [TEST_STEP][PASSED] - click(findTestObject("Profile/profile done")): Object: 'Object Repository/Profile/profile done' is clicked on

01-01-2024T22:21:11 - [MESSAGE][PASSED] - Object: 'Object Repository/Profile/profile done' is clicked on

01-01-2024T22:21:11 - [TEST_STEP][PASSED] - navigateToUrl("https://www.netflix.com/YourAccount"): Navigate to 'https://www.netflix.com/YourAccount' successfully

01-01-2024T22:21:12 - [MESSAGE][PASSED] - Navigate to 'https://www.netflix.com/YourAccount' successfully

01-01-2024T22:21:12 - [TEST_STEP][PASSED] - click(findTestObject("Pin/pin expand button 1")): Object: 'Object Repository/Pin/pin expand button 1' is clicked on

01-01-2024T22:21:14 - [MESSAGE][PASSED] - Object: 'Object Repository/Pin/pin expand button 1' is clicked on

01-01-2024T22:21:14 - [TEST_STEP][PASSED] - click(findTestObject("Pin/pin change 1")): Object: 'Object Repository/Pin/pin change 1' is clicked on

01-01-2024T22:21:16 - [MESSAGE][PASSED] - Object: 'Object Repository/Pin/pin change 1' is clicked on

01-01-2024T22:21:16 - [TEST_STEP][PASSED] - setText(findTestObject("Pin/pin input password"), password): Text 'aku1100' is set on object 'Object Repository/Pin/pin input password'

01-01-2024T22:21:17 - [MESSAGE][PASSED] - Text 'aku1100' is set on object 'Object Repository/Pin/pin input password'

01-01-2024T22:21:17 - [TEST_STEP][PASSED] - click(findTestObject("Pin/pin input password continue")): Object: 'Object Repository/Pin/pin input password continue' is clicked on

01-01-2024T22:21:17 - [MESSAGE][PASSED] - Object: 'Object Repository/Pin/pin input password continue' is clicked on

01-01-2024T22:21:17 - [TEST_STEP][PASSED] - if (verifyElementPresent(findTestObject("Pin/pin input A"), 2, CONTINUE_ON_FAILURE)): null

01-01-2024T22:21:18 - [MESSAGE][PASSED] - Object 'Object Repository/Pin/pin input A' is present

01-01-2024T22:21:18 - [TEST_STEP][PASSED] - click(findTestObject("Pin/pin checkbox")): Object: 'Object Repository/Pin/pin checkbox' is clicked on

01-01-2024T22:21:18 - [MESSAGE][PASSED] - Object: 'Object Repository/Pin/pin checkbox' is clicked on

01-01-2024T22:21:18 - [TEST_STEP][PASSED] - click(findTestObject("Pin/pin input save 1a")): Object: 'Object Repository/Pin/pin input save 1a' is clicked on

01-01-2024T22:21:19 - [MESSAGE][PASSED] - Object: 'Object Repository/Pin/pin input save 1a' is clicked on

01-01-2024T22:21:19 - [TEST_STEP][PASSED] - click(findTestObject("Pin/pin expand button 1")): Object: 'Object Repository/Pin/pin expand button 1' is clicked on

01-01-2024T22:21:22 - [MESSAGE][PASSED] - Object: 'Object Repository/Pin/pin expand button 1' is clicked on

01-01-2024T22:21:22 - [TEST_STEP][PASSED] - click(findTestObject("Pin/pin change 1")): Object: 'Object Repository/Pin/pin change 1' is clicked on

01-01-2024T22:21:23 - [MESSAGE][PASSED] - Object: 'Object Repository/Pin/pin change 1' is clicked on

01-01-2024T22:21:23 - [TEST_STEP][PASSED] - setText(findTestObject("Pin/pin input password"), password): Text 'aku1100' is set on object 'Object Repository/Pin/pin input password'

01-01-2024T22:21:24 - [MESSAGE][PASSED] - Text 'aku1100' is set on object 'Object Repository/Pin/pin input password'

01-01-2024T22:21:24 - [TEST_STEP][PASSED] - click(findTestObject("Pin/pin input password continue")): Object: 'Object Repository/Pin/pin input password continue' is clicked on

01-01-2024T22:21:25 - [MESSAGE][PASSED] - Object: 'Object Repository/Pin/pin input password continue' is clicked on

01-01-2024T22:21:25 - [TEST_STEP][PASSED] - click(findTestObject("Pin/pin checkbox")): Object: 'Object Repository/Pin/pin checkbox' is clicked on

01-01-2024T22:21:25 - [MESSAGE][PASSED] - Object: 'Object Repository/Pin/pin checkbox' is clicked on

01-01-2024T22:21:25 - [TEST_STEP][PASSED] - setText(findTestObject("Pin/pin input A"), "1"): Text '1' is set on object 'Object Repository/Pin/pin input A'

01-01-2024T22:21:26 - [MESSAGE][PASSED] - Text '1' is set on object 'Object Repository/Pin/pin input A'

01-01-2024T22:21:26 - [TEST_STEP][PASSED] - setText(findTestObject("Pin/pin input B"), "1"): Text '1' is set on object 'Object Repository/Pin/pin input B'

01-01-2024T22:21:27 - [MESSAGE][PASSED] - Text '1' is set on object 'Object Repository/Pin/pin input B'

01-01-2024T22:21:27 - [TEST_STEP][PASSED] - setText(findTestObject("Pin/pin input C"), "1"): Text '1' is set on object 'Object Repository/Pin/pin input C'

01-01-2024T22:21:28 - [MESSAGE][PASSED] - Text '1' is set on object 'Object Repository/Pin/pin input C'

01-01-2024T22:21:28 - [TEST_STEP][PASSED] - setText(findTestObject("Pin/pin input D"), "1"): Text '1' is set on object 'Object Repository/Pin/pin input D'

01-01-2024T22:21:29 - [MESSAGE][PASSED] - Text '1' is set on object 'Object Repository/Pin/pin input D'

01-01-2024T22:21:29 - [TEST_STEP][PASSED] - click(findTestObject("Pin/pin input save 1")): Object: 'Object Repository/Pin/pin input save 1' is clicked on

01-01-2024T22:21:29 - [MESSAGE][PASSED] - Object: 'Object Repository/Pin/pin input save 1' is clicked on

01-01-2024T22:21:29 - [TEST_STEP][PASSED] - click(findTestObject("Pin/pin expand button 2")): Object: 'Object Repository/Pin/pin expand button 2' is clicked on

01-01-2024T22:21:31 - [MESSAGE][PASSED] - Object: 'Object Repository/Pin/pin expand button 2' is clicked on

01-01-2024T22:21:31 - [TEST_STEP][PASSED] - click(findTestObject("Pin/pin change 2")): Object: 'Object Repository/Pin/pin change 2' is clicked on

01-01-2024T22:21:32 - [MESSAGE][PASSED] - Object: 'Object Repository/Pin/pin change 2' is clicked on

01-01-2024T22:21:32 - [TEST_STEP][PASSED] - setText(findTestObject("Pin/pin input password"), password): Text 'aku1100' is set on object 'Object Repository/Pin/pin input password'

01-01-2024T22:21:33 - [MESSAGE][PASSED] - Text 'aku1100' is set on object 'Object Repository/Pin/pin input password'

01-01-2024T22:21:33 - [TEST_STEP][PASSED] - click(findTestObject("Pin/pin input password continue")): Object: 'Object Repository/Pin/pin input password continue' is clicked on

01-01-2024T22:21:34 - [MESSAGE][PASSED] - Object: 'Object Repository/Pin/pin input password continue' is clicked on

01-01-2024T22:21:34 - [TEST_STEP][PASSED] - click(findTestObject("Pin/pin checkbox")): Object: 'Object Repository/Pin/pin checkbox' is clicked on

01-01-2024T22:21:35 - [MESSAGE][PASSED] - Object: 'Object Repository/Pin/pin checkbox' is clicked on

01-01-2024T22:21:35 - [TEST_STEP][PASSED] - setText(findTestObject("Pin/pin input A"), "1"): Text '1' is set on object 'Object Repository/Pin/pin input A'

01-01-2024T22:21:35 - [MESSAGE][PASSED] - Text '1' is set on object 'Object Repository/Pin/pin input A'

01-01-2024T22:21:35 - [TEST_STEP][PASSED] - setText(findTestObject("Pin/pin input B"), "1"): Text '1' is set on object 'Object Repository/Pin/pin input B'

01-01-2024T22:21:36 - [MESSAGE][PASSED] - Text '1' is set on object 'Object Repository/Pin/pin input B'

01-01-2024T22:21:36 - [TEST_STEP][PASSED] - setText(findTestObject("Pin/pin input C"), "1"): Text '1' is set on object 'Object Repository/Pin/pin input C'

01-01-2024T22:21:37 - [MESSAGE][PASSED] - Text '1' is set on object 'Object Repository/Pin/pin input C'

01-01-2024T22:21:37 - [TEST_STEP][PASSED] - setText(findTestObject("Pin/pin input D"), "2"): Text '2' is set on object 'Object Repository/Pin/pin input D'

01-01-2024T22:21:38 - [MESSAGE][PASSED] - Text '2' is set on object 'Object Repository/Pin/pin input D'

01-01-2024T22:21:38 - [TEST_STEP][PASSED] - click(findTestObject("Pin/pin input save 2")): Object: 'Object Repository/Pin/pin input save 2' is clicked on

01-01-2024T22:21:38 - [MESSAGE][PASSED] - Object: 'Object Repository/Pin/pin input save 2' is clicked on

01-01-2024T22:21:38 - [TEST_STEP][PASSED] - click(findTestObject("Pin/pin expand button 3")): Object: 'Object Repository/Pin/pin expand button 3' is clicked on

01-01-2024T22:21:40 - [MESSAGE][PASSED] - Object: 'Object Repository/Pin/pin expand button 3' is clicked on

01-01-2024T22:21:40 - [TEST_STEP][PASSED] - click(findTestObject("Pin/pin change 3")): Object: 'Object Repository/Pin/pin change 3' is clicked on

01-01-2024T22:21:42 - [MESSAGE][PASSED] - Object: 'Object Repository/Pin/pin change 3' is clicked on

01-01-2024T22:21:42 - [TEST_STEP][PASSED] - setText(findTestObject("Pin/pin input password"), password): Text 'aku1100' is set on object 'Object Repository/Pin/pin input password'

01-01-2024T22:21:43 - [MESSAGE][PASSED] - Text 'aku1100' is set on object 'Object Repository/Pin/pin input password'

01-01-2024T22:21:43 - [TEST_STEP][PASSED] - click(findTestObject("Pin/pin input password continue")): Object: 'Object Repository/Pin/pin input password continue' is clicked on

01-01-2024T22:21:43 - [MESSAGE][PASSED] - Object: 'Object Repository/Pin/pin input password continue' is clicked on

01-01-2024T22:21:43 - [TEST_STEP][PASSED] - click(findTestObject("Pin/pin checkbox")): Object: 'Object Repository/Pin/pin checkbox' is clicked on

01-01-2024T22:21:44 - [MESSAGE][PASSED] - Object: 'Object Repository/Pin/pin checkbox' is clicked on

01-01-2024T22:21:44 - [TEST_STEP][PASSED] - setText(findTestObject("Pin/pin input A"), "1"): Text '1' is set on object 'Object Repository/Pin/pin input A'

01-01-2024T22:21:45 - [MESSAGE][PASSED] - Text '1' is set on object 'Object Repository/Pin/pin input A'

01-01-2024T22:21:45 - [TEST_STEP][PASSED] - setText(findTestObject("Pin/pin input B"), "1"): Text '1' is set on object 'Object Repository/Pin/pin input B'

01-01-2024T22:21:45 - [MESSAGE][PASSED] - Text '1' is set on object 'Object Repository/Pin/pin input B'

01-01-2024T22:21:45 - [TEST_STEP][PASSED] - setText(findTestObject("Pin/pin input C"), "1"): Text '1' is set on object 'Object Repository/Pin/pin input C'

01-01-2024T22:21:46 - [MESSAGE][PASSED] - Text '1' is set on object 'Object Repository/Pin/pin input C'

01-01-2024T22:21:46 - [TEST_STEP][PASSED] - setText(findTestObject("Pin/pin input D"), "3"): Text '3' is set on object 'Object Repository/Pin/pin input D'

01-01-2024T22:21:47 - [MESSAGE][PASSED] - Text '3' is set on object 'Object Repository/Pin/pin input D'

01-01-2024T22:21:47 - [TEST_STEP][PASSED] - click(findTestObject("Pin/pin input save 3")): Object: 'Object Repository/Pin/pin input save 3' is clicked on

01-01-2024T22:21:47 - [MESSAGE][PASSED] - Object: 'Object Repository/Pin/pin input save 3' is clicked on

01-01-2024T22:21:47 - [TEST_STEP][PASSED] - click(findTestObject("Pin/pin expand button 4")): Object: 'Object Repository/Pin/pin expand button 4' is clicked on

01-01-2024T22:21:51 - [MESSAGE][PASSED] - Object: 'Object Repository/Pin/pin expand button 4' is clicked on

01-01-2024T22:21:51 - [TEST_STEP][PASSED] - click(findTestObject("Pin/pin change 4")): Object: 'Object Repository/Pin/pin change 4' is clicked on

01-01-2024T22:21:53 - [MESSAGE][PASSED] - Object: 'Object Repository/Pin/pin change 4' is clicked on

01-01-2024T22:21:53 - [TEST_STEP][PASSED] - setText(findTestObject("Pin/pin input password"), password): Text 'aku1100' is set on object 'Object Repository/Pin/pin input password'

01-01-2024T22:21:53 - [MESSAGE][PASSED] - Text 'aku1100' is set on object 'Object Repository/Pin/pin input password'

01-01-2024T22:21:53 - [TEST_STEP][PASSED] - click(findTestObject("Pin/pin input password continue")): Object: 'Object Repository/Pin/pin input password continue' is clicked on

01-01-2024T22:21:54 - [MESSAGE][PASSED] - Object: 'Object Repository/Pin/pin input password continue' is clicked on

01-01-2024T22:21:54 - [TEST_STEP][PASSED] - click(findTestObject("Pin/pin checkbox")): Object: 'Object Repository/Pin/pin checkbox' is clicked on

01-01-2024T22:21:55 - [MESSAGE][PASSED] - Object: 'Object Repository/Pin/pin checkbox' is clicked on

01-01-2024T22:21:55 - [TEST_STEP][PASSED] - setText(findTestObject("Pin/pin input A"), "1"): Text '1' is set on object 'Object Repository/Pin/pin input A'

01-01-2024T22:21:55 - [MESSAGE][PASSED] - Text '1' is set on object 'Object Repository/Pin/pin input A'

01-01-2024T22:21:55 - [TEST_STEP][PASSED] - setText(findTestObject("Pin/pin input B"), "1"): Text '1' is set on object 'Object Repository/Pin/pin input B'

01-01-2024T22:21:56 - [MESSAGE][PASSED] - Text '1' is set on object 'Object Repository/Pin/pin input B'

01-01-2024T22:21:56 - [TEST_STEP][PASSED] - setText(findTestObject("Pin/pin input C"), "1"): Text '1' is set on object 'Object Repository/Pin/pin input C'

01-01-2024T22:21:57 - [MESSAGE][PASSED] - Text '1' is set on object 'Object Repository/Pin/pin input C'

01-01-2024T22:21:57 - [TEST_STEP][PASSED] - setText(findTestObject("Pin/pin input D"), "4"): Text '4' is set on object 'Object Repository/Pin/pin input D'

01-01-2024T22:21:58 - [MESSAGE][PASSED] - Text '4' is set on object 'Object Repository/Pin/pin input D'

01-01-2024T22:21:58 - [TEST_STEP][PASSED] - click(findTestObject("Pin/pin input save 4")): Object: 'Object Repository/Pin/pin input save 4' is clicked on

01-01-2024T22:21:58 - [MESSAGE][PASSED] - Object: 'Object Repository/Pin/pin input save 4' is clicked on

01-01-2024T22:21:58 - [TEST_STEP][PASSED] - click(findTestObject("Pin/pin expand button 5")): Object: 'Object Repository/Pin/pin expand button 5' is clicked on

01-01-2024T22:22:00 - [MESSAGE][PASSED] - Object: 'Object Repository/Pin/pin expand button 5' is clicked on

01-01-2024T22:22:00 - [TEST_STEP][PASSED] - click(findTestObject("Pin/pin change 5")): Object: 'Object Repository/Pin/pin change 5' is clicked on

01-01-2024T22:22:02 - [MESSAGE][PASSED] - Object: 'Object Repository/Pin/pin change 5' is clicked on

01-01-2024T22:22:02 - [TEST_STEP][PASSED] - setText(findTestObject("Pin/pin input password"), password): Text 'aku1100' is set on object 'Object Repository/Pin/pin input password'

01-01-2024T22:22:02 - [MESSAGE][PASSED] - Text 'aku1100' is set on object 'Object Repository/Pin/pin input password'

01-01-2024T22:22:02 - [TEST_STEP][PASSED] - click(findTestObject("Pin/pin input password continue")): Object: 'Object Repository/Pin/pin input password continue' is clicked on

01-01-2024T22:22:03 - [MESSAGE][PASSED] - Object: 'Object Repository/Pin/pin input password continue' is clicked on

01-01-2024T22:22:03 - [TEST_STEP][PASSED] - click(findTestObject("Pin/pin checkbox")): Object: 'Object Repository/Pin/pin checkbox' is clicked on

01-01-2024T22:22:04 - [MESSAGE][PASSED] - Object: 'Object Repository/Pin/pin checkbox' is clicked on

01-01-2024T22:22:04 - [TEST_STEP][PASSED] - setText(findTestObject("Pin/pin input A"), "1"): Text '1' is set on object 'Object Repository/Pin/pin input A'

01-01-2024T22:22:04 - [MESSAGE][PASSED] - Text '1' is set on object 'Object Repository/Pin/pin input A'

01-01-2024T22:22:04 - [TEST_STEP][PASSED] - setText(findTestObject("Pin/pin input B"), "1"): Text '1' is set on object 'Object Repository/Pin/pin input B'

01-01-2024T22:22:05 - [MESSAGE][PASSED] - Text '1' is set on object 'Object Repository/Pin/pin input B'

01-01-2024T22:22:05 - [TEST_STEP][PASSED] - setText(findTestObject("Pin/pin input C"), "1"): Text '1' is set on object 'Object Repository/Pin/pin input C'

01-01-2024T22:22:06 - [MESSAGE][PASSED] - Text '1' is set on object 'Object Repository/Pin/pin input C'

01-01-2024T22:22:06 - [TEST_STEP][PASSED] - setText(findTestObject("Pin/pin input D"), "5"): Text '5' is set on object 'Object Repository/Pin/pin input D'

01-01-2024T22:22:07 - [MESSAGE][PASSED] - Text '5' is set on object 'Object Repository/Pin/pin input D'

01-01-2024T22:22:07 - [TEST_STEP][PASSED] - click(findTestObject("Pin/pin input save 5")): Object: 'Object Repository/Pin/pin input save 5' is clicked on

01-01-2024T22:22:07 - [MESSAGE][PASSED] - Object: 'Object Repository/Pin/pin input save 5' is clicked on

01-01-2024T22:22:07 - [TEST_STEP][PASSED] - delay(2): Delayed 2 second(s)

01-01-2024T22:22:09 - [MESSAGE][PASSED] - Delayed 2 second(s)

01-01-2024T22:22:09 - [TEST_STEP][PASSED] - navigateToUrl("https://www.netflix.com/id/logout"): Navigate to 'https://www.netflix.com/id/logout' successfully

01-01-2024T22:22:11 - [MESSAGE][PASSED] - Navigate to 'https://www.netflix.com/id/logout' successfully

01-01-2024T22:22:11 - [TEST_STEP][PASSED] - click(findTestObject("sign out")): Object: 'Object Repository/sign out' is clicked on

01-01-2024T22:22:13 - [MESSAGE][PASSED] - Object: 'Object Repository/sign out' is clicked on

01-01-2024T22:22:13 - [TEST_STEP][PASSED] - delay(2): Delayed 2 second(s)

01-01-2024T22:22:15 - [MESSAGE][PASSED] - Delayed 2 second(s)]]></system-out>
         <system-err><![CDATA[]]></system-err>
      </testcase>
      <testcase name="Test Cases/Profile" time="109.367" classname="Test Cases/Profile" status="PASSED">
         <system-out><![CDATA[01-01-2024T22:22:15 - [TEST_CASE][PASSED] - Test Cases/Profile: Test Cases/Profile

01-01-2024T22:22:15 - [TEST_STEP][PASSED] - openBrowser(""): Browser is opened with url: ''

01-01-2024T22:22:15 - [MESSAGE][WARNING] - A browser is already opened. Closing browser and opening a new one

01-01-2024T22:22:15 - [MESSAGE][INFO] - Starting 'Chrome' driver

01-01-2024T22:22:15 - [MESSAGE][INFO] - Action delay is set to 0 milliseconds

01-01-2024T22:22:16 - [MESSAGE][PASSED] - Browser is opened with url: ''

01-01-2024T22:22:16 - [TEST_STEP][PASSED] - navigateToUrl("https://www.netflix.com/id/login"): Navigate to 'https://www.netflix.com/id/login' successfully

01-01-2024T22:22:19 - [MESSAGE][PASSED] - Navigate to 'https://www.netflix.com/id/login' successfully

01-01-2024T22:22:19 - [TEST_STEP][PASSED] - click(findTestObject("Object Repository/Login/1 email")): Object: 'Object Repository/Login/1 email' is clicked on

01-01-2024T22:22:20 - [MESSAGE][PASSED] - Object: 'Object Repository/Login/1 email' is clicked on

01-01-2024T22:22:20 - [TEST_STEP][PASSED] - setText(findTestObject("Object Repository/Login/2 user id"), email): Text 'pux@frilsa.com' is set on object 'Object Repository/Login/2 user id'

01-01-2024T22:22:21 - [MESSAGE][PASSED] - Text 'pux@frilsa.com' is set on object 'Object Repository/Login/2 user id'

01-01-2024T22:22:21 - [TEST_STEP][PASSED] - setText(findTestObject("Object Repository/Login/3 password"), password): Text 'aku1100' is set on object 'Object Repository/Login/3 password'

01-01-2024T22:22:21 - [MESSAGE][PASSED] - Text 'aku1100' is set on object 'Object Repository/Login/3 password'

01-01-2024T22:22:21 - [TEST_STEP][PASSED] - click(findTestObject("Object Repository/Login/4 sign in")): Object: 'Object Repository/Login/4 sign in' is clicked on

01-01-2024T22:22:22 - [MESSAGE][PASSED] - Object: 'Object Repository/Login/4 sign in' is clicked on

01-01-2024T22:22:22 - [TEST_STEP][PASSED] - delay(2): Delayed 2 second(s)

01-01-2024T22:22:24 - [MESSAGE][PASSED] - Delayed 2 second(s)

01-01-2024T22:22:24 - [TEST_STEP][PASSED] - navigateToUrl("https://www.netflix.com/profiles/manage"): Navigate to 'https://www.netflix.com/profiles/manage' successfully

01-01-2024T22:22:27 - [MESSAGE][PASSED] - Navigate to 'https://www.netflix.com/profiles/manage' successfully

01-01-2024T22:22:27 - [TEST_STEP][PASSED] - click(findTestObject("Profile/profile yang ingin dihapus"), OPTIONAL): Object: 'Object Repository/Profile/profile yang ingin dihapus' is clicked on

01-01-2024T22:22:27 - [MESSAGE][PASSED] - Object: 'Object Repository/Profile/profile yang ingin dihapus' is clicked on

01-01-2024T22:22:27 - [TEST_STEP][PASSED] - click(findTestObject("Profile/profile delete"), OPTIONAL): Object: 'Object Repository/Profile/profile delete' is clicked on

01-01-2024T22:22:29 - [MESSAGE][PASSED] - Object: 'Object Repository/Profile/profile delete' is clicked on

01-01-2024T22:22:29 - [TEST_STEP][PASSED] - click(findTestObject("Profile/profile delete confirm"), OPTIONAL): Object: 'Object Repository/Profile/profile delete confirm' is clicked on

01-01-2024T22:22:29 - [MESSAGE][PASSED] - Object: 'Object Repository/Profile/profile delete confirm' is clicked on

01-01-2024T22:22:29 - [TEST_STEP][PASSED] - click(findTestObject("Profile/profile yang ingin dihapus"), OPTIONAL): Object: 'Object Repository/Profile/profile yang ingin dihapus' is clicked on

01-01-2024T22:22:31 - [MESSAGE][PASSED] - Object: 'Object Repository/Profile/profile yang ingin dihapus' is clicked on

01-01-2024T22:22:31 - [TEST_STEP][PASSED] - click(findTestObject("Profile/profile delete"), OPTIONAL): Object: 'Object Repository/Profile/profile delete' is clicked on

01-01-2024T22:22:32 - [MESSAGE][PASSED] - Object: 'Object Repository/Profile/profile delete' is clicked on

01-01-2024T22:22:32 - [TEST_STEP][PASSED] - click(findTestObject("Profile/profile delete confirm"), OPTIONAL): Object: 'Object Repository/Profile/profile delete confirm' is clicked on

01-01-2024T22:22:32 - [MESSAGE][PASSED] - Object: 'Object Repository/Profile/profile delete confirm' is clicked on

01-01-2024T22:22:32 - [TEST_STEP][PASSED] - click(findTestObject("Profile/profile yang ingin dihapus"), OPTIONAL): Object: 'Object Repository/Profile/profile yang ingin dihapus' is clicked on

01-01-2024T22:22:34 - [MESSAGE][PASSED] - Object: 'Object Repository/Profile/profile yang ingin dihapus' is clicked on

01-01-2024T22:22:34 - [TEST_STEP][PASSED] - click(findTestObject("Profile/profile delete"), OPTIONAL): Object: 'Object Repository/Profile/profile delete' is clicked on

01-01-2024T22:22:35 - [MESSAGE][PASSED] - Object: 'Object Repository/Profile/profile delete' is clicked on

01-01-2024T22:22:35 - [TEST_STEP][PASSED] - click(findTestObject("Profile/profile delete confirm"), OPTIONAL): Object: 'Object Repository/Profile/profile delete confirm' is clicked on

01-01-2024T22:22:35 - [MESSAGE][PASSED] - Object: 'Object Repository/Profile/profile delete confirm' is clicked on

01-01-2024T22:22:35 - [TEST_STEP][PASSED] - click(findTestObject("Profile/profile yang ingin dihapus"), OPTIONAL): Object: 'Object Repository/Profile/profile yang ingin dihapus' is clicked on

01-01-2024T22:22:36 - [MESSAGE][PASSED] - Object: 'Object Repository/Profile/profile yang ingin dihapus' is clicked on

01-01-2024T22:22:36 - [TEST_STEP][PASSED] - click(findTestObject("Profile/profile delete"), OPTIONAL): Object: 'Object Repository/Profile/profile delete' is clicked on

01-01-2024T22:22:38 - [MESSAGE][PASSED] - Object: 'Object Repository/Profile/profile delete' is clicked on

01-01-2024T22:22:38 - [TEST_STEP][PASSED] - click(findTestObject("Profile/profile delete confirm"), OPTIONAL): Object: 'Object Repository/Profile/profile delete confirm' is clicked on

01-01-2024T22:22:38 - [MESSAGE][PASSED] - Object: 'Object Repository/Profile/profile delete confirm' is clicked on

01-01-2024T22:22:38 - [TEST_STEP][PASSED] - navigateToUrl("https://www.netflix.com/profiles/manage", OPTIONAL): Navigate to 'https://www.netflix.com/profiles/manage' successfully

01-01-2024T22:22:39 - [MESSAGE][PASSED] - Navigate to 'https://www.netflix.com/profiles/manage' successfully

01-01-2024T22:22:39 - [TEST_STEP][PASSED] - click(findTestObject("Profile/profile edit name 1")): Object: 'Object Repository/Profile/profile edit name 1' is clicked on

01-01-2024T22:22:41 - [MESSAGE][PASSED] - Object: 'Object Repository/Profile/profile edit name 1' is clicked on

01-01-2024T22:22:41 - [TEST_STEP][PASSED] - clearText(findTestObject("Profile/profile edit name text")): Text of object 'Object Repository/Profile/profile edit name text' is cleared

01-01-2024T22:22:42 - [MESSAGE][PASSED] - Text of object 'Object Repository/Profile/profile edit name text' is cleared

01-01-2024T22:22:42 - [TEST_STEP][PASSED] - setText(findTestObject("Profile/profile edit name text"), "PROFILE 1"): Text 'PROFILE 1' is set on object 'Object Repository/Profile/profile edit name text'

01-01-2024T22:22:43 - [MESSAGE][PASSED] - Text 'PROFILE 1' is set on object 'Object Repository/Profile/profile edit name text'

01-01-2024T22:22:43 - [TEST_STEP][PASSED] - click(findTestObject("Profile/language change")): Object: 'Object Repository/Profile/language change' is clicked on

01-01-2024T22:22:43 - [MESSAGE][PASSED] - Object: 'Object Repository/Profile/language change' is clicked on

01-01-2024T22:22:43 - [TEST_STEP][PASSED] - click(findTestObject("Profile/language indonesia")): Object: 'Object Repository/Profile/language indonesia' is clicked on

01-01-2024T22:22:44 - [MESSAGE][PASSED] - Object: 'Object Repository/Profile/language indonesia' is clicked on

01-01-2024T22:22:44 - [TEST_STEP][PASSED] - click(findTestObject("Profile/profile edit name save")): Object: 'Object Repository/Profile/profile edit name save' is clicked on

01-01-2024T22:22:44 - [MESSAGE][PASSED] - Object: 'Object Repository/Profile/profile edit name save' is clicked on

01-01-2024T22:22:44 - [TEST_STEP][PASSED] - click(findTestObject("Profile/profile add 2")): Object: 'Object Repository/Profile/profile add 2' is clicked on

01-01-2024T22:22:46 - [MESSAGE][PASSED] - Object: 'Object Repository/Profile/profile add 2' is clicked on

01-01-2024T22:22:46 - [TEST_STEP][PASSED] - setText(findTestObject("Profile/profile input name"), "PROFILE 2"): Text 'PROFILE 2' is set on object 'Object Repository/Profile/profile input name'

01-01-2024T22:22:48 - [MESSAGE][PASSED] - Text 'PROFILE 2' is set on object 'Object Repository/Profile/profile input name'

01-01-2024T22:22:48 - [TEST_STEP][PASSED] - click(findTestObject("Profile/profile input name continue")): Object: 'Object Repository/Profile/profile input name continue' is clicked on

01-01-2024T22:22:48 - [MESSAGE][PASSED] - Object: 'Object Repository/Profile/profile input name continue' is clicked on

01-01-2024T22:22:48 - [TEST_STEP][PASSED] - click(findTestObject("Profile/profile add 3")): Object: 'Object Repository/Profile/profile add 3' is clicked on

01-01-2024T22:22:49 - [MESSAGE][PASSED] - Object: 'Object Repository/Profile/profile add 3' is clicked on

01-01-2024T22:22:49 - [TEST_STEP][PASSED] - setText(findTestObject("Profile/profile input name"), "PROFILE 3"): Text 'PROFILE 3' is set on object 'Object Repository/Profile/profile input name'

01-01-2024T22:22:51 - [MESSAGE][PASSED] - Text 'PROFILE 3' is set on object 'Object Repository/Profile/profile input name'

01-01-2024T22:22:51 - [TEST_STEP][PASSED] - click(findTestObject("Profile/profile input name continue")): Object: 'Object Repository/Profile/profile input name continue' is clicked on

01-01-2024T22:22:51 - [MESSAGE][PASSED] - Object: 'Object Repository/Profile/profile input name continue' is clicked on

01-01-2024T22:22:51 - [TEST_STEP][PASSED] - click(findTestObject("Profile/profile add 4")): Object: 'Object Repository/Profile/profile add 4' is clicked on

01-01-2024T22:22:52 - [MESSAGE][PASSED] - Object: 'Object Repository/Profile/profile add 4' is clicked on

01-01-2024T22:22:52 - [TEST_STEP][PASSED] - setText(findTestObject("Profile/profile input name"), "PROFILE 4"): Text 'PROFILE 4' is set on object 'Object Repository/Profile/profile input name'

01-01-2024T22:22:54 - [MESSAGE][PASSED] - Text 'PROFILE 4' is set on object 'Object Repository/Profile/profile input name'

01-01-2024T22:22:54 - [TEST_STEP][PASSED] - click(findTestObject("Profile/profile input name continue")): Object: 'Object Repository/Profile/profile input name continue' is clicked on

01-01-2024T22:22:54 - [MESSAGE][PASSED] - Object: 'Object Repository/Profile/profile input name continue' is clicked on

01-01-2024T22:22:54 - [TEST_STEP][PASSED] - click(findTestObject("Profile/profile add 5")): Object: 'Object Repository/Profile/profile add 5' is clicked on

01-01-2024T22:22:55 - [MESSAGE][PASSED] - Object: 'Object Repository/Profile/profile add 5' is clicked on

01-01-2024T22:22:55 - [TEST_STEP][PASSED] - setText(findTestObject("Profile/profile input name"), "PROFILE 5"): Text 'PROFILE 5' is set on object 'Object Repository/Profile/profile input name'

01-01-2024T22:22:57 - [MESSAGE][PASSED] - Text 'PROFILE 5' is set on object 'Object Repository/Profile/profile input name'

01-01-2024T22:22:57 - [TEST_STEP][PASSED] - click(findTestObject("Profile/profile input name continue")): Object: 'Object Repository/Profile/profile input name continue' is clicked on

01-01-2024T22:22:57 - [MESSAGE][PASSED] - Object: 'Object Repository/Profile/profile input name continue' is clicked on

01-01-2024T22:22:57 - [TEST_STEP][PASSED] - click(findTestObject("Profile/profile done")): Object: 'Object Repository/Profile/profile done' is clicked on

01-01-2024T22:23:00 - [MESSAGE][PASSED] - Object: 'Object Repository/Profile/profile done' is clicked on

01-01-2024T22:23:00 - [TEST_STEP][PASSED] - navigateToUrl("https://www.netflix.com/YourAccount"): Navigate to 'https://www.netflix.com/YourAccount' successfully

01-01-2024T22:23:02 - [MESSAGE][PASSED] - Navigate to 'https://www.netflix.com/YourAccount' successfully

01-01-2024T22:23:02 - [TEST_STEP][PASSED] - click(findTestObject("Pin/pin expand button 1")): Object: 'Object Repository/Pin/pin expand button 1' is clicked on

01-01-2024T22:23:04 - [MESSAGE][PASSED] - Object: 'Object Repository/Pin/pin expand button 1' is clicked on

01-01-2024T22:23:04 - [TEST_STEP][PASSED] - click(findTestObject("Pin/pin change 1")): Object: 'Object Repository/Pin/pin change 1' is clicked on

01-01-2024T22:23:05 - [MESSAGE][PASSED] - Object: 'Object Repository/Pin/pin change 1' is clicked on

01-01-2024T22:23:05 - [TEST_STEP][PASSED] - setText(findTestObject("Pin/pin input password"), password): Text 'aku1100' is set on object 'Object Repository/Pin/pin input password'

01-01-2024T22:23:06 - [MESSAGE][PASSED] - Text 'aku1100' is set on object 'Object Repository/Pin/pin input password'

01-01-2024T22:23:06 - [TEST_STEP][PASSED] - click(findTestObject("Pin/pin input password continue")): Object: 'Object Repository/Pin/pin input password continue' is clicked on

01-01-2024T22:23:07 - [MESSAGE][PASSED] - Object: 'Object Repository/Pin/pin input password continue' is clicked on

01-01-2024T22:23:07 - [TEST_STEP][PASSED] - if (verifyElementPresent(findTestObject("Pin/pin input A"), 2, CONTINUE_ON_FAILURE)): null

01-01-2024T22:23:07 - [MESSAGE][PASSED] - Object 'Object Repository/Pin/pin input A' is present

01-01-2024T22:23:07 - [TEST_STEP][PASSED] - click(findTestObject("Pin/pin checkbox")): Object: 'Object Repository/Pin/pin checkbox' is clicked on

01-01-2024T22:23:08 - [MESSAGE][PASSED] - Object: 'Object Repository/Pin/pin checkbox' is clicked on

01-01-2024T22:23:08 - [TEST_STEP][PASSED] - click(findTestObject("Pin/pin input save 1a")): Object: 'Object Repository/Pin/pin input save 1a' is clicked on

01-01-2024T22:23:08 - [MESSAGE][PASSED] - Object: 'Object Repository/Pin/pin input save 1a' is clicked on

01-01-2024T22:23:08 - [TEST_STEP][PASSED] - click(findTestObject("Pin/pin expand button 1")): Object: 'Object Repository/Pin/pin expand button 1' is clicked on

01-01-2024T22:23:10 - [MESSAGE][PASSED] - Object: 'Object Repository/Pin/pin expand button 1' is clicked on

01-01-2024T22:23:10 - [TEST_STEP][PASSED] - click(findTestObject("Pin/pin change 1")): Object: 'Object Repository/Pin/pin change 1' is clicked on

01-01-2024T22:23:12 - [MESSAGE][PASSED] - Object: 'Object Repository/Pin/pin change 1' is clicked on

01-01-2024T22:23:12 - [TEST_STEP][PASSED] - setText(findTestObject("Pin/pin input password"), password): Text 'aku1100' is set on object 'Object Repository/Pin/pin input password'

01-01-2024T22:23:13 - [MESSAGE][PASSED] - Text 'aku1100' is set on object 'Object Repository/Pin/pin input password'

01-01-2024T22:23:13 - [TEST_STEP][PASSED] - click(findTestObject("Pin/pin input password continue")): Object: 'Object Repository/Pin/pin input password continue' is clicked on

01-01-2024T22:23:14 - [MESSAGE][PASSED] - Object: 'Object Repository/Pin/pin input password continue' is clicked on

01-01-2024T22:23:14 - [TEST_STEP][PASSED] - click(findTestObject("Pin/pin checkbox")): Object: 'Object Repository/Pin/pin checkbox' is clicked on

01-01-2024T22:23:14 - [MESSAGE][PASSED] - Object: 'Object Repository/Pin/pin checkbox' is clicked on

01-01-2024T22:23:14 - [TEST_STEP][PASSED] - setText(findTestObject("Pin/pin input A"), "1"): Text '1' is set on object 'Object Repository/Pin/pin input A'

01-01-2024T22:23:15 - [MESSAGE][PASSED] - Text '1' is set on object 'Object Repository/Pin/pin input A'

01-01-2024T22:23:15 - [TEST_STEP][PASSED] - setText(findTestObject("Pin/pin input B"), "1"): Text '1' is set on object 'Object Repository/Pin/pin input B'

01-01-2024T22:23:16 - [MESSAGE][PASSED] - Text '1' is set on object 'Object Repository/Pin/pin input B'

01-01-2024T22:23:16 - [TEST_STEP][PASSED] - setText(findTestObject("Pin/pin input C"), "1"): Text '1' is set on object 'Object Repository/Pin/pin input C'

01-01-2024T22:23:17 - [MESSAGE][PASSED] - Text '1' is set on object 'Object Repository/Pin/pin input C'

01-01-2024T22:23:17 - [TEST_STEP][PASSED] - setText(findTestObject("Pin/pin input D"), "1"): Text '1' is set on object 'Object Repository/Pin/pin input D'

01-01-2024T22:23:18 - [MESSAGE][PASSED] - Text '1' is set on object 'Object Repository/Pin/pin input D'

01-01-2024T22:23:18 - [TEST_STEP][PASSED] - click(findTestObject("Pin/pin input save 1")): Object: 'Object Repository/Pin/pin input save 1' is clicked on

01-01-2024T22:23:18 - [MESSAGE][PASSED] - Object: 'Object Repository/Pin/pin input save 1' is clicked on

01-01-2024T22:23:18 - [TEST_STEP][PASSED] - click(findTestObject("Pin/pin expand button 2")): Object: 'Object Repository/Pin/pin expand button 2' is clicked on

01-01-2024T22:23:20 - [MESSAGE][PASSED] - Object: 'Object Repository/Pin/pin expand button 2' is clicked on

01-01-2024T22:23:20 - [TEST_STEP][PASSED] - click(findTestObject("Pin/pin change 2")): Object: 'Object Repository/Pin/pin change 2' is clicked on

01-01-2024T22:23:21 - [MESSAGE][PASSED] - Object: 'Object Repository/Pin/pin change 2' is clicked on

01-01-2024T22:23:21 - [TEST_STEP][PASSED] - setText(findTestObject("Pin/pin input password"), password): Text 'aku1100' is set on object 'Object Repository/Pin/pin input password'

01-01-2024T22:23:23 - [MESSAGE][PASSED] - Text 'aku1100' is set on object 'Object Repository/Pin/pin input password'

01-01-2024T22:23:23 - [TEST_STEP][PASSED] - click(findTestObject("Pin/pin input password continue")): Object: 'Object Repository/Pin/pin input password continue' is clicked on

01-01-2024T22:23:23 - [MESSAGE][PASSED] - Object: 'Object Repository/Pin/pin input password continue' is clicked on

01-01-2024T22:23:23 - [TEST_STEP][PASSED] - click(findTestObject("Pin/pin checkbox")): Object: 'Object Repository/Pin/pin checkbox' is clicked on

01-01-2024T22:23:24 - [MESSAGE][PASSED] - Object: 'Object Repository/Pin/pin checkbox' is clicked on

01-01-2024T22:23:24 - [TEST_STEP][PASSED] - setText(findTestObject("Pin/pin input A"), "1"): Text '1' is set on object 'Object Repository/Pin/pin input A'

01-01-2024T22:23:25 - [MESSAGE][PASSED] - Text '1' is set on object 'Object Repository/Pin/pin input A'

01-01-2024T22:23:25 - [TEST_STEP][PASSED] - setText(findTestObject("Pin/pin input B"), "1"): Text '1' is set on object 'Object Repository/Pin/pin input B'

01-01-2024T22:23:26 - [MESSAGE][PASSED] - Text '1' is set on object 'Object Repository/Pin/pin input B'

01-01-2024T22:23:26 - [TEST_STEP][PASSED] - setText(findTestObject("Pin/pin input C"), "1"): Text '1' is set on object 'Object Repository/Pin/pin input C'

01-01-2024T22:23:26 - [MESSAGE][PASSED] - Text '1' is set on object 'Object Repository/Pin/pin input C'

01-01-2024T22:23:26 - [TEST_STEP][PASSED] - setText(findTestObject("Pin/pin input D"), "2"): Text '2' is set on object 'Object Repository/Pin/pin input D'

01-01-2024T22:23:27 - [MESSAGE][PASSED] - Text '2' is set on object 'Object Repository/Pin/pin input D'

01-01-2024T22:23:27 - [TEST_STEP][PASSED] - click(findTestObject("Pin/pin input save 2")): Object: 'Object Repository/Pin/pin input save 2' is clicked on

01-01-2024T22:23:28 - [MESSAGE][PASSED] - Object: 'Object Repository/Pin/pin input save 2' is clicked on

01-01-2024T22:23:28 - [TEST_STEP][PASSED] - click(findTestObject("Pin/pin expand button 3")): Object: 'Object Repository/Pin/pin expand button 3' is clicked on

01-01-2024T22:23:30 - [MESSAGE][PASSED] - Object: 'Object Repository/Pin/pin expand button 3' is clicked on

01-01-2024T22:23:30 - [TEST_STEP][PASSED] - click(findTestObject("Pin/pin change 3")): Object: 'Object Repository/Pin/pin change 3' is clicked on

01-01-2024T22:23:31 - [MESSAGE][PASSED] - Object: 'Object Repository/Pin/pin change 3' is clicked on

01-01-2024T22:23:31 - [TEST_STEP][PASSED] - setText(findTestObject("Pin/pin input password"), password): Text 'aku1100' is set on object 'Object Repository/Pin/pin input password'

01-01-2024T22:23:32 - [MESSAGE][PASSED] - Text 'aku1100' is set on object 'Object Repository/Pin/pin input password'

01-01-2024T22:23:32 - [TEST_STEP][PASSED] - click(findTestObject("Pin/pin input password continue")): Object: 'Object Repository/Pin/pin input password continue' is clicked on

01-01-2024T22:23:33 - [MESSAGE][PASSED] - Object: 'Object Repository/Pin/pin input password continue' is clicked on

01-01-2024T22:23:33 - [TEST_STEP][PASSED] - click(findTestObject("Pin/pin checkbox")): Object: 'Object Repository/Pin/pin checkbox' is clicked on

01-01-2024T22:23:34 - [MESSAGE][PASSED] - Object: 'Object Repository/Pin/pin checkbox' is clicked on

01-01-2024T22:23:34 - [TEST_STEP][PASSED] - setText(findTestObject("Pin/pin input A"), "1"): Text '1' is set on object 'Object Repository/Pin/pin input A'

01-01-2024T22:23:34 - [MESSAGE][PASSED] - Text '1' is set on object 'Object Repository/Pin/pin input A'

01-01-2024T22:23:34 - [TEST_STEP][PASSED] - setText(findTestObject("Pin/pin input B"), "1"): Text '1' is set on object 'Object Repository/Pin/pin input B'

01-01-2024T22:23:35 - [MESSAGE][PASSED] - Text '1' is set on object 'Object Repository/Pin/pin input B'

01-01-2024T22:23:35 - [TEST_STEP][PASSED] - setText(findTestObject("Pin/pin input C"), "1"): Text '1' is set on object 'Object Repository/Pin/pin input C'

01-01-2024T22:23:36 - [MESSAGE][PASSED] - Text '1' is set on object 'Object Repository/Pin/pin input C'

01-01-2024T22:23:36 - [TEST_STEP][PASSED] - setText(findTestObject("Pin/pin input D"), "3"): Text '3' is set on object 'Object Repository/Pin/pin input D'

01-01-2024T22:23:37 - [MESSAGE][PASSED] - Text '3' is set on object 'Object Repository/Pin/pin input D'

01-01-2024T22:23:37 - [TEST_STEP][PASSED] - click(findTestObject("Pin/pin input save 3")): Object: 'Object Repository/Pin/pin input save 3' is clicked on

01-01-2024T22:23:37 - [MESSAGE][PASSED] - Object: 'Object Repository/Pin/pin input save 3' is clicked on

01-01-2024T22:23:37 - [TEST_STEP][PASSED] - click(findTestObject("Pin/pin expand button 4")): Object: 'Object Repository/Pin/pin expand button 4' is clicked on

01-01-2024T22:23:41 - [MESSAGE][PASSED] - Object: 'Object Repository/Pin/pin expand button 4' is clicked on

01-01-2024T22:23:41 - [TEST_STEP][PASSED] - click(findTestObject("Pin/pin change 4")): Object: 'Object Repository/Pin/pin change 4' is clicked on

01-01-2024T22:23:42 - [MESSAGE][PASSED] - Object: 'Object Repository/Pin/pin change 4' is clicked on

01-01-2024T22:23:42 - [TEST_STEP][PASSED] - setText(findTestObject("Pin/pin input password"), password): Text 'aku1100' is set on object 'Object Repository/Pin/pin input password'

01-01-2024T22:23:43 - [MESSAGE][PASSED] - Text 'aku1100' is set on object 'Object Repository/Pin/pin input password'

01-01-2024T22:23:43 - [TEST_STEP][PASSED] - click(findTestObject("Pin/pin input password continue")): Object: 'Object Repository/Pin/pin input password continue' is clicked on

01-01-2024T22:23:43 - [MESSAGE][PASSED] - Object: 'Object Repository/Pin/pin input password continue' is clicked on

01-01-2024T22:23:43 - [TEST_STEP][PASSED] - click(findTestObject("Pin/pin checkbox")): Object: 'Object Repository/Pin/pin checkbox' is clicked on

01-01-2024T22:23:44 - [MESSAGE][PASSED] - Object: 'Object Repository/Pin/pin checkbox' is clicked on

01-01-2024T22:23:44 - [TEST_STEP][PASSED] - setText(findTestObject("Pin/pin input A"), "1"): Text '1' is set on object 'Object Repository/Pin/pin input A'

01-01-2024T22:23:45 - [MESSAGE][PASSED] - Text '1' is set on object 'Object Repository/Pin/pin input A'

01-01-2024T22:23:45 - [TEST_STEP][PASSED] - setText(findTestObject("Pin/pin input B"), "1"): Text '1' is set on object 'Object Repository/Pin/pin input B'

01-01-2024T22:23:45 - [MESSAGE][PASSED] - Text '1' is set on object 'Object Repository/Pin/pin input B'

01-01-2024T22:23:45 - [TEST_STEP][PASSED] - setText(findTestObject("Pin/pin input C"), "1"): Text '1' is set on object 'Object Repository/Pin/pin input C'

01-01-2024T22:23:46 - [MESSAGE][PASSED] - Text '1' is set on object 'Object Repository/Pin/pin input C'

01-01-2024T22:23:46 - [TEST_STEP][PASSED] - setText(findTestObject("Pin/pin input D"), "4"): Text '4' is set on object 'Object Repository/Pin/pin input D'

01-01-2024T22:23:47 - [MESSAGE][PASSED] - Text '4' is set on object 'Object Repository/Pin/pin input D'

01-01-2024T22:23:47 - [TEST_STEP][PASSED] - click(findTestObject("Pin/pin input save 4")): Object: 'Object Repository/Pin/pin input save 4' is clicked on

01-01-2024T22:23:48 - [MESSAGE][PASSED] - Object: 'Object Repository/Pin/pin input save 4' is clicked on

01-01-2024T22:23:48 - [TEST_STEP][PASSED] - click(findTestObject("Pin/pin expand button 5")): Object: 'Object Repository/Pin/pin expand button 5' is clicked on

01-01-2024T22:23:50 - [MESSAGE][PASSED] - Object: 'Object Repository/Pin/pin expand button 5' is clicked on

01-01-2024T22:23:50 - [TEST_STEP][PASSED] - click(findTestObject("Pin/pin change 5")): Object: 'Object Repository/Pin/pin change 5' is clicked on

01-01-2024T22:23:51 - [MESSAGE][PASSED] - Object: 'Object Repository/Pin/pin change 5' is clicked on

01-01-2024T22:23:51 - [TEST_STEP][PASSED] - setText(findTestObject("Pin/pin input password"), password): Text 'aku1100' is set on object 'Object Repository/Pin/pin input password'

01-01-2024T22:23:52 - [MESSAGE][PASSED] - Text 'aku1100' is set on object 'Object Repository/Pin/pin input password'

01-01-2024T22:23:52 - [TEST_STEP][PASSED] - click(findTestObject("Pin/pin input password continue")): Object: 'Object Repository/Pin/pin input password continue' is clicked on

01-01-2024T22:23:52 - [MESSAGE][PASSED] - Object: 'Object Repository/Pin/pin input password continue' is clicked on

01-01-2024T22:23:52 - [TEST_STEP][PASSED] - click(findTestObject("Pin/pin checkbox")): Object: 'Object Repository/Pin/pin checkbox' is clicked on

01-01-2024T22:23:53 - [MESSAGE][PASSED] - Object: 'Object Repository/Pin/pin checkbox' is clicked on

01-01-2024T22:23:53 - [TEST_STEP][PASSED] - setText(findTestObject("Pin/pin input A"), "1"): Text '1' is set on object 'Object Repository/Pin/pin input A'

01-01-2024T22:23:54 - [MESSAGE][PASSED] - Text '1' is set on object 'Object Repository/Pin/pin input A'

01-01-2024T22:23:54 - [TEST_STEP][PASSED] - setText(findTestObject("Pin/pin input B"), "1"): Text '1' is set on object 'Object Repository/Pin/pin input B'

01-01-2024T22:23:55 - [MESSAGE][PASSED] - Text '1' is set on object 'Object Repository/Pin/pin input B'

01-01-2024T22:23:55 - [TEST_STEP][PASSED] - setText(findTestObject("Pin/pin input C"), "1"): Text '1' is set on object 'Object Repository/Pin/pin input C'

01-01-2024T22:23:55 - [MESSAGE][PASSED] - Text '1' is set on object 'Object Repository/Pin/pin input C'

01-01-2024T22:23:55 - [TEST_STEP][PASSED] - setText(findTestObject("Pin/pin input D"), "5"): Text '5' is set on object 'Object Repository/Pin/pin input D'

01-01-2024T22:23:56 - [MESSAGE][PASSED] - Text '5' is set on object 'Object Repository/Pin/pin input D'

01-01-2024T22:23:56 - [TEST_STEP][PASSED] - click(findTestObject("Pin/pin input save 5")): Object: 'Object Repository/Pin/pin input save 5' is clicked on

01-01-2024T22:23:57 - [MESSAGE][PASSED] - Object: 'Object Repository/Pin/pin input save 5' is clicked on

01-01-2024T22:23:57 - [TEST_STEP][PASSED] - delay(2): Delayed 2 second(s)

01-01-2024T22:23:59 - [MESSAGE][PASSED] - Delayed 2 second(s)

01-01-2024T22:23:59 - [TEST_STEP][PASSED] - navigateToUrl("https://www.netflix.com/id/logout"): Navigate to 'https://www.netflix.com/id/logout' successfully

01-01-2024T22:24:00 - [MESSAGE][PASSED] - Navigate to 'https://www.netflix.com/id/logout' successfully

01-01-2024T22:24:00 - [TEST_STEP][PASSED] - click(findTestObject("sign out")): Object: 'Object Repository/sign out' is clicked on

01-01-2024T22:24:02 - [MESSAGE][PASSED] - Object: 'Object Repository/sign out' is clicked on

01-01-2024T22:24:02 - [TEST_STEP][PASSED] - delay(2): Delayed 2 second(s)

01-01-2024T22:24:04 - [MESSAGE][PASSED] - Delayed 2 second(s)]]></system-out>
         <system-err><![CDATA[]]></system-err>
      </testcase>
      <testcase name="Test Cases/Profile" time="106.297" classname="Test Cases/Profile" status="PASSED">
         <system-out><![CDATA[01-01-2024T22:24:04 - [TEST_CASE][PASSED] - Test Cases/Profile: Test Cases/Profile

01-01-2024T22:24:04 - [TEST_STEP][PASSED] - openBrowser(""): Browser is opened with url: ''

01-01-2024T22:24:04 - [MESSAGE][WARNING] - A browser is already opened. Closing browser and opening a new one

01-01-2024T22:24:04 - [MESSAGE][INFO] - Starting 'Chrome' driver

01-01-2024T22:24:04 - [MESSAGE][INFO] - Action delay is set to 0 milliseconds

01-01-2024T22:24:05 - [MESSAGE][PASSED] - Browser is opened with url: ''

01-01-2024T22:24:05 - [TEST_STEP][PASSED] - navigateToUrl("https://www.netflix.com/id/login"): Navigate to 'https://www.netflix.com/id/login' successfully

01-01-2024T22:24:08 - [MESSAGE][PASSED] - Navigate to 'https://www.netflix.com/id/login' successfully

01-01-2024T22:24:08 - [TEST_STEP][PASSED] - click(findTestObject("Object Repository/Login/1 email")): Object: 'Object Repository/Login/1 email' is clicked on

01-01-2024T22:24:09 - [MESSAGE][PASSED] - Object: 'Object Repository/Login/1 email' is clicked on

01-01-2024T22:24:09 - [TEST_STEP][PASSED] - setText(findTestObject("Object Repository/Login/2 user id"), email): Text 'vps@frilsa.com' is set on object 'Object Repository/Login/2 user id'

01-01-2024T22:24:10 - [MESSAGE][PASSED] - Text 'vps@frilsa.com' is set on object 'Object Repository/Login/2 user id'

01-01-2024T22:24:10 - [TEST_STEP][PASSED] - setText(findTestObject("Object Repository/Login/3 password"), password): Text 'aku1100' is set on object 'Object Repository/Login/3 password'

01-01-2024T22:24:10 - [MESSAGE][PASSED] - Text 'aku1100' is set on object 'Object Repository/Login/3 password'

01-01-2024T22:24:10 - [TEST_STEP][PASSED] - click(findTestObject("Object Repository/Login/4 sign in")): Object: 'Object Repository/Login/4 sign in' is clicked on

01-01-2024T22:24:11 - [MESSAGE][PASSED] - Object: 'Object Repository/Login/4 sign in' is clicked on

01-01-2024T22:24:11 - [TEST_STEP][PASSED] - delay(2): Delayed 2 second(s)

01-01-2024T22:24:13 - [MESSAGE][PASSED] - Delayed 2 second(s)

01-01-2024T22:24:13 - [TEST_STEP][PASSED] - navigateToUrl("https://www.netflix.com/profiles/manage"): Navigate to 'https://www.netflix.com/profiles/manage' successfully

01-01-2024T22:24:15 - [MESSAGE][PASSED] - Navigate to 'https://www.netflix.com/profiles/manage' successfully

01-01-2024T22:24:15 - [TEST_STEP][PASSED] - click(findTestObject("Profile/profile yang ingin dihapus"), OPTIONAL): Object: 'Object Repository/Profile/profile yang ingin dihapus' is clicked on

01-01-2024T22:24:16 - [MESSAGE][PASSED] - Object: 'Object Repository/Profile/profile yang ingin dihapus' is clicked on

01-01-2024T22:24:16 - [TEST_STEP][PASSED] - click(findTestObject("Profile/profile delete"), OPTIONAL): Object: 'Object Repository/Profile/profile delete' is clicked on

01-01-2024T22:24:17 - [MESSAGE][PASSED] - Object: 'Object Repository/Profile/profile delete' is clicked on

01-01-2024T22:24:17 - [TEST_STEP][PASSED] - click(findTestObject("Profile/profile delete confirm"), OPTIONAL): Object: 'Object Repository/Profile/profile delete confirm' is clicked on

01-01-2024T22:24:18 - [MESSAGE][PASSED] - Object: 'Object Repository/Profile/profile delete confirm' is clicked on

01-01-2024T22:24:18 - [TEST_STEP][PASSED] - click(findTestObject("Profile/profile yang ingin dihapus"), OPTIONAL): Object: 'Object Repository/Profile/profile yang ingin dihapus' is clicked on

01-01-2024T22:24:19 - [MESSAGE][PASSED] - Object: 'Object Repository/Profile/profile yang ingin dihapus' is clicked on

01-01-2024T22:24:19 - [TEST_STEP][PASSED] - click(findTestObject("Profile/profile delete"), OPTIONAL): Object: 'Object Repository/Profile/profile delete' is clicked on

01-01-2024T22:24:20 - [MESSAGE][PASSED] - Object: 'Object Repository/Profile/profile delete' is clicked on

01-01-2024T22:24:20 - [TEST_STEP][PASSED] - click(findTestObject("Profile/profile delete confirm"), OPTIONAL): Object: 'Object Repository/Profile/profile delete confirm' is clicked on

01-01-2024T22:24:21 - [MESSAGE][PASSED] - Object: 'Object Repository/Profile/profile delete confirm' is clicked on

01-01-2024T22:24:21 - [TEST_STEP][PASSED] - click(findTestObject("Profile/profile yang ingin dihapus"), OPTIONAL): Object: 'Object Repository/Profile/profile yang ingin dihapus' is clicked on

01-01-2024T22:24:21 - [MESSAGE][PASSED] - Object: 'Object Repository/Profile/profile yang ingin dihapus' is clicked on

01-01-2024T22:24:21 - [TEST_STEP][PASSED] - click(findTestObject("Profile/profile delete"), OPTIONAL): Object: 'Object Repository/Profile/profile delete' is clicked on

01-01-2024T22:24:23 - [MESSAGE][PASSED] - Object: 'Object Repository/Profile/profile delete' is clicked on

01-01-2024T22:24:23 - [TEST_STEP][PASSED] - click(findTestObject("Profile/profile delete confirm"), OPTIONAL): Object: 'Object Repository/Profile/profile delete confirm' is clicked on

01-01-2024T22:24:23 - [MESSAGE][PASSED] - Object: 'Object Repository/Profile/profile delete confirm' is clicked on

01-01-2024T22:24:23 - [TEST_STEP][PASSED] - click(findTestObject("Profile/profile yang ingin dihapus"), OPTIONAL): Object: 'Object Repository/Profile/profile yang ingin dihapus' is clicked on

01-01-2024T22:24:24 - [MESSAGE][PASSED] - Object: 'Object Repository/Profile/profile yang ingin dihapus' is clicked on

01-01-2024T22:24:24 - [TEST_STEP][PASSED] - click(findTestObject("Profile/profile delete"), OPTIONAL): Object: 'Object Repository/Profile/profile delete' is clicked on

01-01-2024T22:24:25 - [MESSAGE][PASSED] - Object: 'Object Repository/Profile/profile delete' is clicked on

01-01-2024T22:24:25 - [TEST_STEP][PASSED] - click(findTestObject("Profile/profile delete confirm"), OPTIONAL): Object: 'Object Repository/Profile/profile delete confirm' is clicked on

01-01-2024T22:24:26 - [MESSAGE][PASSED] - Object: 'Object Repository/Profile/profile delete confirm' is clicked on

01-01-2024T22:24:26 - [TEST_STEP][PASSED] - navigateToUrl("https://www.netflix.com/profiles/manage", OPTIONAL): Navigate to 'https://www.netflix.com/profiles/manage' successfully

01-01-2024T22:24:27 - [MESSAGE][PASSED] - Navigate to 'https://www.netflix.com/profiles/manage' successfully

01-01-2024T22:24:27 - [TEST_STEP][PASSED] - click(findTestObject("Profile/profile edit name 1")): Object: 'Object Repository/Profile/profile edit name 1' is clicked on

01-01-2024T22:24:28 - [MESSAGE][PASSED] - Object: 'Object Repository/Profile/profile edit name 1' is clicked on

01-01-2024T22:24:28 - [TEST_STEP][PASSED] - clearText(findTestObject("Profile/profile edit name text")): Text of object 'Object Repository/Profile/profile edit name text' is cleared

01-01-2024T22:24:29 - [MESSAGE][PASSED] - Text of object 'Object Repository/Profile/profile edit name text' is cleared

01-01-2024T22:24:29 - [TEST_STEP][PASSED] - setText(findTestObject("Profile/profile edit name text"), "PROFILE 1"): Text 'PROFILE 1' is set on object 'Object Repository/Profile/profile edit name text'

01-01-2024T22:24:30 - [MESSAGE][PASSED] - Text 'PROFILE 1' is set on object 'Object Repository/Profile/profile edit name text'

01-01-2024T22:24:30 - [TEST_STEP][PASSED] - click(findTestObject("Profile/language change")): Object: 'Object Repository/Profile/language change' is clicked on

01-01-2024T22:24:30 - [MESSAGE][PASSED] - Object: 'Object Repository/Profile/language change' is clicked on

01-01-2024T22:24:30 - [TEST_STEP][PASSED] - click(findTestObject("Profile/language indonesia")): Object: 'Object Repository/Profile/language indonesia' is clicked on

01-01-2024T22:24:31 - [MESSAGE][PASSED] - Object: 'Object Repository/Profile/language indonesia' is clicked on

01-01-2024T22:24:31 - [TEST_STEP][PASSED] - click(findTestObject("Profile/profile edit name save")): Object: 'Object Repository/Profile/profile edit name save' is clicked on

01-01-2024T22:24:31 - [MESSAGE][PASSED] - Object: 'Object Repository/Profile/profile edit name save' is clicked on

01-01-2024T22:24:31 - [TEST_STEP][PASSED] - click(findTestObject("Profile/profile add 2")): Object: 'Object Repository/Profile/profile add 2' is clicked on

01-01-2024T22:24:35 - [MESSAGE][PASSED] - Object: 'Object Repository/Profile/profile add 2' is clicked on

01-01-2024T22:24:35 - [TEST_STEP][PASSED] - setText(findTestObject("Profile/profile input name"), "PROFILE 2"): Text 'PROFILE 2' is set on object 'Object Repository/Profile/profile input name'

01-01-2024T22:24:36 - [MESSAGE][PASSED] - Text 'PROFILE 2' is set on object 'Object Repository/Profile/profile input name'

01-01-2024T22:24:36 - [TEST_STEP][PASSED] - click(findTestObject("Profile/profile input name continue")): Object: 'Object Repository/Profile/profile input name continue' is clicked on

01-01-2024T22:24:37 - [MESSAGE][PASSED] - Object: 'Object Repository/Profile/profile input name continue' is clicked on

01-01-2024T22:24:37 - [TEST_STEP][PASSED] - click(findTestObject("Profile/profile add 3")): Object: 'Object Repository/Profile/profile add 3' is clicked on

01-01-2024T22:24:38 - [MESSAGE][PASSED] - Object: 'Object Repository/Profile/profile add 3' is clicked on

01-01-2024T22:24:38 - [TEST_STEP][PASSED] - setText(findTestObject("Profile/profile input name"), "PROFILE 3"): Text 'PROFILE 3' is set on object 'Object Repository/Profile/profile input name'

01-01-2024T22:24:39 - [MESSAGE][PASSED] - Text 'PROFILE 3' is set on object 'Object Repository/Profile/profile input name'

01-01-2024T22:24:39 - [TEST_STEP][PASSED] - click(findTestObject("Profile/profile input name continue")): Object: 'Object Repository/Profile/profile input name continue' is clicked on

01-01-2024T22:24:40 - [MESSAGE][PASSED] - Object: 'Object Repository/Profile/profile input name continue' is clicked on

01-01-2024T22:24:40 - [TEST_STEP][PASSED] - click(findTestObject("Profile/profile add 4")): Object: 'Object Repository/Profile/profile add 4' is clicked on

01-01-2024T22:24:41 - [MESSAGE][PASSED] - Object: 'Object Repository/Profile/profile add 4' is clicked on

01-01-2024T22:24:41 - [TEST_STEP][PASSED] - setText(findTestObject("Profile/profile input name"), "PROFILE 4"): Text 'PROFILE 4' is set on object 'Object Repository/Profile/profile input name'

01-01-2024T22:24:42 - [MESSAGE][PASSED] - Text 'PROFILE 4' is set on object 'Object Repository/Profile/profile input name'

01-01-2024T22:24:42 - [TEST_STEP][PASSED] - click(findTestObject("Profile/profile input name continue")): Object: 'Object Repository/Profile/profile input name continue' is clicked on

01-01-2024T22:24:43 - [MESSAGE][PASSED] - Object: 'Object Repository/Profile/profile input name continue' is clicked on

01-01-2024T22:24:43 - [TEST_STEP][PASSED] - click(findTestObject("Profile/profile add 5")): Object: 'Object Repository/Profile/profile add 5' is clicked on

01-01-2024T22:24:44 - [MESSAGE][PASSED] - Object: 'Object Repository/Profile/profile add 5' is clicked on

01-01-2024T22:24:44 - [TEST_STEP][PASSED] - setText(findTestObject("Profile/profile input name"), "PROFILE 5"): Text 'PROFILE 5' is set on object 'Object Repository/Profile/profile input name'

01-01-2024T22:24:45 - [MESSAGE][PASSED] - Text 'PROFILE 5' is set on object 'Object Repository/Profile/profile input name'

01-01-2024T22:24:45 - [TEST_STEP][PASSED] - click(findTestObject("Profile/profile input name continue")): Object: 'Object Repository/Profile/profile input name continue' is clicked on

01-01-2024T22:24:46 - [MESSAGE][PASSED] - Object: 'Object Repository/Profile/profile input name continue' is clicked on

01-01-2024T22:24:46 - [TEST_STEP][PASSED] - click(findTestObject("Profile/profile done")): Object: 'Object Repository/Profile/profile done' is clicked on

01-01-2024T22:24:49 - [MESSAGE][PASSED] - Object: 'Object Repository/Profile/profile done' is clicked on

01-01-2024T22:24:49 - [TEST_STEP][PASSED] - navigateToUrl("https://www.netflix.com/YourAccount"): Navigate to 'https://www.netflix.com/YourAccount' successfully

01-01-2024T22:24:51 - [MESSAGE][PASSED] - Navigate to 'https://www.netflix.com/YourAccount' successfully

01-01-2024T22:24:51 - [TEST_STEP][PASSED] - click(findTestObject("Pin/pin expand button 1")): Object: 'Object Repository/Pin/pin expand button 1' is clicked on

01-01-2024T22:24:51 - [MESSAGE][PASSED] - Object: 'Object Repository/Pin/pin expand button 1' is clicked on

01-01-2024T22:24:51 - [TEST_STEP][PASSED] - click(findTestObject("Pin/pin change 1")): Object: 'Object Repository/Pin/pin change 1' is clicked on

01-01-2024T22:24:53 - [MESSAGE][PASSED] - Object: 'Object Repository/Pin/pin change 1' is clicked on

01-01-2024T22:24:53 - [TEST_STEP][PASSED] - setText(findTestObject("Pin/pin input password"), password): Text 'aku1100' is set on object 'Object Repository/Pin/pin input password'

01-01-2024T22:24:53 - [MESSAGE][PASSED] - Text 'aku1100' is set on object 'Object Repository/Pin/pin input password'

01-01-2024T22:24:53 - [TEST_STEP][PASSED] - click(findTestObject("Pin/pin input password continue")): Object: 'Object Repository/Pin/pin input password continue' is clicked on

01-01-2024T22:24:54 - [MESSAGE][PASSED] - Object: 'Object Repository/Pin/pin input password continue' is clicked on

01-01-2024T22:24:54 - [TEST_STEP][PASSED] - if (verifyElementPresent(findTestObject("Pin/pin input A"), 2, CONTINUE_ON_FAILURE)): null

01-01-2024T22:24:55 - [MESSAGE][PASSED] - Object 'Object Repository/Pin/pin input A' is present

01-01-2024T22:24:55 - [TEST_STEP][PASSED] - click(findTestObject("Pin/pin checkbox")): Object: 'Object Repository/Pin/pin checkbox' is clicked on

01-01-2024T22:24:55 - [MESSAGE][PASSED] - Object: 'Object Repository/Pin/pin checkbox' is clicked on

01-01-2024T22:24:55 - [TEST_STEP][PASSED] - click(findTestObject("Pin/pin input save 1a")): Object: 'Object Repository/Pin/pin input save 1a' is clicked on

01-01-2024T22:24:56 - [MESSAGE][PASSED] - Object: 'Object Repository/Pin/pin input save 1a' is clicked on

01-01-2024T22:24:56 - [TEST_STEP][PASSED] - click(findTestObject("Pin/pin expand button 1")): Object: 'Object Repository/Pin/pin expand button 1' is clicked on

01-01-2024T22:24:58 - [MESSAGE][PASSED] - Object: 'Object Repository/Pin/pin expand button 1' is clicked on

01-01-2024T22:24:58 - [TEST_STEP][PASSED] - click(findTestObject("Pin/pin change 1")): Object: 'Object Repository/Pin/pin change 1' is clicked on

01-01-2024T22:24:59 - [MESSAGE][PASSED] - Object: 'Object Repository/Pin/pin change 1' is clicked on

01-01-2024T22:24:59 - [TEST_STEP][PASSED] - setText(findTestObject("Pin/pin input password"), password): Text 'aku1100' is set on object 'Object Repository/Pin/pin input password'

01-01-2024T22:25:00 - [MESSAGE][PASSED] - Text 'aku1100' is set on object 'Object Repository/Pin/pin input password'

01-01-2024T22:25:00 - [TEST_STEP][PASSED] - click(findTestObject("Pin/pin input password continue")): Object: 'Object Repository/Pin/pin input password continue' is clicked on

01-01-2024T22:25:00 - [MESSAGE][PASSED] - Object: 'Object Repository/Pin/pin input password continue' is clicked on

01-01-2024T22:25:00 - [TEST_STEP][PASSED] - click(findTestObject("Pin/pin checkbox")): Object: 'Object Repository/Pin/pin checkbox' is clicked on

01-01-2024T22:25:01 - [MESSAGE][PASSED] - Object: 'Object Repository/Pin/pin checkbox' is clicked on

01-01-2024T22:25:01 - [TEST_STEP][PASSED] - setText(findTestObject("Pin/pin input A"), "1"): Text '1' is set on object 'Object Repository/Pin/pin input A'

01-01-2024T22:25:02 - [MESSAGE][PASSED] - Text '1' is set on object 'Object Repository/Pin/pin input A'

01-01-2024T22:25:02 - [TEST_STEP][PASSED] - setText(findTestObject("Pin/pin input B"), "1"): Text '1' is set on object 'Object Repository/Pin/pin input B'

01-01-2024T22:25:03 - [MESSAGE][PASSED] - Text '1' is set on object 'Object Repository/Pin/pin input B'

01-01-2024T22:25:03 - [TEST_STEP][PASSED] - setText(findTestObject("Pin/pin input C"), "1"): Text '1' is set on object 'Object Repository/Pin/pin input C'

01-01-2024T22:25:04 - [MESSAGE][PASSED] - Text '1' is set on object 'Object Repository/Pin/pin input C'

01-01-2024T22:25:04 - [TEST_STEP][PASSED] - setText(findTestObject("Pin/pin input D"), "1"): Text '1' is set on object 'Object Repository/Pin/pin input D'

01-01-2024T22:25:04 - [MESSAGE][PASSED] - Text '1' is set on object 'Object Repository/Pin/pin input D'

01-01-2024T22:25:04 - [TEST_STEP][PASSED] - click(findTestObject("Pin/pin input save 1")): Object: 'Object Repository/Pin/pin input save 1' is clicked on

01-01-2024T22:25:05 - [MESSAGE][PASSED] - Object: 'Object Repository/Pin/pin input save 1' is clicked on

01-01-2024T22:25:05 - [TEST_STEP][PASSED] - click(findTestObject("Pin/pin expand button 2")): Object: 'Object Repository/Pin/pin expand button 2' is clicked on

01-01-2024T22:25:07 - [MESSAGE][PASSED] - Object: 'Object Repository/Pin/pin expand button 2' is clicked on

01-01-2024T22:25:07 - [TEST_STEP][PASSED] - click(findTestObject("Pin/pin change 2")): Object: 'Object Repository/Pin/pin change 2' is clicked on

01-01-2024T22:25:09 - [MESSAGE][PASSED] - Object: 'Object Repository/Pin/pin change 2' is clicked on

01-01-2024T22:25:09 - [TEST_STEP][PASSED] - setText(findTestObject("Pin/pin input password"), password): Text 'aku1100' is set on object 'Object Repository/Pin/pin input password'

01-01-2024T22:25:10 - [MESSAGE][PASSED] - Text 'aku1100' is set on object 'Object Repository/Pin/pin input password'

01-01-2024T22:25:10 - [TEST_STEP][PASSED] - click(findTestObject("Pin/pin input password continue")): Object: 'Object Repository/Pin/pin input password continue' is clicked on

01-01-2024T22:25:10 - [MESSAGE][PASSED] - Object: 'Object Repository/Pin/pin input password continue' is clicked on

01-01-2024T22:25:10 - [TEST_STEP][PASSED] - click(findTestObject("Pin/pin checkbox")): Object: 'Object Repository/Pin/pin checkbox' is clicked on

01-01-2024T22:25:11 - [MESSAGE][PASSED] - Object: 'Object Repository/Pin/pin checkbox' is clicked on

01-01-2024T22:25:11 - [TEST_STEP][PASSED] - setText(findTestObject("Pin/pin input A"), "1"): Text '1' is set on object 'Object Repository/Pin/pin input A'

01-01-2024T22:25:12 - [MESSAGE][PASSED] - Text '1' is set on object 'Object Repository/Pin/pin input A'

01-01-2024T22:25:12 - [TEST_STEP][PASSED] - setText(findTestObject("Pin/pin input B"), "1"): Text '1' is set on object 'Object Repository/Pin/pin input B'

01-01-2024T22:25:13 - [MESSAGE][PASSED] - Text '1' is set on object 'Object Repository/Pin/pin input B'

01-01-2024T22:25:13 - [TEST_STEP][PASSED] - setText(findTestObject("Pin/pin input C"), "1"): Text '1' is set on object 'Object Repository/Pin/pin input C'

01-01-2024T22:25:13 - [MESSAGE][PASSED] - Text '1' is set on object 'Object Repository/Pin/pin input C'

01-01-2024T22:25:13 - [TEST_STEP][PASSED] - setText(findTestObject("Pin/pin input D"), "2"): Text '2' is set on object 'Object Repository/Pin/pin input D'

01-01-2024T22:25:14 - [MESSAGE][PASSED] - Text '2' is set on object 'Object Repository/Pin/pin input D'

01-01-2024T22:25:14 - [TEST_STEP][PASSED] - click(findTestObject("Pin/pin input save 2")): Object: 'Object Repository/Pin/pin input save 2' is clicked on

01-01-2024T22:25:15 - [MESSAGE][PASSED] - Object: 'Object Repository/Pin/pin input save 2' is clicked on

01-01-2024T22:25:15 - [TEST_STEP][PASSED] - click(findTestObject("Pin/pin expand button 3")): Object: 'Object Repository/Pin/pin expand button 3' is clicked on

01-01-2024T22:25:17 - [MESSAGE][PASSED] - Object: 'Object Repository/Pin/pin expand button 3' is clicked on

01-01-2024T22:25:17 - [TEST_STEP][PASSED] - click(findTestObject("Pin/pin change 3")): Object: 'Object Repository/Pin/pin change 3' is clicked on

01-01-2024T22:25:18 - [MESSAGE][PASSED] - Object: 'Object Repository/Pin/pin change 3' is clicked on

01-01-2024T22:25:18 - [TEST_STEP][PASSED] - setText(findTestObject("Pin/pin input password"), password): Text 'aku1100' is set on object 'Object Repository/Pin/pin input password'

01-01-2024T22:25:20 - [MESSAGE][PASSED] - Text 'aku1100' is set on object 'Object Repository/Pin/pin input password'

01-01-2024T22:25:20 - [TEST_STEP][PASSED] - click(findTestObject("Pin/pin input password continue")): Object: 'Object Repository/Pin/pin input password continue' is clicked on

01-01-2024T22:25:20 - [MESSAGE][PASSED] - Object: 'Object Repository/Pin/pin input password continue' is clicked on

01-01-2024T22:25:20 - [TEST_STEP][PASSED] - click(findTestObject("Pin/pin checkbox")): Object: 'Object Repository/Pin/pin checkbox' is clicked on

01-01-2024T22:25:21 - [MESSAGE][PASSED] - Object: 'Object Repository/Pin/pin checkbox' is clicked on

01-01-2024T22:25:21 - [TEST_STEP][PASSED] - setText(findTestObject("Pin/pin input A"), "1"): Text '1' is set on object 'Object Repository/Pin/pin input A'

01-01-2024T22:25:22 - [MESSAGE][PASSED] - Text '1' is set on object 'Object Repository/Pin/pin input A'

01-01-2024T22:25:22 - [TEST_STEP][PASSED] - setText(findTestObject("Pin/pin input B"), "1"): Text '1' is set on object 'Object Repository/Pin/pin input B'

01-01-2024T22:25:22 - [MESSAGE][PASSED] - Text '1' is set on object 'Object Repository/Pin/pin input B'

01-01-2024T22:25:22 - [TEST_STEP][PASSED] - setText(findTestObject("Pin/pin input C"), "1"): Text '1' is set on object 'Object Repository/Pin/pin input C'

01-01-2024T22:25:23 - [MESSAGE][PASSED] - Text '1' is set on object 'Object Repository/Pin/pin input C'

01-01-2024T22:25:23 - [TEST_STEP][PASSED] - setText(findTestObject("Pin/pin input D"), "3"): Text '3' is set on object 'Object Repository/Pin/pin input D'

01-01-2024T22:25:24 - [MESSAGE][PASSED] - Text '3' is set on object 'Object Repository/Pin/pin input D'

01-01-2024T22:25:24 - [TEST_STEP][PASSED] - click(findTestObject("Pin/pin input save 3")): Object: 'Object Repository/Pin/pin input save 3' is clicked on

01-01-2024T22:25:25 - [MESSAGE][PASSED] - Object: 'Object Repository/Pin/pin input save 3' is clicked on

01-01-2024T22:25:25 - [TEST_STEP][PASSED] - click(findTestObject("Pin/pin expand button 4")): Object: 'Object Repository/Pin/pin expand button 4' is clicked on

01-01-2024T22:25:27 - [MESSAGE][PASSED] - Object: 'Object Repository/Pin/pin expand button 4' is clicked on

01-01-2024T22:25:27 - [TEST_STEP][PASSED] - click(findTestObject("Pin/pin change 4")): Object: 'Object Repository/Pin/pin change 4' is clicked on

01-01-2024T22:25:28 - [MESSAGE][PASSED] - Object: 'Object Repository/Pin/pin change 4' is clicked on

01-01-2024T22:25:28 - [TEST_STEP][PASSED] - setText(findTestObject("Pin/pin input password"), password): Text 'aku1100' is set on object 'Object Repository/Pin/pin input password'

01-01-2024T22:25:29 - [MESSAGE][PASSED] - Text 'aku1100' is set on object 'Object Repository/Pin/pin input password'

01-01-2024T22:25:29 - [TEST_STEP][PASSED] - click(findTestObject("Pin/pin input password continue")): Object: 'Object Repository/Pin/pin input password continue' is clicked on

01-01-2024T22:25:29 - [MESSAGE][PASSED] - Object: 'Object Repository/Pin/pin input password continue' is clicked on

01-01-2024T22:25:29 - [TEST_STEP][PASSED] - click(findTestObject("Pin/pin checkbox")): Object: 'Object Repository/Pin/pin checkbox' is clicked on

01-01-2024T22:25:30 - [MESSAGE][PASSED] - Object: 'Object Repository/Pin/pin checkbox' is clicked on

01-01-2024T22:25:30 - [TEST_STEP][PASSED] - setText(findTestObject("Pin/pin input A"), "1"): Text '1' is set on object 'Object Repository/Pin/pin input A'

01-01-2024T22:25:31 - [MESSAGE][PASSED] - Text '1' is set on object 'Object Repository/Pin/pin input A'

01-01-2024T22:25:31 - [TEST_STEP][PASSED] - setText(findTestObject("Pin/pin input B"), "1"): Text '1' is set on object 'Object Repository/Pin/pin input B'

01-01-2024T22:25:32 - [MESSAGE][PASSED] - Text '1' is set on object 'Object Repository/Pin/pin input B'

01-01-2024T22:25:32 - [TEST_STEP][PASSED] - setText(findTestObject("Pin/pin input C"), "1"): Text '1' is set on object 'Object Repository/Pin/pin input C'

01-01-2024T22:25:33 - [MESSAGE][PASSED] - Text '1' is set on object 'Object Repository/Pin/pin input C'

01-01-2024T22:25:33 - [TEST_STEP][PASSED] - setText(findTestObject("Pin/pin input D"), "4"): Text '4' is set on object 'Object Repository/Pin/pin input D'

01-01-2024T22:25:33 - [MESSAGE][PASSED] - Text '4' is set on object 'Object Repository/Pin/pin input D'

01-01-2024T22:25:33 - [TEST_STEP][PASSED] - click(findTestObject("Pin/pin input save 4")): Object: 'Object Repository/Pin/pin input save 4' is clicked on

01-01-2024T22:25:34 - [MESSAGE][PASSED] - Object: 'Object Repository/Pin/pin input save 4' is clicked on

01-01-2024T22:25:34 - [TEST_STEP][PASSED] - click(findTestObject("Pin/pin expand button 5")): Object: 'Object Repository/Pin/pin expand button 5' is clicked on

01-01-2024T22:25:36 - [MESSAGE][PASSED] - Object: 'Object Repository/Pin/pin expand button 5' is clicked on

01-01-2024T22:25:36 - [TEST_STEP][PASSED] - click(findTestObject("Pin/pin change 5")): Object: 'Object Repository/Pin/pin change 5' is clicked on

01-01-2024T22:25:37 - [MESSAGE][PASSED] - Object: 'Object Repository/Pin/pin change 5' is clicked on

01-01-2024T22:25:37 - [TEST_STEP][PASSED] - setText(findTestObject("Pin/pin input password"), password): Text 'aku1100' is set on object 'Object Repository/Pin/pin input password'

01-01-2024T22:25:38 - [MESSAGE][PASSED] - Text 'aku1100' is set on object 'Object Repository/Pin/pin input password'

01-01-2024T22:25:38 - [TEST_STEP][PASSED] - click(findTestObject("Pin/pin input password continue")): Object: 'Object Repository/Pin/pin input password continue' is clicked on

01-01-2024T22:25:39 - [MESSAGE][PASSED] - Object: 'Object Repository/Pin/pin input password continue' is clicked on

01-01-2024T22:25:39 - [TEST_STEP][PASSED] - click(findTestObject("Pin/pin checkbox")): Object: 'Object Repository/Pin/pin checkbox' is clicked on

01-01-2024T22:25:40 - [MESSAGE][PASSED] - Object: 'Object Repository/Pin/pin checkbox' is clicked on

01-01-2024T22:25:40 - [TEST_STEP][PASSED] - setText(findTestObject("Pin/pin input A"), "1"): Text '1' is set on object 'Object Repository/Pin/pin input A'

01-01-2024T22:25:41 - [MESSAGE][PASSED] - Text '1' is set on object 'Object Repository/Pin/pin input A'

01-01-2024T22:25:41 - [TEST_STEP][PASSED] - setText(findTestObject("Pin/pin input B"), "1"): Text '1' is set on object 'Object Repository/Pin/pin input B'

01-01-2024T22:25:41 - [MESSAGE][PASSED] - Text '1' is set on object 'Object Repository/Pin/pin input B'

01-01-2024T22:25:41 - [TEST_STEP][PASSED] - setText(findTestObject("Pin/pin input C"), "1"): Text '1' is set on object 'Object Repository/Pin/pin input C'

01-01-2024T22:25:42 - [MESSAGE][PASSED] - Text '1' is set on object 'Object Repository/Pin/pin input C'

01-01-2024T22:25:42 - [TEST_STEP][PASSED] - setText(findTestObject("Pin/pin input D"), "5"): Text '5' is set on object 'Object Repository/Pin/pin input D'

01-01-2024T22:25:43 - [MESSAGE][PASSED] - Text '5' is set on object 'Object Repository/Pin/pin input D'

01-01-2024T22:25:43 - [TEST_STEP][PASSED] - click(findTestObject("Pin/pin input save 5")): Object: 'Object Repository/Pin/pin input save 5' is clicked on

01-01-2024T22:25:44 - [MESSAGE][PASSED] - Object: 'Object Repository/Pin/pin input save 5' is clicked on

01-01-2024T22:25:44 - [TEST_STEP][PASSED] - delay(2): Delayed 2 second(s)

01-01-2024T22:25:46 - [MESSAGE][PASSED] - Delayed 2 second(s)

01-01-2024T22:25:46 - [TEST_STEP][PASSED] - navigateToUrl("https://www.netflix.com/id/logout"): Navigate to 'https://www.netflix.com/id/logout' successfully

01-01-2024T22:25:46 - [MESSAGE][PASSED] - Navigate to 'https://www.netflix.com/id/logout' successfully

01-01-2024T22:25:46 - [TEST_STEP][PASSED] - click(findTestObject("sign out")): Object: 'Object Repository/sign out' is clicked on

01-01-2024T22:25:48 - [MESSAGE][PASSED] - Object: 'Object Repository/sign out' is clicked on

01-01-2024T22:25:48 - [TEST_STEP][PASSED] - delay(2): Delayed 2 second(s)

01-01-2024T22:25:50 - [MESSAGE][PASSED] - Delayed 2 second(s)]]></system-out>
         <system-err><![CDATA[]]></system-err>
      </testcase>
      <system-out><![CDATA[01-01-2024T22:20:21 - [TEST_SUITE][PASSED] - Reset: Test Cases/Profile]]></system-out>
      <system-err><![CDATA[]]></system-err>
   </testsuite>
</testsuites>
