<?xml version="1.0" encoding="UTF-8"?>
<testsuites name="Test" time="257.913" tests="1" failures="1" errors="0">
   <testsuite name="Test" tests="1" failures="1" errors="0" time="257.913" skipped="0" timestamp="02-01-2024T18:07:18" hostname="abyad - Thinkbook" id="Test Suites/Test">
      <properties>
         <property name="deviceName" value=""/>
         <property name="devicePlatform" value=""/>
         <property name="logFolder" value="D:\\katalon\\akunmu-netflix\\Reports\\20240102_180710\\Test\\20240102_180711"/>
         <property name="logFiles" value="D:\\katalon\\akunmu-netflix\\Reports\\20240102_180710\\Test\\20240102_180711\\execution0.log"/>
         <property name="attachments" value="D:\\katalon\\akunmu-netflix\\Reports\\20240102_180710\\Test\\20240102_180711\\1704193694954.png, D:\\katalon\\akunmu-netflix\\Reports\\20240102_180710\\Test\\20240102_180711\\1704193698158.png, D:\\katalon\\akunmu-netflix\\Reports\\20240102_180710\\Test\\20240102_180711\\1704193701377.png, D:\\katalon\\akunmu-netflix\\Reports\\20240102_180710\\Test\\20240102_180711\\1704193704590.png, D:\\katalon\\akunmu-netflix\\Reports\\20240102_180710\\Test\\20240102_180711\\1704193707775.png, D:\\katalon\\akunmu-netflix\\Reports\\20240102_180710\\Test\\20240102_180711\\1704193711003.png, D:\\katalon\\akunmu-netflix\\Reports\\20240102_180710\\Test\\20240102_180711\\1704193714203.png, D:\\katalon\\akunmu-netflix\\Reports\\20240102_180710\\Test\\20240102_180711\\1704193717403.png, D:\\katalon\\akunmu-netflix\\Reports\\20240102_180710\\Test\\20240102_180711\\1704193720608.png, D:\\katalon\\akunmu-netflix\\Reports\\20240102_180710\\Test\\20240102_180711\\1704193723818.png, D:\\katalon\\akunmu-netflix\\Reports\\20240102_180710\\Test\\20240102_180711\\1704193727020.png, D:\\katalon\\akunmu-netflix\\Reports\\20240102_180710\\Test\\20240102_180711\\1704193730219.png, D:\\katalon\\akunmu-netflix\\Reports\\20240102_180710\\Test\\20240102_180711\\1704193754309.png, D:\\katalon\\akunmu-netflix\\Reports\\20240102_180710\\Test\\20240102_180711\\1704193773044.png, D:\\katalon\\akunmu-netflix\\Reports\\20240102_180710\\Test\\20240102_180711\\1704193791118.png, D:\\katalon\\akunmu-netflix\\Reports\\20240102_180710\\Test\\20240102_180711\\1704193809832.png, D:\\katalon\\akunmu-netflix\\Reports\\20240102_180710\\Test\\20240102_180711\\1704193828583.png, D:\\katalon\\akunmu-netflix\\Reports\\20240102_180710\\Test\\20240102_180711\\1704193846842.png, D:\\katalon\\akunmu-netflix\\Reports\\20240102_180710\\Test\\20240102_180711\\1704193850148.png, D:\\katalon\\akunmu-netflix\\Reports\\20240102_180710\\Test\\20240102_180711\\1704193856571.png, D:\\katalon\\akunmu-netflix\\Reports\\20240102_180710\\Test\\20240102_180711\\1704193859729.png, D:\\katalon\\akunmu-netflix\\Reports\\20240102_180710\\Test\\20240102_180711\\1704193867221.png, D:\\katalon\\akunmu-netflix\\Reports\\20240102_180710\\Test\\20240102_180711\\1704193870465.png, D:\\katalon\\akunmu-netflix\\Reports\\20240102_180710\\Test\\20240102_180711\\1704193876790.png, D:\\katalon\\akunmu-netflix\\Reports\\20240102_180710\\Test\\20240102_180711\\1704193880158.png, D:\\katalon\\akunmu-netflix\\Reports\\20240102_180710\\Test\\20240102_180711\\1704193886753.png, D:\\katalon\\akunmu-netflix\\Reports\\20240102_180710\\Test\\20240102_180711\\1704193890050.png, D:\\katalon\\akunmu-netflix\\Reports\\20240102_180710\\Test\\20240102_180711\\1704193896558.png"/>
         <property name="hostName" value="abyad - Thinkbook"/>
         <property name="os" value="Windows 11 64bit"/>
         <property name="katalonVersion" value="9.2.0.212"/>
         <property name="browser" value="Chrome 120.0.0.0"/>
         <property name="hostAddress" value="192.168.18.169"/>
         <property name="sessionId" value="49234fc1180bc325525dbeac79dd8a96"/>
         <property name="seleniumVersion" value="3.141.59"/>
         <property name="proxyInformation" value="ProxyInformation { proxyOption=NO_PROXY, proxyServerType=HTTP, username=, password=********, proxyServerAddress=, proxyServerPort=0, executionList=&quot;&quot;, isApplyToDesiredCapabilities=true }"/>
         <property name="platform" value="Windows 11"/>
      </properties>
      <testcase name="Test Cases/TC Full Reset (Alfa Test)" time="257.586" classname="Test Cases/TC Full Reset (Alfa Test)" status="FAILED">
         <failure type="FAILED" message="Test Cases/TC Full Reset (Alfa Test) FAILED.&#xa;Reason:&#xa;com.kms.katalon.core.exception.StepFailedException: Unable to click on object&#xa;	at com.kms.katalon.core.webui.keyword.internal.WebUIKeywordMain.stepFailed(WebUIKeywordMain.groovy:64)&#xa;	at com.kms.katalon.core.webui.keyword.internal.WebUIKeywordMain.runKeyword(WebUIKeywordMain.groovy:26)&#xa;	at com.kms.katalon.core.webui.keyword.builtin.ClickKeyword.click(ClickKeyword.groovy:74)&#xa;	at com.kms.katalon.core.webui.keyword.builtin.ClickKeyword.execute(ClickKeyword.groovy:40)&#xa;	at com.kms.katalon.core.keyword.internal.KeywordExecutor.executeKeywordForPlatform(KeywordExecutor.groovy:74)&#xa;	at com.kms.katalon.core.webui.keyword.WebUiBuiltInKeywords.click(WebUiBuiltInKeywords.groovy:659)&#xa;	at TC Full Reset (Alfa Test).run(TC Full Reset (Alfa Test):552)&#xa;	at com.kms.katalon.core.main.ScriptEngine.run(ScriptEngine.java:194)&#xa;	at com.kms.katalon.core.main.ScriptEngine.runScriptAsRawText(ScriptEngine.java:119)&#xa;	at com.kms.katalon.core.main.TestCaseExecutor.runScript(TestCaseExecutor.java:448)&#xa;	at com.kms.katalon.core.main.TestCaseExecutor.doExecute(TestCaseExecutor.java:439)&#xa;	at com.kms.katalon.core.main.TestCaseExecutor.processExecutionPhase(TestCaseExecutor.java:418)&#xa;	at com.kms.katalon.core.main.TestCaseExecutor.accessMainPhase(TestCaseExecutor.java:410)&#xa;	at com.kms.katalon.core.main.TestCaseExecutor.execute(TestCaseExecutor.java:285)&#xa;	at com.kms.katalon.core.common.CommonExecutor.accessTestCaseMainPhase(CommonExecutor.java:65)&#xa;	at com.kms.katalon.core.main.TestSuiteExecutor.accessTestSuiteMainPhase(TestSuiteExecutor.java:148)&#xa;	at com.kms.katalon.core.main.TestSuiteExecutor.execute(TestSuiteExecutor.java:106)&#xa;	at com.kms.katalon.core.main.TestCaseMain.startTestSuite(TestCaseMain.java:180)&#xa;	at TempTestSuite1704193631641.run(TempTestSuite1704193631641.groovy:36)&#xa;	at java.base/jdk.internal.reflect.NativeMethodAccessorImpl.invoke0(Native Method)&#xa;	at java.base/jdk.internal.reflect.NativeMethodAccessorImpl.invoke(NativeMethodAccessorImpl.java:77)&#xa;	at java.base/jdk.internal.reflect.DelegatingMethodAccessorImpl.invoke(DelegatingMethodAccessorImpl.java:43)&#xa;Caused by: java.lang.IllegalArgumentException: Object is null&#xa;	at com.kms.katalon.core.helper.KeywordHelper.checkTestObjectParameter(KeywordHelper.java:33)&#xa;	at com.kms.katalon.core.webui.keyword.builtin.ClickKeyword$_click_closure1.doCall(ClickKeyword.groovy:62)&#xa;	at com.kms.katalon.core.webui.keyword.builtin.ClickKeyword$_click_closure1.call(ClickKeyword.groovy)&#xa;	at com.kms.katalon.core.webui.keyword.internal.WebUIKeywordMain.runKeyword(WebUIKeywordMain.groovy:20)&#xa;	... 20 more&#xa;"/>
         <system-out><![CDATA[02-01-2024T18:07:19 - [TEST_CASE][FAILED] - Test Cases/TC Full Reset (Alfa Test): Test Cases/TC Full Reset (Alfa Test) FAILED.
Reason:
com.kms.katalon.core.exception.StepFailedException: Unable to click on object
	at com.kms.katalon.core.webui.keyword.internal.WebUIKeywordMain.stepFailed(WebUIKeywordMain.groovy:64)
	at com.kms.katalon.core.webui.keyword.internal.WebUIKeywordMain.runKeyword(WebUIKeywordMain.groovy:26)
	at com.kms.katalon.core.webui.keyword.builtin.ClickKeyword.click(ClickKeyword.groovy:74)
	at com.kms.katalon.core.webui.keyword.builtin.ClickKeyword.execute(ClickKeyword.groovy:40)
	at com.kms.katalon.core.keyword.internal.KeywordExecutor.executeKeywordForPlatform(KeywordExecutor.groovy:74)
	at com.kms.katalon.core.webui.keyword.WebUiBuiltInKeywords.click(WebUiBuiltInKeywords.groovy:659)
	at TC Full Reset (Alfa Test).run(TC Full Reset (Alfa Test):552)
	at com.kms.katalon.core.main.ScriptEngine.run(ScriptEngine.java:194)
	at com.kms.katalon.core.main.ScriptEngine.runScriptAsRawText(ScriptEngine.java:119)
	at com.kms.katalon.core.main.TestCaseExecutor.runScript(TestCaseExecutor.java:448)
	at com.kms.katalon.core.main.TestCaseExecutor.doExecute(TestCaseExecutor.java:439)
	at com.kms.katalon.core.main.TestCaseExecutor.processExecutionPhase(TestCaseExecutor.java:418)
	at com.kms.katalon.core.main.TestCaseExecutor.accessMainPhase(TestCaseExecutor.java:410)
	at com.kms.katalon.core.main.TestCaseExecutor.execute(TestCaseExecutor.java:285)
	at com.kms.katalon.core.common.CommonExecutor.accessTestCaseMainPhase(CommonExecutor.java:65)
	at com.kms.katalon.core.main.TestSuiteExecutor.accessTestSuiteMainPhase(TestSuiteExecutor.java:148)
	at com.kms.katalon.core.main.TestSuiteExecutor.execute(TestSuiteExecutor.java:106)
	at com.kms.katalon.core.main.TestCaseMain.startTestSuite(TestCaseMain.java:180)
	at TempTestSuite1704193631641.run(TempTestSuite1704193631641.groovy:36)
	at java.base/jdk.internal.reflect.NativeMethodAccessorImpl.invoke0(Native Method)
	at java.base/jdk.internal.reflect.NativeMethodAccessorImpl.invoke(NativeMethodAccessorImpl.java:77)
	at java.base/jdk.internal.reflect.DelegatingMethodAccessorImpl.invoke(DelegatingMethodAccessorImpl.java:43)
Caused by: java.lang.IllegalArgumentException: Object is null
	at com.kms.katalon.core.helper.KeywordHelper.checkTestObjectParameter(KeywordHelper.java:33)
	at com.kms.katalon.core.webui.keyword.builtin.ClickKeyword$_click_closure1.doCall(ClickKeyword.groovy:62)
	at com.kms.katalon.core.webui.keyword.builtin.ClickKeyword$_click_closure1.call(ClickKeyword.groovy)
	at com.kms.katalon.core.webui.keyword.internal.WebUIKeywordMain.runKeyword(WebUIKeywordMain.groovy:20)
	... 20 more


02-01-2024T18:07:19 - [TEST_STEP][PASSED] - openBrowser(""): Browser is opened with url: ''

02-01-2024T18:07:20 - [MESSAGE][INFO] - Starting 'Chrome' driver

02-01-2024T18:07:20 - [MESSAGE][INFO] - Action delay is set to 0 milliseconds

02-01-2024T18:07:22 - [MESSAGE][PASSED] - Browser is opened with url: ''

02-01-2024T18:07:22 - [TEST_STEP][PASSED] - navigateToUrl("https://www.netflix.com/id/login"): Navigate to 'https://www.netflix.com/id/login' successfully

02-01-2024T18:07:25 - [MESSAGE][PASSED] - Navigate to 'https://www.netflix.com/id/login' successfully

02-01-2024T18:07:25 - [TEST_STEP][PASSED] - click(findTestObject("Object Repository/Login/1 email")): Object: 'Object Repository/Login/1 email' is clicked on

02-01-2024T18:07:25 - [MESSAGE][PASSED] - Object: 'Object Repository/Login/1 email' is clicked on

02-01-2024T18:07:25 - [TEST_STEP][PASSED] - setText(findTestObject("Object Repository/Login/2 user id"), email): Text 'jhp@frilsa.com' is set on object 'Object Repository/Login/2 user id'

02-01-2024T18:07:26 - [MESSAGE][PASSED] - Text 'jhp@frilsa.com' is set on object 'Object Repository/Login/2 user id'

02-01-2024T18:07:26 - [TEST_STEP][PASSED] - setText(findTestObject("Object Repository/Login/3 password"), password): Text 'aku1100' is set on object 'Object Repository/Login/3 password'

02-01-2024T18:07:27 - [MESSAGE][PASSED] - Text 'aku1100' is set on object 'Object Repository/Login/3 password'

02-01-2024T18:07:27 - [TEST_STEP][PASSED] - click(findTestObject("Object Repository/Login/4 sign in")): Object: 'Object Repository/Login/4 sign in' is clicked on

02-01-2024T18:07:27 - [MESSAGE][PASSED] - Object: 'Object Repository/Login/4 sign in' is clicked on

02-01-2024T18:07:27 - [TEST_STEP][PASSED] - delay(2): Delayed 2 second(s)

02-01-2024T18:07:29 - [MESSAGE][PASSED] - Delayed 2 second(s)

02-01-2024T18:07:29 - [TEST_STEP][PASSED] - navigateToUrl("https://www.netflix.com/profiles/manage"): Navigate to 'https://www.netflix.com/profiles/manage' successfully

02-01-2024T18:07:31 - [MESSAGE][PASSED] - Navigate to 'https://www.netflix.com/profiles/manage' successfully

02-01-2024T18:07:31 - [TEST_STEP][PASSED] - click(findTestObject("Profile/profile yang ingin dihapus"), OPTIONAL): Object: 'Object Repository/Profile/profile yang ingin dihapus' is clicked on

02-01-2024T18:07:32 - [MESSAGE][PASSED] - Object: 'Object Repository/Profile/profile yang ingin dihapus' is clicked on

02-01-2024T18:07:32 - [TEST_STEP][PASSED] - click(findTestObject("Profile/profile delete"), OPTIONAL): Object: 'Object Repository/Profile/profile delete' is clicked on

02-01-2024T18:07:33 - [MESSAGE][PASSED] - Object: 'Object Repository/Profile/profile delete' is clicked on

02-01-2024T18:07:33 - [TEST_STEP][PASSED] - click(findTestObject("Profile/profile delete confirm"), OPTIONAL): Object: 'Object Repository/Profile/profile delete confirm' is clicked on

02-01-2024T18:07:34 - [MESSAGE][PASSED] - Object: 'Object Repository/Profile/profile delete confirm' is clicked on

02-01-2024T18:07:34 - [TEST_STEP][PASSED] - click(findTestObject("Profile/GagalHapus/simpan profile"), OPTIONAL): Object: 'Object Repository/Profile/GagalHapus/simpan profile' is clicked on

02-01-2024T18:07:35 - [MESSAGE][PASSED] - Object: 'Object Repository/Profile/GagalHapus/simpan profile' is clicked on

02-01-2024T18:07:35 - [TEST_STEP][PASSED] - click(findTestObject("Profile/GagalHapus/batal"), OPTIONAL): Object: 'Object Repository/Profile/GagalHapus/batal' is clicked on

02-01-2024T18:07:35 - [MESSAGE][PASSED] - Object: 'Object Repository/Profile/GagalHapus/batal' is clicked on

02-01-2024T18:07:35 - [TEST_STEP][PASSED] - click(findTestObject("Profile/profile yang ingin dihapus"), OPTIONAL): Object: 'Object Repository/Profile/profile yang ingin dihapus' is clicked on

02-01-2024T18:07:36 - [MESSAGE][PASSED] - Object: 'Object Repository/Profile/profile yang ingin dihapus' is clicked on

02-01-2024T18:07:36 - [TEST_STEP][PASSED] - click(findTestObject("Profile/profile delete"), OPTIONAL): Object: 'Object Repository/Profile/profile delete' is clicked on

02-01-2024T18:07:37 - [MESSAGE][PASSED] - Object: 'Object Repository/Profile/profile delete' is clicked on

02-01-2024T18:07:37 - [TEST_STEP][PASSED] - click(findTestObject("Profile/profile delete confirm"), OPTIONAL): Object: 'Object Repository/Profile/profile delete confirm' is clicked on

02-01-2024T18:07:37 - [MESSAGE][PASSED] - Object: 'Object Repository/Profile/profile delete confirm' is clicked on

02-01-2024T18:07:37 - [TEST_STEP][PASSED] - click(findTestObject("Profile/GagalHapus/simpan profile"), OPTIONAL): Object: 'Object Repository/Profile/GagalHapus/simpan profile' is clicked on

02-01-2024T18:07:38 - [MESSAGE][PASSED] - Object: 'Object Repository/Profile/GagalHapus/simpan profile' is clicked on

02-01-2024T18:07:38 - [TEST_STEP][PASSED] - click(findTestObject("Profile/GagalHapus/batal"), OPTIONAL): Object: 'Object Repository/Profile/GagalHapus/batal' is clicked on

02-01-2024T18:07:39 - [MESSAGE][PASSED] - Object: 'Object Repository/Profile/GagalHapus/batal' is clicked on

02-01-2024T18:07:39 - [TEST_STEP][PASSED] - click(findTestObject("Profile/profile yang ingin dihapus"), OPTIONAL): Object: 'Object Repository/Profile/profile yang ingin dihapus' is clicked on

02-01-2024T18:07:39 - [MESSAGE][PASSED] - Object: 'Object Repository/Profile/profile yang ingin dihapus' is clicked on

02-01-2024T18:07:39 - [TEST_STEP][PASSED] - click(findTestObject("Profile/profile delete"), OPTIONAL): Object: 'Object Repository/Profile/profile delete' is clicked on

02-01-2024T18:07:41 - [MESSAGE][PASSED] - Object: 'Object Repository/Profile/profile delete' is clicked on

02-01-2024T18:07:41 - [TEST_STEP][PASSED] - click(findTestObject("Profile/profile delete confirm"), OPTIONAL): Object: 'Object Repository/Profile/profile delete confirm' is clicked on

02-01-2024T18:07:41 - [MESSAGE][PASSED] - Object: 'Object Repository/Profile/profile delete confirm' is clicked on

02-01-2024T18:07:41 - [TEST_STEP][PASSED] - click(findTestObject("Profile/GagalHapus/simpan profile"), OPTIONAL): Object: 'Object Repository/Profile/GagalHapus/simpan profile' is clicked on

02-01-2024T18:07:42 - [MESSAGE][PASSED] - Object: 'Object Repository/Profile/GagalHapus/simpan profile' is clicked on

02-01-2024T18:07:42 - [TEST_STEP][PASSED] - click(findTestObject("Profile/GagalHapus/batal"), OPTIONAL): Object: 'Object Repository/Profile/GagalHapus/batal' is clicked on

02-01-2024T18:07:42 - [MESSAGE][PASSED] - Object: 'Object Repository/Profile/GagalHapus/batal' is clicked on

02-01-2024T18:07:42 - [TEST_STEP][PASSED] - click(findTestObject("Profile/profile yang ingin dihapus"), OPTIONAL): Object: 'Object Repository/Profile/profile yang ingin dihapus' is clicked on

02-01-2024T18:07:43 - [MESSAGE][PASSED] - Object: 'Object Repository/Profile/profile yang ingin dihapus' is clicked on

02-01-2024T18:07:43 - [TEST_STEP][PASSED] - click(findTestObject("Profile/profile delete"), OPTIONAL): Object: 'Object Repository/Profile/profile delete' is clicked on

02-01-2024T18:07:44 - [MESSAGE][PASSED] - Object: 'Object Repository/Profile/profile delete' is clicked on

02-01-2024T18:07:44 - [TEST_STEP][PASSED] - click(findTestObject("Profile/profile delete confirm"), OPTIONAL): Object: 'Object Repository/Profile/profile delete confirm' is clicked on

02-01-2024T18:07:45 - [MESSAGE][PASSED] - Object: 'Object Repository/Profile/profile delete confirm' is clicked on

02-01-2024T18:07:45 - [TEST_STEP][PASSED] - click(findTestObject("Profile/GagalHapus/simpan profile"), OPTIONAL): Object: 'Object Repository/Profile/GagalHapus/simpan profile' is clicked on

02-01-2024T18:07:46 - [MESSAGE][PASSED] - Object: 'Object Repository/Profile/GagalHapus/simpan profile' is clicked on

02-01-2024T18:07:46 - [TEST_STEP][PASSED] - click(findTestObject("Profile/GagalHapus/batal"), OPTIONAL): Object: 'Object Repository/Profile/GagalHapus/batal' is clicked on

02-01-2024T18:07:46 - [MESSAGE][PASSED] - Object: 'Object Repository/Profile/GagalHapus/batal' is clicked on

02-01-2024T18:07:46 - [TEST_STEP][PASSED] - navigateToUrl("https://www.netflix.com/profiles/manage", OPTIONAL): Navigate to 'https://www.netflix.com/profiles/manage' successfully

02-01-2024T18:07:47 - [MESSAGE][PASSED] - Navigate to 'https://www.netflix.com/profiles/manage' successfully

02-01-2024T18:07:47 - [TEST_STEP][PASSED] - click(findTestObject("Profile/profile edit name 1"), OPTIONAL): Object: 'Object Repository/Profile/profile edit name 1' is clicked on

02-01-2024T18:07:48 - [MESSAGE][PASSED] - Object: 'Object Repository/Profile/profile edit name 1' is clicked on

02-01-2024T18:07:48 - [TEST_STEP][PASSED] - clearText(findTestObject("Profile/profile edit name text"), OPTIONAL): Text of object 'Object Repository/Profile/profile edit name text' is cleared

02-01-2024T18:07:49 - [MESSAGE][PASSED] - Text of object 'Object Repository/Profile/profile edit name text' is cleared

02-01-2024T18:07:49 - [TEST_STEP][PASSED] - setText(findTestObject("Profile/profile edit name text"), "PROFILE 1", OPTIONAL): Text 'PROFILE 1' is set on object 'Object Repository/Profile/profile edit name text'

02-01-2024T18:07:50 - [MESSAGE][PASSED] - Text 'PROFILE 1' is set on object 'Object Repository/Profile/profile edit name text'

02-01-2024T18:07:50 - [TEST_STEP][PASSED] - click(findTestObject("Profile/language change"), OPTIONAL): Object: 'Object Repository/Profile/language change' is clicked on

02-01-2024T18:07:51 - [MESSAGE][PASSED] - Object: 'Object Repository/Profile/language change' is clicked on

02-01-2024T18:07:51 - [TEST_STEP][PASSED] - click(findTestObject("Profile/language indonesia"), OPTIONAL): Object: 'Object Repository/Profile/language indonesia' is clicked on

02-01-2024T18:07:51 - [MESSAGE][PASSED] - Object: 'Object Repository/Profile/language indonesia' is clicked on

02-01-2024T18:07:51 - [TEST_STEP][PASSED] - click(findTestObject("Profile/profile edit name save"), OPTIONAL): Object: 'Object Repository/Profile/profile edit name save' is clicked on

02-01-2024T18:07:52 - [MESSAGE][PASSED] - Object: 'Object Repository/Profile/profile edit name save' is clicked on

02-01-2024T18:07:52 - [TEST_STEP][PASSED] - click(findTestObject("Profile/profile edit name 2"), OPTIONAL): Object: 'Object Repository/Profile/profile edit name 2' is clicked on

02-01-2024T18:07:54 - [MESSAGE][PASSED] - Object: 'Object Repository/Profile/profile edit name 2' is clicked on

02-01-2024T18:07:54 - [TEST_STEP][PASSED] - clearText(findTestObject("Profile/profile edit name text"), OPTIONAL): Text of object 'Object Repository/Profile/profile edit name text' is cleared

02-01-2024T18:07:55 - [MESSAGE][PASSED] - Text of object 'Object Repository/Profile/profile edit name text' is cleared

02-01-2024T18:07:55 - [TEST_STEP][PASSED] - setText(findTestObject("Profile/profile edit name text"), "x2", OPTIONAL): Text 'x2' is set on object 'Object Repository/Profile/profile edit name text'

02-01-2024T18:07:56 - [MESSAGE][PASSED] - Text 'x2' is set on object 'Object Repository/Profile/profile edit name text'

02-01-2024T18:07:56 - [TEST_STEP][PASSED] - click(findTestObject("Profile/language change"), OPTIONAL): Object: 'Object Repository/Profile/language change' is clicked on

02-01-2024T18:07:57 - [MESSAGE][PASSED] - Object: 'Object Repository/Profile/language change' is clicked on

02-01-2024T18:07:57 - [TEST_STEP][PASSED] - click(findTestObject("Profile/language indonesia"), OPTIONAL): Object: 'Object Repository/Profile/language indonesia' is clicked on

02-01-2024T18:07:57 - [MESSAGE][PASSED] - Object: 'Object Repository/Profile/language indonesia' is clicked on

02-01-2024T18:07:57 - [TEST_STEP][PASSED] - click(findTestObject("Profile/profile edit name save"), OPTIONAL): Object: 'Object Repository/Profile/profile edit name save' is clicked on

02-01-2024T18:07:57 - [MESSAGE][PASSED] - Object: 'Object Repository/Profile/profile edit name save' is clicked on

02-01-2024T18:07:57 - [TEST_STEP][PASSED] - click(findTestObject("Profile/profile edit name 3"), OPTIONAL): Object: 'Object Repository/Profile/profile edit name 3' is clicked on

02-01-2024T18:07:58 - [MESSAGE][PASSED] - Object: 'Object Repository/Profile/profile edit name 3' is clicked on

02-01-2024T18:07:58 - [TEST_STEP][PASSED] - clearText(findTestObject("Profile/profile edit name text"), OPTIONAL): Text of object 'Object Repository/Profile/profile edit name text' is cleared

02-01-2024T18:08:00 - [MESSAGE][PASSED] - Text of object 'Object Repository/Profile/profile edit name text' is cleared

02-01-2024T18:08:00 - [TEST_STEP][PASSED] - setText(findTestObject("Profile/profile edit name text"), "x3", OPTIONAL): Text 'x3' is set on object 'Object Repository/Profile/profile edit name text'

02-01-2024T18:08:00 - [MESSAGE][PASSED] - Text 'x3' is set on object 'Object Repository/Profile/profile edit name text'

02-01-2024T18:08:00 - [TEST_STEP][PASSED] - click(findTestObject("Profile/language change"), OPTIONAL): Object: 'Object Repository/Profile/language change' is clicked on

02-01-2024T18:08:01 - [MESSAGE][PASSED] - Object: 'Object Repository/Profile/language change' is clicked on

02-01-2024T18:08:01 - [TEST_STEP][PASSED] - click(findTestObject("Profile/language indonesia"), OPTIONAL): Object: 'Object Repository/Profile/language indonesia' is clicked on

02-01-2024T18:08:01 - [MESSAGE][PASSED] - Object: 'Object Repository/Profile/language indonesia' is clicked on

02-01-2024T18:08:01 - [TEST_STEP][PASSED] - click(findTestObject("Profile/profile edit name save"), OPTIONAL): Object: 'Object Repository/Profile/profile edit name save' is clicked on

02-01-2024T18:08:02 - [MESSAGE][PASSED] - Object: 'Object Repository/Profile/profile edit name save' is clicked on

02-01-2024T18:08:02 - [TEST_STEP][PASSED] - click(findTestObject("Profile/profile edit name 4"), OPTIONAL): Object: 'Object Repository/Profile/profile edit name 4' is clicked on

02-01-2024T18:08:03 - [MESSAGE][PASSED] - Object: 'Object Repository/Profile/profile edit name 4' is clicked on

02-01-2024T18:08:03 - [TEST_STEP][PASSED] - clearText(findTestObject("Profile/profile edit name text"), OPTIONAL): Text of object 'Object Repository/Profile/profile edit name text' is cleared

02-01-2024T18:08:04 - [MESSAGE][PASSED] - Text of object 'Object Repository/Profile/profile edit name text' is cleared

02-01-2024T18:08:04 - [TEST_STEP][PASSED] - setText(findTestObject("Profile/profile edit name text"), "x4", OPTIONAL): Text 'x4' is set on object 'Object Repository/Profile/profile edit name text'

02-01-2024T18:08:05 - [MESSAGE][PASSED] - Text 'x4' is set on object 'Object Repository/Profile/profile edit name text'

02-01-2024T18:08:05 - [TEST_STEP][PASSED] - click(findTestObject("Profile/language change"), OPTIONAL): Object: 'Object Repository/Profile/language change' is clicked on

02-01-2024T18:08:06 - [MESSAGE][PASSED] - Object: 'Object Repository/Profile/language change' is clicked on

02-01-2024T18:08:06 - [TEST_STEP][PASSED] - click(findTestObject("Profile/language indonesia"), OPTIONAL): Object: 'Object Repository/Profile/language indonesia' is clicked on

02-01-2024T18:08:06 - [MESSAGE][PASSED] - Object: 'Object Repository/Profile/language indonesia' is clicked on

02-01-2024T18:08:06 - [TEST_STEP][PASSED] - click(findTestObject("Profile/profile edit name save"), OPTIONAL): Object: 'Object Repository/Profile/profile edit name save' is clicked on

02-01-2024T18:08:07 - [MESSAGE][PASSED] - Object: 'Object Repository/Profile/profile edit name save' is clicked on

02-01-2024T18:08:07 - [TEST_STEP][PASSED] - click(findTestObject("Profile/profile edit name 5"), OPTIONAL): Object: 'Object Repository/Profile/profile edit name 5' is clicked on

02-01-2024T18:08:08 - [MESSAGE][PASSED] - Object: 'Object Repository/Profile/profile edit name 5' is clicked on

02-01-2024T18:08:08 - [TEST_STEP][PASSED] - clearText(findTestObject("Profile/profile edit name text"), OPTIONAL): Text of object 'Object Repository/Profile/profile edit name text' is cleared

02-01-2024T18:08:09 - [MESSAGE][PASSED] - Text of object 'Object Repository/Profile/profile edit name text' is cleared

02-01-2024T18:08:09 - [TEST_STEP][PASSED] - setText(findTestObject("Profile/profile edit name text"), "x5", OPTIONAL): Text 'x5' is set on object 'Object Repository/Profile/profile edit name text'

02-01-2024T18:08:10 - [MESSAGE][PASSED] - Text 'x5' is set on object 'Object Repository/Profile/profile edit name text'

02-01-2024T18:08:10 - [TEST_STEP][PASSED] - click(findTestObject("Profile/language change"), OPTIONAL): Object: 'Object Repository/Profile/language change' is clicked on

02-01-2024T18:08:10 - [MESSAGE][PASSED] - Object: 'Object Repository/Profile/language change' is clicked on

02-01-2024T18:08:10 - [TEST_STEP][PASSED] - click(findTestObject("Profile/language indonesia"), OPTIONAL): Object: 'Object Repository/Profile/language indonesia' is clicked on

02-01-2024T18:08:11 - [MESSAGE][PASSED] - Object: 'Object Repository/Profile/language indonesia' is clicked on

02-01-2024T18:08:11 - [TEST_STEP][PASSED] - click(findTestObject("Profile/profile edit name save"), OPTIONAL): Object: 'Object Repository/Profile/profile edit name save' is clicked on

02-01-2024T18:08:11 - [MESSAGE][PASSED] - Object: 'Object Repository/Profile/profile edit name save' is clicked on

02-01-2024T18:08:11 - [TEST_STEP][PASSED] - click(findTestObject("Profile/profile add 2"), OPTIONAL): Unable to click on object 'Object Repository/Profile/profile add 2' (Root cause: com.kms.katalon.core.exception.StepFailedException: Unable to click on object 'Object Repository/Profile/profile add 2'
	at com.kms.katalon.core.webui.keyword.internal.WebUIKeywordMain.stepFailed(WebUIKeywordMain.groovy:64)
	at com.kms.katalon.core.webui.keyword.internal.WebUIKeywordMain.runKeyword(WebUIKeywordMain.groovy:26)
	at com.kms.katalon.core.webui.keyword.builtin.ClickKeyword.click(ClickKeyword.groovy:74)
	at com.kms.katalon.core.webui.keyword.builtin.ClickKeyword.execute(ClickKeyword.groovy:40)
	at com.kms.katalon.core.keyword.internal.KeywordExecutor.executeKeywordForPlatform(KeywordExecutor.groovy:74)
	at com.kms.katalon.core.webui.keyword.WebUiBuiltInKeywords.click(WebUiBuiltInKeywords.groovy:647)
	at TC Full Reset (Alfa Test).run(TC Full Reset (Alfa Test):158)
	at com.kms.katalon.core.main.ScriptEngine.run(ScriptEngine.java:194)
	at com.kms.katalon.core.main.ScriptEngine.runScriptAsRawText(ScriptEngine.java:119)
	at com.kms.katalon.core.main.TestCaseExecutor.runScript(TestCaseExecutor.java:448)
	at com.kms.katalon.core.main.TestCaseExecutor.doExecute(TestCaseExecutor.java:439)
	at com.kms.katalon.core.main.TestCaseExecutor.processExecutionPhase(TestCaseExecutor.java:418)
	at com.kms.katalon.core.main.TestCaseExecutor.accessMainPhase(TestCaseExecutor.java:410)
	at com.kms.katalon.core.main.TestCaseExecutor.execute(TestCaseExecutor.java:285)
	at com.kms.katalon.core.common.CommonExecutor.accessTestCaseMainPhase(CommonExecutor.java:65)
	at com.kms.katalon.core.main.TestSuiteExecutor.accessTestSuiteMainPhase(TestSuiteExecutor.java:148)
	at com.kms.katalon.core.main.TestSuiteExecutor.execute(TestSuiteExecutor.java:106)
	at com.kms.katalon.core.main.TestCaseMain.startTestSuite(TestCaseMain.java:180)
	at TempTestSuite1704193631641.run(TempTestSuite1704193631641.groovy:36)
	at java.base/jdk.internal.reflect.NativeMethodAccessorImpl.invoke0(Native Method)
	at java.base/jdk.internal.reflect.NativeMethodAccessorImpl.invoke(NativeMethodAccessorImpl.java:77)
	at java.base/jdk.internal.reflect.DelegatingMethodAccessorImpl.invoke(DelegatingMethodAccessorImpl.java:43)
Caused by: com.kms.katalon.core.webui.exception.WebElementNotFoundException: Web element with id: 'Object Repository/Profile/profile add 2' located by '//*[@id="appMountPoint"]/div/div/div[1]/div[1]/div[2]/div/div/ul/li[2]/a/span' not found
	at com.kms.katalon.core.webui.common.WebUiCommonHelper.findWebElement(WebUiCommonHelper.java:1379)
	at com.kms.katalon.core.webui.keyword.internal.WebUIAbstractKeyword.findWebElement(WebUIAbstractKeyword.groovy:27)
	at com.kms.katalon.core.webui.keyword.builtin.ClickKeyword$_click_closure1.doCall(ClickKeyword.groovy:65)
	at com.kms.katalon.core.webui.keyword.builtin.ClickKeyword$_click_closure1.call(ClickKeyword.groovy)
	at com.kms.katalon.core.webui.keyword.internal.WebUIKeywordMain.runKeyword(WebUIKeywordMain.groovy:20)
	at com.kms.katalon.core.webui.keyword.builtin.ClickKeyword.click(ClickKeyword.groovy:74)
	at com.kms.katalon.core.webui.keyword.builtin.ClickKeyword.execute(ClickKeyword.groovy:40)
	at com.kms.katalon.core.keyword.internal.KeywordExecutor.executeKeywordForPlatform(KeywordExecutor.groovy:74)
	at com.kms.katalon.core.webui.keyword.WebUiBuiltInKeywords.click(WebUiBuiltInKeywords.groovy:647)
	at Script1704176576008.run(Script1704176576008.groovy:158)
	... 15 more
)

02-01-2024T18:08:14 - [MESSAGE][INFO] - Unable to find the element located by 'By.xpath: //*[@id="appMountPoint"]/div/div/div[1]/div[1]/div[2]/div/div/ul/li[2]/a/span'. Please recheck the objects properties to make sure the desired element is located. 

02-01-2024T18:08:15 - [MESSAGE][WARNING] - Unable to click on object 'Object Repository/Profile/profile add 2' (Root cause: com.kms.katalon.core.exception.StepFailedException: Unable to click on object 'Object Repository/Profile/profile add 2'
	at com.kms.katalon.core.webui.keyword.internal.WebUIKeywordMain.stepFailed(WebUIKeywordMain.groovy:64)
	at com.kms.katalon.core.webui.keyword.internal.WebUIKeywordMain.runKeyword(WebUIKeywordMain.groovy:26)
	at com.kms.katalon.core.webui.keyword.builtin.ClickKeyword.click(ClickKeyword.groovy:74)
	at com.kms.katalon.core.webui.keyword.builtin.ClickKeyword.execute(ClickKeyword.groovy:40)
	at com.kms.katalon.core.keyword.internal.KeywordExecutor.executeKeywordForPlatform(KeywordExecutor.groovy:74)
	at com.kms.katalon.core.webui.keyword.WebUiBuiltInKeywords.click(WebUiBuiltInKeywords.groovy:647)
	at TC Full Reset (Alfa Test).run(TC Full Reset (Alfa Test):158)
	at com.kms.katalon.core.main.ScriptEngine.run(ScriptEngine.java:194)
	at com.kms.katalon.core.main.ScriptEngine.runScriptAsRawText(ScriptEngine.java:119)
	at com.kms.katalon.core.main.TestCaseExecutor.runScript(TestCaseExecutor.java:448)
	at com.kms.katalon.core.main.TestCaseExecutor.doExecute(TestCaseExecutor.java:439)
	at com.kms.katalon.core.main.TestCaseExecutor.processExecutionPhase(TestCaseExecutor.java:418)
	at com.kms.katalon.core.main.TestCaseExecutor.accessMainPhase(TestCaseExecutor.java:410)
	at com.kms.katalon.core.main.TestCaseExecutor.execute(TestCaseExecutor.java:285)
	at com.kms.katalon.core.common.CommonExecutor.accessTestCaseMainPhase(CommonExecutor.java:65)
	at com.kms.katalon.core.main.TestSuiteExecutor.accessTestSuiteMainPhase(TestSuiteExecutor.java:148)
	at com.kms.katalon.core.main.TestSuiteExecutor.execute(TestSuiteExecutor.java:106)
	at com.kms.katalon.core.main.TestCaseMain.startTestSuite(TestCaseMain.java:180)
	at TempTestSuite1704193631641.run(TempTestSuite1704193631641.groovy:36)
	at java.base/jdk.internal.reflect.NativeMethodAccessorImpl.invoke0(Native Method)
	at java.base/jdk.internal.reflect.NativeMethodAccessorImpl.invoke(NativeMethodAccessorImpl.java:77)
	at java.base/jdk.internal.reflect.DelegatingMethodAccessorImpl.invoke(DelegatingMethodAccessorImpl.java:43)
Caused by: com.kms.katalon.core.webui.exception.WebElementNotFoundException: Web element with id: 'Object Repository/Profile/profile add 2' located by '//*[@id="appMountPoint"]/div/div/div[1]/div[1]/div[2]/div/div/ul/li[2]/a/span' not found
	at com.kms.katalon.core.webui.common.WebUiCommonHelper.findWebElement(WebUiCommonHelper.java:1379)
	at com.kms.katalon.core.webui.keyword.internal.WebUIAbstractKeyword.findWebElement(WebUIAbstractKeyword.groovy:27)
	at com.kms.katalon.core.webui.keyword.builtin.ClickKeyword$_click_closure1.doCall(ClickKeyword.groovy:65)
	at com.kms.katalon.core.webui.keyword.builtin.ClickKeyword$_click_closure1.call(ClickKeyword.groovy)
	at com.kms.katalon.core.webui.keyword.internal.WebUIKeywordMain.runKeyword(WebUIKeywordMain.groovy:20)
	at com.kms.katalon.core.webui.keyword.builtin.ClickKeyword.click(ClickKeyword.groovy:74)
	at com.kms.katalon.core.webui.keyword.builtin.ClickKeyword.execute(ClickKeyword.groovy:40)
	at com.kms.katalon.core.keyword.internal.KeywordExecutor.executeKeywordForPlatform(KeywordExecutor.groovy:74)
	at com.kms.katalon.core.webui.keyword.WebUiBuiltInKeywords.click(WebUiBuiltInKeywords.groovy:647)
	at Script1704176576008.run(Script1704176576008.groovy:158)
	... 15 more
)
[[ATTACHMENT|D:\\katalon\\akunmu-netflix\\Reports\\20240102_180710\\Test\\20240102_180711\\1704193694954.png]]

02-01-2024T18:08:15 - [TEST_STEP][PASSED] - setText(findTestObject("Profile/profile input name"), "PROFILE 2", OPTIONAL): Unable to set text 'PROFILE 2' of object 'Object Repository/Profile/profile input name' (Root cause: com.kms.katalon.core.exception.StepFailedException: Unable to set text 'PROFILE 2' of object 'Object Repository/Profile/profile input name'
	at com.kms.katalon.core.webui.keyword.internal.WebUIKeywordMain.stepFailed(WebUIKeywordMain.groovy:64)
	at com.kms.katalon.core.webui.keyword.internal.WebUIKeywordMain.runKeyword(WebUIKeywordMain.groovy:26)
	at com.kms.katalon.core.webui.keyword.builtin.SetTextKeyword.setText(SetTextKeyword.groovy:66)
	at com.kms.katalon.core.webui.keyword.builtin.SetTextKeyword.execute(SetTextKeyword.groovy:37)
	at com.kms.katalon.core.keyword.internal.KeywordExecutor.executeKeywordForPlatform(KeywordExecutor.groovy:74)
	at com.kms.katalon.core.webui.keyword.WebUiBuiltInKeywords.setText(WebUiBuiltInKeywords.groovy:1005)
	at TC Full Reset (Alfa Test).run(TC Full Reset (Alfa Test):160)
	at com.kms.katalon.core.main.ScriptEngine.run(ScriptEngine.java:194)
	at com.kms.katalon.core.main.ScriptEngine.runScriptAsRawText(ScriptEngine.java:119)
	at com.kms.katalon.core.main.TestCaseExecutor.runScript(TestCaseExecutor.java:448)
	at com.kms.katalon.core.main.TestCaseExecutor.doExecute(TestCaseExecutor.java:439)
	at com.kms.katalon.core.main.TestCaseExecutor.processExecutionPhase(TestCaseExecutor.java:418)
	at com.kms.katalon.core.main.TestCaseExecutor.accessMainPhase(TestCaseExecutor.java:410)
	at com.kms.katalon.core.main.TestCaseExecutor.execute(TestCaseExecutor.java:285)
	at com.kms.katalon.core.common.CommonExecutor.accessTestCaseMainPhase(CommonExecutor.java:65)
	at com.kms.katalon.core.main.TestSuiteExecutor.accessTestSuiteMainPhase(TestSuiteExecutor.java:148)
	at com.kms.katalon.core.main.TestSuiteExecutor.execute(TestSuiteExecutor.java:106)
	at com.kms.katalon.core.main.TestCaseMain.startTestSuite(TestCaseMain.java:180)
	at TempTestSuite1704193631641.run(TempTestSuite1704193631641.groovy:36)
	at java.base/jdk.internal.reflect.NativeMethodAccessorImpl.invoke0(Native Method)
	at java.base/jdk.internal.reflect.NativeMethodAccessorImpl.invoke(NativeMethodAccessorImpl.java:77)
	at java.base/jdk.internal.reflect.DelegatingMethodAccessorImpl.invoke(DelegatingMethodAccessorImpl.java:43)
Caused by: com.kms.katalon.core.webui.exception.WebElementNotFoundException: Web element with id: 'Object Repository/Profile/profile input name' located by '//*[@id="add-profile-name"]' not found
	at com.kms.katalon.core.webui.common.WebUiCommonHelper.findWebElement(WebUiCommonHelper.java:1379)
	at com.kms.katalon.core.webui.keyword.internal.WebUIAbstractKeyword.findWebElement(WebUIAbstractKeyword.groovy:27)
	at com.kms.katalon.core.webui.keyword.internal.WebUIAbstractKeyword.findWebElement(WebUIAbstractKeyword.groovy:26)
	at com.kms.katalon.core.webui.keyword.builtin.SetTextKeyword$_setText_closure1.doCall(SetTextKeyword.groovy:51)
	at com.kms.katalon.core.webui.keyword.builtin.SetTextKeyword$_setText_closure1.call(SetTextKeyword.groovy)
	at com.kms.katalon.core.webui.keyword.internal.WebUIKeywordMain.runKeyword(WebUIKeywordMain.groovy:20)
	at com.kms.katalon.core.webui.keyword.builtin.SetTextKeyword.setText(SetTextKeyword.groovy:66)
	at com.kms.katalon.core.webui.keyword.builtin.SetTextKeyword.execute(SetTextKeyword.groovy:37)
	at com.kms.katalon.core.keyword.internal.KeywordExecutor.executeKeywordForPlatform(KeywordExecutor.groovy:74)
	at com.kms.katalon.core.webui.keyword.WebUiBuiltInKeywords.setText(WebUiBuiltInKeywords.groovy:1005)
	at Script1704176576008.run(Script1704176576008.groovy:160)
	... 15 more
)

02-01-2024T18:08:18 - [MESSAGE][INFO] - Unable to find the element located by 'By.xpath: //*[@id="add-profile-name"]'. Please recheck the objects properties to make sure the desired element is located. 

02-01-2024T18:08:18 - [MESSAGE][WARNING] - Unable to set text 'PROFILE 2' of object 'Object Repository/Profile/profile input name' (Root cause: com.kms.katalon.core.exception.StepFailedException: Unable to set text 'PROFILE 2' of object 'Object Repository/Profile/profile input name'
	at com.kms.katalon.core.webui.keyword.internal.WebUIKeywordMain.stepFailed(WebUIKeywordMain.groovy:64)
	at com.kms.katalon.core.webui.keyword.internal.WebUIKeywordMain.runKeyword(WebUIKeywordMain.groovy:26)
	at com.kms.katalon.core.webui.keyword.builtin.SetTextKeyword.setText(SetTextKeyword.groovy:66)
	at com.kms.katalon.core.webui.keyword.builtin.SetTextKeyword.execute(SetTextKeyword.groovy:37)
	at com.kms.katalon.core.keyword.internal.KeywordExecutor.executeKeywordForPlatform(KeywordExecutor.groovy:74)
	at com.kms.katalon.core.webui.keyword.WebUiBuiltInKeywords.setText(WebUiBuiltInKeywords.groovy:1005)
	at TC Full Reset (Alfa Test).run(TC Full Reset (Alfa Test):160)
	at com.kms.katalon.core.main.ScriptEngine.run(ScriptEngine.java:194)
	at com.kms.katalon.core.main.ScriptEngine.runScriptAsRawText(ScriptEngine.java:119)
	at com.kms.katalon.core.main.TestCaseExecutor.runScript(TestCaseExecutor.java:448)
	at com.kms.katalon.core.main.TestCaseExecutor.doExecute(TestCaseExecutor.java:439)
	at com.kms.katalon.core.main.TestCaseExecutor.processExecutionPhase(TestCaseExecutor.java:418)
	at com.kms.katalon.core.main.TestCaseExecutor.accessMainPhase(TestCaseExecutor.java:410)
	at com.kms.katalon.core.main.TestCaseExecutor.execute(TestCaseExecutor.java:285)
	at com.kms.katalon.core.common.CommonExecutor.accessTestCaseMainPhase(CommonExecutor.java:65)
	at com.kms.katalon.core.main.TestSuiteExecutor.accessTestSuiteMainPhase(TestSuiteExecutor.java:148)
	at com.kms.katalon.core.main.TestSuiteExecutor.execute(TestSuiteExecutor.java:106)
	at com.kms.katalon.core.main.TestCaseMain.startTestSuite(TestCaseMain.java:180)
	at TempTestSuite1704193631641.run(TempTestSuite1704193631641.groovy:36)
	at java.base/jdk.internal.reflect.NativeMethodAccessorImpl.invoke0(Native Method)
	at java.base/jdk.internal.reflect.NativeMethodAccessorImpl.invoke(NativeMethodAccessorImpl.java:77)
	at java.base/jdk.internal.reflect.DelegatingMethodAccessorImpl.invoke(DelegatingMethodAccessorImpl.java:43)
Caused by: com.kms.katalon.core.webui.exception.WebElementNotFoundException: Web element with id: 'Object Repository/Profile/profile input name' located by '//*[@id="add-profile-name"]' not found
	at com.kms.katalon.core.webui.common.WebUiCommonHelper.findWebElement(WebUiCommonHelper.java:1379)
	at com.kms.katalon.core.webui.keyword.internal.WebUIAbstractKeyword.findWebElement(WebUIAbstractKeyword.groovy:27)
	at com.kms.katalon.core.webui.keyword.internal.WebUIAbstractKeyword.findWebElement(WebUIAbstractKeyword.groovy:26)
	at com.kms.katalon.core.webui.keyword.builtin.SetTextKeyword$_setText_closure1.doCall(SetTextKeyword.groovy:51)
	at com.kms.katalon.core.webui.keyword.builtin.SetTextKeyword$_setText_closure1.call(SetTextKeyword.groovy)
	at com.kms.katalon.core.webui.keyword.internal.WebUIKeywordMain.runKeyword(WebUIKeywordMain.groovy:20)
	at com.kms.katalon.core.webui.keyword.builtin.SetTextKeyword.setText(SetTextKeyword.groovy:66)
	at com.kms.katalon.core.webui.keyword.builtin.SetTextKeyword.execute(SetTextKeyword.groovy:37)
	at com.kms.katalon.core.keyword.internal.KeywordExecutor.executeKeywordForPlatform(KeywordExecutor.groovy:74)
	at com.kms.katalon.core.webui.keyword.WebUiBuiltInKeywords.setText(WebUiBuiltInKeywords.groovy:1005)
	at Script1704176576008.run(Script1704176576008.groovy:160)
	... 15 more
)
[[ATTACHMENT|D:\\katalon\\akunmu-netflix\\Reports\\20240102_180710\\Test\\20240102_180711\\1704193698158.png]]

02-01-2024T18:08:18 - [TEST_STEP][PASSED] - click(findTestObject("Profile/profile input name continue"), OPTIONAL): Unable to click on object 'Object Repository/Profile/profile input name continue' (Root cause: com.kms.katalon.core.exception.StepFailedException: Unable to click on object 'Object Repository/Profile/profile input name continue'
	at com.kms.katalon.core.webui.keyword.internal.WebUIKeywordMain.stepFailed(WebUIKeywordMain.groovy:64)
	at com.kms.katalon.core.webui.keyword.internal.WebUIKeywordMain.runKeyword(WebUIKeywordMain.groovy:26)
	at com.kms.katalon.core.webui.keyword.builtin.ClickKeyword.click(ClickKeyword.groovy:74)
	at com.kms.katalon.core.webui.keyword.builtin.ClickKeyword.execute(ClickKeyword.groovy:40)
	at com.kms.katalon.core.keyword.internal.KeywordExecutor.executeKeywordForPlatform(KeywordExecutor.groovy:74)
	at com.kms.katalon.core.webui.keyword.WebUiBuiltInKeywords.click(WebUiBuiltInKeywords.groovy:647)
	at TC Full Reset (Alfa Test).run(TC Full Reset (Alfa Test):162)
	at com.kms.katalon.core.main.ScriptEngine.run(ScriptEngine.java:194)
	at com.kms.katalon.core.main.ScriptEngine.runScriptAsRawText(ScriptEngine.java:119)
	at com.kms.katalon.core.main.TestCaseExecutor.runScript(TestCaseExecutor.java:448)
	at com.kms.katalon.core.main.TestCaseExecutor.doExecute(TestCaseExecutor.java:439)
	at com.kms.katalon.core.main.TestCaseExecutor.processExecutionPhase(TestCaseExecutor.java:418)
	at com.kms.katalon.core.main.TestCaseExecutor.accessMainPhase(TestCaseExecutor.java:410)
	at com.kms.katalon.core.main.TestCaseExecutor.execute(TestCaseExecutor.java:285)
	at com.kms.katalon.core.common.CommonExecutor.accessTestCaseMainPhase(CommonExecutor.java:65)
	at com.kms.katalon.core.main.TestSuiteExecutor.accessTestSuiteMainPhase(TestSuiteExecutor.java:148)
	at com.kms.katalon.core.main.TestSuiteExecutor.execute(TestSuiteExecutor.java:106)
	at com.kms.katalon.core.main.TestCaseMain.startTestSuite(TestCaseMain.java:180)
	at TempTestSuite1704193631641.run(TempTestSuite1704193631641.groovy:36)
	at java.base/jdk.internal.reflect.NativeMethodAccessorImpl.invoke0(Native Method)
	at java.base/jdk.internal.reflect.NativeMethodAccessorImpl.invoke(NativeMethodAccessorImpl.java:77)
	at java.base/jdk.internal.reflect.DelegatingMethodAccessorImpl.invoke(DelegatingMethodAccessorImpl.java:43)
Caused by: com.kms.katalon.core.webui.exception.WebElementNotFoundException: Web element with id: 'Object Repository/Profile/profile input name continue' located by '//*[@id="appMountPoint"]/div/div/div[1]/div[1]/div[2]/div/div/span[1]/span' not found
	at com.kms.katalon.core.webui.common.WebUiCommonHelper.findWebElement(WebUiCommonHelper.java:1379)
	at com.kms.katalon.core.webui.keyword.internal.WebUIAbstractKeyword.findWebElement(WebUIAbstractKeyword.groovy:27)
	at com.kms.katalon.core.webui.keyword.builtin.ClickKeyword$_click_closure1.doCall(ClickKeyword.groovy:65)
	at com.kms.katalon.core.webui.keyword.builtin.ClickKeyword$_click_closure1.call(ClickKeyword.groovy)
	at com.kms.katalon.core.webui.keyword.internal.WebUIKeywordMain.runKeyword(WebUIKeywordMain.groovy:20)
	at com.kms.katalon.core.webui.keyword.builtin.ClickKeyword.click(ClickKeyword.groovy:74)
	at com.kms.katalon.core.webui.keyword.builtin.ClickKeyword.execute(ClickKeyword.groovy:40)
	at com.kms.katalon.core.keyword.internal.KeywordExecutor.executeKeywordForPlatform(KeywordExecutor.groovy:74)
	at com.kms.katalon.core.webui.keyword.WebUiBuiltInKeywords.click(WebUiBuiltInKeywords.groovy:647)
	at Script1704176576008.run(Script1704176576008.groovy:162)
	... 15 more
)

02-01-2024T18:08:21 - [MESSAGE][INFO] - Unable to find the element located by 'By.xpath: //*[@id="appMountPoint"]/div/div/div[1]/div[1]/div[2]/div/div/span[1]/span'. Please recheck the objects properties to make sure the desired element is located. 

02-01-2024T18:08:21 - [MESSAGE][WARNING] - Unable to click on object 'Object Repository/Profile/profile input name continue' (Root cause: com.kms.katalon.core.exception.StepFailedException: Unable to click on object 'Object Repository/Profile/profile input name continue'
	at com.kms.katalon.core.webui.keyword.internal.WebUIKeywordMain.stepFailed(WebUIKeywordMain.groovy:64)
	at com.kms.katalon.core.webui.keyword.internal.WebUIKeywordMain.runKeyword(WebUIKeywordMain.groovy:26)
	at com.kms.katalon.core.webui.keyword.builtin.ClickKeyword.click(ClickKeyword.groovy:74)
	at com.kms.katalon.core.webui.keyword.builtin.ClickKeyword.execute(ClickKeyword.groovy:40)
	at com.kms.katalon.core.keyword.internal.KeywordExecutor.executeKeywordForPlatform(KeywordExecutor.groovy:74)
	at com.kms.katalon.core.webui.keyword.WebUiBuiltInKeywords.click(WebUiBuiltInKeywords.groovy:647)
	at TC Full Reset (Alfa Test).run(TC Full Reset (Alfa Test):162)
	at com.kms.katalon.core.main.ScriptEngine.run(ScriptEngine.java:194)
	at com.kms.katalon.core.main.ScriptEngine.runScriptAsRawText(ScriptEngine.java:119)
	at com.kms.katalon.core.main.TestCaseExecutor.runScript(TestCaseExecutor.java:448)
	at com.kms.katalon.core.main.TestCaseExecutor.doExecute(TestCaseExecutor.java:439)
	at com.kms.katalon.core.main.TestCaseExecutor.processExecutionPhase(TestCaseExecutor.java:418)
	at com.kms.katalon.core.main.TestCaseExecutor.accessMainPhase(TestCaseExecutor.java:410)
	at com.kms.katalon.core.main.TestCaseExecutor.execute(TestCaseExecutor.java:285)
	at com.kms.katalon.core.common.CommonExecutor.accessTestCaseMainPhase(CommonExecutor.java:65)
	at com.kms.katalon.core.main.TestSuiteExecutor.accessTestSuiteMainPhase(TestSuiteExecutor.java:148)
	at com.kms.katalon.core.main.TestSuiteExecutor.execute(TestSuiteExecutor.java:106)
	at com.kms.katalon.core.main.TestCaseMain.startTestSuite(TestCaseMain.java:180)
	at TempTestSuite1704193631641.run(TempTestSuite1704193631641.groovy:36)
	at java.base/jdk.internal.reflect.NativeMethodAccessorImpl.invoke0(Native Method)
	at java.base/jdk.internal.reflect.NativeMethodAccessorImpl.invoke(NativeMethodAccessorImpl.java:77)
	at java.base/jdk.internal.reflect.DelegatingMethodAccessorImpl.invoke(DelegatingMethodAccessorImpl.java:43)
Caused by: com.kms.katalon.core.webui.exception.WebElementNotFoundException: Web element with id: 'Object Repository/Profile/profile input name continue' located by '//*[@id="appMountPoint"]/div/div/div[1]/div[1]/div[2]/div/div/span[1]/span' not found
	at com.kms.katalon.core.webui.common.WebUiCommonHelper.findWebElement(WebUiCommonHelper.java:1379)
	at com.kms.katalon.core.webui.keyword.internal.WebUIAbstractKeyword.findWebElement(WebUIAbstractKeyword.groovy:27)
	at com.kms.katalon.core.webui.keyword.builtin.ClickKeyword$_click_closure1.doCall(ClickKeyword.groovy:65)
	at com.kms.katalon.core.webui.keyword.builtin.ClickKeyword$_click_closure1.call(ClickKeyword.groovy)
	at com.kms.katalon.core.webui.keyword.internal.WebUIKeywordMain.runKeyword(WebUIKeywordMain.groovy:20)
	at com.kms.katalon.core.webui.keyword.builtin.ClickKeyword.click(ClickKeyword.groovy:74)
	at com.kms.katalon.core.webui.keyword.builtin.ClickKeyword.execute(ClickKeyword.groovy:40)
	at com.kms.katalon.core.keyword.internal.KeywordExecutor.executeKeywordForPlatform(KeywordExecutor.groovy:74)
	at com.kms.katalon.core.webui.keyword.WebUiBuiltInKeywords.click(WebUiBuiltInKeywords.groovy:647)
	at Script1704176576008.run(Script1704176576008.groovy:162)
	... 15 more
)
[[ATTACHMENT|D:\\katalon\\akunmu-netflix\\Reports\\20240102_180710\\Test\\20240102_180711\\1704193701377.png]]

02-01-2024T18:08:21 - [TEST_STEP][PASSED] - click(findTestObject("Profile/profile add 3"), OPTIONAL): Unable to click on object 'Object Repository/Profile/profile add 3' (Root cause: com.kms.katalon.core.exception.StepFailedException: Unable to click on object 'Object Repository/Profile/profile add 3'
	at com.kms.katalon.core.webui.keyword.internal.WebUIKeywordMain.stepFailed(WebUIKeywordMain.groovy:64)
	at com.kms.katalon.core.webui.keyword.internal.WebUIKeywordMain.runKeyword(WebUIKeywordMain.groovy:26)
	at com.kms.katalon.core.webui.keyword.builtin.ClickKeyword.click(ClickKeyword.groovy:74)
	at com.kms.katalon.core.webui.keyword.builtin.ClickKeyword.execute(ClickKeyword.groovy:40)
	at com.kms.katalon.core.keyword.internal.KeywordExecutor.executeKeywordForPlatform(KeywordExecutor.groovy:74)
	at com.kms.katalon.core.webui.keyword.WebUiBuiltInKeywords.click(WebUiBuiltInKeywords.groovy:647)
	at TC Full Reset (Alfa Test).run(TC Full Reset (Alfa Test):164)
	at com.kms.katalon.core.main.ScriptEngine.run(ScriptEngine.java:194)
	at com.kms.katalon.core.main.ScriptEngine.runScriptAsRawText(ScriptEngine.java:119)
	at com.kms.katalon.core.main.TestCaseExecutor.runScript(TestCaseExecutor.java:448)
	at com.kms.katalon.core.main.TestCaseExecutor.doExecute(TestCaseExecutor.java:439)
	at com.kms.katalon.core.main.TestCaseExecutor.processExecutionPhase(TestCaseExecutor.java:418)
	at com.kms.katalon.core.main.TestCaseExecutor.accessMainPhase(TestCaseExecutor.java:410)
	at com.kms.katalon.core.main.TestCaseExecutor.execute(TestCaseExecutor.java:285)
	at com.kms.katalon.core.common.CommonExecutor.accessTestCaseMainPhase(CommonExecutor.java:65)
	at com.kms.katalon.core.main.TestSuiteExecutor.accessTestSuiteMainPhase(TestSuiteExecutor.java:148)
	at com.kms.katalon.core.main.TestSuiteExecutor.execute(TestSuiteExecutor.java:106)
	at com.kms.katalon.core.main.TestCaseMain.startTestSuite(TestCaseMain.java:180)
	at TempTestSuite1704193631641.run(TempTestSuite1704193631641.groovy:36)
	at java.base/jdk.internal.reflect.NativeMethodAccessorImpl.invoke0(Native Method)
	at java.base/jdk.internal.reflect.NativeMethodAccessorImpl.invoke(NativeMethodAccessorImpl.java:77)
	at java.base/jdk.internal.reflect.DelegatingMethodAccessorImpl.invoke(DelegatingMethodAccessorImpl.java:43)
Caused by: com.kms.katalon.core.webui.exception.WebElementNotFoundException: Web element with id: 'Object Repository/Profile/profile add 3' located by '//*[@id="appMountPoint"]/div/div/div[1]/div[1]/div[2]/div/div/ul/li[3]/a/span' not found
	at com.kms.katalon.core.webui.common.WebUiCommonHelper.findWebElement(WebUiCommonHelper.java:1379)
	at com.kms.katalon.core.webui.keyword.internal.WebUIAbstractKeyword.findWebElement(WebUIAbstractKeyword.groovy:27)
	at com.kms.katalon.core.webui.keyword.builtin.ClickKeyword$_click_closure1.doCall(ClickKeyword.groovy:65)
	at com.kms.katalon.core.webui.keyword.builtin.ClickKeyword$_click_closure1.call(ClickKeyword.groovy)
	at com.kms.katalon.core.webui.keyword.internal.WebUIKeywordMain.runKeyword(WebUIKeywordMain.groovy:20)
	at com.kms.katalon.core.webui.keyword.builtin.ClickKeyword.click(ClickKeyword.groovy:74)
	at com.kms.katalon.core.webui.keyword.builtin.ClickKeyword.execute(ClickKeyword.groovy:40)
	at com.kms.katalon.core.keyword.internal.KeywordExecutor.executeKeywordForPlatform(KeywordExecutor.groovy:74)
	at com.kms.katalon.core.webui.keyword.WebUiBuiltInKeywords.click(WebUiBuiltInKeywords.groovy:647)
	at Script1704176576008.run(Script1704176576008.groovy:164)
	... 15 more
)

02-01-2024T18:08:24 - [MESSAGE][INFO] - Unable to find the element located by 'By.xpath: //*[@id="appMountPoint"]/div/div/div[1]/div[1]/div[2]/div/div/ul/li[3]/a/span'. Please recheck the objects properties to make sure the desired element is located. 

02-01-2024T18:08:24 - [MESSAGE][WARNING] - Unable to click on object 'Object Repository/Profile/profile add 3' (Root cause: com.kms.katalon.core.exception.StepFailedException: Unable to click on object 'Object Repository/Profile/profile add 3'
	at com.kms.katalon.core.webui.keyword.internal.WebUIKeywordMain.stepFailed(WebUIKeywordMain.groovy:64)
	at com.kms.katalon.core.webui.keyword.internal.WebUIKeywordMain.runKeyword(WebUIKeywordMain.groovy:26)
	at com.kms.katalon.core.webui.keyword.builtin.ClickKeyword.click(ClickKeyword.groovy:74)
	at com.kms.katalon.core.webui.keyword.builtin.ClickKeyword.execute(ClickKeyword.groovy:40)
	at com.kms.katalon.core.keyword.internal.KeywordExecutor.executeKeywordForPlatform(KeywordExecutor.groovy:74)
	at com.kms.katalon.core.webui.keyword.WebUiBuiltInKeywords.click(WebUiBuiltInKeywords.groovy:647)
	at TC Full Reset (Alfa Test).run(TC Full Reset (Alfa Test):164)
	at com.kms.katalon.core.main.ScriptEngine.run(ScriptEngine.java:194)
	at com.kms.katalon.core.main.ScriptEngine.runScriptAsRawText(ScriptEngine.java:119)
	at com.kms.katalon.core.main.TestCaseExecutor.runScript(TestCaseExecutor.java:448)
	at com.kms.katalon.core.main.TestCaseExecutor.doExecute(TestCaseExecutor.java:439)
	at com.kms.katalon.core.main.TestCaseExecutor.processExecutionPhase(TestCaseExecutor.java:418)
	at com.kms.katalon.core.main.TestCaseExecutor.accessMainPhase(TestCaseExecutor.java:410)
	at com.kms.katalon.core.main.TestCaseExecutor.execute(TestCaseExecutor.java:285)
	at com.kms.katalon.core.common.CommonExecutor.accessTestCaseMainPhase(CommonExecutor.java:65)
	at com.kms.katalon.core.main.TestSuiteExecutor.accessTestSuiteMainPhase(TestSuiteExecutor.java:148)
	at com.kms.katalon.core.main.TestSuiteExecutor.execute(TestSuiteExecutor.java:106)
	at com.kms.katalon.core.main.TestCaseMain.startTestSuite(TestCaseMain.java:180)
	at TempTestSuite1704193631641.run(TempTestSuite1704193631641.groovy:36)
	at java.base/jdk.internal.reflect.NativeMethodAccessorImpl.invoke0(Native Method)
	at java.base/jdk.internal.reflect.NativeMethodAccessorImpl.invoke(NativeMethodAccessorImpl.java:77)
	at java.base/jdk.internal.reflect.DelegatingMethodAccessorImpl.invoke(DelegatingMethodAccessorImpl.java:43)
Caused by: com.kms.katalon.core.webui.exception.WebElementNotFoundException: Web element with id: 'Object Repository/Profile/profile add 3' located by '//*[@id="appMountPoint"]/div/div/div[1]/div[1]/div[2]/div/div/ul/li[3]/a/span' not found
	at com.kms.katalon.core.webui.common.WebUiCommonHelper.findWebElement(WebUiCommonHelper.java:1379)
	at com.kms.katalon.core.webui.keyword.internal.WebUIAbstractKeyword.findWebElement(WebUIAbstractKeyword.groovy:27)
	at com.kms.katalon.core.webui.keyword.builtin.ClickKeyword$_click_closure1.doCall(ClickKeyword.groovy:65)
	at com.kms.katalon.core.webui.keyword.builtin.ClickKeyword$_click_closure1.call(ClickKeyword.groovy)
	at com.kms.katalon.core.webui.keyword.internal.WebUIKeywordMain.runKeyword(WebUIKeywordMain.groovy:20)
	at com.kms.katalon.core.webui.keyword.builtin.ClickKeyword.click(ClickKeyword.groovy:74)
	at com.kms.katalon.core.webui.keyword.builtin.ClickKeyword.execute(ClickKeyword.groovy:40)
	at com.kms.katalon.core.keyword.internal.KeywordExecutor.executeKeywordForPlatform(KeywordExecutor.groovy:74)
	at com.kms.katalon.core.webui.keyword.WebUiBuiltInKeywords.click(WebUiBuiltInKeywords.groovy:647)
	at Script1704176576008.run(Script1704176576008.groovy:164)
	... 15 more
)
[[ATTACHMENT|D:\\katalon\\akunmu-netflix\\Reports\\20240102_180710\\Test\\20240102_180711\\1704193704590.png]]

02-01-2024T18:08:24 - [TEST_STEP][PASSED] - setText(findTestObject("Profile/profile input name"), "PROFILE 3", OPTIONAL): Unable to set text 'PROFILE 3' of object 'Object Repository/Profile/profile input name' (Root cause: com.kms.katalon.core.exception.StepFailedException: Unable to set text 'PROFILE 3' of object 'Object Repository/Profile/profile input name'
	at com.kms.katalon.core.webui.keyword.internal.WebUIKeywordMain.stepFailed(WebUIKeywordMain.groovy:64)
	at com.kms.katalon.core.webui.keyword.internal.WebUIKeywordMain.runKeyword(WebUIKeywordMain.groovy:26)
	at com.kms.katalon.core.webui.keyword.builtin.SetTextKeyword.setText(SetTextKeyword.groovy:66)
	at com.kms.katalon.core.webui.keyword.builtin.SetTextKeyword.execute(SetTextKeyword.groovy:37)
	at com.kms.katalon.core.keyword.internal.KeywordExecutor.executeKeywordForPlatform(KeywordExecutor.groovy:74)
	at com.kms.katalon.core.webui.keyword.WebUiBuiltInKeywords.setText(WebUiBuiltInKeywords.groovy:1005)
	at TC Full Reset (Alfa Test).run(TC Full Reset (Alfa Test):166)
	at com.kms.katalon.core.main.ScriptEngine.run(ScriptEngine.java:194)
	at com.kms.katalon.core.main.ScriptEngine.runScriptAsRawText(ScriptEngine.java:119)
	at com.kms.katalon.core.main.TestCaseExecutor.runScript(TestCaseExecutor.java:448)
	at com.kms.katalon.core.main.TestCaseExecutor.doExecute(TestCaseExecutor.java:439)
	at com.kms.katalon.core.main.TestCaseExecutor.processExecutionPhase(TestCaseExecutor.java:418)
	at com.kms.katalon.core.main.TestCaseExecutor.accessMainPhase(TestCaseExecutor.java:410)
	at com.kms.katalon.core.main.TestCaseExecutor.execute(TestCaseExecutor.java:285)
	at com.kms.katalon.core.common.CommonExecutor.accessTestCaseMainPhase(CommonExecutor.java:65)
	at com.kms.katalon.core.main.TestSuiteExecutor.accessTestSuiteMainPhase(TestSuiteExecutor.java:148)
	at com.kms.katalon.core.main.TestSuiteExecutor.execute(TestSuiteExecutor.java:106)
	at com.kms.katalon.core.main.TestCaseMain.startTestSuite(TestCaseMain.java:180)
	at TempTestSuite1704193631641.run(TempTestSuite1704193631641.groovy:36)
	at java.base/jdk.internal.reflect.NativeMethodAccessorImpl.invoke0(Native Method)
	at java.base/jdk.internal.reflect.NativeMethodAccessorImpl.invoke(NativeMethodAccessorImpl.java:77)
	at java.base/jdk.internal.reflect.DelegatingMethodAccessorImpl.invoke(DelegatingMethodAccessorImpl.java:43)
Caused by: com.kms.katalon.core.webui.exception.WebElementNotFoundException: Web element with id: 'Object Repository/Profile/profile input name' located by '//*[@id="add-profile-name"]' not found
	at com.kms.katalon.core.webui.common.WebUiCommonHelper.findWebElement(WebUiCommonHelper.java:1379)
	at com.kms.katalon.core.webui.keyword.internal.WebUIAbstractKeyword.findWebElement(WebUIAbstractKeyword.groovy:27)
	at com.kms.katalon.core.webui.keyword.internal.WebUIAbstractKeyword.findWebElement(WebUIAbstractKeyword.groovy:26)
	at com.kms.katalon.core.webui.keyword.builtin.SetTextKeyword$_setText_closure1.doCall(SetTextKeyword.groovy:51)
	at com.kms.katalon.core.webui.keyword.builtin.SetTextKeyword$_setText_closure1.call(SetTextKeyword.groovy)
	at com.kms.katalon.core.webui.keyword.internal.WebUIKeywordMain.runKeyword(WebUIKeywordMain.groovy:20)
	at com.kms.katalon.core.webui.keyword.builtin.SetTextKeyword.setText(SetTextKeyword.groovy:66)
	at com.kms.katalon.core.webui.keyword.builtin.SetTextKeyword.execute(SetTextKeyword.groovy:37)
	at com.kms.katalon.core.keyword.internal.KeywordExecutor.executeKeywordForPlatform(KeywordExecutor.groovy:74)
	at com.kms.katalon.core.webui.keyword.WebUiBuiltInKeywords.setText(WebUiBuiltInKeywords.groovy:1005)
	at Script1704176576008.run(Script1704176576008.groovy:166)
	... 15 more
)

02-01-2024T18:08:27 - [MESSAGE][INFO] - Unable to find the element located by 'By.xpath: //*[@id="add-profile-name"]'. Please recheck the objects properties to make sure the desired element is located. 

02-01-2024T18:08:27 - [MESSAGE][WARNING] - Unable to set text 'PROFILE 3' of object 'Object Repository/Profile/profile input name' (Root cause: com.kms.katalon.core.exception.StepFailedException: Unable to set text 'PROFILE 3' of object 'Object Repository/Profile/profile input name'
	at com.kms.katalon.core.webui.keyword.internal.WebUIKeywordMain.stepFailed(WebUIKeywordMain.groovy:64)
	at com.kms.katalon.core.webui.keyword.internal.WebUIKeywordMain.runKeyword(WebUIKeywordMain.groovy:26)
	at com.kms.katalon.core.webui.keyword.builtin.SetTextKeyword.setText(SetTextKeyword.groovy:66)
	at com.kms.katalon.core.webui.keyword.builtin.SetTextKeyword.execute(SetTextKeyword.groovy:37)
	at com.kms.katalon.core.keyword.internal.KeywordExecutor.executeKeywordForPlatform(KeywordExecutor.groovy:74)
	at com.kms.katalon.core.webui.keyword.WebUiBuiltInKeywords.setText(WebUiBuiltInKeywords.groovy:1005)
	at TC Full Reset (Alfa Test).run(TC Full Reset (Alfa Test):166)
	at com.kms.katalon.core.main.ScriptEngine.run(ScriptEngine.java:194)
	at com.kms.katalon.core.main.ScriptEngine.runScriptAsRawText(ScriptEngine.java:119)
	at com.kms.katalon.core.main.TestCaseExecutor.runScript(TestCaseExecutor.java:448)
	at com.kms.katalon.core.main.TestCaseExecutor.doExecute(TestCaseExecutor.java:439)
	at com.kms.katalon.core.main.TestCaseExecutor.processExecutionPhase(TestCaseExecutor.java:418)
	at com.kms.katalon.core.main.TestCaseExecutor.accessMainPhase(TestCaseExecutor.java:410)
	at com.kms.katalon.core.main.TestCaseExecutor.execute(TestCaseExecutor.java:285)
	at com.kms.katalon.core.common.CommonExecutor.accessTestCaseMainPhase(CommonExecutor.java:65)
	at com.kms.katalon.core.main.TestSuiteExecutor.accessTestSuiteMainPhase(TestSuiteExecutor.java:148)
	at com.kms.katalon.core.main.TestSuiteExecutor.execute(TestSuiteExecutor.java:106)
	at com.kms.katalon.core.main.TestCaseMain.startTestSuite(TestCaseMain.java:180)
	at TempTestSuite1704193631641.run(TempTestSuite1704193631641.groovy:36)
	at java.base/jdk.internal.reflect.NativeMethodAccessorImpl.invoke0(Native Method)
	at java.base/jdk.internal.reflect.NativeMethodAccessorImpl.invoke(NativeMethodAccessorImpl.java:77)
	at java.base/jdk.internal.reflect.DelegatingMethodAccessorImpl.invoke(DelegatingMethodAccessorImpl.java:43)
Caused by: com.kms.katalon.core.webui.exception.WebElementNotFoundException: Web element with id: 'Object Repository/Profile/profile input name' located by '//*[@id="add-profile-name"]' not found
	at com.kms.katalon.core.webui.common.WebUiCommonHelper.findWebElement(WebUiCommonHelper.java:1379)
	at com.kms.katalon.core.webui.keyword.internal.WebUIAbstractKeyword.findWebElement(WebUIAbstractKeyword.groovy:27)
	at com.kms.katalon.core.webui.keyword.internal.WebUIAbstractKeyword.findWebElement(WebUIAbstractKeyword.groovy:26)
	at com.kms.katalon.core.webui.keyword.builtin.SetTextKeyword$_setText_closure1.doCall(SetTextKeyword.groovy:51)
	at com.kms.katalon.core.webui.keyword.builtin.SetTextKeyword$_setText_closure1.call(SetTextKeyword.groovy)
	at com.kms.katalon.core.webui.keyword.internal.WebUIKeywordMain.runKeyword(WebUIKeywordMain.groovy:20)
	at com.kms.katalon.core.webui.keyword.builtin.SetTextKeyword.setText(SetTextKeyword.groovy:66)
	at com.kms.katalon.core.webui.keyword.builtin.SetTextKeyword.execute(SetTextKeyword.groovy:37)
	at com.kms.katalon.core.keyword.internal.KeywordExecutor.executeKeywordForPlatform(KeywordExecutor.groovy:74)
	at com.kms.katalon.core.webui.keyword.WebUiBuiltInKeywords.setText(WebUiBuiltInKeywords.groovy:1005)
	at Script1704176576008.run(Script1704176576008.groovy:166)
	... 15 more
)
[[ATTACHMENT|D:\\katalon\\akunmu-netflix\\Reports\\20240102_180710\\Test\\20240102_180711\\1704193707775.png]]

02-01-2024T18:08:27 - [TEST_STEP][PASSED] - click(findTestObject("Profile/profile input name continue"), OPTIONAL): Unable to click on object 'Object Repository/Profile/profile input name continue' (Root cause: com.kms.katalon.core.exception.StepFailedException: Unable to click on object 'Object Repository/Profile/profile input name continue'
	at com.kms.katalon.core.webui.keyword.internal.WebUIKeywordMain.stepFailed(WebUIKeywordMain.groovy:64)
	at com.kms.katalon.core.webui.keyword.internal.WebUIKeywordMain.runKeyword(WebUIKeywordMain.groovy:26)
	at com.kms.katalon.core.webui.keyword.builtin.ClickKeyword.click(ClickKeyword.groovy:74)
	at com.kms.katalon.core.webui.keyword.builtin.ClickKeyword.execute(ClickKeyword.groovy:40)
	at com.kms.katalon.core.keyword.internal.KeywordExecutor.executeKeywordForPlatform(KeywordExecutor.groovy:74)
	at com.kms.katalon.core.webui.keyword.WebUiBuiltInKeywords.click(WebUiBuiltInKeywords.groovy:647)
	at TC Full Reset (Alfa Test).run(TC Full Reset (Alfa Test):168)
	at com.kms.katalon.core.main.ScriptEngine.run(ScriptEngine.java:194)
	at com.kms.katalon.core.main.ScriptEngine.runScriptAsRawText(ScriptEngine.java:119)
	at com.kms.katalon.core.main.TestCaseExecutor.runScript(TestCaseExecutor.java:448)
	at com.kms.katalon.core.main.TestCaseExecutor.doExecute(TestCaseExecutor.java:439)
	at com.kms.katalon.core.main.TestCaseExecutor.processExecutionPhase(TestCaseExecutor.java:418)
	at com.kms.katalon.core.main.TestCaseExecutor.accessMainPhase(TestCaseExecutor.java:410)
	at com.kms.katalon.core.main.TestCaseExecutor.execute(TestCaseExecutor.java:285)
	at com.kms.katalon.core.common.CommonExecutor.accessTestCaseMainPhase(CommonExecutor.java:65)
	at com.kms.katalon.core.main.TestSuiteExecutor.accessTestSuiteMainPhase(TestSuiteExecutor.java:148)
	at com.kms.katalon.core.main.TestSuiteExecutor.execute(TestSuiteExecutor.java:106)
	at com.kms.katalon.core.main.TestCaseMain.startTestSuite(TestCaseMain.java:180)
	at TempTestSuite1704193631641.run(TempTestSuite1704193631641.groovy:36)
	at java.base/jdk.internal.reflect.NativeMethodAccessorImpl.invoke0(Native Method)
	at java.base/jdk.internal.reflect.NativeMethodAccessorImpl.invoke(NativeMethodAccessorImpl.java:77)
	at java.base/jdk.internal.reflect.DelegatingMethodAccessorImpl.invoke(DelegatingMethodAccessorImpl.java:43)
Caused by: com.kms.katalon.core.webui.exception.WebElementNotFoundException: Web element with id: 'Object Repository/Profile/profile input name continue' located by '//*[@id="appMountPoint"]/div/div/div[1]/div[1]/div[2]/div/div/span[1]/span' not found
	at com.kms.katalon.core.webui.common.WebUiCommonHelper.findWebElement(WebUiCommonHelper.java:1379)
	at com.kms.katalon.core.webui.keyword.internal.WebUIAbstractKeyword.findWebElement(WebUIAbstractKeyword.groovy:27)
	at com.kms.katalon.core.webui.keyword.builtin.ClickKeyword$_click_closure1.doCall(ClickKeyword.groovy:65)
	at com.kms.katalon.core.webui.keyword.builtin.ClickKeyword$_click_closure1.call(ClickKeyword.groovy)
	at com.kms.katalon.core.webui.keyword.internal.WebUIKeywordMain.runKeyword(WebUIKeywordMain.groovy:20)
	at com.kms.katalon.core.webui.keyword.builtin.ClickKeyword.click(ClickKeyword.groovy:74)
	at com.kms.katalon.core.webui.keyword.builtin.ClickKeyword.execute(ClickKeyword.groovy:40)
	at com.kms.katalon.core.keyword.internal.KeywordExecutor.executeKeywordForPlatform(KeywordExecutor.groovy:74)
	at com.kms.katalon.core.webui.keyword.WebUiBuiltInKeywords.click(WebUiBuiltInKeywords.groovy:647)
	at Script1704176576008.run(Script1704176576008.groovy:168)
	... 15 more
)

02-01-2024T18:08:31 - [MESSAGE][INFO] - Unable to find the element located by 'By.xpath: //*[@id="appMountPoint"]/div/div/div[1]/div[1]/div[2]/div/div/span[1]/span'. Please recheck the objects properties to make sure the desired element is located. 

02-01-2024T18:08:31 - [MESSAGE][WARNING] - Unable to click on object 'Object Repository/Profile/profile input name continue' (Root cause: com.kms.katalon.core.exception.StepFailedException: Unable to click on object 'Object Repository/Profile/profile input name continue'
	at com.kms.katalon.core.webui.keyword.internal.WebUIKeywordMain.stepFailed(WebUIKeywordMain.groovy:64)
	at com.kms.katalon.core.webui.keyword.internal.WebUIKeywordMain.runKeyword(WebUIKeywordMain.groovy:26)
	at com.kms.katalon.core.webui.keyword.builtin.ClickKeyword.click(ClickKeyword.groovy:74)
	at com.kms.katalon.core.webui.keyword.builtin.ClickKeyword.execute(ClickKeyword.groovy:40)
	at com.kms.katalon.core.keyword.internal.KeywordExecutor.executeKeywordForPlatform(KeywordExecutor.groovy:74)
	at com.kms.katalon.core.webui.keyword.WebUiBuiltInKeywords.click(WebUiBuiltInKeywords.groovy:647)
	at TC Full Reset (Alfa Test).run(TC Full Reset (Alfa Test):168)
	at com.kms.katalon.core.main.ScriptEngine.run(ScriptEngine.java:194)
	at com.kms.katalon.core.main.ScriptEngine.runScriptAsRawText(ScriptEngine.java:119)
	at com.kms.katalon.core.main.TestCaseExecutor.runScript(TestCaseExecutor.java:448)
	at com.kms.katalon.core.main.TestCaseExecutor.doExecute(TestCaseExecutor.java:439)
	at com.kms.katalon.core.main.TestCaseExecutor.processExecutionPhase(TestCaseExecutor.java:418)
	at com.kms.katalon.core.main.TestCaseExecutor.accessMainPhase(TestCaseExecutor.java:410)
	at com.kms.katalon.core.main.TestCaseExecutor.execute(TestCaseExecutor.java:285)
	at com.kms.katalon.core.common.CommonExecutor.accessTestCaseMainPhase(CommonExecutor.java:65)
	at com.kms.katalon.core.main.TestSuiteExecutor.accessTestSuiteMainPhase(TestSuiteExecutor.java:148)
	at com.kms.katalon.core.main.TestSuiteExecutor.execute(TestSuiteExecutor.java:106)
	at com.kms.katalon.core.main.TestCaseMain.startTestSuite(TestCaseMain.java:180)
	at TempTestSuite1704193631641.run(TempTestSuite1704193631641.groovy:36)
	at java.base/jdk.internal.reflect.NativeMethodAccessorImpl.invoke0(Native Method)
	at java.base/jdk.internal.reflect.NativeMethodAccessorImpl.invoke(NativeMethodAccessorImpl.java:77)
	at java.base/jdk.internal.reflect.DelegatingMethodAccessorImpl.invoke(DelegatingMethodAccessorImpl.java:43)
Caused by: com.kms.katalon.core.webui.exception.WebElementNotFoundException: Web element with id: 'Object Repository/Profile/profile input name continue' located by '//*[@id="appMountPoint"]/div/div/div[1]/div[1]/div[2]/div/div/span[1]/span' not found
	at com.kms.katalon.core.webui.common.WebUiCommonHelper.findWebElement(WebUiCommonHelper.java:1379)
	at com.kms.katalon.core.webui.keyword.internal.WebUIAbstractKeyword.findWebElement(WebUIAbstractKeyword.groovy:27)
	at com.kms.katalon.core.webui.keyword.builtin.ClickKeyword$_click_closure1.doCall(ClickKeyword.groovy:65)
	at com.kms.katalon.core.webui.keyword.builtin.ClickKeyword$_click_closure1.call(ClickKeyword.groovy)
	at com.kms.katalon.core.webui.keyword.internal.WebUIKeywordMain.runKeyword(WebUIKeywordMain.groovy:20)
	at com.kms.katalon.core.webui.keyword.builtin.ClickKeyword.click(ClickKeyword.groovy:74)
	at com.kms.katalon.core.webui.keyword.builtin.ClickKeyword.execute(ClickKeyword.groovy:40)
	at com.kms.katalon.core.keyword.internal.KeywordExecutor.executeKeywordForPlatform(KeywordExecutor.groovy:74)
	at com.kms.katalon.core.webui.keyword.WebUiBuiltInKeywords.click(WebUiBuiltInKeywords.groovy:647)
	at Script1704176576008.run(Script1704176576008.groovy:168)
	... 15 more
)
[[ATTACHMENT|D:\\katalon\\akunmu-netflix\\Reports\\20240102_180710\\Test\\20240102_180711\\1704193711003.png]]

02-01-2024T18:08:31 - [TEST_STEP][PASSED] - click(findTestObject("Profile/profile add 4"), OPTIONAL): Unable to click on object 'Object Repository/Profile/profile add 4' (Root cause: com.kms.katalon.core.exception.StepFailedException: Unable to click on object 'Object Repository/Profile/profile add 4'
	at com.kms.katalon.core.webui.keyword.internal.WebUIKeywordMain.stepFailed(WebUIKeywordMain.groovy:64)
	at com.kms.katalon.core.webui.keyword.internal.WebUIKeywordMain.runKeyword(WebUIKeywordMain.groovy:26)
	at com.kms.katalon.core.webui.keyword.builtin.ClickKeyword.click(ClickKeyword.groovy:74)
	at com.kms.katalon.core.webui.keyword.builtin.ClickKeyword.execute(ClickKeyword.groovy:40)
	at com.kms.katalon.core.keyword.internal.KeywordExecutor.executeKeywordForPlatform(KeywordExecutor.groovy:74)
	at com.kms.katalon.core.webui.keyword.WebUiBuiltInKeywords.click(WebUiBuiltInKeywords.groovy:647)
	at TC Full Reset (Alfa Test).run(TC Full Reset (Alfa Test):170)
	at com.kms.katalon.core.main.ScriptEngine.run(ScriptEngine.java:194)
	at com.kms.katalon.core.main.ScriptEngine.runScriptAsRawText(ScriptEngine.java:119)
	at com.kms.katalon.core.main.TestCaseExecutor.runScript(TestCaseExecutor.java:448)
	at com.kms.katalon.core.main.TestCaseExecutor.doExecute(TestCaseExecutor.java:439)
	at com.kms.katalon.core.main.TestCaseExecutor.processExecutionPhase(TestCaseExecutor.java:418)
	at com.kms.katalon.core.main.TestCaseExecutor.accessMainPhase(TestCaseExecutor.java:410)
	at com.kms.katalon.core.main.TestCaseExecutor.execute(TestCaseExecutor.java:285)
	at com.kms.katalon.core.common.CommonExecutor.accessTestCaseMainPhase(CommonExecutor.java:65)
	at com.kms.katalon.core.main.TestSuiteExecutor.accessTestSuiteMainPhase(TestSuiteExecutor.java:148)
	at com.kms.katalon.core.main.TestSuiteExecutor.execute(TestSuiteExecutor.java:106)
	at com.kms.katalon.core.main.TestCaseMain.startTestSuite(TestCaseMain.java:180)
	at TempTestSuite1704193631641.run(TempTestSuite1704193631641.groovy:36)
	at java.base/jdk.internal.reflect.NativeMethodAccessorImpl.invoke0(Native Method)
	at java.base/jdk.internal.reflect.NativeMethodAccessorImpl.invoke(NativeMethodAccessorImpl.java:77)
	at java.base/jdk.internal.reflect.DelegatingMethodAccessorImpl.invoke(DelegatingMethodAccessorImpl.java:43)
Caused by: com.kms.katalon.core.webui.exception.WebElementNotFoundException: Web element with id: 'Object Repository/Profile/profile add 4' located by '//*[@id="appMountPoint"]/div/div/div[1]/div[1]/div[2]/div/div/ul/li[4]/a/span' not found
	at com.kms.katalon.core.webui.common.WebUiCommonHelper.findWebElement(WebUiCommonHelper.java:1379)
	at com.kms.katalon.core.webui.keyword.internal.WebUIAbstractKeyword.findWebElement(WebUIAbstractKeyword.groovy:27)
	at com.kms.katalon.core.webui.keyword.builtin.ClickKeyword$_click_closure1.doCall(ClickKeyword.groovy:65)
	at com.kms.katalon.core.webui.keyword.builtin.ClickKeyword$_click_closure1.call(ClickKeyword.groovy)
	at com.kms.katalon.core.webui.keyword.internal.WebUIKeywordMain.runKeyword(WebUIKeywordMain.groovy:20)
	at com.kms.katalon.core.webui.keyword.builtin.ClickKeyword.click(ClickKeyword.groovy:74)
	at com.kms.katalon.core.webui.keyword.builtin.ClickKeyword.execute(ClickKeyword.groovy:40)
	at com.kms.katalon.core.keyword.internal.KeywordExecutor.executeKeywordForPlatform(KeywordExecutor.groovy:74)
	at com.kms.katalon.core.webui.keyword.WebUiBuiltInKeywords.click(WebUiBuiltInKeywords.groovy:647)
	at Script1704176576008.run(Script1704176576008.groovy:170)
	... 15 more
)

02-01-2024T18:08:34 - [MESSAGE][INFO] - Unable to find the element located by 'By.xpath: //*[@id="appMountPoint"]/div/div/div[1]/div[1]/div[2]/div/div/ul/li[4]/a/span'. Please recheck the objects properties to make sure the desired element is located. 

02-01-2024T18:08:34 - [MESSAGE][WARNING] - Unable to click on object 'Object Repository/Profile/profile add 4' (Root cause: com.kms.katalon.core.exception.StepFailedException: Unable to click on object 'Object Repository/Profile/profile add 4'
	at com.kms.katalon.core.webui.keyword.internal.WebUIKeywordMain.stepFailed(WebUIKeywordMain.groovy:64)
	at com.kms.katalon.core.webui.keyword.internal.WebUIKeywordMain.runKeyword(WebUIKeywordMain.groovy:26)
	at com.kms.katalon.core.webui.keyword.builtin.ClickKeyword.click(ClickKeyword.groovy:74)
	at com.kms.katalon.core.webui.keyword.builtin.ClickKeyword.execute(ClickKeyword.groovy:40)
	at com.kms.katalon.core.keyword.internal.KeywordExecutor.executeKeywordForPlatform(KeywordExecutor.groovy:74)
	at com.kms.katalon.core.webui.keyword.WebUiBuiltInKeywords.click(WebUiBuiltInKeywords.groovy:647)
	at TC Full Reset (Alfa Test).run(TC Full Reset (Alfa Test):170)
	at com.kms.katalon.core.main.ScriptEngine.run(ScriptEngine.java:194)
	at com.kms.katalon.core.main.ScriptEngine.runScriptAsRawText(ScriptEngine.java:119)
	at com.kms.katalon.core.main.TestCaseExecutor.runScript(TestCaseExecutor.java:448)
	at com.kms.katalon.core.main.TestCaseExecutor.doExecute(TestCaseExecutor.java:439)
	at com.kms.katalon.core.main.TestCaseExecutor.processExecutionPhase(TestCaseExecutor.java:418)
	at com.kms.katalon.core.main.TestCaseExecutor.accessMainPhase(TestCaseExecutor.java:410)
	at com.kms.katalon.core.main.TestCaseExecutor.execute(TestCaseExecutor.java:285)
	at com.kms.katalon.core.common.CommonExecutor.accessTestCaseMainPhase(CommonExecutor.java:65)
	at com.kms.katalon.core.main.TestSuiteExecutor.accessTestSuiteMainPhase(TestSuiteExecutor.java:148)
	at com.kms.katalon.core.main.TestSuiteExecutor.execute(TestSuiteExecutor.java:106)
	at com.kms.katalon.core.main.TestCaseMain.startTestSuite(TestCaseMain.java:180)
	at TempTestSuite1704193631641.run(TempTestSuite1704193631641.groovy:36)
	at java.base/jdk.internal.reflect.NativeMethodAccessorImpl.invoke0(Native Method)
	at java.base/jdk.internal.reflect.NativeMethodAccessorImpl.invoke(NativeMethodAccessorImpl.java:77)
	at java.base/jdk.internal.reflect.DelegatingMethodAccessorImpl.invoke(DelegatingMethodAccessorImpl.java:43)
Caused by: com.kms.katalon.core.webui.exception.WebElementNotFoundException: Web element with id: 'Object Repository/Profile/profile add 4' located by '//*[@id="appMountPoint"]/div/div/div[1]/div[1]/div[2]/div/div/ul/li[4]/a/span' not found
	at com.kms.katalon.core.webui.common.WebUiCommonHelper.findWebElement(WebUiCommonHelper.java:1379)
	at com.kms.katalon.core.webui.keyword.internal.WebUIAbstractKeyword.findWebElement(WebUIAbstractKeyword.groovy:27)
	at com.kms.katalon.core.webui.keyword.builtin.ClickKeyword$_click_closure1.doCall(ClickKeyword.groovy:65)
	at com.kms.katalon.core.webui.keyword.builtin.ClickKeyword$_click_closure1.call(ClickKeyword.groovy)
	at com.kms.katalon.core.webui.keyword.internal.WebUIKeywordMain.runKeyword(WebUIKeywordMain.groovy:20)
	at com.kms.katalon.core.webui.keyword.builtin.ClickKeyword.click(ClickKeyword.groovy:74)
	at com.kms.katalon.core.webui.keyword.builtin.ClickKeyword.execute(ClickKeyword.groovy:40)
	at com.kms.katalon.core.keyword.internal.KeywordExecutor.executeKeywordForPlatform(KeywordExecutor.groovy:74)
	at com.kms.katalon.core.webui.keyword.WebUiBuiltInKeywords.click(WebUiBuiltInKeywords.groovy:647)
	at Script1704176576008.run(Script1704176576008.groovy:170)
	... 15 more
)
[[ATTACHMENT|D:\\katalon\\akunmu-netflix\\Reports\\20240102_180710\\Test\\20240102_180711\\1704193714203.png]]

02-01-2024T18:08:34 - [TEST_STEP][PASSED] - setText(findTestObject("Profile/profile input name"), "PROFILE 4", OPTIONAL): Unable to set text 'PROFILE 4' of object 'Object Repository/Profile/profile input name' (Root cause: com.kms.katalon.core.exception.StepFailedException: Unable to set text 'PROFILE 4' of object 'Object Repository/Profile/profile input name'
	at com.kms.katalon.core.webui.keyword.internal.WebUIKeywordMain.stepFailed(WebUIKeywordMain.groovy:64)
	at com.kms.katalon.core.webui.keyword.internal.WebUIKeywordMain.runKeyword(WebUIKeywordMain.groovy:26)
	at com.kms.katalon.core.webui.keyword.builtin.SetTextKeyword.setText(SetTextKeyword.groovy:66)
	at com.kms.katalon.core.webui.keyword.builtin.SetTextKeyword.execute(SetTextKeyword.groovy:37)
	at com.kms.katalon.core.keyword.internal.KeywordExecutor.executeKeywordForPlatform(KeywordExecutor.groovy:74)
	at com.kms.katalon.core.webui.keyword.WebUiBuiltInKeywords.setText(WebUiBuiltInKeywords.groovy:1005)
	at TC Full Reset (Alfa Test).run(TC Full Reset (Alfa Test):172)
	at com.kms.katalon.core.main.ScriptEngine.run(ScriptEngine.java:194)
	at com.kms.katalon.core.main.ScriptEngine.runScriptAsRawText(ScriptEngine.java:119)
	at com.kms.katalon.core.main.TestCaseExecutor.runScript(TestCaseExecutor.java:448)
	at com.kms.katalon.core.main.TestCaseExecutor.doExecute(TestCaseExecutor.java:439)
	at com.kms.katalon.core.main.TestCaseExecutor.processExecutionPhase(TestCaseExecutor.java:418)
	at com.kms.katalon.core.main.TestCaseExecutor.accessMainPhase(TestCaseExecutor.java:410)
	at com.kms.katalon.core.main.TestCaseExecutor.execute(TestCaseExecutor.java:285)
	at com.kms.katalon.core.common.CommonExecutor.accessTestCaseMainPhase(CommonExecutor.java:65)
	at com.kms.katalon.core.main.TestSuiteExecutor.accessTestSuiteMainPhase(TestSuiteExecutor.java:148)
	at com.kms.katalon.core.main.TestSuiteExecutor.execute(TestSuiteExecutor.java:106)
	at com.kms.katalon.core.main.TestCaseMain.startTestSuite(TestCaseMain.java:180)
	at TempTestSuite1704193631641.run(TempTestSuite1704193631641.groovy:36)
	at java.base/jdk.internal.reflect.NativeMethodAccessorImpl.invoke0(Native Method)
	at java.base/jdk.internal.reflect.NativeMethodAccessorImpl.invoke(NativeMethodAccessorImpl.java:77)
	at java.base/jdk.internal.reflect.DelegatingMethodAccessorImpl.invoke(DelegatingMethodAccessorImpl.java:43)
Caused by: com.kms.katalon.core.webui.exception.WebElementNotFoundException: Web element with id: 'Object Repository/Profile/profile input name' located by '//*[@id="add-profile-name"]' not found
	at com.kms.katalon.core.webui.common.WebUiCommonHelper.findWebElement(WebUiCommonHelper.java:1379)
	at com.kms.katalon.core.webui.keyword.internal.WebUIAbstractKeyword.findWebElement(WebUIAbstractKeyword.groovy:27)
	at com.kms.katalon.core.webui.keyword.internal.WebUIAbstractKeyword.findWebElement(WebUIAbstractKeyword.groovy:26)
	at com.kms.katalon.core.webui.keyword.builtin.SetTextKeyword$_setText_closure1.doCall(SetTextKeyword.groovy:51)
	at com.kms.katalon.core.webui.keyword.builtin.SetTextKeyword$_setText_closure1.call(SetTextKeyword.groovy)
	at com.kms.katalon.core.webui.keyword.internal.WebUIKeywordMain.runKeyword(WebUIKeywordMain.groovy:20)
	at com.kms.katalon.core.webui.keyword.builtin.SetTextKeyword.setText(SetTextKeyword.groovy:66)
	at com.kms.katalon.core.webui.keyword.builtin.SetTextKeyword.execute(SetTextKeyword.groovy:37)
	at com.kms.katalon.core.keyword.internal.KeywordExecutor.executeKeywordForPlatform(KeywordExecutor.groovy:74)
	at com.kms.katalon.core.webui.keyword.WebUiBuiltInKeywords.setText(WebUiBuiltInKeywords.groovy:1005)
	at Script1704176576008.run(Script1704176576008.groovy:172)
	... 15 more
)

02-01-2024T18:08:37 - [MESSAGE][INFO] - Unable to find the element located by 'By.xpath: //*[@id="add-profile-name"]'. Please recheck the objects properties to make sure the desired element is located. 

02-01-2024T18:08:37 - [MESSAGE][WARNING] - Unable to set text 'PROFILE 4' of object 'Object Repository/Profile/profile input name' (Root cause: com.kms.katalon.core.exception.StepFailedException: Unable to set text 'PROFILE 4' of object 'Object Repository/Profile/profile input name'
	at com.kms.katalon.core.webui.keyword.internal.WebUIKeywordMain.stepFailed(WebUIKeywordMain.groovy:64)
	at com.kms.katalon.core.webui.keyword.internal.WebUIKeywordMain.runKeyword(WebUIKeywordMain.groovy:26)
	at com.kms.katalon.core.webui.keyword.builtin.SetTextKeyword.setText(SetTextKeyword.groovy:66)
	at com.kms.katalon.core.webui.keyword.builtin.SetTextKeyword.execute(SetTextKeyword.groovy:37)
	at com.kms.katalon.core.keyword.internal.KeywordExecutor.executeKeywordForPlatform(KeywordExecutor.groovy:74)
	at com.kms.katalon.core.webui.keyword.WebUiBuiltInKeywords.setText(WebUiBuiltInKeywords.groovy:1005)
	at TC Full Reset (Alfa Test).run(TC Full Reset (Alfa Test):172)
	at com.kms.katalon.core.main.ScriptEngine.run(ScriptEngine.java:194)
	at com.kms.katalon.core.main.ScriptEngine.runScriptAsRawText(ScriptEngine.java:119)
	at com.kms.katalon.core.main.TestCaseExecutor.runScript(TestCaseExecutor.java:448)
	at com.kms.katalon.core.main.TestCaseExecutor.doExecute(TestCaseExecutor.java:439)
	at com.kms.katalon.core.main.TestCaseExecutor.processExecutionPhase(TestCaseExecutor.java:418)
	at com.kms.katalon.core.main.TestCaseExecutor.accessMainPhase(TestCaseExecutor.java:410)
	at com.kms.katalon.core.main.TestCaseExecutor.execute(TestCaseExecutor.java:285)
	at com.kms.katalon.core.common.CommonExecutor.accessTestCaseMainPhase(CommonExecutor.java:65)
	at com.kms.katalon.core.main.TestSuiteExecutor.accessTestSuiteMainPhase(TestSuiteExecutor.java:148)
	at com.kms.katalon.core.main.TestSuiteExecutor.execute(TestSuiteExecutor.java:106)
	at com.kms.katalon.core.main.TestCaseMain.startTestSuite(TestCaseMain.java:180)
	at TempTestSuite1704193631641.run(TempTestSuite1704193631641.groovy:36)
	at java.base/jdk.internal.reflect.NativeMethodAccessorImpl.invoke0(Native Method)
	at java.base/jdk.internal.reflect.NativeMethodAccessorImpl.invoke(NativeMethodAccessorImpl.java:77)
	at java.base/jdk.internal.reflect.DelegatingMethodAccessorImpl.invoke(DelegatingMethodAccessorImpl.java:43)
Caused by: com.kms.katalon.core.webui.exception.WebElementNotFoundException: Web element with id: 'Object Repository/Profile/profile input name' located by '//*[@id="add-profile-name"]' not found
	at com.kms.katalon.core.webui.common.WebUiCommonHelper.findWebElement(WebUiCommonHelper.java:1379)
	at com.kms.katalon.core.webui.keyword.internal.WebUIAbstractKeyword.findWebElement(WebUIAbstractKeyword.groovy:27)
	at com.kms.katalon.core.webui.keyword.internal.WebUIAbstractKeyword.findWebElement(WebUIAbstractKeyword.groovy:26)
	at com.kms.katalon.core.webui.keyword.builtin.SetTextKeyword$_setText_closure1.doCall(SetTextKeyword.groovy:51)
	at com.kms.katalon.core.webui.keyword.builtin.SetTextKeyword$_setText_closure1.call(SetTextKeyword.groovy)
	at com.kms.katalon.core.webui.keyword.internal.WebUIKeywordMain.runKeyword(WebUIKeywordMain.groovy:20)
	at com.kms.katalon.core.webui.keyword.builtin.SetTextKeyword.setText(SetTextKeyword.groovy:66)
	at com.kms.katalon.core.webui.keyword.builtin.SetTextKeyword.execute(SetTextKeyword.groovy:37)
	at com.kms.katalon.core.keyword.internal.KeywordExecutor.executeKeywordForPlatform(KeywordExecutor.groovy:74)
	at com.kms.katalon.core.webui.keyword.WebUiBuiltInKeywords.setText(WebUiBuiltInKeywords.groovy:1005)
	at Script1704176576008.run(Script1704176576008.groovy:172)
	... 15 more
)
[[ATTACHMENT|D:\\katalon\\akunmu-netflix\\Reports\\20240102_180710\\Test\\20240102_180711\\1704193717403.png]]

02-01-2024T18:08:37 - [TEST_STEP][PASSED] - click(findTestObject("Profile/profile input name continue"), OPTIONAL): Unable to click on object 'Object Repository/Profile/profile input name continue' (Root cause: com.kms.katalon.core.exception.StepFailedException: Unable to click on object 'Object Repository/Profile/profile input name continue'
	at com.kms.katalon.core.webui.keyword.internal.WebUIKeywordMain.stepFailed(WebUIKeywordMain.groovy:64)
	at com.kms.katalon.core.webui.keyword.internal.WebUIKeywordMain.runKeyword(WebUIKeywordMain.groovy:26)
	at com.kms.katalon.core.webui.keyword.builtin.ClickKeyword.click(ClickKeyword.groovy:74)
	at com.kms.katalon.core.webui.keyword.builtin.ClickKeyword.execute(ClickKeyword.groovy:40)
	at com.kms.katalon.core.keyword.internal.KeywordExecutor.executeKeywordForPlatform(KeywordExecutor.groovy:74)
	at com.kms.katalon.core.webui.keyword.WebUiBuiltInKeywords.click(WebUiBuiltInKeywords.groovy:647)
	at TC Full Reset (Alfa Test).run(TC Full Reset (Alfa Test):174)
	at com.kms.katalon.core.main.ScriptEngine.run(ScriptEngine.java:194)
	at com.kms.katalon.core.main.ScriptEngine.runScriptAsRawText(ScriptEngine.java:119)
	at com.kms.katalon.core.main.TestCaseExecutor.runScript(TestCaseExecutor.java:448)
	at com.kms.katalon.core.main.TestCaseExecutor.doExecute(TestCaseExecutor.java:439)
	at com.kms.katalon.core.main.TestCaseExecutor.processExecutionPhase(TestCaseExecutor.java:418)
	at com.kms.katalon.core.main.TestCaseExecutor.accessMainPhase(TestCaseExecutor.java:410)
	at com.kms.katalon.core.main.TestCaseExecutor.execute(TestCaseExecutor.java:285)
	at com.kms.katalon.core.common.CommonExecutor.accessTestCaseMainPhase(CommonExecutor.java:65)
	at com.kms.katalon.core.main.TestSuiteExecutor.accessTestSuiteMainPhase(TestSuiteExecutor.java:148)
	at com.kms.katalon.core.main.TestSuiteExecutor.execute(TestSuiteExecutor.java:106)
	at com.kms.katalon.core.main.TestCaseMain.startTestSuite(TestCaseMain.java:180)
	at TempTestSuite1704193631641.run(TempTestSuite1704193631641.groovy:36)
	at java.base/jdk.internal.reflect.NativeMethodAccessorImpl.invoke0(Native Method)
	at java.base/jdk.internal.reflect.NativeMethodAccessorImpl.invoke(NativeMethodAccessorImpl.java:77)
	at java.base/jdk.internal.reflect.DelegatingMethodAccessorImpl.invoke(DelegatingMethodAccessorImpl.java:43)
Caused by: com.kms.katalon.core.webui.exception.WebElementNotFoundException: Web element with id: 'Object Repository/Profile/profile input name continue' located by '//*[@id="appMountPoint"]/div/div/div[1]/div[1]/div[2]/div/div/span[1]/span' not found
	at com.kms.katalon.core.webui.common.WebUiCommonHelper.findWebElement(WebUiCommonHelper.java:1379)
	at com.kms.katalon.core.webui.keyword.internal.WebUIAbstractKeyword.findWebElement(WebUIAbstractKeyword.groovy:27)
	at com.kms.katalon.core.webui.keyword.builtin.ClickKeyword$_click_closure1.doCall(ClickKeyword.groovy:65)
	at com.kms.katalon.core.webui.keyword.builtin.ClickKeyword$_click_closure1.call(ClickKeyword.groovy)
	at com.kms.katalon.core.webui.keyword.internal.WebUIKeywordMain.runKeyword(WebUIKeywordMain.groovy:20)
	at com.kms.katalon.core.webui.keyword.builtin.ClickKeyword.click(ClickKeyword.groovy:74)
	at com.kms.katalon.core.webui.keyword.builtin.ClickKeyword.execute(ClickKeyword.groovy:40)
	at com.kms.katalon.core.keyword.internal.KeywordExecutor.executeKeywordForPlatform(KeywordExecutor.groovy:74)
	at com.kms.katalon.core.webui.keyword.WebUiBuiltInKeywords.click(WebUiBuiltInKeywords.groovy:647)
	at Script1704176576008.run(Script1704176576008.groovy:174)
	... 15 more
)

02-01-2024T18:08:40 - [MESSAGE][INFO] - Unable to find the element located by 'By.xpath: //*[@id="appMountPoint"]/div/div/div[1]/div[1]/div[2]/div/div/span[1]/span'. Please recheck the objects properties to make sure the desired element is located. 

02-01-2024T18:08:40 - [MESSAGE][WARNING] - Unable to click on object 'Object Repository/Profile/profile input name continue' (Root cause: com.kms.katalon.core.exception.StepFailedException: Unable to click on object 'Object Repository/Profile/profile input name continue'
	at com.kms.katalon.core.webui.keyword.internal.WebUIKeywordMain.stepFailed(WebUIKeywordMain.groovy:64)
	at com.kms.katalon.core.webui.keyword.internal.WebUIKeywordMain.runKeyword(WebUIKeywordMain.groovy:26)
	at com.kms.katalon.core.webui.keyword.builtin.ClickKeyword.click(ClickKeyword.groovy:74)
	at com.kms.katalon.core.webui.keyword.builtin.ClickKeyword.execute(ClickKeyword.groovy:40)
	at com.kms.katalon.core.keyword.internal.KeywordExecutor.executeKeywordForPlatform(KeywordExecutor.groovy:74)
	at com.kms.katalon.core.webui.keyword.WebUiBuiltInKeywords.click(WebUiBuiltInKeywords.groovy:647)
	at TC Full Reset (Alfa Test).run(TC Full Reset (Alfa Test):174)
	at com.kms.katalon.core.main.ScriptEngine.run(ScriptEngine.java:194)
	at com.kms.katalon.core.main.ScriptEngine.runScriptAsRawText(ScriptEngine.java:119)
	at com.kms.katalon.core.main.TestCaseExecutor.runScript(TestCaseExecutor.java:448)
	at com.kms.katalon.core.main.TestCaseExecutor.doExecute(TestCaseExecutor.java:439)
	at com.kms.katalon.core.main.TestCaseExecutor.processExecutionPhase(TestCaseExecutor.java:418)
	at com.kms.katalon.core.main.TestCaseExecutor.accessMainPhase(TestCaseExecutor.java:410)
	at com.kms.katalon.core.main.TestCaseExecutor.execute(TestCaseExecutor.java:285)
	at com.kms.katalon.core.common.CommonExecutor.accessTestCaseMainPhase(CommonExecutor.java:65)
	at com.kms.katalon.core.main.TestSuiteExecutor.accessTestSuiteMainPhase(TestSuiteExecutor.java:148)
	at com.kms.katalon.core.main.TestSuiteExecutor.execute(TestSuiteExecutor.java:106)
	at com.kms.katalon.core.main.TestCaseMain.startTestSuite(TestCaseMain.java:180)
	at TempTestSuite1704193631641.run(TempTestSuite1704193631641.groovy:36)
	at java.base/jdk.internal.reflect.NativeMethodAccessorImpl.invoke0(Native Method)
	at java.base/jdk.internal.reflect.NativeMethodAccessorImpl.invoke(NativeMethodAccessorImpl.java:77)
	at java.base/jdk.internal.reflect.DelegatingMethodAccessorImpl.invoke(DelegatingMethodAccessorImpl.java:43)
Caused by: com.kms.katalon.core.webui.exception.WebElementNotFoundException: Web element with id: 'Object Repository/Profile/profile input name continue' located by '//*[@id="appMountPoint"]/div/div/div[1]/div[1]/div[2]/div/div/span[1]/span' not found
	at com.kms.katalon.core.webui.common.WebUiCommonHelper.findWebElement(WebUiCommonHelper.java:1379)
	at com.kms.katalon.core.webui.keyword.internal.WebUIAbstractKeyword.findWebElement(WebUIAbstractKeyword.groovy:27)
	at com.kms.katalon.core.webui.keyword.builtin.ClickKeyword$_click_closure1.doCall(ClickKeyword.groovy:65)
	at com.kms.katalon.core.webui.keyword.builtin.ClickKeyword$_click_closure1.call(ClickKeyword.groovy)
	at com.kms.katalon.core.webui.keyword.internal.WebUIKeywordMain.runKeyword(WebUIKeywordMain.groovy:20)
	at com.kms.katalon.core.webui.keyword.builtin.ClickKeyword.click(ClickKeyword.groovy:74)
	at com.kms.katalon.core.webui.keyword.builtin.ClickKeyword.execute(ClickKeyword.groovy:40)
	at com.kms.katalon.core.keyword.internal.KeywordExecutor.executeKeywordForPlatform(KeywordExecutor.groovy:74)
	at com.kms.katalon.core.webui.keyword.WebUiBuiltInKeywords.click(WebUiBuiltInKeywords.groovy:647)
	at Script1704176576008.run(Script1704176576008.groovy:174)
	... 15 more
)
[[ATTACHMENT|D:\\katalon\\akunmu-netflix\\Reports\\20240102_180710\\Test\\20240102_180711\\1704193720608.png]]

02-01-2024T18:08:40 - [TEST_STEP][PASSED] - click(findTestObject("Profile/profile add 5"), OPTIONAL): Unable to click on object 'Object Repository/Profile/profile add 5' (Root cause: com.kms.katalon.core.exception.StepFailedException: Unable to click on object 'Object Repository/Profile/profile add 5'
	at com.kms.katalon.core.webui.keyword.internal.WebUIKeywordMain.stepFailed(WebUIKeywordMain.groovy:64)
	at com.kms.katalon.core.webui.keyword.internal.WebUIKeywordMain.runKeyword(WebUIKeywordMain.groovy:26)
	at com.kms.katalon.core.webui.keyword.builtin.ClickKeyword.click(ClickKeyword.groovy:74)
	at com.kms.katalon.core.webui.keyword.builtin.ClickKeyword.execute(ClickKeyword.groovy:40)
	at com.kms.katalon.core.keyword.internal.KeywordExecutor.executeKeywordForPlatform(KeywordExecutor.groovy:74)
	at com.kms.katalon.core.webui.keyword.WebUiBuiltInKeywords.click(WebUiBuiltInKeywords.groovy:647)
	at TC Full Reset (Alfa Test).run(TC Full Reset (Alfa Test):176)
	at com.kms.katalon.core.main.ScriptEngine.run(ScriptEngine.java:194)
	at com.kms.katalon.core.main.ScriptEngine.runScriptAsRawText(ScriptEngine.java:119)
	at com.kms.katalon.core.main.TestCaseExecutor.runScript(TestCaseExecutor.java:448)
	at com.kms.katalon.core.main.TestCaseExecutor.doExecute(TestCaseExecutor.java:439)
	at com.kms.katalon.core.main.TestCaseExecutor.processExecutionPhase(TestCaseExecutor.java:418)
	at com.kms.katalon.core.main.TestCaseExecutor.accessMainPhase(TestCaseExecutor.java:410)
	at com.kms.katalon.core.main.TestCaseExecutor.execute(TestCaseExecutor.java:285)
	at com.kms.katalon.core.common.CommonExecutor.accessTestCaseMainPhase(CommonExecutor.java:65)
	at com.kms.katalon.core.main.TestSuiteExecutor.accessTestSuiteMainPhase(TestSuiteExecutor.java:148)
	at com.kms.katalon.core.main.TestSuiteExecutor.execute(TestSuiteExecutor.java:106)
	at com.kms.katalon.core.main.TestCaseMain.startTestSuite(TestCaseMain.java:180)
	at TempTestSuite1704193631641.run(TempTestSuite1704193631641.groovy:36)
	at java.base/jdk.internal.reflect.NativeMethodAccessorImpl.invoke0(Native Method)
	at java.base/jdk.internal.reflect.NativeMethodAccessorImpl.invoke(NativeMethodAccessorImpl.java:77)
	at java.base/jdk.internal.reflect.DelegatingMethodAccessorImpl.invoke(DelegatingMethodAccessorImpl.java:43)
Caused by: com.kms.katalon.core.webui.exception.WebElementNotFoundException: Web element with id: 'Object Repository/Profile/profile add 5' located by '//*[@id="appMountPoint"]/div/div/div[1]/div[1]/div[2]/div/div/ul/li[5]/a/span' not found
	at com.kms.katalon.core.webui.common.WebUiCommonHelper.findWebElement(WebUiCommonHelper.java:1379)
	at com.kms.katalon.core.webui.keyword.internal.WebUIAbstractKeyword.findWebElement(WebUIAbstractKeyword.groovy:27)
	at com.kms.katalon.core.webui.keyword.builtin.ClickKeyword$_click_closure1.doCall(ClickKeyword.groovy:65)
	at com.kms.katalon.core.webui.keyword.builtin.ClickKeyword$_click_closure1.call(ClickKeyword.groovy)
	at com.kms.katalon.core.webui.keyword.internal.WebUIKeywordMain.runKeyword(WebUIKeywordMain.groovy:20)
	at com.kms.katalon.core.webui.keyword.builtin.ClickKeyword.click(ClickKeyword.groovy:74)
	at com.kms.katalon.core.webui.keyword.builtin.ClickKeyword.execute(ClickKeyword.groovy:40)
	at com.kms.katalon.core.keyword.internal.KeywordExecutor.executeKeywordForPlatform(KeywordExecutor.groovy:74)
	at com.kms.katalon.core.webui.keyword.WebUiBuiltInKeywords.click(WebUiBuiltInKeywords.groovy:647)
	at Script1704176576008.run(Script1704176576008.groovy:176)
	... 15 more
)

02-01-2024T18:08:43 - [MESSAGE][INFO] - Unable to find the element located by 'By.xpath: //*[@id="appMountPoint"]/div/div/div[1]/div[1]/div[2]/div/div/ul/li[5]/a/span'. Please recheck the objects properties to make sure the desired element is located. 

02-01-2024T18:08:43 - [MESSAGE][WARNING] - Unable to click on object 'Object Repository/Profile/profile add 5' (Root cause: com.kms.katalon.core.exception.StepFailedException: Unable to click on object 'Object Repository/Profile/profile add 5'
	at com.kms.katalon.core.webui.keyword.internal.WebUIKeywordMain.stepFailed(WebUIKeywordMain.groovy:64)
	at com.kms.katalon.core.webui.keyword.internal.WebUIKeywordMain.runKeyword(WebUIKeywordMain.groovy:26)
	at com.kms.katalon.core.webui.keyword.builtin.ClickKeyword.click(ClickKeyword.groovy:74)
	at com.kms.katalon.core.webui.keyword.builtin.ClickKeyword.execute(ClickKeyword.groovy:40)
	at com.kms.katalon.core.keyword.internal.KeywordExecutor.executeKeywordForPlatform(KeywordExecutor.groovy:74)
	at com.kms.katalon.core.webui.keyword.WebUiBuiltInKeywords.click(WebUiBuiltInKeywords.groovy:647)
	at TC Full Reset (Alfa Test).run(TC Full Reset (Alfa Test):176)
	at com.kms.katalon.core.main.ScriptEngine.run(ScriptEngine.java:194)
	at com.kms.katalon.core.main.ScriptEngine.runScriptAsRawText(ScriptEngine.java:119)
	at com.kms.katalon.core.main.TestCaseExecutor.runScript(TestCaseExecutor.java:448)
	at com.kms.katalon.core.main.TestCaseExecutor.doExecute(TestCaseExecutor.java:439)
	at com.kms.katalon.core.main.TestCaseExecutor.processExecutionPhase(TestCaseExecutor.java:418)
	at com.kms.katalon.core.main.TestCaseExecutor.accessMainPhase(TestCaseExecutor.java:410)
	at com.kms.katalon.core.main.TestCaseExecutor.execute(TestCaseExecutor.java:285)
	at com.kms.katalon.core.common.CommonExecutor.accessTestCaseMainPhase(CommonExecutor.java:65)
	at com.kms.katalon.core.main.TestSuiteExecutor.accessTestSuiteMainPhase(TestSuiteExecutor.java:148)
	at com.kms.katalon.core.main.TestSuiteExecutor.execute(TestSuiteExecutor.java:106)
	at com.kms.katalon.core.main.TestCaseMain.startTestSuite(TestCaseMain.java:180)
	at TempTestSuite1704193631641.run(TempTestSuite1704193631641.groovy:36)
	at java.base/jdk.internal.reflect.NativeMethodAccessorImpl.invoke0(Native Method)
	at java.base/jdk.internal.reflect.NativeMethodAccessorImpl.invoke(NativeMethodAccessorImpl.java:77)
	at java.base/jdk.internal.reflect.DelegatingMethodAccessorImpl.invoke(DelegatingMethodAccessorImpl.java:43)
Caused by: com.kms.katalon.core.webui.exception.WebElementNotFoundException: Web element with id: 'Object Repository/Profile/profile add 5' located by '//*[@id="appMountPoint"]/div/div/div[1]/div[1]/div[2]/div/div/ul/li[5]/a/span' not found
	at com.kms.katalon.core.webui.common.WebUiCommonHelper.findWebElement(WebUiCommonHelper.java:1379)
	at com.kms.katalon.core.webui.keyword.internal.WebUIAbstractKeyword.findWebElement(WebUIAbstractKeyword.groovy:27)
	at com.kms.katalon.core.webui.keyword.builtin.ClickKeyword$_click_closure1.doCall(ClickKeyword.groovy:65)
	at com.kms.katalon.core.webui.keyword.builtin.ClickKeyword$_click_closure1.call(ClickKeyword.groovy)
	at com.kms.katalon.core.webui.keyword.internal.WebUIKeywordMain.runKeyword(WebUIKeywordMain.groovy:20)
	at com.kms.katalon.core.webui.keyword.builtin.ClickKeyword.click(ClickKeyword.groovy:74)
	at com.kms.katalon.core.webui.keyword.builtin.ClickKeyword.execute(ClickKeyword.groovy:40)
	at com.kms.katalon.core.keyword.internal.KeywordExecutor.executeKeywordForPlatform(KeywordExecutor.groovy:74)
	at com.kms.katalon.core.webui.keyword.WebUiBuiltInKeywords.click(WebUiBuiltInKeywords.groovy:647)
	at Script1704176576008.run(Script1704176576008.groovy:176)
	... 15 more
)
[[ATTACHMENT|D:\\katalon\\akunmu-netflix\\Reports\\20240102_180710\\Test\\20240102_180711\\1704193723818.png]]

02-01-2024T18:08:43 - [TEST_STEP][PASSED] - setText(findTestObject("Profile/profile input name"), "PROFILE 5", OPTIONAL): Unable to set text 'PROFILE 5' of object 'Object Repository/Profile/profile input name' (Root cause: com.kms.katalon.core.exception.StepFailedException: Unable to set text 'PROFILE 5' of object 'Object Repository/Profile/profile input name'
	at com.kms.katalon.core.webui.keyword.internal.WebUIKeywordMain.stepFailed(WebUIKeywordMain.groovy:64)
	at com.kms.katalon.core.webui.keyword.internal.WebUIKeywordMain.runKeyword(WebUIKeywordMain.groovy:26)
	at com.kms.katalon.core.webui.keyword.builtin.SetTextKeyword.setText(SetTextKeyword.groovy:66)
	at com.kms.katalon.core.webui.keyword.builtin.SetTextKeyword.execute(SetTextKeyword.groovy:37)
	at com.kms.katalon.core.keyword.internal.KeywordExecutor.executeKeywordForPlatform(KeywordExecutor.groovy:74)
	at com.kms.katalon.core.webui.keyword.WebUiBuiltInKeywords.setText(WebUiBuiltInKeywords.groovy:1005)
	at TC Full Reset (Alfa Test).run(TC Full Reset (Alfa Test):178)
	at com.kms.katalon.core.main.ScriptEngine.run(ScriptEngine.java:194)
	at com.kms.katalon.core.main.ScriptEngine.runScriptAsRawText(ScriptEngine.java:119)
	at com.kms.katalon.core.main.TestCaseExecutor.runScript(TestCaseExecutor.java:448)
	at com.kms.katalon.core.main.TestCaseExecutor.doExecute(TestCaseExecutor.java:439)
	at com.kms.katalon.core.main.TestCaseExecutor.processExecutionPhase(TestCaseExecutor.java:418)
	at com.kms.katalon.core.main.TestCaseExecutor.accessMainPhase(TestCaseExecutor.java:410)
	at com.kms.katalon.core.main.TestCaseExecutor.execute(TestCaseExecutor.java:285)
	at com.kms.katalon.core.common.CommonExecutor.accessTestCaseMainPhase(CommonExecutor.java:65)
	at com.kms.katalon.core.main.TestSuiteExecutor.accessTestSuiteMainPhase(TestSuiteExecutor.java:148)
	at com.kms.katalon.core.main.TestSuiteExecutor.execute(TestSuiteExecutor.java:106)
	at com.kms.katalon.core.main.TestCaseMain.startTestSuite(TestCaseMain.java:180)
	at TempTestSuite1704193631641.run(TempTestSuite1704193631641.groovy:36)
	at java.base/jdk.internal.reflect.NativeMethodAccessorImpl.invoke0(Native Method)
	at java.base/jdk.internal.reflect.NativeMethodAccessorImpl.invoke(NativeMethodAccessorImpl.java:77)
	at java.base/jdk.internal.reflect.DelegatingMethodAccessorImpl.invoke(DelegatingMethodAccessorImpl.java:43)
Caused by: com.kms.katalon.core.webui.exception.WebElementNotFoundException: Web element with id: 'Object Repository/Profile/profile input name' located by '//*[@id="add-profile-name"]' not found
	at com.kms.katalon.core.webui.common.WebUiCommonHelper.findWebElement(WebUiCommonHelper.java:1379)
	at com.kms.katalon.core.webui.keyword.internal.WebUIAbstractKeyword.findWebElement(WebUIAbstractKeyword.groovy:27)
	at com.kms.katalon.core.webui.keyword.internal.WebUIAbstractKeyword.findWebElement(WebUIAbstractKeyword.groovy:26)
	at com.kms.katalon.core.webui.keyword.builtin.SetTextKeyword$_setText_closure1.doCall(SetTextKeyword.groovy:51)
	at com.kms.katalon.core.webui.keyword.builtin.SetTextKeyword$_setText_closure1.call(SetTextKeyword.groovy)
	at com.kms.katalon.core.webui.keyword.internal.WebUIKeywordMain.runKeyword(WebUIKeywordMain.groovy:20)
	at com.kms.katalon.core.webui.keyword.builtin.SetTextKeyword.setText(SetTextKeyword.groovy:66)
	at com.kms.katalon.core.webui.keyword.builtin.SetTextKeyword.execute(SetTextKeyword.groovy:37)
	at com.kms.katalon.core.keyword.internal.KeywordExecutor.executeKeywordForPlatform(KeywordExecutor.groovy:74)
	at com.kms.katalon.core.webui.keyword.WebUiBuiltInKeywords.setText(WebUiBuiltInKeywords.groovy:1005)
	at Script1704176576008.run(Script1704176576008.groovy:178)
	... 15 more
)

02-01-2024T18:08:47 - [MESSAGE][INFO] - Unable to find the element located by 'By.xpath: //*[@id="add-profile-name"]'. Please recheck the objects properties to make sure the desired element is located. 

02-01-2024T18:08:47 - [MESSAGE][WARNING] - Unable to set text 'PROFILE 5' of object 'Object Repository/Profile/profile input name' (Root cause: com.kms.katalon.core.exception.StepFailedException: Unable to set text 'PROFILE 5' of object 'Object Repository/Profile/profile input name'
	at com.kms.katalon.core.webui.keyword.internal.WebUIKeywordMain.stepFailed(WebUIKeywordMain.groovy:64)
	at com.kms.katalon.core.webui.keyword.internal.WebUIKeywordMain.runKeyword(WebUIKeywordMain.groovy:26)
	at com.kms.katalon.core.webui.keyword.builtin.SetTextKeyword.setText(SetTextKeyword.groovy:66)
	at com.kms.katalon.core.webui.keyword.builtin.SetTextKeyword.execute(SetTextKeyword.groovy:37)
	at com.kms.katalon.core.keyword.internal.KeywordExecutor.executeKeywordForPlatform(KeywordExecutor.groovy:74)
	at com.kms.katalon.core.webui.keyword.WebUiBuiltInKeywords.setText(WebUiBuiltInKeywords.groovy:1005)
	at TC Full Reset (Alfa Test).run(TC Full Reset (Alfa Test):178)
	at com.kms.katalon.core.main.ScriptEngine.run(ScriptEngine.java:194)
	at com.kms.katalon.core.main.ScriptEngine.runScriptAsRawText(ScriptEngine.java:119)
	at com.kms.katalon.core.main.TestCaseExecutor.runScript(TestCaseExecutor.java:448)
	at com.kms.katalon.core.main.TestCaseExecutor.doExecute(TestCaseExecutor.java:439)
	at com.kms.katalon.core.main.TestCaseExecutor.processExecutionPhase(TestCaseExecutor.java:418)
	at com.kms.katalon.core.main.TestCaseExecutor.accessMainPhase(TestCaseExecutor.java:410)
	at com.kms.katalon.core.main.TestCaseExecutor.execute(TestCaseExecutor.java:285)
	at com.kms.katalon.core.common.CommonExecutor.accessTestCaseMainPhase(CommonExecutor.java:65)
	at com.kms.katalon.core.main.TestSuiteExecutor.accessTestSuiteMainPhase(TestSuiteExecutor.java:148)
	at com.kms.katalon.core.main.TestSuiteExecutor.execute(TestSuiteExecutor.java:106)
	at com.kms.katalon.core.main.TestCaseMain.startTestSuite(TestCaseMain.java:180)
	at TempTestSuite1704193631641.run(TempTestSuite1704193631641.groovy:36)
	at java.base/jdk.internal.reflect.NativeMethodAccessorImpl.invoke0(Native Method)
	at java.base/jdk.internal.reflect.NativeMethodAccessorImpl.invoke(NativeMethodAccessorImpl.java:77)
	at java.base/jdk.internal.reflect.DelegatingMethodAccessorImpl.invoke(DelegatingMethodAccessorImpl.java:43)
Caused by: com.kms.katalon.core.webui.exception.WebElementNotFoundException: Web element with id: 'Object Repository/Profile/profile input name' located by '//*[@id="add-profile-name"]' not found
	at com.kms.katalon.core.webui.common.WebUiCommonHelper.findWebElement(WebUiCommonHelper.java:1379)
	at com.kms.katalon.core.webui.keyword.internal.WebUIAbstractKeyword.findWebElement(WebUIAbstractKeyword.groovy:27)
	at com.kms.katalon.core.webui.keyword.internal.WebUIAbstractKeyword.findWebElement(WebUIAbstractKeyword.groovy:26)
	at com.kms.katalon.core.webui.keyword.builtin.SetTextKeyword$_setText_closure1.doCall(SetTextKeyword.groovy:51)
	at com.kms.katalon.core.webui.keyword.builtin.SetTextKeyword$_setText_closure1.call(SetTextKeyword.groovy)
	at com.kms.katalon.core.webui.keyword.internal.WebUIKeywordMain.runKeyword(WebUIKeywordMain.groovy:20)
	at com.kms.katalon.core.webui.keyword.builtin.SetTextKeyword.setText(SetTextKeyword.groovy:66)
	at com.kms.katalon.core.webui.keyword.builtin.SetTextKeyword.execute(SetTextKeyword.groovy:37)
	at com.kms.katalon.core.keyword.internal.KeywordExecutor.executeKeywordForPlatform(KeywordExecutor.groovy:74)
	at com.kms.katalon.core.webui.keyword.WebUiBuiltInKeywords.setText(WebUiBuiltInKeywords.groovy:1005)
	at Script1704176576008.run(Script1704176576008.groovy:178)
	... 15 more
)
[[ATTACHMENT|D:\\katalon\\akunmu-netflix\\Reports\\20240102_180710\\Test\\20240102_180711\\1704193727020.png]]

02-01-2024T18:08:47 - [TEST_STEP][PASSED] - click(findTestObject("Profile/profile input name continue"), OPTIONAL): Unable to click on object 'Object Repository/Profile/profile input name continue' (Root cause: com.kms.katalon.core.exception.StepFailedException: Unable to click on object 'Object Repository/Profile/profile input name continue'
	at com.kms.katalon.core.webui.keyword.internal.WebUIKeywordMain.stepFailed(WebUIKeywordMain.groovy:64)
	at com.kms.katalon.core.webui.keyword.internal.WebUIKeywordMain.runKeyword(WebUIKeywordMain.groovy:26)
	at com.kms.katalon.core.webui.keyword.builtin.ClickKeyword.click(ClickKeyword.groovy:74)
	at com.kms.katalon.core.webui.keyword.builtin.ClickKeyword.execute(ClickKeyword.groovy:40)
	at com.kms.katalon.core.keyword.internal.KeywordExecutor.executeKeywordForPlatform(KeywordExecutor.groovy:74)
	at com.kms.katalon.core.webui.keyword.WebUiBuiltInKeywords.click(WebUiBuiltInKeywords.groovy:647)
	at TC Full Reset (Alfa Test).run(TC Full Reset (Alfa Test):180)
	at com.kms.katalon.core.main.ScriptEngine.run(ScriptEngine.java:194)
	at com.kms.katalon.core.main.ScriptEngine.runScriptAsRawText(ScriptEngine.java:119)
	at com.kms.katalon.core.main.TestCaseExecutor.runScript(TestCaseExecutor.java:448)
	at com.kms.katalon.core.main.TestCaseExecutor.doExecute(TestCaseExecutor.java:439)
	at com.kms.katalon.core.main.TestCaseExecutor.processExecutionPhase(TestCaseExecutor.java:418)
	at com.kms.katalon.core.main.TestCaseExecutor.accessMainPhase(TestCaseExecutor.java:410)
	at com.kms.katalon.core.main.TestCaseExecutor.execute(TestCaseExecutor.java:285)
	at com.kms.katalon.core.common.CommonExecutor.accessTestCaseMainPhase(CommonExecutor.java:65)
	at com.kms.katalon.core.main.TestSuiteExecutor.accessTestSuiteMainPhase(TestSuiteExecutor.java:148)
	at com.kms.katalon.core.main.TestSuiteExecutor.execute(TestSuiteExecutor.java:106)
	at com.kms.katalon.core.main.TestCaseMain.startTestSuite(TestCaseMain.java:180)
	at TempTestSuite1704193631641.run(TempTestSuite1704193631641.groovy:36)
	at java.base/jdk.internal.reflect.NativeMethodAccessorImpl.invoke0(Native Method)
	at java.base/jdk.internal.reflect.NativeMethodAccessorImpl.invoke(NativeMethodAccessorImpl.java:77)
	at java.base/jdk.internal.reflect.DelegatingMethodAccessorImpl.invoke(DelegatingMethodAccessorImpl.java:43)
Caused by: com.kms.katalon.core.webui.exception.WebElementNotFoundException: Web element with id: 'Object Repository/Profile/profile input name continue' located by '//*[@id="appMountPoint"]/div/div/div[1]/div[1]/div[2]/div/div/span[1]/span' not found
	at com.kms.katalon.core.webui.common.WebUiCommonHelper.findWebElement(WebUiCommonHelper.java:1379)
	at com.kms.katalon.core.webui.keyword.internal.WebUIAbstractKeyword.findWebElement(WebUIAbstractKeyword.groovy:27)
	at com.kms.katalon.core.webui.keyword.builtin.ClickKeyword$_click_closure1.doCall(ClickKeyword.groovy:65)
	at com.kms.katalon.core.webui.keyword.builtin.ClickKeyword$_click_closure1.call(ClickKeyword.groovy)
	at com.kms.katalon.core.webui.keyword.internal.WebUIKeywordMain.runKeyword(WebUIKeywordMain.groovy:20)
	at com.kms.katalon.core.webui.keyword.builtin.ClickKeyword.click(ClickKeyword.groovy:74)
	at com.kms.katalon.core.webui.keyword.builtin.ClickKeyword.execute(ClickKeyword.groovy:40)
	at com.kms.katalon.core.keyword.internal.KeywordExecutor.executeKeywordForPlatform(KeywordExecutor.groovy:74)
	at com.kms.katalon.core.webui.keyword.WebUiBuiltInKeywords.click(WebUiBuiltInKeywords.groovy:647)
	at Script1704176576008.run(Script1704176576008.groovy:180)
	... 15 more
)

02-01-2024T18:08:50 - [MESSAGE][INFO] - Unable to find the element located by 'By.xpath: //*[@id="appMountPoint"]/div/div/div[1]/div[1]/div[2]/div/div/span[1]/span'. Please recheck the objects properties to make sure the desired element is located. 

02-01-2024T18:08:50 - [MESSAGE][WARNING] - Unable to click on object 'Object Repository/Profile/profile input name continue' (Root cause: com.kms.katalon.core.exception.StepFailedException: Unable to click on object 'Object Repository/Profile/profile input name continue'
	at com.kms.katalon.core.webui.keyword.internal.WebUIKeywordMain.stepFailed(WebUIKeywordMain.groovy:64)
	at com.kms.katalon.core.webui.keyword.internal.WebUIKeywordMain.runKeyword(WebUIKeywordMain.groovy:26)
	at com.kms.katalon.core.webui.keyword.builtin.ClickKeyword.click(ClickKeyword.groovy:74)
	at com.kms.katalon.core.webui.keyword.builtin.ClickKeyword.execute(ClickKeyword.groovy:40)
	at com.kms.katalon.core.keyword.internal.KeywordExecutor.executeKeywordForPlatform(KeywordExecutor.groovy:74)
	at com.kms.katalon.core.webui.keyword.WebUiBuiltInKeywords.click(WebUiBuiltInKeywords.groovy:647)
	at TC Full Reset (Alfa Test).run(TC Full Reset (Alfa Test):180)
	at com.kms.katalon.core.main.ScriptEngine.run(ScriptEngine.java:194)
	at com.kms.katalon.core.main.ScriptEngine.runScriptAsRawText(ScriptEngine.java:119)
	at com.kms.katalon.core.main.TestCaseExecutor.runScript(TestCaseExecutor.java:448)
	at com.kms.katalon.core.main.TestCaseExecutor.doExecute(TestCaseExecutor.java:439)
	at com.kms.katalon.core.main.TestCaseExecutor.processExecutionPhase(TestCaseExecutor.java:418)
	at com.kms.katalon.core.main.TestCaseExecutor.accessMainPhase(TestCaseExecutor.java:410)
	at com.kms.katalon.core.main.TestCaseExecutor.execute(TestCaseExecutor.java:285)
	at com.kms.katalon.core.common.CommonExecutor.accessTestCaseMainPhase(CommonExecutor.java:65)
	at com.kms.katalon.core.main.TestSuiteExecutor.accessTestSuiteMainPhase(TestSuiteExecutor.java:148)
	at com.kms.katalon.core.main.TestSuiteExecutor.execute(TestSuiteExecutor.java:106)
	at com.kms.katalon.core.main.TestCaseMain.startTestSuite(TestCaseMain.java:180)
	at TempTestSuite1704193631641.run(TempTestSuite1704193631641.groovy:36)
	at java.base/jdk.internal.reflect.NativeMethodAccessorImpl.invoke0(Native Method)
	at java.base/jdk.internal.reflect.NativeMethodAccessorImpl.invoke(NativeMethodAccessorImpl.java:77)
	at java.base/jdk.internal.reflect.DelegatingMethodAccessorImpl.invoke(DelegatingMethodAccessorImpl.java:43)
Caused by: com.kms.katalon.core.webui.exception.WebElementNotFoundException: Web element with id: 'Object Repository/Profile/profile input name continue' located by '//*[@id="appMountPoint"]/div/div/div[1]/div[1]/div[2]/div/div/span[1]/span' not found
	at com.kms.katalon.core.webui.common.WebUiCommonHelper.findWebElement(WebUiCommonHelper.java:1379)
	at com.kms.katalon.core.webui.keyword.internal.WebUIAbstractKeyword.findWebElement(WebUIAbstractKeyword.groovy:27)
	at com.kms.katalon.core.webui.keyword.builtin.ClickKeyword$_click_closure1.doCall(ClickKeyword.groovy:65)
	at com.kms.katalon.core.webui.keyword.builtin.ClickKeyword$_click_closure1.call(ClickKeyword.groovy)
	at com.kms.katalon.core.webui.keyword.internal.WebUIKeywordMain.runKeyword(WebUIKeywordMain.groovy:20)
	at com.kms.katalon.core.webui.keyword.builtin.ClickKeyword.click(ClickKeyword.groovy:74)
	at com.kms.katalon.core.webui.keyword.builtin.ClickKeyword.execute(ClickKeyword.groovy:40)
	at com.kms.katalon.core.keyword.internal.KeywordExecutor.executeKeywordForPlatform(KeywordExecutor.groovy:74)
	at com.kms.katalon.core.webui.keyword.WebUiBuiltInKeywords.click(WebUiBuiltInKeywords.groovy:647)
	at Script1704176576008.run(Script1704176576008.groovy:180)
	... 15 more
)
[[ATTACHMENT|D:\\katalon\\akunmu-netflix\\Reports\\20240102_180710\\Test\\20240102_180711\\1704193730219.png]]

02-01-2024T18:08:50 - [TEST_STEP][PASSED] - click(findTestObject("Profile/profile edit name 2"), OPTIONAL): Object: 'Object Repository/Profile/profile edit name 2' is clicked on

02-01-2024T18:08:50 - [MESSAGE][PASSED] - Object: 'Object Repository/Profile/profile edit name 2' is clicked on

02-01-2024T18:08:50 - [TEST_STEP][PASSED] - clearText(findTestObject("Profile/profile edit name text"), OPTIONAL): Text of object 'Object Repository/Profile/profile edit name text' is cleared

02-01-2024T18:08:51 - [MESSAGE][PASSED] - Text of object 'Object Repository/Profile/profile edit name text' is cleared

02-01-2024T18:08:51 - [TEST_STEP][PASSED] - setText(findTestObject("Profile/profile edit name text"), "PROFILE 2", OPTIONAL): Text 'PROFILE 2' is set on object 'Object Repository/Profile/profile edit name text'

02-01-2024T18:08:52 - [MESSAGE][PASSED] - Text 'PROFILE 2' is set on object 'Object Repository/Profile/profile edit name text'

02-01-2024T18:08:52 - [TEST_STEP][PASSED] - click(findTestObject("Profile/profile edit name save"), OPTIONAL): Object: 'Object Repository/Profile/profile edit name save' is clicked on

02-01-2024T18:08:53 - [MESSAGE][PASSED] - Object: 'Object Repository/Profile/profile edit name save' is clicked on

02-01-2024T18:08:53 - [TEST_STEP][PASSED] - click(findTestObject("Profile/profile edit name 3"), OPTIONAL): Object: 'Object Repository/Profile/profile edit name 3' is clicked on

02-01-2024T18:08:54 - [MESSAGE][PASSED] - Object: 'Object Repository/Profile/profile edit name 3' is clicked on

02-01-2024T18:08:54 - [TEST_STEP][PASSED] - clearText(findTestObject("Profile/profile edit name text"), OPTIONAL): Text of object 'Object Repository/Profile/profile edit name text' is cleared

02-01-2024T18:08:55 - [MESSAGE][PASSED] - Text of object 'Object Repository/Profile/profile edit name text' is cleared

02-01-2024T18:08:55 - [TEST_STEP][PASSED] - setText(findTestObject("Profile/profile edit name text"), "PROFILE 3", OPTIONAL): Text 'PROFILE 3' is set on object 'Object Repository/Profile/profile edit name text'

02-01-2024T18:08:56 - [MESSAGE][PASSED] - Text 'PROFILE 3' is set on object 'Object Repository/Profile/profile edit name text'

02-01-2024T18:08:56 - [TEST_STEP][PASSED] - click(findTestObject("Profile/profile edit name save"), OPTIONAL): Object: 'Object Repository/Profile/profile edit name save' is clicked on

02-01-2024T18:08:56 - [MESSAGE][PASSED] - Object: 'Object Repository/Profile/profile edit name save' is clicked on

02-01-2024T18:08:56 - [TEST_STEP][PASSED] - click(findTestObject("Profile/profile edit name 4"), OPTIONAL): Object: 'Object Repository/Profile/profile edit name 4' is clicked on

02-01-2024T18:08:57 - [MESSAGE][PASSED] - Object: 'Object Repository/Profile/profile edit name 4' is clicked on

02-01-2024T18:08:57 - [TEST_STEP][PASSED] - clearText(findTestObject("Profile/profile edit name text"), OPTIONAL): Text of object 'Object Repository/Profile/profile edit name text' is cleared

02-01-2024T18:08:58 - [MESSAGE][PASSED] - Text of object 'Object Repository/Profile/profile edit name text' is cleared

02-01-2024T18:08:58 - [TEST_STEP][PASSED] - setText(findTestObject("Profile/profile edit name text"), "PROFILE 4", OPTIONAL): Text 'PROFILE 4' is set on object 'Object Repository/Profile/profile edit name text'

02-01-2024T18:08:59 - [MESSAGE][PASSED] - Text 'PROFILE 4' is set on object 'Object Repository/Profile/profile edit name text'

02-01-2024T18:08:59 - [TEST_STEP][PASSED] - click(findTestObject("Profile/profile edit name save"), OPTIONAL): Object: 'Object Repository/Profile/profile edit name save' is clicked on

02-01-2024T18:09:00 - [MESSAGE][PASSED] - Object: 'Object Repository/Profile/profile edit name save' is clicked on

02-01-2024T18:09:00 - [TEST_STEP][PASSED] - click(findTestObject("Profile/profile edit name 5"), OPTIONAL): Object: 'Object Repository/Profile/profile edit name 5' is clicked on

02-01-2024T18:09:01 - [MESSAGE][PASSED] - Object: 'Object Repository/Profile/profile edit name 5' is clicked on

02-01-2024T18:09:01 - [TEST_STEP][PASSED] - clearText(findTestObject("Profile/profile edit name text"), OPTIONAL): Text of object 'Object Repository/Profile/profile edit name text' is cleared

02-01-2024T18:09:02 - [MESSAGE][PASSED] - Text of object 'Object Repository/Profile/profile edit name text' is cleared

02-01-2024T18:09:02 - [TEST_STEP][PASSED] - setText(findTestObject("Profile/profile edit name text"), "PROFILE 5", OPTIONAL): Text 'PROFILE 5' is set on object 'Object Repository/Profile/profile edit name text'

02-01-2024T18:09:03 - [MESSAGE][PASSED] - Text 'PROFILE 5' is set on object 'Object Repository/Profile/profile edit name text'

02-01-2024T18:09:03 - [TEST_STEP][PASSED] - click(findTestObject("Profile/profile edit name save"), OPTIONAL): Object: 'Object Repository/Profile/profile edit name save' is clicked on

02-01-2024T18:09:03 - [MESSAGE][PASSED] - Object: 'Object Repository/Profile/profile edit name save' is clicked on

02-01-2024T18:09:03 - [TEST_STEP][PASSED] - click(findTestObject("Profile/profile done"), OPTIONAL): Object: 'Object Repository/Profile/profile done' is clicked on

02-01-2024T18:09:07 - [MESSAGE][PASSED] - Object: 'Object Repository/Profile/profile done' is clicked on

02-01-2024T18:09:07 - [TEST_STEP][PASSED] - navigateToUrl("https://www.netflix.com/YourAccount"): Navigate to 'https://www.netflix.com/YourAccount' successfully

02-01-2024T18:09:08 - [MESSAGE][PASSED] - Navigate to 'https://www.netflix.com/YourAccount' successfully

02-01-2024T18:09:08 - [TEST_STEP][PASSED] - click(findTestObject("Pin/pin expand button 1")): Object: 'Object Repository/Pin/pin expand button 1' is clicked on

02-01-2024T18:09:09 - [MESSAGE][PASSED] - Object: 'Object Repository/Pin/pin expand button 1' is clicked on

02-01-2024T18:09:09 - [TEST_STEP][PASSED] - click(findTestObject("Pin/pin change 1")): Object: 'Object Repository/Pin/pin change 1' is clicked on

02-01-2024T18:09:10 - [MESSAGE][PASSED] - Object: 'Object Repository/Pin/pin change 1' is clicked on

02-01-2024T18:09:10 - [TEST_STEP][PASSED] - setText(findTestObject("Pin/pin input password"), password): Text 'aku1100' is set on object 'Object Repository/Pin/pin input password'

02-01-2024T18:09:11 - [MESSAGE][PASSED] - Text 'aku1100' is set on object 'Object Repository/Pin/pin input password'

02-01-2024T18:09:11 - [TEST_STEP][PASSED] - click(findTestObject("Pin/pin input password continue")): Object: 'Object Repository/Pin/pin input password continue' is clicked on

02-01-2024T18:09:12 - [MESSAGE][PASSED] - Object: 'Object Repository/Pin/pin input password continue' is clicked on

02-01-2024T18:09:12 - [TEST_STEP][PASSED] - if (verifyElementNotPresent(findTestObject("Pin/pin input A"), 2, OPTIONAL)): Web element with id: 'Object Repository/Pin/pin input A' located by 'By.xpath: //*[@id="appMountPoint"]/div/div/div/div[2]/div/div/div[2]/div[3]/input[1]' is present after '2' second(s) (Root cause: com.kms.katalon.core.exception.StepFailedException: Web element with id: 'Object Repository/Pin/pin input A' located by 'By.xpath: //*[@id="appMountPoint"]/div/div/div/div[2]/div/div/div[2]/div[3]/input[1]' is present after '2' second(s)
	at com.kms.katalon.core.webui.keyword.internal.WebUIKeywordMain.stepFailed(WebUIKeywordMain.groovy:64)
	at com.kms.katalon.core.webui.keyword.internal.WebUIKeywordMain$stepFailed$0.call(Unknown Source)
	at com.kms.katalon.core.webui.keyword.builtin.VerifyElementNotPresentKeyword$_verifyElementNotPresent_closure1.doCall(VerifyElementNotPresentKeyword.groovy:113)
	at com.kms.katalon.core.webui.keyword.builtin.VerifyElementNotPresentKeyword$_verifyElementNotPresent_closure1.doCall(VerifyElementNotPresentKeyword.groovy)
	at java.base/jdk.internal.reflect.NativeMethodAccessorImpl.invoke0(Native Method)
	at java.base/jdk.internal.reflect.NativeMethodAccessorImpl.invoke(NativeMethodAccessorImpl.java:77)
	at java.base/jdk.internal.reflect.DelegatingMethodAccessorImpl.invoke(DelegatingMethodAccessorImpl.java:43)
	at com.kms.katalon.core.webui.keyword.internal.WebUIKeywordMain.runKeyword(WebUIKeywordMain.groovy:20)
	at com.kms.katalon.core.webui.keyword.internal.WebUIKeywordMain$runKeyword.call(Unknown Source)
	at com.kms.katalon.core.webui.keyword.builtin.VerifyElementNotPresentKeyword.verifyElementNotPresent(VerifyElementNotPresentKeyword.groovy:122)
	at com.kms.katalon.core.webui.keyword.builtin.VerifyElementNotPresentKeyword.execute(VerifyElementNotPresentKeyword.groovy:68)
	at com.kms.katalon.core.keyword.internal.KeywordExecutor.executeKeywordForPlatform(KeywordExecutor.groovy:74)
	at com.kms.katalon.core.webui.keyword.WebUiBuiltInKeywords.verifyElementNotPresent(WebUiBuiltInKeywords.groovy:1520)
	at TC Full Reset (Alfa Test).run(TC Full Reset (Alfa Test):234)
	at com.kms.katalon.core.main.ScriptEngine.run(ScriptEngine.java:194)
	at com.kms.katalon.core.main.ScriptEngine.runScriptAsRawText(ScriptEngine.java:119)
	at com.kms.katalon.core.main.TestCaseExecutor.runScript(TestCaseExecutor.java:448)
	at com.kms.katalon.core.main.TestCaseExecutor.doExecute(TestCaseExecutor.java:439)
	at com.kms.katalon.core.main.TestCaseExecutor.processExecutionPhase(TestCaseExecutor.java:418)
	at com.kms.katalon.core.main.TestCaseExecutor.accessMainPhase(TestCaseExecutor.java:410)
	at com.kms.katalon.core.main.TestCaseExecutor.execute(TestCaseExecutor.java:285)
	at com.kms.katalon.core.common.CommonExecutor.accessTestCaseMainPhase(CommonExecutor.java:65)
	at com.kms.katalon.core.main.TestSuiteExecutor.accessTestSuiteMainPhase(TestSuiteExecutor.java:148)
	at com.kms.katalon.core.main.TestSuiteExecutor.execute(TestSuiteExecutor.java:106)
	at com.kms.katalon.core.main.TestCaseMain.startTestSuite(TestCaseMain.java:180)
	at TempTestSuite1704193631641.run(TempTestSuite1704193631641.groovy:36)
	at java.base/jdk.internal.reflect.NativeMethodAccessorImpl.invoke0(Native Method)
	at java.base/jdk.internal.reflect.NativeMethodAccessorImpl.invoke(NativeMethodAccessorImpl.java:77)
	at java.base/jdk.internal.reflect.DelegatingMethodAccessorImpl.invoke(DelegatingMethodAccessorImpl.java:43)
)

02-01-2024T18:09:14 - [MESSAGE][WARNING] - Web element with id: 'Object Repository/Pin/pin input A' located by 'By.xpath: //*[@id="appMountPoint"]/div/div/div/div[2]/div/div/div[2]/div[3]/input[1]' is present after '2' second(s) (Root cause: com.kms.katalon.core.exception.StepFailedException: Web element with id: 'Object Repository/Pin/pin input A' located by 'By.xpath: //*[@id="appMountPoint"]/div/div/div/div[2]/div/div/div[2]/div[3]/input[1]' is present after '2' second(s)
	at com.kms.katalon.core.webui.keyword.internal.WebUIKeywordMain.stepFailed(WebUIKeywordMain.groovy:64)
	at com.kms.katalon.core.webui.keyword.internal.WebUIKeywordMain$stepFailed$0.call(Unknown Source)
	at com.kms.katalon.core.webui.keyword.builtin.VerifyElementNotPresentKeyword$_verifyElementNotPresent_closure1.doCall(VerifyElementNotPresentKeyword.groovy:113)
	at com.kms.katalon.core.webui.keyword.builtin.VerifyElementNotPresentKeyword$_verifyElementNotPresent_closure1.doCall(VerifyElementNotPresentKeyword.groovy)
	at java.base/jdk.internal.reflect.NativeMethodAccessorImpl.invoke0(Native Method)
	at java.base/jdk.internal.reflect.NativeMethodAccessorImpl.invoke(NativeMethodAccessorImpl.java:77)
	at java.base/jdk.internal.reflect.DelegatingMethodAccessorImpl.invoke(DelegatingMethodAccessorImpl.java:43)
	at com.kms.katalon.core.webui.keyword.internal.WebUIKeywordMain.runKeyword(WebUIKeywordMain.groovy:20)
	at com.kms.katalon.core.webui.keyword.internal.WebUIKeywordMain$runKeyword.call(Unknown Source)
	at com.kms.katalon.core.webui.keyword.builtin.VerifyElementNotPresentKeyword.verifyElementNotPresent(VerifyElementNotPresentKeyword.groovy:122)
	at com.kms.katalon.core.webui.keyword.builtin.VerifyElementNotPresentKeyword.execute(VerifyElementNotPresentKeyword.groovy:68)
	at com.kms.katalon.core.keyword.internal.KeywordExecutor.executeKeywordForPlatform(KeywordExecutor.groovy:74)
	at com.kms.katalon.core.webui.keyword.WebUiBuiltInKeywords.verifyElementNotPresent(WebUiBuiltInKeywords.groovy:1520)
	at TC Full Reset (Alfa Test).run(TC Full Reset (Alfa Test):234)
	at com.kms.katalon.core.main.ScriptEngine.run(ScriptEngine.java:194)
	at com.kms.katalon.core.main.ScriptEngine.runScriptAsRawText(ScriptEngine.java:119)
	at com.kms.katalon.core.main.TestCaseExecutor.runScript(TestCaseExecutor.java:448)
	at com.kms.katalon.core.main.TestCaseExecutor.doExecute(TestCaseExecutor.java:439)
	at com.kms.katalon.core.main.TestCaseExecutor.processExecutionPhase(TestCaseExecutor.java:418)
	at com.kms.katalon.core.main.TestCaseExecutor.accessMainPhase(TestCaseExecutor.java:410)
	at com.kms.katalon.core.main.TestCaseExecutor.execute(TestCaseExecutor.java:285)
	at com.kms.katalon.core.common.CommonExecutor.accessTestCaseMainPhase(CommonExecutor.java:65)
	at com.kms.katalon.core.main.TestSuiteExecutor.accessTestSuiteMainPhase(TestSuiteExecutor.java:148)
	at com.kms.katalon.core.main.TestSuiteExecutor.execute(TestSuiteExecutor.java:106)
	at com.kms.katalon.core.main.TestCaseMain.startTestSuite(TestCaseMain.java:180)
	at TempTestSuite1704193631641.run(TempTestSuite1704193631641.groovy:36)
	at java.base/jdk.internal.reflect.NativeMethodAccessorImpl.invoke0(Native Method)
	at java.base/jdk.internal.reflect.NativeMethodAccessorImpl.invoke(NativeMethodAccessorImpl.java:77)
	at java.base/jdk.internal.reflect.DelegatingMethodAccessorImpl.invoke(DelegatingMethodAccessorImpl.java:43)
)
[[ATTACHMENT|D:\\katalon\\akunmu-netflix\\Reports\\20240102_180710\\Test\\20240102_180711\\1704193754309.png]]

02-01-2024T18:09:14 - [TEST_STEP][PASSED] - else: Object: 'Object Repository/Pin/pin input save 1' is clicked on

02-01-2024T18:09:14 - [TEST_STEP][PASSED] - click(findTestObject("Pin/pin checkbox")): Object: 'Object Repository/Pin/pin checkbox' is clicked on

02-01-2024T18:09:14 - [MESSAGE][PASSED] - Object: 'Object Repository/Pin/pin checkbox' is clicked on

02-01-2024T18:09:14 - [TEST_STEP][PASSED] - click(findTestObject("Pin/pin input save 1a")): Object: 'Object Repository/Pin/pin input save 1a' is clicked on

02-01-2024T18:09:15 - [MESSAGE][PASSED] - Object: 'Object Repository/Pin/pin input save 1a' is clicked on

02-01-2024T18:09:15 - [TEST_STEP][PASSED] - click(findTestObject("Pin/pin expand button 1")): Object: 'Object Repository/Pin/pin expand button 1' is clicked on

02-01-2024T18:09:17 - [MESSAGE][PASSED] - Object: 'Object Repository/Pin/pin expand button 1' is clicked on

02-01-2024T18:09:17 - [TEST_STEP][PASSED] - click(findTestObject("Pin/pin change 1")): Object: 'Object Repository/Pin/pin change 1' is clicked on

02-01-2024T18:09:18 - [MESSAGE][PASSED] - Object: 'Object Repository/Pin/pin change 1' is clicked on

02-01-2024T18:09:18 - [TEST_STEP][PASSED] - setText(findTestObject("Pin/pin input password"), password): Text 'aku1100' is set on object 'Object Repository/Pin/pin input password'

02-01-2024T18:09:19 - [MESSAGE][PASSED] - Text 'aku1100' is set on object 'Object Repository/Pin/pin input password'

02-01-2024T18:09:19 - [TEST_STEP][PASSED] - click(findTestObject("Pin/pin input password continue")): Object: 'Object Repository/Pin/pin input password continue' is clicked on

02-01-2024T18:09:20 - [MESSAGE][PASSED] - Object: 'Object Repository/Pin/pin input password continue' is clicked on

02-01-2024T18:09:20 - [TEST_STEP][PASSED] - click(findTestObject("Pin/pin checkbox")): Object: 'Object Repository/Pin/pin checkbox' is clicked on

02-01-2024T18:09:21 - [MESSAGE][PASSED] - Object: 'Object Repository/Pin/pin checkbox' is clicked on

02-01-2024T18:09:21 - [TEST_STEP][PASSED] - setText(findTestObject("Pin/pin input A"), "1"): Text '1' is set on object 'Object Repository/Pin/pin input A'

02-01-2024T18:09:21 - [MESSAGE][PASSED] - Text '1' is set on object 'Object Repository/Pin/pin input A'

02-01-2024T18:09:21 - [TEST_STEP][PASSED] - setText(findTestObject("Pin/pin input B"), "1"): Text '1' is set on object 'Object Repository/Pin/pin input B'

02-01-2024T18:09:22 - [MESSAGE][PASSED] - Text '1' is set on object 'Object Repository/Pin/pin input B'

02-01-2024T18:09:22 - [TEST_STEP][PASSED] - setText(findTestObject("Pin/pin input C"), "1"): Text '1' is set on object 'Object Repository/Pin/pin input C'

02-01-2024T18:09:23 - [MESSAGE][PASSED] - Text '1' is set on object 'Object Repository/Pin/pin input C'

02-01-2024T18:09:23 - [TEST_STEP][PASSED] - setText(findTestObject("Pin/pin input D"), "1"): Text '1' is set on object 'Object Repository/Pin/pin input D'

02-01-2024T18:09:24 - [MESSAGE][PASSED] - Text '1' is set on object 'Object Repository/Pin/pin input D'

02-01-2024T18:09:24 - [TEST_STEP][PASSED] - click(findTestObject("Pin/pin input save 1")): Object: 'Object Repository/Pin/pin input save 1' is clicked on

02-01-2024T18:09:24 - [MESSAGE][PASSED] - Object: 'Object Repository/Pin/pin input save 1' is clicked on

02-01-2024T18:09:24 - [TEST_STEP][PASSED] - click(findTestObject("Pin/pin expand button 2")): Object: 'Object Repository/Pin/pin expand button 2' is clicked on

02-01-2024T18:09:27 - [MESSAGE][PASSED] - Object: 'Object Repository/Pin/pin expand button 2' is clicked on

02-01-2024T18:09:27 - [TEST_STEP][PASSED] - click(findTestObject("Pin/pin change 2")): Object: 'Object Repository/Pin/pin change 2' is clicked on

02-01-2024T18:09:29 - [MESSAGE][PASSED] - Object: 'Object Repository/Pin/pin change 2' is clicked on

02-01-2024T18:09:29 - [TEST_STEP][PASSED] - setText(findTestObject("Pin/pin input password"), password): Text 'aku1100' is set on object 'Object Repository/Pin/pin input password'

02-01-2024T18:09:30 - [MESSAGE][PASSED] - Text 'aku1100' is set on object 'Object Repository/Pin/pin input password'

02-01-2024T18:09:30 - [TEST_STEP][PASSED] - click(findTestObject("Pin/pin input password continue")): Object: 'Object Repository/Pin/pin input password continue' is clicked on

02-01-2024T18:09:30 - [MESSAGE][PASSED] - Object: 'Object Repository/Pin/pin input password continue' is clicked on

02-01-2024T18:09:30 - [TEST_STEP][PASSED] - if (verifyElementNotPresent(findTestObject("Pin/pin input A"), 2, OPTIONAL)): Web element with id: 'Object Repository/Pin/pin input A' located by 'By.xpath: //*[@id="appMountPoint"]/div/div/div/div[2]/div/div/div[2]/div[3]/input[1]' is present after '2' second(s) (Root cause: com.kms.katalon.core.exception.StepFailedException: Web element with id: 'Object Repository/Pin/pin input A' located by 'By.xpath: //*[@id="appMountPoint"]/div/div/div/div[2]/div/div/div[2]/div[3]/input[1]' is present after '2' second(s)
	at com.kms.katalon.core.webui.keyword.internal.WebUIKeywordMain.stepFailed(WebUIKeywordMain.groovy:64)
	at com.kms.katalon.core.webui.keyword.internal.WebUIKeywordMain$stepFailed$0.call(Unknown Source)
	at com.kms.katalon.core.webui.keyword.builtin.VerifyElementNotPresentKeyword$_verifyElementNotPresent_closure1.doCall(VerifyElementNotPresentKeyword.groovy:113)
	at com.kms.katalon.core.webui.keyword.builtin.VerifyElementNotPresentKeyword$_verifyElementNotPresent_closure1.doCall(VerifyElementNotPresentKeyword.groovy)
	at java.base/jdk.internal.reflect.NativeMethodAccessorImpl.invoke0(Native Method)
	at java.base/jdk.internal.reflect.NativeMethodAccessorImpl.invoke(NativeMethodAccessorImpl.java:77)
	at java.base/jdk.internal.reflect.DelegatingMethodAccessorImpl.invoke(DelegatingMethodAccessorImpl.java:43)
	at com.kms.katalon.core.webui.keyword.internal.WebUIKeywordMain.runKeyword(WebUIKeywordMain.groovy:20)
	at com.kms.katalon.core.webui.keyword.internal.WebUIKeywordMain$runKeyword.call(Unknown Source)
	at com.kms.katalon.core.webui.keyword.builtin.VerifyElementNotPresentKeyword.verifyElementNotPresent(VerifyElementNotPresentKeyword.groovy:122)
	at com.kms.katalon.core.webui.keyword.builtin.VerifyElementNotPresentKeyword.execute(VerifyElementNotPresentKeyword.groovy:68)
	at com.kms.katalon.core.keyword.internal.KeywordExecutor.executeKeywordForPlatform(KeywordExecutor.groovy:74)
	at com.kms.katalon.core.webui.keyword.WebUiBuiltInKeywords.verifyElementNotPresent(WebUiBuiltInKeywords.groovy:1520)
	at TC Full Reset (Alfa Test).run(TC Full Reset (Alfa Test):284)
	at com.kms.katalon.core.main.ScriptEngine.run(ScriptEngine.java:194)
	at com.kms.katalon.core.main.ScriptEngine.runScriptAsRawText(ScriptEngine.java:119)
	at com.kms.katalon.core.main.TestCaseExecutor.runScript(TestCaseExecutor.java:448)
	at com.kms.katalon.core.main.TestCaseExecutor.doExecute(TestCaseExecutor.java:439)
	at com.kms.katalon.core.main.TestCaseExecutor.processExecutionPhase(TestCaseExecutor.java:418)
	at com.kms.katalon.core.main.TestCaseExecutor.accessMainPhase(TestCaseExecutor.java:410)
	at com.kms.katalon.core.main.TestCaseExecutor.execute(TestCaseExecutor.java:285)
	at com.kms.katalon.core.common.CommonExecutor.accessTestCaseMainPhase(CommonExecutor.java:65)
	at com.kms.katalon.core.main.TestSuiteExecutor.accessTestSuiteMainPhase(TestSuiteExecutor.java:148)
	at com.kms.katalon.core.main.TestSuiteExecutor.execute(TestSuiteExecutor.java:106)
	at com.kms.katalon.core.main.TestCaseMain.startTestSuite(TestCaseMain.java:180)
	at TempTestSuite1704193631641.run(TempTestSuite1704193631641.groovy:36)
	at java.base/jdk.internal.reflect.NativeMethodAccessorImpl.invoke0(Native Method)
	at java.base/jdk.internal.reflect.NativeMethodAccessorImpl.invoke(NativeMethodAccessorImpl.java:77)
	at java.base/jdk.internal.reflect.DelegatingMethodAccessorImpl.invoke(DelegatingMethodAccessorImpl.java:43)
)

02-01-2024T18:09:33 - [MESSAGE][WARNING] - Web element with id: 'Object Repository/Pin/pin input A' located by 'By.xpath: //*[@id="appMountPoint"]/div/div/div/div[2]/div/div/div[2]/div[3]/input[1]' is present after '2' second(s) (Root cause: com.kms.katalon.core.exception.StepFailedException: Web element with id: 'Object Repository/Pin/pin input A' located by 'By.xpath: //*[@id="appMountPoint"]/div/div/div/div[2]/div/div/div[2]/div[3]/input[1]' is present after '2' second(s)
	at com.kms.katalon.core.webui.keyword.internal.WebUIKeywordMain.stepFailed(WebUIKeywordMain.groovy:64)
	at com.kms.katalon.core.webui.keyword.internal.WebUIKeywordMain$stepFailed$0.call(Unknown Source)
	at com.kms.katalon.core.webui.keyword.builtin.VerifyElementNotPresentKeyword$_verifyElementNotPresent_closure1.doCall(VerifyElementNotPresentKeyword.groovy:113)
	at com.kms.katalon.core.webui.keyword.builtin.VerifyElementNotPresentKeyword$_verifyElementNotPresent_closure1.doCall(VerifyElementNotPresentKeyword.groovy)
	at java.base/jdk.internal.reflect.NativeMethodAccessorImpl.invoke0(Native Method)
	at java.base/jdk.internal.reflect.NativeMethodAccessorImpl.invoke(NativeMethodAccessorImpl.java:77)
	at java.base/jdk.internal.reflect.DelegatingMethodAccessorImpl.invoke(DelegatingMethodAccessorImpl.java:43)
	at com.kms.katalon.core.webui.keyword.internal.WebUIKeywordMain.runKeyword(WebUIKeywordMain.groovy:20)
	at com.kms.katalon.core.webui.keyword.internal.WebUIKeywordMain$runKeyword.call(Unknown Source)
	at com.kms.katalon.core.webui.keyword.builtin.VerifyElementNotPresentKeyword.verifyElementNotPresent(VerifyElementNotPresentKeyword.groovy:122)
	at com.kms.katalon.core.webui.keyword.builtin.VerifyElementNotPresentKeyword.execute(VerifyElementNotPresentKeyword.groovy:68)
	at com.kms.katalon.core.keyword.internal.KeywordExecutor.executeKeywordForPlatform(KeywordExecutor.groovy:74)
	at com.kms.katalon.core.webui.keyword.WebUiBuiltInKeywords.verifyElementNotPresent(WebUiBuiltInKeywords.groovy:1520)
	at TC Full Reset (Alfa Test).run(TC Full Reset (Alfa Test):284)
	at com.kms.katalon.core.main.ScriptEngine.run(ScriptEngine.java:194)
	at com.kms.katalon.core.main.ScriptEngine.runScriptAsRawText(ScriptEngine.java:119)
	at com.kms.katalon.core.main.TestCaseExecutor.runScript(TestCaseExecutor.java:448)
	at com.kms.katalon.core.main.TestCaseExecutor.doExecute(TestCaseExecutor.java:439)
	at com.kms.katalon.core.main.TestCaseExecutor.processExecutionPhase(TestCaseExecutor.java:418)
	at com.kms.katalon.core.main.TestCaseExecutor.accessMainPhase(TestCaseExecutor.java:410)
	at com.kms.katalon.core.main.TestCaseExecutor.execute(TestCaseExecutor.java:285)
	at com.kms.katalon.core.common.CommonExecutor.accessTestCaseMainPhase(CommonExecutor.java:65)
	at com.kms.katalon.core.main.TestSuiteExecutor.accessTestSuiteMainPhase(TestSuiteExecutor.java:148)
	at com.kms.katalon.core.main.TestSuiteExecutor.execute(TestSuiteExecutor.java:106)
	at com.kms.katalon.core.main.TestCaseMain.startTestSuite(TestCaseMain.java:180)
	at TempTestSuite1704193631641.run(TempTestSuite1704193631641.groovy:36)
	at java.base/jdk.internal.reflect.NativeMethodAccessorImpl.invoke0(Native Method)
	at java.base/jdk.internal.reflect.NativeMethodAccessorImpl.invoke(NativeMethodAccessorImpl.java:77)
	at java.base/jdk.internal.reflect.DelegatingMethodAccessorImpl.invoke(DelegatingMethodAccessorImpl.java:43)
)
[[ATTACHMENT|D:\\katalon\\akunmu-netflix\\Reports\\20240102_180710\\Test\\20240102_180711\\1704193773044.png]]

02-01-2024T18:09:33 - [TEST_STEP][PASSED] - else: Object: 'Object Repository/Pin/pin input save 2' is clicked on

02-01-2024T18:09:33 - [TEST_STEP][PASSED] - click(findTestObject("Pin/pin checkbox")): Object: 'Object Repository/Pin/pin checkbox' is clicked on

02-01-2024T18:09:33 - [MESSAGE][PASSED] - Object: 'Object Repository/Pin/pin checkbox' is clicked on

02-01-2024T18:09:33 - [TEST_STEP][PASSED] - click(findTestObject("Pin/pin input save 1a")): Object: 'Object Repository/Pin/pin input save 1a' is clicked on

02-01-2024T18:09:34 - [MESSAGE][PASSED] - Object: 'Object Repository/Pin/pin input save 1a' is clicked on

02-01-2024T18:09:34 - [TEST_STEP][PASSED] - click(findTestObject("Pin/pin expand button 2")): Object: 'Object Repository/Pin/pin expand button 2' is clicked on

02-01-2024T18:09:36 - [MESSAGE][PASSED] - Object: 'Object Repository/Pin/pin expand button 2' is clicked on

02-01-2024T18:09:36 - [TEST_STEP][PASSED] - click(findTestObject("Pin/pin change 2")): Object: 'Object Repository/Pin/pin change 2' is clicked on

02-01-2024T18:09:37 - [MESSAGE][PASSED] - Object: 'Object Repository/Pin/pin change 2' is clicked on

02-01-2024T18:09:37 - [TEST_STEP][PASSED] - setText(findTestObject("Pin/pin input password"), password): Text 'aku1100' is set on object 'Object Repository/Pin/pin input password'

02-01-2024T18:09:38 - [MESSAGE][PASSED] - Text 'aku1100' is set on object 'Object Repository/Pin/pin input password'

02-01-2024T18:09:38 - [TEST_STEP][PASSED] - click(findTestObject("Pin/pin input password continue")): Object: 'Object Repository/Pin/pin input password continue' is clicked on

02-01-2024T18:09:38 - [MESSAGE][PASSED] - Object: 'Object Repository/Pin/pin input password continue' is clicked on

02-01-2024T18:09:38 - [TEST_STEP][PASSED] - click(findTestObject("Pin/pin checkbox")): Object: 'Object Repository/Pin/pin checkbox' is clicked on

02-01-2024T18:09:39 - [MESSAGE][PASSED] - Object: 'Object Repository/Pin/pin checkbox' is clicked on

02-01-2024T18:09:39 - [TEST_STEP][PASSED] - setText(findTestObject("Pin/pin input A"), "1"): Text '1' is set on object 'Object Repository/Pin/pin input A'

02-01-2024T18:09:40 - [MESSAGE][PASSED] - Text '1' is set on object 'Object Repository/Pin/pin input A'

02-01-2024T18:09:40 - [TEST_STEP][PASSED] - setText(findTestObject("Pin/pin input B"), "1"): Text '1' is set on object 'Object Repository/Pin/pin input B'

02-01-2024T18:09:41 - [MESSAGE][PASSED] - Text '1' is set on object 'Object Repository/Pin/pin input B'

02-01-2024T18:09:41 - [TEST_STEP][PASSED] - setText(findTestObject("Pin/pin input C"), "1"): Text '1' is set on object 'Object Repository/Pin/pin input C'

02-01-2024T18:09:42 - [MESSAGE][PASSED] - Text '1' is set on object 'Object Repository/Pin/pin input C'

02-01-2024T18:09:42 - [TEST_STEP][PASSED] - setText(findTestObject("Pin/pin input D"), "2"): Text '2' is set on object 'Object Repository/Pin/pin input D'

02-01-2024T18:09:43 - [MESSAGE][PASSED] - Text '2' is set on object 'Object Repository/Pin/pin input D'

02-01-2024T18:09:43 - [TEST_STEP][PASSED] - click(findTestObject("Pin/pin input save 2")): Object: 'Object Repository/Pin/pin input save 2' is clicked on

02-01-2024T18:09:43 - [MESSAGE][PASSED] - Object: 'Object Repository/Pin/pin input save 2' is clicked on

02-01-2024T18:09:43 - [TEST_STEP][PASSED] - click(findTestObject("Pin/pin expand button 3")): Object: 'Object Repository/Pin/pin expand button 3' is clicked on

02-01-2024T18:09:46 - [MESSAGE][PASSED] - Object: 'Object Repository/Pin/pin expand button 3' is clicked on

02-01-2024T18:09:46 - [TEST_STEP][PASSED] - click(findTestObject("Pin/pin change 3")): Object: 'Object Repository/Pin/pin change 3' is clicked on

02-01-2024T18:09:47 - [MESSAGE][PASSED] - Object: 'Object Repository/Pin/pin change 3' is clicked on

02-01-2024T18:09:47 - [TEST_STEP][PASSED] - setText(findTestObject("Pin/pin input password"), password): Text 'aku1100' is set on object 'Object Repository/Pin/pin input password'

02-01-2024T18:09:48 - [MESSAGE][PASSED] - Text 'aku1100' is set on object 'Object Repository/Pin/pin input password'

02-01-2024T18:09:48 - [TEST_STEP][PASSED] - click(findTestObject("Pin/pin input password continue")): Object: 'Object Repository/Pin/pin input password continue' is clicked on

02-01-2024T18:09:48 - [MESSAGE][PASSED] - Object: 'Object Repository/Pin/pin input password continue' is clicked on

02-01-2024T18:09:48 - [TEST_STEP][PASSED] - if (verifyElementNotPresent(findTestObject("Pin/pin input A"), 2, OPTIONAL)): Web element with id: 'Object Repository/Pin/pin input A' located by 'By.xpath: //*[@id="appMountPoint"]/div/div/div/div[2]/div/div/div[2]/div[3]/input[1]' is present after '2' second(s) (Root cause: com.kms.katalon.core.exception.StepFailedException: Web element with id: 'Object Repository/Pin/pin input A' located by 'By.xpath: //*[@id="appMountPoint"]/div/div/div/div[2]/div/div/div[2]/div[3]/input[1]' is present after '2' second(s)
	at com.kms.katalon.core.webui.keyword.internal.WebUIKeywordMain.stepFailed(WebUIKeywordMain.groovy:64)
	at com.kms.katalon.core.webui.keyword.internal.WebUIKeywordMain$stepFailed$0.call(Unknown Source)
	at com.kms.katalon.core.webui.keyword.builtin.VerifyElementNotPresentKeyword$_verifyElementNotPresent_closure1.doCall(VerifyElementNotPresentKeyword.groovy:113)
	at com.kms.katalon.core.webui.keyword.builtin.VerifyElementNotPresentKeyword$_verifyElementNotPresent_closure1.doCall(VerifyElementNotPresentKeyword.groovy)
	at java.base/jdk.internal.reflect.NativeMethodAccessorImpl.invoke0(Native Method)
	at java.base/jdk.internal.reflect.NativeMethodAccessorImpl.invoke(NativeMethodAccessorImpl.java:77)
	at java.base/jdk.internal.reflect.DelegatingMethodAccessorImpl.invoke(DelegatingMethodAccessorImpl.java:43)
	at com.kms.katalon.core.webui.keyword.internal.WebUIKeywordMain.runKeyword(WebUIKeywordMain.groovy:20)
	at com.kms.katalon.core.webui.keyword.internal.WebUIKeywordMain$runKeyword.call(Unknown Source)
	at com.kms.katalon.core.webui.keyword.builtin.VerifyElementNotPresentKeyword.verifyElementNotPresent(VerifyElementNotPresentKeyword.groovy:122)
	at com.kms.katalon.core.webui.keyword.builtin.VerifyElementNotPresentKeyword.execute(VerifyElementNotPresentKeyword.groovy:68)
	at com.kms.katalon.core.keyword.internal.KeywordExecutor.executeKeywordForPlatform(KeywordExecutor.groovy:74)
	at com.kms.katalon.core.webui.keyword.WebUiBuiltInKeywords.verifyElementNotPresent(WebUiBuiltInKeywords.groovy:1520)
	at TC Full Reset (Alfa Test).run(TC Full Reset (Alfa Test):334)
	at com.kms.katalon.core.main.ScriptEngine.run(ScriptEngine.java:194)
	at com.kms.katalon.core.main.ScriptEngine.runScriptAsRawText(ScriptEngine.java:119)
	at com.kms.katalon.core.main.TestCaseExecutor.runScript(TestCaseExecutor.java:448)
	at com.kms.katalon.core.main.TestCaseExecutor.doExecute(TestCaseExecutor.java:439)
	at com.kms.katalon.core.main.TestCaseExecutor.processExecutionPhase(TestCaseExecutor.java:418)
	at com.kms.katalon.core.main.TestCaseExecutor.accessMainPhase(TestCaseExecutor.java:410)
	at com.kms.katalon.core.main.TestCaseExecutor.execute(TestCaseExecutor.java:285)
	at com.kms.katalon.core.common.CommonExecutor.accessTestCaseMainPhase(CommonExecutor.java:65)
	at com.kms.katalon.core.main.TestSuiteExecutor.accessTestSuiteMainPhase(TestSuiteExecutor.java:148)
	at com.kms.katalon.core.main.TestSuiteExecutor.execute(TestSuiteExecutor.java:106)
	at com.kms.katalon.core.main.TestCaseMain.startTestSuite(TestCaseMain.java:180)
	at TempTestSuite1704193631641.run(TempTestSuite1704193631641.groovy:36)
	at java.base/jdk.internal.reflect.NativeMethodAccessorImpl.invoke0(Native Method)
	at java.base/jdk.internal.reflect.NativeMethodAccessorImpl.invoke(NativeMethodAccessorImpl.java:77)
	at java.base/jdk.internal.reflect.DelegatingMethodAccessorImpl.invoke(DelegatingMethodAccessorImpl.java:43)
)

02-01-2024T18:09:51 - [MESSAGE][WARNING] - Web element with id: 'Object Repository/Pin/pin input A' located by 'By.xpath: //*[@id="appMountPoint"]/div/div/div/div[2]/div/div/div[2]/div[3]/input[1]' is present after '2' second(s) (Root cause: com.kms.katalon.core.exception.StepFailedException: Web element with id: 'Object Repository/Pin/pin input A' located by 'By.xpath: //*[@id="appMountPoint"]/div/div/div/div[2]/div/div/div[2]/div[3]/input[1]' is present after '2' second(s)
	at com.kms.katalon.core.webui.keyword.internal.WebUIKeywordMain.stepFailed(WebUIKeywordMain.groovy:64)
	at com.kms.katalon.core.webui.keyword.internal.WebUIKeywordMain$stepFailed$0.call(Unknown Source)
	at com.kms.katalon.core.webui.keyword.builtin.VerifyElementNotPresentKeyword$_verifyElementNotPresent_closure1.doCall(VerifyElementNotPresentKeyword.groovy:113)
	at com.kms.katalon.core.webui.keyword.builtin.VerifyElementNotPresentKeyword$_verifyElementNotPresent_closure1.doCall(VerifyElementNotPresentKeyword.groovy)
	at java.base/jdk.internal.reflect.NativeMethodAccessorImpl.invoke0(Native Method)
	at java.base/jdk.internal.reflect.NativeMethodAccessorImpl.invoke(NativeMethodAccessorImpl.java:77)
	at java.base/jdk.internal.reflect.DelegatingMethodAccessorImpl.invoke(DelegatingMethodAccessorImpl.java:43)
	at com.kms.katalon.core.webui.keyword.internal.WebUIKeywordMain.runKeyword(WebUIKeywordMain.groovy:20)
	at com.kms.katalon.core.webui.keyword.internal.WebUIKeywordMain$runKeyword.call(Unknown Source)
	at com.kms.katalon.core.webui.keyword.builtin.VerifyElementNotPresentKeyword.verifyElementNotPresent(VerifyElementNotPresentKeyword.groovy:122)
	at com.kms.katalon.core.webui.keyword.builtin.VerifyElementNotPresentKeyword.execute(VerifyElementNotPresentKeyword.groovy:68)
	at com.kms.katalon.core.keyword.internal.KeywordExecutor.executeKeywordForPlatform(KeywordExecutor.groovy:74)
	at com.kms.katalon.core.webui.keyword.WebUiBuiltInKeywords.verifyElementNotPresent(WebUiBuiltInKeywords.groovy:1520)
	at TC Full Reset (Alfa Test).run(TC Full Reset (Alfa Test):334)
	at com.kms.katalon.core.main.ScriptEngine.run(ScriptEngine.java:194)
	at com.kms.katalon.core.main.ScriptEngine.runScriptAsRawText(ScriptEngine.java:119)
	at com.kms.katalon.core.main.TestCaseExecutor.runScript(TestCaseExecutor.java:448)
	at com.kms.katalon.core.main.TestCaseExecutor.doExecute(TestCaseExecutor.java:439)
	at com.kms.katalon.core.main.TestCaseExecutor.processExecutionPhase(TestCaseExecutor.java:418)
	at com.kms.katalon.core.main.TestCaseExecutor.accessMainPhase(TestCaseExecutor.java:410)
	at com.kms.katalon.core.main.TestCaseExecutor.execute(TestCaseExecutor.java:285)
	at com.kms.katalon.core.common.CommonExecutor.accessTestCaseMainPhase(CommonExecutor.java:65)
	at com.kms.katalon.core.main.TestSuiteExecutor.accessTestSuiteMainPhase(TestSuiteExecutor.java:148)
	at com.kms.katalon.core.main.TestSuiteExecutor.execute(TestSuiteExecutor.java:106)
	at com.kms.katalon.core.main.TestCaseMain.startTestSuite(TestCaseMain.java:180)
	at TempTestSuite1704193631641.run(TempTestSuite1704193631641.groovy:36)
	at java.base/jdk.internal.reflect.NativeMethodAccessorImpl.invoke0(Native Method)
	at java.base/jdk.internal.reflect.NativeMethodAccessorImpl.invoke(NativeMethodAccessorImpl.java:77)
	at java.base/jdk.internal.reflect.DelegatingMethodAccessorImpl.invoke(DelegatingMethodAccessorImpl.java:43)
)
[[ATTACHMENT|D:\\katalon\\akunmu-netflix\\Reports\\20240102_180710\\Test\\20240102_180711\\1704193791118.png]]

02-01-2024T18:09:51 - [TEST_STEP][PASSED] - else: Object: 'Object Repository/Pin/pin input save 3' is clicked on

02-01-2024T18:09:51 - [TEST_STEP][PASSED] - click(findTestObject("Pin/pin checkbox")): Object: 'Object Repository/Pin/pin checkbox' is clicked on

02-01-2024T18:09:51 - [MESSAGE][PASSED] - Object: 'Object Repository/Pin/pin checkbox' is clicked on

02-01-2024T18:09:51 - [TEST_STEP][PASSED] - click(findTestObject("Pin/pin input save 1a")): Object: 'Object Repository/Pin/pin input save 1a' is clicked on

02-01-2024T18:09:52 - [MESSAGE][PASSED] - Object: 'Object Repository/Pin/pin input save 1a' is clicked on

02-01-2024T18:09:52 - [TEST_STEP][PASSED] - click(findTestObject("Pin/pin expand button 3")): Object: 'Object Repository/Pin/pin expand button 3' is clicked on

02-01-2024T18:09:54 - [MESSAGE][PASSED] - Object: 'Object Repository/Pin/pin expand button 3' is clicked on

02-01-2024T18:09:54 - [TEST_STEP][PASSED] - click(findTestObject("Pin/pin change 3")): Object: 'Object Repository/Pin/pin change 3' is clicked on

02-01-2024T18:09:55 - [MESSAGE][PASSED] - Object: 'Object Repository/Pin/pin change 3' is clicked on

02-01-2024T18:09:55 - [TEST_STEP][PASSED] - setText(findTestObject("Pin/pin input password"), password): Text 'aku1100' is set on object 'Object Repository/Pin/pin input password'

02-01-2024T18:09:57 - [MESSAGE][PASSED] - Text 'aku1100' is set on object 'Object Repository/Pin/pin input password'

02-01-2024T18:09:57 - [TEST_STEP][PASSED] - click(findTestObject("Pin/pin input password continue")): Object: 'Object Repository/Pin/pin input password continue' is clicked on

02-01-2024T18:09:58 - [MESSAGE][PASSED] - Object: 'Object Repository/Pin/pin input password continue' is clicked on

02-01-2024T18:09:58 - [TEST_STEP][PASSED] - click(findTestObject("Pin/pin checkbox")): Object: 'Object Repository/Pin/pin checkbox' is clicked on

02-01-2024T18:09:58 - [MESSAGE][PASSED] - Object: 'Object Repository/Pin/pin checkbox' is clicked on

02-01-2024T18:09:58 - [TEST_STEP][PASSED] - setText(findTestObject("Pin/pin input A"), "1"): Text '1' is set on object 'Object Repository/Pin/pin input A'

02-01-2024T18:09:59 - [MESSAGE][PASSED] - Text '1' is set on object 'Object Repository/Pin/pin input A'

02-01-2024T18:09:59 - [TEST_STEP][PASSED] - setText(findTestObject("Pin/pin input B"), "1"): Text '1' is set on object 'Object Repository/Pin/pin input B'

02-01-2024T18:10:00 - [MESSAGE][PASSED] - Text '1' is set on object 'Object Repository/Pin/pin input B'

02-01-2024T18:10:00 - [TEST_STEP][PASSED] - setText(findTestObject("Pin/pin input C"), "1"): Text '1' is set on object 'Object Repository/Pin/pin input C'

02-01-2024T18:10:01 - [MESSAGE][PASSED] - Text '1' is set on object 'Object Repository/Pin/pin input C'

02-01-2024T18:10:01 - [TEST_STEP][PASSED] - setText(findTestObject("Pin/pin input D"), "3"): Text '3' is set on object 'Object Repository/Pin/pin input D'

02-01-2024T18:10:02 - [MESSAGE][PASSED] - Text '3' is set on object 'Object Repository/Pin/pin input D'

02-01-2024T18:10:02 - [TEST_STEP][PASSED] - click(findTestObject("Pin/pin input save 3")): Object: 'Object Repository/Pin/pin input save 3' is clicked on

02-01-2024T18:10:02 - [MESSAGE][PASSED] - Object: 'Object Repository/Pin/pin input save 3' is clicked on

02-01-2024T18:10:02 - [TEST_STEP][PASSED] - click(findTestObject("Pin/pin expand button 4")): Object: 'Object Repository/Pin/pin expand button 4' is clicked on

02-01-2024T18:10:04 - [MESSAGE][PASSED] - Object: 'Object Repository/Pin/pin expand button 4' is clicked on

02-01-2024T18:10:04 - [TEST_STEP][PASSED] - click(findTestObject("Pin/pin change 4")): Object: 'Object Repository/Pin/pin change 4' is clicked on

02-01-2024T18:10:06 - [MESSAGE][PASSED] - Object: 'Object Repository/Pin/pin change 4' is clicked on

02-01-2024T18:10:06 - [TEST_STEP][PASSED] - setText(findTestObject("Pin/pin input password"), password): Text 'aku1100' is set on object 'Object Repository/Pin/pin input password'

02-01-2024T18:10:07 - [MESSAGE][PASSED] - Text 'aku1100' is set on object 'Object Repository/Pin/pin input password'

02-01-2024T18:10:07 - [TEST_STEP][PASSED] - click(findTestObject("Pin/pin input password continue")): Object: 'Object Repository/Pin/pin input password continue' is clicked on

02-01-2024T18:10:07 - [MESSAGE][PASSED] - Object: 'Object Repository/Pin/pin input password continue' is clicked on

02-01-2024T18:10:07 - [TEST_STEP][PASSED] - if (verifyElementNotPresent(findTestObject("Pin/pin input A"), 2, OPTIONAL)): Web element with id: 'Object Repository/Pin/pin input A' located by 'By.xpath: //*[@id="appMountPoint"]/div/div/div/div[2]/div/div/div[2]/div[3]/input[1]' is present after '2' second(s) (Root cause: com.kms.katalon.core.exception.StepFailedException: Web element with id: 'Object Repository/Pin/pin input A' located by 'By.xpath: //*[@id="appMountPoint"]/div/div/div/div[2]/div/div/div[2]/div[3]/input[1]' is present after '2' second(s)
	at com.kms.katalon.core.webui.keyword.internal.WebUIKeywordMain.stepFailed(WebUIKeywordMain.groovy:64)
	at com.kms.katalon.core.webui.keyword.internal.WebUIKeywordMain$stepFailed$0.call(Unknown Source)
	at com.kms.katalon.core.webui.keyword.builtin.VerifyElementNotPresentKeyword$_verifyElementNotPresent_closure1.doCall(VerifyElementNotPresentKeyword.groovy:113)
	at com.kms.katalon.core.webui.keyword.builtin.VerifyElementNotPresentKeyword$_verifyElementNotPresent_closure1.doCall(VerifyElementNotPresentKeyword.groovy)
	at java.base/jdk.internal.reflect.NativeMethodAccessorImpl.invoke0(Native Method)
	at java.base/jdk.internal.reflect.NativeMethodAccessorImpl.invoke(NativeMethodAccessorImpl.java:77)
	at java.base/jdk.internal.reflect.DelegatingMethodAccessorImpl.invoke(DelegatingMethodAccessorImpl.java:43)
	at com.kms.katalon.core.webui.keyword.internal.WebUIKeywordMain.runKeyword(WebUIKeywordMain.groovy:20)
	at com.kms.katalon.core.webui.keyword.internal.WebUIKeywordMain$runKeyword.call(Unknown Source)
	at com.kms.katalon.core.webui.keyword.builtin.VerifyElementNotPresentKeyword.verifyElementNotPresent(VerifyElementNotPresentKeyword.groovy:122)
	at com.kms.katalon.core.webui.keyword.builtin.VerifyElementNotPresentKeyword.execute(VerifyElementNotPresentKeyword.groovy:68)
	at com.kms.katalon.core.keyword.internal.KeywordExecutor.executeKeywordForPlatform(KeywordExecutor.groovy:74)
	at com.kms.katalon.core.webui.keyword.WebUiBuiltInKeywords.verifyElementNotPresent(WebUiBuiltInKeywords.groovy:1520)
	at TC Full Reset (Alfa Test).run(TC Full Reset (Alfa Test):384)
	at com.kms.katalon.core.main.ScriptEngine.run(ScriptEngine.java:194)
	at com.kms.katalon.core.main.ScriptEngine.runScriptAsRawText(ScriptEngine.java:119)
	at com.kms.katalon.core.main.TestCaseExecutor.runScript(TestCaseExecutor.java:448)
	at com.kms.katalon.core.main.TestCaseExecutor.doExecute(TestCaseExecutor.java:439)
	at com.kms.katalon.core.main.TestCaseExecutor.processExecutionPhase(TestCaseExecutor.java:418)
	at com.kms.katalon.core.main.TestCaseExecutor.accessMainPhase(TestCaseExecutor.java:410)
	at com.kms.katalon.core.main.TestCaseExecutor.execute(TestCaseExecutor.java:285)
	at com.kms.katalon.core.common.CommonExecutor.accessTestCaseMainPhase(CommonExecutor.java:65)
	at com.kms.katalon.core.main.TestSuiteExecutor.accessTestSuiteMainPhase(TestSuiteExecutor.java:148)
	at com.kms.katalon.core.main.TestSuiteExecutor.execute(TestSuiteExecutor.java:106)
	at com.kms.katalon.core.main.TestCaseMain.startTestSuite(TestCaseMain.java:180)
	at TempTestSuite1704193631641.run(TempTestSuite1704193631641.groovy:36)
	at java.base/jdk.internal.reflect.NativeMethodAccessorImpl.invoke0(Native Method)
	at java.base/jdk.internal.reflect.NativeMethodAccessorImpl.invoke(NativeMethodAccessorImpl.java:77)
	at java.base/jdk.internal.reflect.DelegatingMethodAccessorImpl.invoke(DelegatingMethodAccessorImpl.java:43)
)

02-01-2024T18:10:09 - [MESSAGE][WARNING] - Web element with id: 'Object Repository/Pin/pin input A' located by 'By.xpath: //*[@id="appMountPoint"]/div/div/div/div[2]/div/div/div[2]/div[3]/input[1]' is present after '2' second(s) (Root cause: com.kms.katalon.core.exception.StepFailedException: Web element with id: 'Object Repository/Pin/pin input A' located by 'By.xpath: //*[@id="appMountPoint"]/div/div/div/div[2]/div/div/div[2]/div[3]/input[1]' is present after '2' second(s)
	at com.kms.katalon.core.webui.keyword.internal.WebUIKeywordMain.stepFailed(WebUIKeywordMain.groovy:64)
	at com.kms.katalon.core.webui.keyword.internal.WebUIKeywordMain$stepFailed$0.call(Unknown Source)
	at com.kms.katalon.core.webui.keyword.builtin.VerifyElementNotPresentKeyword$_verifyElementNotPresent_closure1.doCall(VerifyElementNotPresentKeyword.groovy:113)
	at com.kms.katalon.core.webui.keyword.builtin.VerifyElementNotPresentKeyword$_verifyElementNotPresent_closure1.doCall(VerifyElementNotPresentKeyword.groovy)
	at java.base/jdk.internal.reflect.NativeMethodAccessorImpl.invoke0(Native Method)
	at java.base/jdk.internal.reflect.NativeMethodAccessorImpl.invoke(NativeMethodAccessorImpl.java:77)
	at java.base/jdk.internal.reflect.DelegatingMethodAccessorImpl.invoke(DelegatingMethodAccessorImpl.java:43)
	at com.kms.katalon.core.webui.keyword.internal.WebUIKeywordMain.runKeyword(WebUIKeywordMain.groovy:20)
	at com.kms.katalon.core.webui.keyword.internal.WebUIKeywordMain$runKeyword.call(Unknown Source)
	at com.kms.katalon.core.webui.keyword.builtin.VerifyElementNotPresentKeyword.verifyElementNotPresent(VerifyElementNotPresentKeyword.groovy:122)
	at com.kms.katalon.core.webui.keyword.builtin.VerifyElementNotPresentKeyword.execute(VerifyElementNotPresentKeyword.groovy:68)
	at com.kms.katalon.core.keyword.internal.KeywordExecutor.executeKeywordForPlatform(KeywordExecutor.groovy:74)
	at com.kms.katalon.core.webui.keyword.WebUiBuiltInKeywords.verifyElementNotPresent(WebUiBuiltInKeywords.groovy:1520)
	at TC Full Reset (Alfa Test).run(TC Full Reset (Alfa Test):384)
	at com.kms.katalon.core.main.ScriptEngine.run(ScriptEngine.java:194)
	at com.kms.katalon.core.main.ScriptEngine.runScriptAsRawText(ScriptEngine.java:119)
	at com.kms.katalon.core.main.TestCaseExecutor.runScript(TestCaseExecutor.java:448)
	at com.kms.katalon.core.main.TestCaseExecutor.doExecute(TestCaseExecutor.java:439)
	at com.kms.katalon.core.main.TestCaseExecutor.processExecutionPhase(TestCaseExecutor.java:418)
	at com.kms.katalon.core.main.TestCaseExecutor.accessMainPhase(TestCaseExecutor.java:410)
	at com.kms.katalon.core.main.TestCaseExecutor.execute(TestCaseExecutor.java:285)
	at com.kms.katalon.core.common.CommonExecutor.accessTestCaseMainPhase(CommonExecutor.java:65)
	at com.kms.katalon.core.main.TestSuiteExecutor.accessTestSuiteMainPhase(TestSuiteExecutor.java:148)
	at com.kms.katalon.core.main.TestSuiteExecutor.execute(TestSuiteExecutor.java:106)
	at com.kms.katalon.core.main.TestCaseMain.startTestSuite(TestCaseMain.java:180)
	at TempTestSuite1704193631641.run(TempTestSuite1704193631641.groovy:36)
	at java.base/jdk.internal.reflect.NativeMethodAccessorImpl.invoke0(Native Method)
	at java.base/jdk.internal.reflect.NativeMethodAccessorImpl.invoke(NativeMethodAccessorImpl.java:77)
	at java.base/jdk.internal.reflect.DelegatingMethodAccessorImpl.invoke(DelegatingMethodAccessorImpl.java:43)
)
[[ATTACHMENT|D:\\katalon\\akunmu-netflix\\Reports\\20240102_180710\\Test\\20240102_180711\\1704193809832.png]]

02-01-2024T18:10:09 - [TEST_STEP][PASSED] - else: Object: 'Object Repository/Pin/pin input save 4' is clicked on

02-01-2024T18:10:09 - [TEST_STEP][PASSED] - click(findTestObject("Pin/pin checkbox")): Object: 'Object Repository/Pin/pin checkbox' is clicked on

02-01-2024T18:10:10 - [MESSAGE][PASSED] - Object: 'Object Repository/Pin/pin checkbox' is clicked on

02-01-2024T18:10:10 - [TEST_STEP][PASSED] - click(findTestObject("Pin/pin input save 1a")): Object: 'Object Repository/Pin/pin input save 1a' is clicked on

02-01-2024T18:10:10 - [MESSAGE][PASSED] - Object: 'Object Repository/Pin/pin input save 1a' is clicked on

02-01-2024T18:10:10 - [TEST_STEP][PASSED] - click(findTestObject("Pin/pin expand button 4")): Object: 'Object Repository/Pin/pin expand button 4' is clicked on

02-01-2024T18:10:13 - [MESSAGE][PASSED] - Object: 'Object Repository/Pin/pin expand button 4' is clicked on

02-01-2024T18:10:13 - [TEST_STEP][PASSED] - click(findTestObject("Pin/pin change 4")): Object: 'Object Repository/Pin/pin change 4' is clicked on

02-01-2024T18:10:14 - [MESSAGE][PASSED] - Object: 'Object Repository/Pin/pin change 4' is clicked on

02-01-2024T18:10:14 - [TEST_STEP][PASSED] - setText(findTestObject("Pin/pin input password"), password): Text 'aku1100' is set on object 'Object Repository/Pin/pin input password'

02-01-2024T18:10:16 - [MESSAGE][PASSED] - Text 'aku1100' is set on object 'Object Repository/Pin/pin input password'

02-01-2024T18:10:16 - [TEST_STEP][PASSED] - click(findTestObject("Pin/pin input password continue")): Object: 'Object Repository/Pin/pin input password continue' is clicked on

02-01-2024T18:10:16 - [MESSAGE][PASSED] - Object: 'Object Repository/Pin/pin input password continue' is clicked on

02-01-2024T18:10:16 - [TEST_STEP][PASSED] - click(findTestObject("Pin/pin checkbox")): Object: 'Object Repository/Pin/pin checkbox' is clicked on

02-01-2024T18:10:17 - [MESSAGE][PASSED] - Object: 'Object Repository/Pin/pin checkbox' is clicked on

02-01-2024T18:10:17 - [TEST_STEP][PASSED] - setText(findTestObject("Pin/pin input A"), "1"): Text '1' is set on object 'Object Repository/Pin/pin input A'

02-01-2024T18:10:18 - [MESSAGE][PASSED] - Text '1' is set on object 'Object Repository/Pin/pin input A'

02-01-2024T18:10:18 - [TEST_STEP][PASSED] - setText(findTestObject("Pin/pin input B"), "1"): Text '1' is set on object 'Object Repository/Pin/pin input B'

02-01-2024T18:10:19 - [MESSAGE][PASSED] - Text '1' is set on object 'Object Repository/Pin/pin input B'

02-01-2024T18:10:19 - [TEST_STEP][PASSED] - setText(findTestObject("Pin/pin input C"), "1"): Text '1' is set on object 'Object Repository/Pin/pin input C'

02-01-2024T18:10:20 - [MESSAGE][PASSED] - Text '1' is set on object 'Object Repository/Pin/pin input C'

02-01-2024T18:10:20 - [TEST_STEP][PASSED] - setText(findTestObject("Pin/pin input D"), "4"): Text '4' is set on object 'Object Repository/Pin/pin input D'

02-01-2024T18:10:20 - [MESSAGE][PASSED] - Text '4' is set on object 'Object Repository/Pin/pin input D'

02-01-2024T18:10:20 - [TEST_STEP][PASSED] - click(findTestObject("Pin/pin input save 4")): Object: 'Object Repository/Pin/pin input save 4' is clicked on

02-01-2024T18:10:21 - [MESSAGE][PASSED] - Object: 'Object Repository/Pin/pin input save 4' is clicked on

02-01-2024T18:10:21 - [TEST_STEP][PASSED] - click(findTestObject("Pin/pin expand button 5")): Object: 'Object Repository/Pin/pin expand button 5' is clicked on

02-01-2024T18:10:23 - [MESSAGE][PASSED] - Object: 'Object Repository/Pin/pin expand button 5' is clicked on

02-01-2024T18:10:23 - [TEST_STEP][PASSED] - click(findTestObject("Pin/pin change 5")): Object: 'Object Repository/Pin/pin change 5' is clicked on

02-01-2024T18:10:24 - [MESSAGE][PASSED] - Object: 'Object Repository/Pin/pin change 5' is clicked on

02-01-2024T18:10:24 - [TEST_STEP][PASSED] - setText(findTestObject("Pin/pin input password"), password): Text 'aku1100' is set on object 'Object Repository/Pin/pin input password'

02-01-2024T18:10:25 - [MESSAGE][PASSED] - Text 'aku1100' is set on object 'Object Repository/Pin/pin input password'

02-01-2024T18:10:25 - [TEST_STEP][PASSED] - click(findTestObject("Pin/pin input password continue")): Object: 'Object Repository/Pin/pin input password continue' is clicked on

02-01-2024T18:10:26 - [MESSAGE][PASSED] - Object: 'Object Repository/Pin/pin input password continue' is clicked on

02-01-2024T18:10:26 - [TEST_STEP][PASSED] - if (verifyElementNotPresent(findTestObject("Pin/pin input A"), 2, OPTIONAL)): Web element with id: 'Object Repository/Pin/pin input A' located by 'By.xpath: //*[@id="appMountPoint"]/div/div/div/div[2]/div/div/div[2]/div[3]/input[1]' is present after '2' second(s) (Root cause: com.kms.katalon.core.exception.StepFailedException: Web element with id: 'Object Repository/Pin/pin input A' located by 'By.xpath: //*[@id="appMountPoint"]/div/div/div/div[2]/div/div/div[2]/div[3]/input[1]' is present after '2' second(s)
	at com.kms.katalon.core.webui.keyword.internal.WebUIKeywordMain.stepFailed(WebUIKeywordMain.groovy:64)
	at com.kms.katalon.core.webui.keyword.internal.WebUIKeywordMain$stepFailed$0.call(Unknown Source)
	at com.kms.katalon.core.webui.keyword.builtin.VerifyElementNotPresentKeyword$_verifyElementNotPresent_closure1.doCall(VerifyElementNotPresentKeyword.groovy:113)
	at com.kms.katalon.core.webui.keyword.builtin.VerifyElementNotPresentKeyword$_verifyElementNotPresent_closure1.doCall(VerifyElementNotPresentKeyword.groovy)
	at java.base/jdk.internal.reflect.NativeMethodAccessorImpl.invoke0(Native Method)
	at java.base/jdk.internal.reflect.NativeMethodAccessorImpl.invoke(NativeMethodAccessorImpl.java:77)
	at java.base/jdk.internal.reflect.DelegatingMethodAccessorImpl.invoke(DelegatingMethodAccessorImpl.java:43)
	at com.kms.katalon.core.webui.keyword.internal.WebUIKeywordMain.runKeyword(WebUIKeywordMain.groovy:20)
	at com.kms.katalon.core.webui.keyword.internal.WebUIKeywordMain$runKeyword.call(Unknown Source)
	at com.kms.katalon.core.webui.keyword.builtin.VerifyElementNotPresentKeyword.verifyElementNotPresent(VerifyElementNotPresentKeyword.groovy:122)
	at com.kms.katalon.core.webui.keyword.builtin.VerifyElementNotPresentKeyword.execute(VerifyElementNotPresentKeyword.groovy:68)
	at com.kms.katalon.core.keyword.internal.KeywordExecutor.executeKeywordForPlatform(KeywordExecutor.groovy:74)
	at com.kms.katalon.core.webui.keyword.WebUiBuiltInKeywords.verifyElementNotPresent(WebUiBuiltInKeywords.groovy:1520)
	at TC Full Reset (Alfa Test).run(TC Full Reset (Alfa Test):434)
	at com.kms.katalon.core.main.ScriptEngine.run(ScriptEngine.java:194)
	at com.kms.katalon.core.main.ScriptEngine.runScriptAsRawText(ScriptEngine.java:119)
	at com.kms.katalon.core.main.TestCaseExecutor.runScript(TestCaseExecutor.java:448)
	at com.kms.katalon.core.main.TestCaseExecutor.doExecute(TestCaseExecutor.java:439)
	at com.kms.katalon.core.main.TestCaseExecutor.processExecutionPhase(TestCaseExecutor.java:418)
	at com.kms.katalon.core.main.TestCaseExecutor.accessMainPhase(TestCaseExecutor.java:410)
	at com.kms.katalon.core.main.TestCaseExecutor.execute(TestCaseExecutor.java:285)
	at com.kms.katalon.core.common.CommonExecutor.accessTestCaseMainPhase(CommonExecutor.java:65)
	at com.kms.katalon.core.main.TestSuiteExecutor.accessTestSuiteMainPhase(TestSuiteExecutor.java:148)
	at com.kms.katalon.core.main.TestSuiteExecutor.execute(TestSuiteExecutor.java:106)
	at com.kms.katalon.core.main.TestCaseMain.startTestSuite(TestCaseMain.java:180)
	at TempTestSuite1704193631641.run(TempTestSuite1704193631641.groovy:36)
	at java.base/jdk.internal.reflect.NativeMethodAccessorImpl.invoke0(Native Method)
	at java.base/jdk.internal.reflect.NativeMethodAccessorImpl.invoke(NativeMethodAccessorImpl.java:77)
	at java.base/jdk.internal.reflect.DelegatingMethodAccessorImpl.invoke(DelegatingMethodAccessorImpl.java:43)
)

02-01-2024T18:10:28 - [MESSAGE][WARNING] - Web element with id: 'Object Repository/Pin/pin input A' located by 'By.xpath: //*[@id="appMountPoint"]/div/div/div/div[2]/div/div/div[2]/div[3]/input[1]' is present after '2' second(s) (Root cause: com.kms.katalon.core.exception.StepFailedException: Web element with id: 'Object Repository/Pin/pin input A' located by 'By.xpath: //*[@id="appMountPoint"]/div/div/div/div[2]/div/div/div[2]/div[3]/input[1]' is present after '2' second(s)
	at com.kms.katalon.core.webui.keyword.internal.WebUIKeywordMain.stepFailed(WebUIKeywordMain.groovy:64)
	at com.kms.katalon.core.webui.keyword.internal.WebUIKeywordMain$stepFailed$0.call(Unknown Source)
	at com.kms.katalon.core.webui.keyword.builtin.VerifyElementNotPresentKeyword$_verifyElementNotPresent_closure1.doCall(VerifyElementNotPresentKeyword.groovy:113)
	at com.kms.katalon.core.webui.keyword.builtin.VerifyElementNotPresentKeyword$_verifyElementNotPresent_closure1.doCall(VerifyElementNotPresentKeyword.groovy)
	at java.base/jdk.internal.reflect.NativeMethodAccessorImpl.invoke0(Native Method)
	at java.base/jdk.internal.reflect.NativeMethodAccessorImpl.invoke(NativeMethodAccessorImpl.java:77)
	at java.base/jdk.internal.reflect.DelegatingMethodAccessorImpl.invoke(DelegatingMethodAccessorImpl.java:43)
	at com.kms.katalon.core.webui.keyword.internal.WebUIKeywordMain.runKeyword(WebUIKeywordMain.groovy:20)
	at com.kms.katalon.core.webui.keyword.internal.WebUIKeywordMain$runKeyword.call(Unknown Source)
	at com.kms.katalon.core.webui.keyword.builtin.VerifyElementNotPresentKeyword.verifyElementNotPresent(VerifyElementNotPresentKeyword.groovy:122)
	at com.kms.katalon.core.webui.keyword.builtin.VerifyElementNotPresentKeyword.execute(VerifyElementNotPresentKeyword.groovy:68)
	at com.kms.katalon.core.keyword.internal.KeywordExecutor.executeKeywordForPlatform(KeywordExecutor.groovy:74)
	at com.kms.katalon.core.webui.keyword.WebUiBuiltInKeywords.verifyElementNotPresent(WebUiBuiltInKeywords.groovy:1520)
	at TC Full Reset (Alfa Test).run(TC Full Reset (Alfa Test):434)
	at com.kms.katalon.core.main.ScriptEngine.run(ScriptEngine.java:194)
	at com.kms.katalon.core.main.ScriptEngine.runScriptAsRawText(ScriptEngine.java:119)
	at com.kms.katalon.core.main.TestCaseExecutor.runScript(TestCaseExecutor.java:448)
	at com.kms.katalon.core.main.TestCaseExecutor.doExecute(TestCaseExecutor.java:439)
	at com.kms.katalon.core.main.TestCaseExecutor.processExecutionPhase(TestCaseExecutor.java:418)
	at com.kms.katalon.core.main.TestCaseExecutor.accessMainPhase(TestCaseExecutor.java:410)
	at com.kms.katalon.core.main.TestCaseExecutor.execute(TestCaseExecutor.java:285)
	at com.kms.katalon.core.common.CommonExecutor.accessTestCaseMainPhase(CommonExecutor.java:65)
	at com.kms.katalon.core.main.TestSuiteExecutor.accessTestSuiteMainPhase(TestSuiteExecutor.java:148)
	at com.kms.katalon.core.main.TestSuiteExecutor.execute(TestSuiteExecutor.java:106)
	at com.kms.katalon.core.main.TestCaseMain.startTestSuite(TestCaseMain.java:180)
	at TempTestSuite1704193631641.run(TempTestSuite1704193631641.groovy:36)
	at java.base/jdk.internal.reflect.NativeMethodAccessorImpl.invoke0(Native Method)
	at java.base/jdk.internal.reflect.NativeMethodAccessorImpl.invoke(NativeMethodAccessorImpl.java:77)
	at java.base/jdk.internal.reflect.DelegatingMethodAccessorImpl.invoke(DelegatingMethodAccessorImpl.java:43)
)
[[ATTACHMENT|D:\\katalon\\akunmu-netflix\\Reports\\20240102_180710\\Test\\20240102_180711\\1704193828583.png]]

02-01-2024T18:10:28 - [TEST_STEP][PASSED] - else: Object: 'Object Repository/Pin/pin input save 5' is clicked on

02-01-2024T18:10:28 - [TEST_STEP][PASSED] - click(findTestObject("Pin/pin checkbox")): Object: 'Object Repository/Pin/pin checkbox' is clicked on

02-01-2024T18:10:29 - [MESSAGE][PASSED] - Object: 'Object Repository/Pin/pin checkbox' is clicked on

02-01-2024T18:10:29 - [TEST_STEP][PASSED] - click(findTestObject("Pin/pin input save 1a")): Object: 'Object Repository/Pin/pin input save 1a' is clicked on

02-01-2024T18:10:29 - [MESSAGE][PASSED] - Object: 'Object Repository/Pin/pin input save 1a' is clicked on

02-01-2024T18:10:29 - [TEST_STEP][PASSED] - click(findTestObject("Pin/pin expand button 5")): Object: 'Object Repository/Pin/pin expand button 5' is clicked on

02-01-2024T18:10:31 - [MESSAGE][PASSED] - Object: 'Object Repository/Pin/pin expand button 5' is clicked on

02-01-2024T18:10:31 - [TEST_STEP][PASSED] - click(findTestObject("Pin/pin change 5")): Object: 'Object Repository/Pin/pin change 5' is clicked on

02-01-2024T18:10:32 - [MESSAGE][PASSED] - Object: 'Object Repository/Pin/pin change 5' is clicked on

02-01-2024T18:10:32 - [TEST_STEP][PASSED] - setText(findTestObject("Pin/pin input password"), password): Text 'aku1100' is set on object 'Object Repository/Pin/pin input password'

02-01-2024T18:10:33 - [MESSAGE][PASSED] - Text 'aku1100' is set on object 'Object Repository/Pin/pin input password'

02-01-2024T18:10:33 - [TEST_STEP][PASSED] - click(findTestObject("Pin/pin input password continue")): Object: 'Object Repository/Pin/pin input password continue' is clicked on

02-01-2024T18:10:34 - [MESSAGE][PASSED] - Object: 'Object Repository/Pin/pin input password continue' is clicked on

02-01-2024T18:10:34 - [TEST_STEP][PASSED] - click(findTestObject("Pin/pin checkbox")): Object: 'Object Repository/Pin/pin checkbox' is clicked on

02-01-2024T18:10:34 - [MESSAGE][PASSED] - Object: 'Object Repository/Pin/pin checkbox' is clicked on

02-01-2024T18:10:34 - [TEST_STEP][PASSED] - setText(findTestObject("Pin/pin input A"), "1"): Text '1' is set on object 'Object Repository/Pin/pin input A'

02-01-2024T18:10:35 - [MESSAGE][PASSED] - Text '1' is set on object 'Object Repository/Pin/pin input A'

02-01-2024T18:10:35 - [TEST_STEP][PASSED] - setText(findTestObject("Pin/pin input B"), "1"): Text '1' is set on object 'Object Repository/Pin/pin input B'

02-01-2024T18:10:36 - [MESSAGE][PASSED] - Text '1' is set on object 'Object Repository/Pin/pin input B'

02-01-2024T18:10:36 - [TEST_STEP][PASSED] - setText(findTestObject("Pin/pin input C"), "1"): Text '1' is set on object 'Object Repository/Pin/pin input C'

02-01-2024T18:10:37 - [MESSAGE][PASSED] - Text '1' is set on object 'Object Repository/Pin/pin input C'

02-01-2024T18:10:37 - [TEST_STEP][PASSED] - setText(findTestObject("Pin/pin input D"), "5"): Text '5' is set on object 'Object Repository/Pin/pin input D'

02-01-2024T18:10:38 - [MESSAGE][PASSED] - Text '5' is set on object 'Object Repository/Pin/pin input D'

02-01-2024T18:10:38 - [TEST_STEP][PASSED] - click(findTestObject("Pin/pin input save 5")): Object: 'Object Repository/Pin/pin input save 5' is clicked on

02-01-2024T18:10:38 - [MESSAGE][PASSED] - Object: 'Object Repository/Pin/pin input save 5' is clicked on

02-01-2024T18:10:38 - [TEST_STEP][PASSED] - delay(2): Delayed 2 second(s)

02-01-2024T18:10:40 - [MESSAGE][PASSED] - Delayed 2 second(s)

02-01-2024T18:10:40 - [TEST_STEP][PASSED] - navigateToUrl("https://www.netflix.com/YourAccount"): Navigate to 'https://www.netflix.com/YourAccount' successfully

02-01-2024T18:10:41 - [MESSAGE][PASSED] - Navigate to 'https://www.netflix.com/YourAccount' successfully

02-01-2024T18:10:41 - [TEST_STEP][PASSED] - click(findTestObject("Pin/pin expand button 1")): Object: 'Object Repository/Pin/pin expand button 1' is clicked on

02-01-2024T18:10:42 - [MESSAGE][PASSED] - Object: 'Object Repository/Pin/pin expand button 1' is clicked on

02-01-2024T18:10:42 - [TEST_STEP][PASSED] - click(findTestObject("StreamActivity/lihat 1")): Object: 'Object Repository/StreamActivity/lihat 1' is clicked on

02-01-2024T18:10:43 - [MESSAGE][PASSED] - Object: 'Object Repository/StreamActivity/lihat 1' is clicked on

02-01-2024T18:10:43 - [TEST_STEP][PASSED] - click(findTestObject("StreamActivity/sembunyikan"), OPTIONAL): Unable to click on object 'Object Repository/StreamActivity/sembunyikan' (Root cause: com.kms.katalon.core.exception.StepFailedException: Unable to click on object 'Object Repository/StreamActivity/sembunyikan'
	at com.kms.katalon.core.webui.keyword.internal.WebUIKeywordMain.stepFailed(WebUIKeywordMain.groovy:64)
	at com.kms.katalon.core.webui.keyword.internal.WebUIKeywordMain.runKeyword(WebUIKeywordMain.groovy:26)
	at com.kms.katalon.core.webui.keyword.builtin.ClickKeyword.click(ClickKeyword.groovy:74)
	at com.kms.katalon.core.webui.keyword.builtin.ClickKeyword.execute(ClickKeyword.groovy:40)
	at com.kms.katalon.core.keyword.internal.KeywordExecutor.executeKeywordForPlatform(KeywordExecutor.groovy:74)
	at com.kms.katalon.core.webui.keyword.WebUiBuiltInKeywords.click(WebUiBuiltInKeywords.groovy:647)
	at TC Full Reset (Alfa Test).run(TC Full Reset (Alfa Test):485)
	at com.kms.katalon.core.main.ScriptEngine.run(ScriptEngine.java:194)
	at com.kms.katalon.core.main.ScriptEngine.runScriptAsRawText(ScriptEngine.java:119)
	at com.kms.katalon.core.main.TestCaseExecutor.runScript(TestCaseExecutor.java:448)
	at com.kms.katalon.core.main.TestCaseExecutor.doExecute(TestCaseExecutor.java:439)
	at com.kms.katalon.core.main.TestCaseExecutor.processExecutionPhase(TestCaseExecutor.java:418)
	at com.kms.katalon.core.main.TestCaseExecutor.accessMainPhase(TestCaseExecutor.java:410)
	at com.kms.katalon.core.main.TestCaseExecutor.execute(TestCaseExecutor.java:285)
	at com.kms.katalon.core.common.CommonExecutor.accessTestCaseMainPhase(CommonExecutor.java:65)
	at com.kms.katalon.core.main.TestSuiteExecutor.accessTestSuiteMainPhase(TestSuiteExecutor.java:148)
	at com.kms.katalon.core.main.TestSuiteExecutor.execute(TestSuiteExecutor.java:106)
	at com.kms.katalon.core.main.TestCaseMain.startTestSuite(TestCaseMain.java:180)
	at TempTestSuite1704193631641.run(TempTestSuite1704193631641.groovy:36)
	at java.base/jdk.internal.reflect.NativeMethodAccessorImpl.invoke0(Native Method)
	at java.base/jdk.internal.reflect.NativeMethodAccessorImpl.invoke(NativeMethodAccessorImpl.java:77)
	at java.base/jdk.internal.reflect.DelegatingMethodAccessorImpl.invoke(DelegatingMethodAccessorImpl.java:43)
Caused by: com.kms.katalon.core.webui.exception.WebElementNotFoundException: Web element with id: 'Object Repository/StreamActivity/sembunyikan' located by '//*[@id="appMountPoint"]/div/div/div/div[2]/div/div/div[2]/div[2]/a[1]' not found
	at com.kms.katalon.core.webui.common.WebUiCommonHelper.findWebElement(WebUiCommonHelper.java:1379)
	at com.kms.katalon.core.webui.keyword.internal.WebUIAbstractKeyword.findWebElement(WebUIAbstractKeyword.groovy:27)
	at com.kms.katalon.core.webui.keyword.builtin.ClickKeyword$_click_closure1.doCall(ClickKeyword.groovy:65)
	at com.kms.katalon.core.webui.keyword.builtin.ClickKeyword$_click_closure1.call(ClickKeyword.groovy)
	at com.kms.katalon.core.webui.keyword.internal.WebUIKeywordMain.runKeyword(WebUIKeywordMain.groovy:20)
	at com.kms.katalon.core.webui.keyword.builtin.ClickKeyword.click(ClickKeyword.groovy:74)
	at com.kms.katalon.core.webui.keyword.builtin.ClickKeyword.execute(ClickKeyword.groovy:40)
	at com.kms.katalon.core.keyword.internal.KeywordExecutor.executeKeywordForPlatform(KeywordExecutor.groovy:74)
	at com.kms.katalon.core.webui.keyword.WebUiBuiltInKeywords.click(WebUiBuiltInKeywords.groovy:647)
	at Script1704176576008.run(Script1704176576008.groovy:485)
	... 15 more
)

02-01-2024T18:10:46 - [MESSAGE][INFO] - Unable to find the element located by 'By.xpath: //*[@id="appMountPoint"]/div/div/div/div[2]/div/div/div[2]/div[2]/a[1]'. Please recheck the objects properties to make sure the desired element is located. 

02-01-2024T18:10:46 - [MESSAGE][WARNING] - Unable to click on object 'Object Repository/StreamActivity/sembunyikan' (Root cause: com.kms.katalon.core.exception.StepFailedException: Unable to click on object 'Object Repository/StreamActivity/sembunyikan'
	at com.kms.katalon.core.webui.keyword.internal.WebUIKeywordMain.stepFailed(WebUIKeywordMain.groovy:64)
	at com.kms.katalon.core.webui.keyword.internal.WebUIKeywordMain.runKeyword(WebUIKeywordMain.groovy:26)
	at com.kms.katalon.core.webui.keyword.builtin.ClickKeyword.click(ClickKeyword.groovy:74)
	at com.kms.katalon.core.webui.keyword.builtin.ClickKeyword.execute(ClickKeyword.groovy:40)
	at com.kms.katalon.core.keyword.internal.KeywordExecutor.executeKeywordForPlatform(KeywordExecutor.groovy:74)
	at com.kms.katalon.core.webui.keyword.WebUiBuiltInKeywords.click(WebUiBuiltInKeywords.groovy:647)
	at TC Full Reset (Alfa Test).run(TC Full Reset (Alfa Test):485)
	at com.kms.katalon.core.main.ScriptEngine.run(ScriptEngine.java:194)
	at com.kms.katalon.core.main.ScriptEngine.runScriptAsRawText(ScriptEngine.java:119)
	at com.kms.katalon.core.main.TestCaseExecutor.runScript(TestCaseExecutor.java:448)
	at com.kms.katalon.core.main.TestCaseExecutor.doExecute(TestCaseExecutor.java:439)
	at com.kms.katalon.core.main.TestCaseExecutor.processExecutionPhase(TestCaseExecutor.java:418)
	at com.kms.katalon.core.main.TestCaseExecutor.accessMainPhase(TestCaseExecutor.java:410)
	at com.kms.katalon.core.main.TestCaseExecutor.execute(TestCaseExecutor.java:285)
	at com.kms.katalon.core.common.CommonExecutor.accessTestCaseMainPhase(CommonExecutor.java:65)
	at com.kms.katalon.core.main.TestSuiteExecutor.accessTestSuiteMainPhase(TestSuiteExecutor.java:148)
	at com.kms.katalon.core.main.TestSuiteExecutor.execute(TestSuiteExecutor.java:106)
	at com.kms.katalon.core.main.TestCaseMain.startTestSuite(TestCaseMain.java:180)
	at TempTestSuite1704193631641.run(TempTestSuite1704193631641.groovy:36)
	at java.base/jdk.internal.reflect.NativeMethodAccessorImpl.invoke0(Native Method)
	at java.base/jdk.internal.reflect.NativeMethodAccessorImpl.invoke(NativeMethodAccessorImpl.java:77)
	at java.base/jdk.internal.reflect.DelegatingMethodAccessorImpl.invoke(DelegatingMethodAccessorImpl.java:43)
Caused by: com.kms.katalon.core.webui.exception.WebElementNotFoundException: Web element with id: 'Object Repository/StreamActivity/sembunyikan' located by '//*[@id="appMountPoint"]/div/div/div/div[2]/div/div/div[2]/div[2]/a[1]' not found
	at com.kms.katalon.core.webui.common.WebUiCommonHelper.findWebElement(WebUiCommonHelper.java:1379)
	at com.kms.katalon.core.webui.keyword.internal.WebUIAbstractKeyword.findWebElement(WebUIAbstractKeyword.groovy:27)
	at com.kms.katalon.core.webui.keyword.builtin.ClickKeyword$_click_closure1.doCall(ClickKeyword.groovy:65)
	at com.kms.katalon.core.webui.keyword.builtin.ClickKeyword$_click_closure1.call(ClickKeyword.groovy)
	at com.kms.katalon.core.webui.keyword.internal.WebUIKeywordMain.runKeyword(WebUIKeywordMain.groovy:20)
	at com.kms.katalon.core.webui.keyword.builtin.ClickKeyword.click(ClickKeyword.groovy:74)
	at com.kms.katalon.core.webui.keyword.builtin.ClickKeyword.execute(ClickKeyword.groovy:40)
	at com.kms.katalon.core.keyword.internal.KeywordExecutor.executeKeywordForPlatform(KeywordExecutor.groovy:74)
	at com.kms.katalon.core.webui.keyword.WebUiBuiltInKeywords.click(WebUiBuiltInKeywords.groovy:647)
	at Script1704176576008.run(Script1704176576008.groovy:485)
	... 15 more
)
[[ATTACHMENT|D:\\katalon\\akunmu-netflix\\Reports\\20240102_180710\\Test\\20240102_180711\\1704193846842.png]]

02-01-2024T18:10:46 - [TEST_STEP][PASSED] - click(findTestObject("StreamActivity/sembunyikan ya"), OPTIONAL): Unable to click on object 'Object Repository/StreamActivity/sembunyikan ya' (Root cause: com.kms.katalon.core.exception.StepFailedException: Unable to click on object 'Object Repository/StreamActivity/sembunyikan ya'
	at com.kms.katalon.core.webui.keyword.internal.WebUIKeywordMain.stepFailed(WebUIKeywordMain.groovy:64)
	at com.kms.katalon.core.webui.keyword.internal.WebUIKeywordMain.runKeyword(WebUIKeywordMain.groovy:26)
	at com.kms.katalon.core.webui.keyword.builtin.ClickKeyword.click(ClickKeyword.groovy:74)
	at com.kms.katalon.core.webui.keyword.builtin.ClickKeyword.execute(ClickKeyword.groovy:40)
	at com.kms.katalon.core.keyword.internal.KeywordExecutor.executeKeywordForPlatform(KeywordExecutor.groovy:74)
	at com.kms.katalon.core.webui.keyword.WebUiBuiltInKeywords.click(WebUiBuiltInKeywords.groovy:647)
	at TC Full Reset (Alfa Test).run(TC Full Reset (Alfa Test):487)
	at com.kms.katalon.core.main.ScriptEngine.run(ScriptEngine.java:194)
	at com.kms.katalon.core.main.ScriptEngine.runScriptAsRawText(ScriptEngine.java:119)
	at com.kms.katalon.core.main.TestCaseExecutor.runScript(TestCaseExecutor.java:448)
	at com.kms.katalon.core.main.TestCaseExecutor.doExecute(TestCaseExecutor.java:439)
	at com.kms.katalon.core.main.TestCaseExecutor.processExecutionPhase(TestCaseExecutor.java:418)
	at com.kms.katalon.core.main.TestCaseExecutor.accessMainPhase(TestCaseExecutor.java:410)
	at com.kms.katalon.core.main.TestCaseExecutor.execute(TestCaseExecutor.java:285)
	at com.kms.katalon.core.common.CommonExecutor.accessTestCaseMainPhase(CommonExecutor.java:65)
	at com.kms.katalon.core.main.TestSuiteExecutor.accessTestSuiteMainPhase(TestSuiteExecutor.java:148)
	at com.kms.katalon.core.main.TestSuiteExecutor.execute(TestSuiteExecutor.java:106)
	at com.kms.katalon.core.main.TestCaseMain.startTestSuite(TestCaseMain.java:180)
	at TempTestSuite1704193631641.run(TempTestSuite1704193631641.groovy:36)
	at java.base/jdk.internal.reflect.NativeMethodAccessorImpl.invoke0(Native Method)
	at java.base/jdk.internal.reflect.NativeMethodAccessorImpl.invoke(NativeMethodAccessorImpl.java:77)
	at java.base/jdk.internal.reflect.DelegatingMethodAccessorImpl.invoke(DelegatingMethodAccessorImpl.java:43)
Caused by: com.kms.katalon.core.webui.exception.WebElementNotFoundException: Web element with id: 'Object Repository/StreamActivity/sembunyikan ya' located by '//*[@id="appMountPoint"]/div/div/div/div[2]/div/div/div[2]/div[3]/div/footer/div/button[2]' not found
	at com.kms.katalon.core.webui.common.WebUiCommonHelper.findWebElement(WebUiCommonHelper.java:1379)
	at com.kms.katalon.core.webui.keyword.internal.WebUIAbstractKeyword.findWebElement(WebUIAbstractKeyword.groovy:27)
	at com.kms.katalon.core.webui.keyword.builtin.ClickKeyword$_click_closure1.doCall(ClickKeyword.groovy:65)
	at com.kms.katalon.core.webui.keyword.builtin.ClickKeyword$_click_closure1.call(ClickKeyword.groovy)
	at com.kms.katalon.core.webui.keyword.internal.WebUIKeywordMain.runKeyword(WebUIKeywordMain.groovy:20)
	at com.kms.katalon.core.webui.keyword.builtin.ClickKeyword.click(ClickKeyword.groovy:74)
	at com.kms.katalon.core.webui.keyword.builtin.ClickKeyword.execute(ClickKeyword.groovy:40)
	at com.kms.katalon.core.keyword.internal.KeywordExecutor.executeKeywordForPlatform(KeywordExecutor.groovy:74)
	at com.kms.katalon.core.webui.keyword.WebUiBuiltInKeywords.click(WebUiBuiltInKeywords.groovy:647)
	at Script1704176576008.run(Script1704176576008.groovy:487)
	... 15 more
)

02-01-2024T18:10:50 - [MESSAGE][INFO] - Unable to find the element located by 'By.xpath: //*[@id="appMountPoint"]/div/div/div/div[2]/div/div/div[2]/div[3]/div/footer/div/button[2]'. Please recheck the objects properties to make sure the desired element is located. 

02-01-2024T18:10:50 - [MESSAGE][WARNING] - Unable to click on object 'Object Repository/StreamActivity/sembunyikan ya' (Root cause: com.kms.katalon.core.exception.StepFailedException: Unable to click on object 'Object Repository/StreamActivity/sembunyikan ya'
	at com.kms.katalon.core.webui.keyword.internal.WebUIKeywordMain.stepFailed(WebUIKeywordMain.groovy:64)
	at com.kms.katalon.core.webui.keyword.internal.WebUIKeywordMain.runKeyword(WebUIKeywordMain.groovy:26)
	at com.kms.katalon.core.webui.keyword.builtin.ClickKeyword.click(ClickKeyword.groovy:74)
	at com.kms.katalon.core.webui.keyword.builtin.ClickKeyword.execute(ClickKeyword.groovy:40)
	at com.kms.katalon.core.keyword.internal.KeywordExecutor.executeKeywordForPlatform(KeywordExecutor.groovy:74)
	at com.kms.katalon.core.webui.keyword.WebUiBuiltInKeywords.click(WebUiBuiltInKeywords.groovy:647)
	at TC Full Reset (Alfa Test).run(TC Full Reset (Alfa Test):487)
	at com.kms.katalon.core.main.ScriptEngine.run(ScriptEngine.java:194)
	at com.kms.katalon.core.main.ScriptEngine.runScriptAsRawText(ScriptEngine.java:119)
	at com.kms.katalon.core.main.TestCaseExecutor.runScript(TestCaseExecutor.java:448)
	at com.kms.katalon.core.main.TestCaseExecutor.doExecute(TestCaseExecutor.java:439)
	at com.kms.katalon.core.main.TestCaseExecutor.processExecutionPhase(TestCaseExecutor.java:418)
	at com.kms.katalon.core.main.TestCaseExecutor.accessMainPhase(TestCaseExecutor.java:410)
	at com.kms.katalon.core.main.TestCaseExecutor.execute(TestCaseExecutor.java:285)
	at com.kms.katalon.core.common.CommonExecutor.accessTestCaseMainPhase(CommonExecutor.java:65)
	at com.kms.katalon.core.main.TestSuiteExecutor.accessTestSuiteMainPhase(TestSuiteExecutor.java:148)
	at com.kms.katalon.core.main.TestSuiteExecutor.execute(TestSuiteExecutor.java:106)
	at com.kms.katalon.core.main.TestCaseMain.startTestSuite(TestCaseMain.java:180)
	at TempTestSuite1704193631641.run(TempTestSuite1704193631641.groovy:36)
	at java.base/jdk.internal.reflect.NativeMethodAccessorImpl.invoke0(Native Method)
	at java.base/jdk.internal.reflect.NativeMethodAccessorImpl.invoke(NativeMethodAccessorImpl.java:77)
	at java.base/jdk.internal.reflect.DelegatingMethodAccessorImpl.invoke(DelegatingMethodAccessorImpl.java:43)
Caused by: com.kms.katalon.core.webui.exception.WebElementNotFoundException: Web element with id: 'Object Repository/StreamActivity/sembunyikan ya' located by '//*[@id="appMountPoint"]/div/div/div/div[2]/div/div/div[2]/div[3]/div/footer/div/button[2]' not found
	at com.kms.katalon.core.webui.common.WebUiCommonHelper.findWebElement(WebUiCommonHelper.java:1379)
	at com.kms.katalon.core.webui.keyword.internal.WebUIAbstractKeyword.findWebElement(WebUIAbstractKeyword.groovy:27)
	at com.kms.katalon.core.webui.keyword.builtin.ClickKeyword$_click_closure1.doCall(ClickKeyword.groovy:65)
	at com.kms.katalon.core.webui.keyword.builtin.ClickKeyword$_click_closure1.call(ClickKeyword.groovy)
	at com.kms.katalon.core.webui.keyword.internal.WebUIKeywordMain.runKeyword(WebUIKeywordMain.groovy:20)
	at com.kms.katalon.core.webui.keyword.builtin.ClickKeyword.click(ClickKeyword.groovy:74)
	at com.kms.katalon.core.webui.keyword.builtin.ClickKeyword.execute(ClickKeyword.groovy:40)
	at com.kms.katalon.core.keyword.internal.KeywordExecutor.executeKeywordForPlatform(KeywordExecutor.groovy:74)
	at com.kms.katalon.core.webui.keyword.WebUiBuiltInKeywords.click(WebUiBuiltInKeywords.groovy:647)
	at Script1704176576008.run(Script1704176576008.groovy:487)
	... 15 more
)
[[ATTACHMENT|D:\\katalon\\akunmu-netflix\\Reports\\20240102_180710\\Test\\20240102_180711\\1704193850148.png]]

02-01-2024T18:10:50 - [TEST_STEP][PASSED] - navigateToUrl("https://www.netflix.com/YourAccount"): Navigate to 'https://www.netflix.com/YourAccount' successfully

02-01-2024T18:10:51 - [MESSAGE][PASSED] - Navigate to 'https://www.netflix.com/YourAccount' successfully

02-01-2024T18:10:51 - [TEST_STEP][PASSED] - click(findTestObject("Pin/pin expand button 2")): Object: 'Object Repository/Pin/pin expand button 2' is clicked on

02-01-2024T18:10:52 - [MESSAGE][PASSED] - Object: 'Object Repository/Pin/pin expand button 2' is clicked on

02-01-2024T18:10:52 - [TEST_STEP][PASSED] - click(findTestObject("StreamActivity/lihat 2")): Object: 'Object Repository/StreamActivity/lihat 2' is clicked on

02-01-2024T18:10:53 - [MESSAGE][PASSED] - Object: 'Object Repository/StreamActivity/lihat 2' is clicked on

02-01-2024T18:10:53 - [TEST_STEP][PASSED] - click(findTestObject("StreamActivity/sembunyikan"), OPTIONAL): Unable to click on object 'Object Repository/StreamActivity/sembunyikan' (Root cause: com.kms.katalon.core.exception.StepFailedException: Unable to click on object 'Object Repository/StreamActivity/sembunyikan'
	at com.kms.katalon.core.webui.keyword.internal.WebUIKeywordMain.stepFailed(WebUIKeywordMain.groovy:64)
	at com.kms.katalon.core.webui.keyword.internal.WebUIKeywordMain.runKeyword(WebUIKeywordMain.groovy:26)
	at com.kms.katalon.core.webui.keyword.builtin.ClickKeyword.click(ClickKeyword.groovy:74)
	at com.kms.katalon.core.webui.keyword.builtin.ClickKeyword.execute(ClickKeyword.groovy:40)
	at com.kms.katalon.core.keyword.internal.KeywordExecutor.executeKeywordForPlatform(KeywordExecutor.groovy:74)
	at com.kms.katalon.core.webui.keyword.WebUiBuiltInKeywords.click(WebUiBuiltInKeywords.groovy:647)
	at TC Full Reset (Alfa Test).run(TC Full Reset (Alfa Test):498)
	at com.kms.katalon.core.main.ScriptEngine.run(ScriptEngine.java:194)
	at com.kms.katalon.core.main.ScriptEngine.runScriptAsRawText(ScriptEngine.java:119)
	at com.kms.katalon.core.main.TestCaseExecutor.runScript(TestCaseExecutor.java:448)
	at com.kms.katalon.core.main.TestCaseExecutor.doExecute(TestCaseExecutor.java:439)
	at com.kms.katalon.core.main.TestCaseExecutor.processExecutionPhase(TestCaseExecutor.java:418)
	at com.kms.katalon.core.main.TestCaseExecutor.accessMainPhase(TestCaseExecutor.java:410)
	at com.kms.katalon.core.main.TestCaseExecutor.execute(TestCaseExecutor.java:285)
	at com.kms.katalon.core.common.CommonExecutor.accessTestCaseMainPhase(CommonExecutor.java:65)
	at com.kms.katalon.core.main.TestSuiteExecutor.accessTestSuiteMainPhase(TestSuiteExecutor.java:148)
	at com.kms.katalon.core.main.TestSuiteExecutor.execute(TestSuiteExecutor.java:106)
	at com.kms.katalon.core.main.TestCaseMain.startTestSuite(TestCaseMain.java:180)
	at TempTestSuite1704193631641.run(TempTestSuite1704193631641.groovy:36)
	at java.base/jdk.internal.reflect.NativeMethodAccessorImpl.invoke0(Native Method)
	at java.base/jdk.internal.reflect.NativeMethodAccessorImpl.invoke(NativeMethodAccessorImpl.java:77)
	at java.base/jdk.internal.reflect.DelegatingMethodAccessorImpl.invoke(DelegatingMethodAccessorImpl.java:43)
Caused by: com.kms.katalon.core.webui.exception.WebElementNotFoundException: Web element with id: 'Object Repository/StreamActivity/sembunyikan' located by '//*[@id="appMountPoint"]/div/div/div/div[2]/div/div/div[2]/div[2]/a[1]' not found
	at com.kms.katalon.core.webui.common.WebUiCommonHelper.findWebElement(WebUiCommonHelper.java:1379)
	at com.kms.katalon.core.webui.keyword.internal.WebUIAbstractKeyword.findWebElement(WebUIAbstractKeyword.groovy:27)
	at com.kms.katalon.core.webui.keyword.builtin.ClickKeyword$_click_closure1.doCall(ClickKeyword.groovy:65)
	at com.kms.katalon.core.webui.keyword.builtin.ClickKeyword$_click_closure1.call(ClickKeyword.groovy)
	at com.kms.katalon.core.webui.keyword.internal.WebUIKeywordMain.runKeyword(WebUIKeywordMain.groovy:20)
	at com.kms.katalon.core.webui.keyword.builtin.ClickKeyword.click(ClickKeyword.groovy:74)
	at com.kms.katalon.core.webui.keyword.builtin.ClickKeyword.execute(ClickKeyword.groovy:40)
	at com.kms.katalon.core.keyword.internal.KeywordExecutor.executeKeywordForPlatform(KeywordExecutor.groovy:74)
	at com.kms.katalon.core.webui.keyword.WebUiBuiltInKeywords.click(WebUiBuiltInKeywords.groovy:647)
	at Script1704176576008.run(Script1704176576008.groovy:498)
	... 15 more
)

02-01-2024T18:10:56 - [MESSAGE][INFO] - Unable to find the element located by 'By.xpath: //*[@id="appMountPoint"]/div/div/div/div[2]/div/div/div[2]/div[2]/a[1]'. Please recheck the objects properties to make sure the desired element is located. 

02-01-2024T18:10:56 - [MESSAGE][WARNING] - Unable to click on object 'Object Repository/StreamActivity/sembunyikan' (Root cause: com.kms.katalon.core.exception.StepFailedException: Unable to click on object 'Object Repository/StreamActivity/sembunyikan'
	at com.kms.katalon.core.webui.keyword.internal.WebUIKeywordMain.stepFailed(WebUIKeywordMain.groovy:64)
	at com.kms.katalon.core.webui.keyword.internal.WebUIKeywordMain.runKeyword(WebUIKeywordMain.groovy:26)
	at com.kms.katalon.core.webui.keyword.builtin.ClickKeyword.click(ClickKeyword.groovy:74)
	at com.kms.katalon.core.webui.keyword.builtin.ClickKeyword.execute(ClickKeyword.groovy:40)
	at com.kms.katalon.core.keyword.internal.KeywordExecutor.executeKeywordForPlatform(KeywordExecutor.groovy:74)
	at com.kms.katalon.core.webui.keyword.WebUiBuiltInKeywords.click(WebUiBuiltInKeywords.groovy:647)
	at TC Full Reset (Alfa Test).run(TC Full Reset (Alfa Test):498)
	at com.kms.katalon.core.main.ScriptEngine.run(ScriptEngine.java:194)
	at com.kms.katalon.core.main.ScriptEngine.runScriptAsRawText(ScriptEngine.java:119)
	at com.kms.katalon.core.main.TestCaseExecutor.runScript(TestCaseExecutor.java:448)
	at com.kms.katalon.core.main.TestCaseExecutor.doExecute(TestCaseExecutor.java:439)
	at com.kms.katalon.core.main.TestCaseExecutor.processExecutionPhase(TestCaseExecutor.java:418)
	at com.kms.katalon.core.main.TestCaseExecutor.accessMainPhase(TestCaseExecutor.java:410)
	at com.kms.katalon.core.main.TestCaseExecutor.execute(TestCaseExecutor.java:285)
	at com.kms.katalon.core.common.CommonExecutor.accessTestCaseMainPhase(CommonExecutor.java:65)
	at com.kms.katalon.core.main.TestSuiteExecutor.accessTestSuiteMainPhase(TestSuiteExecutor.java:148)
	at com.kms.katalon.core.main.TestSuiteExecutor.execute(TestSuiteExecutor.java:106)
	at com.kms.katalon.core.main.TestCaseMain.startTestSuite(TestCaseMain.java:180)
	at TempTestSuite1704193631641.run(TempTestSuite1704193631641.groovy:36)
	at java.base/jdk.internal.reflect.NativeMethodAccessorImpl.invoke0(Native Method)
	at java.base/jdk.internal.reflect.NativeMethodAccessorImpl.invoke(NativeMethodAccessorImpl.java:77)
	at java.base/jdk.internal.reflect.DelegatingMethodAccessorImpl.invoke(DelegatingMethodAccessorImpl.java:43)
Caused by: com.kms.katalon.core.webui.exception.WebElementNotFoundException: Web element with id: 'Object Repository/StreamActivity/sembunyikan' located by '//*[@id="appMountPoint"]/div/div/div/div[2]/div/div/div[2]/div[2]/a[1]' not found
	at com.kms.katalon.core.webui.common.WebUiCommonHelper.findWebElement(WebUiCommonHelper.java:1379)
	at com.kms.katalon.core.webui.keyword.internal.WebUIAbstractKeyword.findWebElement(WebUIAbstractKeyword.groovy:27)
	at com.kms.katalon.core.webui.keyword.builtin.ClickKeyword$_click_closure1.doCall(ClickKeyword.groovy:65)
	at com.kms.katalon.core.webui.keyword.builtin.ClickKeyword$_click_closure1.call(ClickKeyword.groovy)
	at com.kms.katalon.core.webui.keyword.internal.WebUIKeywordMain.runKeyword(WebUIKeywordMain.groovy:20)
	at com.kms.katalon.core.webui.keyword.builtin.ClickKeyword.click(ClickKeyword.groovy:74)
	at com.kms.katalon.core.webui.keyword.builtin.ClickKeyword.execute(ClickKeyword.groovy:40)
	at com.kms.katalon.core.keyword.internal.KeywordExecutor.executeKeywordForPlatform(KeywordExecutor.groovy:74)
	at com.kms.katalon.core.webui.keyword.WebUiBuiltInKeywords.click(WebUiBuiltInKeywords.groovy:647)
	at Script1704176576008.run(Script1704176576008.groovy:498)
	... 15 more
)
[[ATTACHMENT|D:\\katalon\\akunmu-netflix\\Reports\\20240102_180710\\Test\\20240102_180711\\1704193856571.png]]

02-01-2024T18:10:56 - [TEST_STEP][PASSED] - click(findTestObject("StreamActivity/sembunyikan ya"), OPTIONAL): Unable to click on object 'Object Repository/StreamActivity/sembunyikan ya' (Root cause: com.kms.katalon.core.exception.StepFailedException: Unable to click on object 'Object Repository/StreamActivity/sembunyikan ya'
	at com.kms.katalon.core.webui.keyword.internal.WebUIKeywordMain.stepFailed(WebUIKeywordMain.groovy:64)
	at com.kms.katalon.core.webui.keyword.internal.WebUIKeywordMain.runKeyword(WebUIKeywordMain.groovy:26)
	at com.kms.katalon.core.webui.keyword.builtin.ClickKeyword.click(ClickKeyword.groovy:74)
	at com.kms.katalon.core.webui.keyword.builtin.ClickKeyword.execute(ClickKeyword.groovy:40)
	at com.kms.katalon.core.keyword.internal.KeywordExecutor.executeKeywordForPlatform(KeywordExecutor.groovy:74)
	at com.kms.katalon.core.webui.keyword.WebUiBuiltInKeywords.click(WebUiBuiltInKeywords.groovy:647)
	at TC Full Reset (Alfa Test).run(TC Full Reset (Alfa Test):500)
	at com.kms.katalon.core.main.ScriptEngine.run(ScriptEngine.java:194)
	at com.kms.katalon.core.main.ScriptEngine.runScriptAsRawText(ScriptEngine.java:119)
	at com.kms.katalon.core.main.TestCaseExecutor.runScript(TestCaseExecutor.java:448)
	at com.kms.katalon.core.main.TestCaseExecutor.doExecute(TestCaseExecutor.java:439)
	at com.kms.katalon.core.main.TestCaseExecutor.processExecutionPhase(TestCaseExecutor.java:418)
	at com.kms.katalon.core.main.TestCaseExecutor.accessMainPhase(TestCaseExecutor.java:410)
	at com.kms.katalon.core.main.TestCaseExecutor.execute(TestCaseExecutor.java:285)
	at com.kms.katalon.core.common.CommonExecutor.accessTestCaseMainPhase(CommonExecutor.java:65)
	at com.kms.katalon.core.main.TestSuiteExecutor.accessTestSuiteMainPhase(TestSuiteExecutor.java:148)
	at com.kms.katalon.core.main.TestSuiteExecutor.execute(TestSuiteExecutor.java:106)
	at com.kms.katalon.core.main.TestCaseMain.startTestSuite(TestCaseMain.java:180)
	at TempTestSuite1704193631641.run(TempTestSuite1704193631641.groovy:36)
	at java.base/jdk.internal.reflect.NativeMethodAccessorImpl.invoke0(Native Method)
	at java.base/jdk.internal.reflect.NativeMethodAccessorImpl.invoke(NativeMethodAccessorImpl.java:77)
	at java.base/jdk.internal.reflect.DelegatingMethodAccessorImpl.invoke(DelegatingMethodAccessorImpl.java:43)
Caused by: com.kms.katalon.core.webui.exception.WebElementNotFoundException: Web element with id: 'Object Repository/StreamActivity/sembunyikan ya' located by '//*[@id="appMountPoint"]/div/div/div/div[2]/div/div/div[2]/div[3]/div/footer/div/button[2]' not found
	at com.kms.katalon.core.webui.common.WebUiCommonHelper.findWebElement(WebUiCommonHelper.java:1379)
	at com.kms.katalon.core.webui.keyword.internal.WebUIAbstractKeyword.findWebElement(WebUIAbstractKeyword.groovy:27)
	at com.kms.katalon.core.webui.keyword.builtin.ClickKeyword$_click_closure1.doCall(ClickKeyword.groovy:65)
	at com.kms.katalon.core.webui.keyword.builtin.ClickKeyword$_click_closure1.call(ClickKeyword.groovy)
	at com.kms.katalon.core.webui.keyword.internal.WebUIKeywordMain.runKeyword(WebUIKeywordMain.groovy:20)
	at com.kms.katalon.core.webui.keyword.builtin.ClickKeyword.click(ClickKeyword.groovy:74)
	at com.kms.katalon.core.webui.keyword.builtin.ClickKeyword.execute(ClickKeyword.groovy:40)
	at com.kms.katalon.core.keyword.internal.KeywordExecutor.executeKeywordForPlatform(KeywordExecutor.groovy:74)
	at com.kms.katalon.core.webui.keyword.WebUiBuiltInKeywords.click(WebUiBuiltInKeywords.groovy:647)
	at Script1704176576008.run(Script1704176576008.groovy:500)
	... 15 more
)

02-01-2024T18:10:59 - [MESSAGE][INFO] - Unable to find the element located by 'By.xpath: //*[@id="appMountPoint"]/div/div/div/div[2]/div/div/div[2]/div[3]/div/footer/div/button[2]'. Please recheck the objects properties to make sure the desired element is located. 

02-01-2024T18:10:59 - [MESSAGE][WARNING] - Unable to click on object 'Object Repository/StreamActivity/sembunyikan ya' (Root cause: com.kms.katalon.core.exception.StepFailedException: Unable to click on object 'Object Repository/StreamActivity/sembunyikan ya'
	at com.kms.katalon.core.webui.keyword.internal.WebUIKeywordMain.stepFailed(WebUIKeywordMain.groovy:64)
	at com.kms.katalon.core.webui.keyword.internal.WebUIKeywordMain.runKeyword(WebUIKeywordMain.groovy:26)
	at com.kms.katalon.core.webui.keyword.builtin.ClickKeyword.click(ClickKeyword.groovy:74)
	at com.kms.katalon.core.webui.keyword.builtin.ClickKeyword.execute(ClickKeyword.groovy:40)
	at com.kms.katalon.core.keyword.internal.KeywordExecutor.executeKeywordForPlatform(KeywordExecutor.groovy:74)
	at com.kms.katalon.core.webui.keyword.WebUiBuiltInKeywords.click(WebUiBuiltInKeywords.groovy:647)
	at TC Full Reset (Alfa Test).run(TC Full Reset (Alfa Test):500)
	at com.kms.katalon.core.main.ScriptEngine.run(ScriptEngine.java:194)
	at com.kms.katalon.core.main.ScriptEngine.runScriptAsRawText(ScriptEngine.java:119)
	at com.kms.katalon.core.main.TestCaseExecutor.runScript(TestCaseExecutor.java:448)
	at com.kms.katalon.core.main.TestCaseExecutor.doExecute(TestCaseExecutor.java:439)
	at com.kms.katalon.core.main.TestCaseExecutor.processExecutionPhase(TestCaseExecutor.java:418)
	at com.kms.katalon.core.main.TestCaseExecutor.accessMainPhase(TestCaseExecutor.java:410)
	at com.kms.katalon.core.main.TestCaseExecutor.execute(TestCaseExecutor.java:285)
	at com.kms.katalon.core.common.CommonExecutor.accessTestCaseMainPhase(CommonExecutor.java:65)
	at com.kms.katalon.core.main.TestSuiteExecutor.accessTestSuiteMainPhase(TestSuiteExecutor.java:148)
	at com.kms.katalon.core.main.TestSuiteExecutor.execute(TestSuiteExecutor.java:106)
	at com.kms.katalon.core.main.TestCaseMain.startTestSuite(TestCaseMain.java:180)
	at TempTestSuite1704193631641.run(TempTestSuite1704193631641.groovy:36)
	at java.base/jdk.internal.reflect.NativeMethodAccessorImpl.invoke0(Native Method)
	at java.base/jdk.internal.reflect.NativeMethodAccessorImpl.invoke(NativeMethodAccessorImpl.java:77)
	at java.base/jdk.internal.reflect.DelegatingMethodAccessorImpl.invoke(DelegatingMethodAccessorImpl.java:43)
Caused by: com.kms.katalon.core.webui.exception.WebElementNotFoundException: Web element with id: 'Object Repository/StreamActivity/sembunyikan ya' located by '//*[@id="appMountPoint"]/div/div/div/div[2]/div/div/div[2]/div[3]/div/footer/div/button[2]' not found
	at com.kms.katalon.core.webui.common.WebUiCommonHelper.findWebElement(WebUiCommonHelper.java:1379)
	at com.kms.katalon.core.webui.keyword.internal.WebUIAbstractKeyword.findWebElement(WebUIAbstractKeyword.groovy:27)
	at com.kms.katalon.core.webui.keyword.builtin.ClickKeyword$_click_closure1.doCall(ClickKeyword.groovy:65)
	at com.kms.katalon.core.webui.keyword.builtin.ClickKeyword$_click_closure1.call(ClickKeyword.groovy)
	at com.kms.katalon.core.webui.keyword.internal.WebUIKeywordMain.runKeyword(WebUIKeywordMain.groovy:20)
	at com.kms.katalon.core.webui.keyword.builtin.ClickKeyword.click(ClickKeyword.groovy:74)
	at com.kms.katalon.core.webui.keyword.builtin.ClickKeyword.execute(ClickKeyword.groovy:40)
	at com.kms.katalon.core.keyword.internal.KeywordExecutor.executeKeywordForPlatform(KeywordExecutor.groovy:74)
	at com.kms.katalon.core.webui.keyword.WebUiBuiltInKeywords.click(WebUiBuiltInKeywords.groovy:647)
	at Script1704176576008.run(Script1704176576008.groovy:500)
	... 15 more
)
[[ATTACHMENT|D:\\katalon\\akunmu-netflix\\Reports\\20240102_180710\\Test\\20240102_180711\\1704193859729.png]]

02-01-2024T18:10:59 - [TEST_STEP][PASSED] - navigateToUrl("https://www.netflix.com/YourAccount"): Navigate to 'https://www.netflix.com/YourAccount' successfully

02-01-2024T18:11:01 - [MESSAGE][PASSED] - Navigate to 'https://www.netflix.com/YourAccount' successfully

02-01-2024T18:11:01 - [TEST_STEP][PASSED] - click(findTestObject("Pin/pin expand button 3")): Object: 'Object Repository/Pin/pin expand button 3' is clicked on

02-01-2024T18:11:02 - [MESSAGE][PASSED] - Object: 'Object Repository/Pin/pin expand button 3' is clicked on

02-01-2024T18:11:02 - [TEST_STEP][PASSED] - click(findTestObject("StreamActivity/lihat 3")): Object: 'Object Repository/StreamActivity/lihat 3' is clicked on

02-01-2024T18:11:04 - [MESSAGE][PASSED] - Object: 'Object Repository/StreamActivity/lihat 3' is clicked on

02-01-2024T18:11:04 - [TEST_STEP][PASSED] - click(findTestObject("StreamActivity/sembunyikan"), OPTIONAL): Unable to click on object 'Object Repository/StreamActivity/sembunyikan' (Root cause: com.kms.katalon.core.exception.StepFailedException: Unable to click on object 'Object Repository/StreamActivity/sembunyikan'
	at com.kms.katalon.core.webui.keyword.internal.WebUIKeywordMain.stepFailed(WebUIKeywordMain.groovy:64)
	at com.kms.katalon.core.webui.keyword.internal.WebUIKeywordMain.runKeyword(WebUIKeywordMain.groovy:26)
	at com.kms.katalon.core.webui.keyword.builtin.ClickKeyword.click(ClickKeyword.groovy:74)
	at com.kms.katalon.core.webui.keyword.builtin.ClickKeyword.execute(ClickKeyword.groovy:40)
	at com.kms.katalon.core.keyword.internal.KeywordExecutor.executeKeywordForPlatform(KeywordExecutor.groovy:74)
	at com.kms.katalon.core.webui.keyword.WebUiBuiltInKeywords.click(WebUiBuiltInKeywords.groovy:647)
	at TC Full Reset (Alfa Test).run(TC Full Reset (Alfa Test):511)
	at com.kms.katalon.core.main.ScriptEngine.run(ScriptEngine.java:194)
	at com.kms.katalon.core.main.ScriptEngine.runScriptAsRawText(ScriptEngine.java:119)
	at com.kms.katalon.core.main.TestCaseExecutor.runScript(TestCaseExecutor.java:448)
	at com.kms.katalon.core.main.TestCaseExecutor.doExecute(TestCaseExecutor.java:439)
	at com.kms.katalon.core.main.TestCaseExecutor.processExecutionPhase(TestCaseExecutor.java:418)
	at com.kms.katalon.core.main.TestCaseExecutor.accessMainPhase(TestCaseExecutor.java:410)
	at com.kms.katalon.core.main.TestCaseExecutor.execute(TestCaseExecutor.java:285)
	at com.kms.katalon.core.common.CommonExecutor.accessTestCaseMainPhase(CommonExecutor.java:65)
	at com.kms.katalon.core.main.TestSuiteExecutor.accessTestSuiteMainPhase(TestSuiteExecutor.java:148)
	at com.kms.katalon.core.main.TestSuiteExecutor.execute(TestSuiteExecutor.java:106)
	at com.kms.katalon.core.main.TestCaseMain.startTestSuite(TestCaseMain.java:180)
	at TempTestSuite1704193631641.run(TempTestSuite1704193631641.groovy:36)
	at java.base/jdk.internal.reflect.NativeMethodAccessorImpl.invoke0(Native Method)
	at java.base/jdk.internal.reflect.NativeMethodAccessorImpl.invoke(NativeMethodAccessorImpl.java:77)
	at java.base/jdk.internal.reflect.DelegatingMethodAccessorImpl.invoke(DelegatingMethodAccessorImpl.java:43)
Caused by: com.kms.katalon.core.webui.exception.WebElementNotFoundException: Web element with id: 'Object Repository/StreamActivity/sembunyikan' located by '//*[@id="appMountPoint"]/div/div/div/div[2]/div/div/div[2]/div[2]/a[1]' not found
	at com.kms.katalon.core.webui.common.WebUiCommonHelper.findWebElement(WebUiCommonHelper.java:1379)
	at com.kms.katalon.core.webui.keyword.internal.WebUIAbstractKeyword.findWebElement(WebUIAbstractKeyword.groovy:27)
	at com.kms.katalon.core.webui.keyword.builtin.ClickKeyword$_click_closure1.doCall(ClickKeyword.groovy:65)
	at com.kms.katalon.core.webui.keyword.builtin.ClickKeyword$_click_closure1.call(ClickKeyword.groovy)
	at com.kms.katalon.core.webui.keyword.internal.WebUIKeywordMain.runKeyword(WebUIKeywordMain.groovy:20)
	at com.kms.katalon.core.webui.keyword.builtin.ClickKeyword.click(ClickKeyword.groovy:74)
	at com.kms.katalon.core.webui.keyword.builtin.ClickKeyword.execute(ClickKeyword.groovy:40)
	at com.kms.katalon.core.keyword.internal.KeywordExecutor.executeKeywordForPlatform(KeywordExecutor.groovy:74)
	at com.kms.katalon.core.webui.keyword.WebUiBuiltInKeywords.click(WebUiBuiltInKeywords.groovy:647)
	at Script1704176576008.run(Script1704176576008.groovy:511)
	... 15 more
)

02-01-2024T18:11:07 - [MESSAGE][INFO] - Unable to find the element located by 'By.xpath: //*[@id="appMountPoint"]/div/div/div/div[2]/div/div/div[2]/div[2]/a[1]'. Please recheck the objects properties to make sure the desired element is located. 

02-01-2024T18:11:07 - [MESSAGE][WARNING] - Unable to click on object 'Object Repository/StreamActivity/sembunyikan' (Root cause: com.kms.katalon.core.exception.StepFailedException: Unable to click on object 'Object Repository/StreamActivity/sembunyikan'
	at com.kms.katalon.core.webui.keyword.internal.WebUIKeywordMain.stepFailed(WebUIKeywordMain.groovy:64)
	at com.kms.katalon.core.webui.keyword.internal.WebUIKeywordMain.runKeyword(WebUIKeywordMain.groovy:26)
	at com.kms.katalon.core.webui.keyword.builtin.ClickKeyword.click(ClickKeyword.groovy:74)
	at com.kms.katalon.core.webui.keyword.builtin.ClickKeyword.execute(ClickKeyword.groovy:40)
	at com.kms.katalon.core.keyword.internal.KeywordExecutor.executeKeywordForPlatform(KeywordExecutor.groovy:74)
	at com.kms.katalon.core.webui.keyword.WebUiBuiltInKeywords.click(WebUiBuiltInKeywords.groovy:647)
	at TC Full Reset (Alfa Test).run(TC Full Reset (Alfa Test):511)
	at com.kms.katalon.core.main.ScriptEngine.run(ScriptEngine.java:194)
	at com.kms.katalon.core.main.ScriptEngine.runScriptAsRawText(ScriptEngine.java:119)
	at com.kms.katalon.core.main.TestCaseExecutor.runScript(TestCaseExecutor.java:448)
	at com.kms.katalon.core.main.TestCaseExecutor.doExecute(TestCaseExecutor.java:439)
	at com.kms.katalon.core.main.TestCaseExecutor.processExecutionPhase(TestCaseExecutor.java:418)
	at com.kms.katalon.core.main.TestCaseExecutor.accessMainPhase(TestCaseExecutor.java:410)
	at com.kms.katalon.core.main.TestCaseExecutor.execute(TestCaseExecutor.java:285)
	at com.kms.katalon.core.common.CommonExecutor.accessTestCaseMainPhase(CommonExecutor.java:65)
	at com.kms.katalon.core.main.TestSuiteExecutor.accessTestSuiteMainPhase(TestSuiteExecutor.java:148)
	at com.kms.katalon.core.main.TestSuiteExecutor.execute(TestSuiteExecutor.java:106)
	at com.kms.katalon.core.main.TestCaseMain.startTestSuite(TestCaseMain.java:180)
	at TempTestSuite1704193631641.run(TempTestSuite1704193631641.groovy:36)
	at java.base/jdk.internal.reflect.NativeMethodAccessorImpl.invoke0(Native Method)
	at java.base/jdk.internal.reflect.NativeMethodAccessorImpl.invoke(NativeMethodAccessorImpl.java:77)
	at java.base/jdk.internal.reflect.DelegatingMethodAccessorImpl.invoke(DelegatingMethodAccessorImpl.java:43)
Caused by: com.kms.katalon.core.webui.exception.WebElementNotFoundException: Web element with id: 'Object Repository/StreamActivity/sembunyikan' located by '//*[@id="appMountPoint"]/div/div/div/div[2]/div/div/div[2]/div[2]/a[1]' not found
	at com.kms.katalon.core.webui.common.WebUiCommonHelper.findWebElement(WebUiCommonHelper.java:1379)
	at com.kms.katalon.core.webui.keyword.internal.WebUIAbstractKeyword.findWebElement(WebUIAbstractKeyword.groovy:27)
	at com.kms.katalon.core.webui.keyword.builtin.ClickKeyword$_click_closure1.doCall(ClickKeyword.groovy:65)
	at com.kms.katalon.core.webui.keyword.builtin.ClickKeyword$_click_closure1.call(ClickKeyword.groovy)
	at com.kms.katalon.core.webui.keyword.internal.WebUIKeywordMain.runKeyword(WebUIKeywordMain.groovy:20)
	at com.kms.katalon.core.webui.keyword.builtin.ClickKeyword.click(ClickKeyword.groovy:74)
	at com.kms.katalon.core.webui.keyword.builtin.ClickKeyword.execute(ClickKeyword.groovy:40)
	at com.kms.katalon.core.keyword.internal.KeywordExecutor.executeKeywordForPlatform(KeywordExecutor.groovy:74)
	at com.kms.katalon.core.webui.keyword.WebUiBuiltInKeywords.click(WebUiBuiltInKeywords.groovy:647)
	at Script1704176576008.run(Script1704176576008.groovy:511)
	... 15 more
)
[[ATTACHMENT|D:\\katalon\\akunmu-netflix\\Reports\\20240102_180710\\Test\\20240102_180711\\1704193867221.png]]

02-01-2024T18:11:07 - [TEST_STEP][PASSED] - click(findTestObject("StreamActivity/sembunyikan ya"), OPTIONAL): Unable to click on object 'Object Repository/StreamActivity/sembunyikan ya' (Root cause: com.kms.katalon.core.exception.StepFailedException: Unable to click on object 'Object Repository/StreamActivity/sembunyikan ya'
	at com.kms.katalon.core.webui.keyword.internal.WebUIKeywordMain.stepFailed(WebUIKeywordMain.groovy:64)
	at com.kms.katalon.core.webui.keyword.internal.WebUIKeywordMain.runKeyword(WebUIKeywordMain.groovy:26)
	at com.kms.katalon.core.webui.keyword.builtin.ClickKeyword.click(ClickKeyword.groovy:74)
	at com.kms.katalon.core.webui.keyword.builtin.ClickKeyword.execute(ClickKeyword.groovy:40)
	at com.kms.katalon.core.keyword.internal.KeywordExecutor.executeKeywordForPlatform(KeywordExecutor.groovy:74)
	at com.kms.katalon.core.webui.keyword.WebUiBuiltInKeywords.click(WebUiBuiltInKeywords.groovy:647)
	at TC Full Reset (Alfa Test).run(TC Full Reset (Alfa Test):513)
	at com.kms.katalon.core.main.ScriptEngine.run(ScriptEngine.java:194)
	at com.kms.katalon.core.main.ScriptEngine.runScriptAsRawText(ScriptEngine.java:119)
	at com.kms.katalon.core.main.TestCaseExecutor.runScript(TestCaseExecutor.java:448)
	at com.kms.katalon.core.main.TestCaseExecutor.doExecute(TestCaseExecutor.java:439)
	at com.kms.katalon.core.main.TestCaseExecutor.processExecutionPhase(TestCaseExecutor.java:418)
	at com.kms.katalon.core.main.TestCaseExecutor.accessMainPhase(TestCaseExecutor.java:410)
	at com.kms.katalon.core.main.TestCaseExecutor.execute(TestCaseExecutor.java:285)
	at com.kms.katalon.core.common.CommonExecutor.accessTestCaseMainPhase(CommonExecutor.java:65)
	at com.kms.katalon.core.main.TestSuiteExecutor.accessTestSuiteMainPhase(TestSuiteExecutor.java:148)
	at com.kms.katalon.core.main.TestSuiteExecutor.execute(TestSuiteExecutor.java:106)
	at com.kms.katalon.core.main.TestCaseMain.startTestSuite(TestCaseMain.java:180)
	at TempTestSuite1704193631641.run(TempTestSuite1704193631641.groovy:36)
	at java.base/jdk.internal.reflect.NativeMethodAccessorImpl.invoke0(Native Method)
	at java.base/jdk.internal.reflect.NativeMethodAccessorImpl.invoke(NativeMethodAccessorImpl.java:77)
	at java.base/jdk.internal.reflect.DelegatingMethodAccessorImpl.invoke(DelegatingMethodAccessorImpl.java:43)
Caused by: com.kms.katalon.core.webui.exception.WebElementNotFoundException: Web element with id: 'Object Repository/StreamActivity/sembunyikan ya' located by '//*[@id="appMountPoint"]/div/div/div/div[2]/div/div/div[2]/div[3]/div/footer/div/button[2]' not found
	at com.kms.katalon.core.webui.common.WebUiCommonHelper.findWebElement(WebUiCommonHelper.java:1379)
	at com.kms.katalon.core.webui.keyword.internal.WebUIAbstractKeyword.findWebElement(WebUIAbstractKeyword.groovy:27)
	at com.kms.katalon.core.webui.keyword.builtin.ClickKeyword$_click_closure1.doCall(ClickKeyword.groovy:65)
	at com.kms.katalon.core.webui.keyword.builtin.ClickKeyword$_click_closure1.call(ClickKeyword.groovy)
	at com.kms.katalon.core.webui.keyword.internal.WebUIKeywordMain.runKeyword(WebUIKeywordMain.groovy:20)
	at com.kms.katalon.core.webui.keyword.builtin.ClickKeyword.click(ClickKeyword.groovy:74)
	at com.kms.katalon.core.webui.keyword.builtin.ClickKeyword.execute(ClickKeyword.groovy:40)
	at com.kms.katalon.core.keyword.internal.KeywordExecutor.executeKeywordForPlatform(KeywordExecutor.groovy:74)
	at com.kms.katalon.core.webui.keyword.WebUiBuiltInKeywords.click(WebUiBuiltInKeywords.groovy:647)
	at Script1704176576008.run(Script1704176576008.groovy:513)
	... 15 more
)

02-01-2024T18:11:10 - [MESSAGE][INFO] - Unable to find the element located by 'By.xpath: //*[@id="appMountPoint"]/div/div/div/div[2]/div/div/div[2]/div[3]/div/footer/div/button[2]'. Please recheck the objects properties to make sure the desired element is located. 

02-01-2024T18:11:10 - [MESSAGE][WARNING] - Unable to click on object 'Object Repository/StreamActivity/sembunyikan ya' (Root cause: com.kms.katalon.core.exception.StepFailedException: Unable to click on object 'Object Repository/StreamActivity/sembunyikan ya'
	at com.kms.katalon.core.webui.keyword.internal.WebUIKeywordMain.stepFailed(WebUIKeywordMain.groovy:64)
	at com.kms.katalon.core.webui.keyword.internal.WebUIKeywordMain.runKeyword(WebUIKeywordMain.groovy:26)
	at com.kms.katalon.core.webui.keyword.builtin.ClickKeyword.click(ClickKeyword.groovy:74)
	at com.kms.katalon.core.webui.keyword.builtin.ClickKeyword.execute(ClickKeyword.groovy:40)
	at com.kms.katalon.core.keyword.internal.KeywordExecutor.executeKeywordForPlatform(KeywordExecutor.groovy:74)
	at com.kms.katalon.core.webui.keyword.WebUiBuiltInKeywords.click(WebUiBuiltInKeywords.groovy:647)
	at TC Full Reset (Alfa Test).run(TC Full Reset (Alfa Test):513)
	at com.kms.katalon.core.main.ScriptEngine.run(ScriptEngine.java:194)
	at com.kms.katalon.core.main.ScriptEngine.runScriptAsRawText(ScriptEngine.java:119)
	at com.kms.katalon.core.main.TestCaseExecutor.runScript(TestCaseExecutor.java:448)
	at com.kms.katalon.core.main.TestCaseExecutor.doExecute(TestCaseExecutor.java:439)
	at com.kms.katalon.core.main.TestCaseExecutor.processExecutionPhase(TestCaseExecutor.java:418)
	at com.kms.katalon.core.main.TestCaseExecutor.accessMainPhase(TestCaseExecutor.java:410)
	at com.kms.katalon.core.main.TestCaseExecutor.execute(TestCaseExecutor.java:285)
	at com.kms.katalon.core.common.CommonExecutor.accessTestCaseMainPhase(CommonExecutor.java:65)
	at com.kms.katalon.core.main.TestSuiteExecutor.accessTestSuiteMainPhase(TestSuiteExecutor.java:148)
	at com.kms.katalon.core.main.TestSuiteExecutor.execute(TestSuiteExecutor.java:106)
	at com.kms.katalon.core.main.TestCaseMain.startTestSuite(TestCaseMain.java:180)
	at TempTestSuite1704193631641.run(TempTestSuite1704193631641.groovy:36)
	at java.base/jdk.internal.reflect.NativeMethodAccessorImpl.invoke0(Native Method)
	at java.base/jdk.internal.reflect.NativeMethodAccessorImpl.invoke(NativeMethodAccessorImpl.java:77)
	at java.base/jdk.internal.reflect.DelegatingMethodAccessorImpl.invoke(DelegatingMethodAccessorImpl.java:43)
Caused by: com.kms.katalon.core.webui.exception.WebElementNotFoundException: Web element with id: 'Object Repository/StreamActivity/sembunyikan ya' located by '//*[@id="appMountPoint"]/div/div/div/div[2]/div/div/div[2]/div[3]/div/footer/div/button[2]' not found
	at com.kms.katalon.core.webui.common.WebUiCommonHelper.findWebElement(WebUiCommonHelper.java:1379)
	at com.kms.katalon.core.webui.keyword.internal.WebUIAbstractKeyword.findWebElement(WebUIAbstractKeyword.groovy:27)
	at com.kms.katalon.core.webui.keyword.builtin.ClickKeyword$_click_closure1.doCall(ClickKeyword.groovy:65)
	at com.kms.katalon.core.webui.keyword.builtin.ClickKeyword$_click_closure1.call(ClickKeyword.groovy)
	at com.kms.katalon.core.webui.keyword.internal.WebUIKeywordMain.runKeyword(WebUIKeywordMain.groovy:20)
	at com.kms.katalon.core.webui.keyword.builtin.ClickKeyword.click(ClickKeyword.groovy:74)
	at com.kms.katalon.core.webui.keyword.builtin.ClickKeyword.execute(ClickKeyword.groovy:40)
	at com.kms.katalon.core.keyword.internal.KeywordExecutor.executeKeywordForPlatform(KeywordExecutor.groovy:74)
	at com.kms.katalon.core.webui.keyword.WebUiBuiltInKeywords.click(WebUiBuiltInKeywords.groovy:647)
	at Script1704176576008.run(Script1704176576008.groovy:513)
	... 15 more
)
[[ATTACHMENT|D:\\katalon\\akunmu-netflix\\Reports\\20240102_180710\\Test\\20240102_180711\\1704193870465.png]]

02-01-2024T18:11:10 - [TEST_STEP][PASSED] - navigateToUrl("https://www.netflix.com/YourAccount"): Navigate to 'https://www.netflix.com/YourAccount' successfully

02-01-2024T18:11:11 - [MESSAGE][PASSED] - Navigate to 'https://www.netflix.com/YourAccount' successfully

02-01-2024T18:11:11 - [TEST_STEP][PASSED] - click(findTestObject("Pin/pin expand button 4")): Object: 'Object Repository/Pin/pin expand button 4' is clicked on

02-01-2024T18:11:12 - [MESSAGE][PASSED] - Object: 'Object Repository/Pin/pin expand button 4' is clicked on

02-01-2024T18:11:12 - [TEST_STEP][PASSED] - click(findTestObject("StreamActivity/lihat 4")): Object: 'Object Repository/StreamActivity/lihat 4' is clicked on

02-01-2024T18:11:13 - [MESSAGE][PASSED] - Object: 'Object Repository/StreamActivity/lihat 4' is clicked on

02-01-2024T18:11:13 - [TEST_STEP][PASSED] - click(findTestObject("StreamActivity/sembunyikan"), OPTIONAL): Unable to click on object 'Object Repository/StreamActivity/sembunyikan' (Root cause: com.kms.katalon.core.exception.StepFailedException: Unable to click on object 'Object Repository/StreamActivity/sembunyikan'
	at com.kms.katalon.core.webui.keyword.internal.WebUIKeywordMain.stepFailed(WebUIKeywordMain.groovy:64)
	at com.kms.katalon.core.webui.keyword.internal.WebUIKeywordMain.runKeyword(WebUIKeywordMain.groovy:26)
	at com.kms.katalon.core.webui.keyword.builtin.ClickKeyword.click(ClickKeyword.groovy:74)
	at com.kms.katalon.core.webui.keyword.builtin.ClickKeyword.execute(ClickKeyword.groovy:40)
	at com.kms.katalon.core.keyword.internal.KeywordExecutor.executeKeywordForPlatform(KeywordExecutor.groovy:74)
	at com.kms.katalon.core.webui.keyword.WebUiBuiltInKeywords.click(WebUiBuiltInKeywords.groovy:647)
	at TC Full Reset (Alfa Test).run(TC Full Reset (Alfa Test):524)
	at com.kms.katalon.core.main.ScriptEngine.run(ScriptEngine.java:194)
	at com.kms.katalon.core.main.ScriptEngine.runScriptAsRawText(ScriptEngine.java:119)
	at com.kms.katalon.core.main.TestCaseExecutor.runScript(TestCaseExecutor.java:448)
	at com.kms.katalon.core.main.TestCaseExecutor.doExecute(TestCaseExecutor.java:439)
	at com.kms.katalon.core.main.TestCaseExecutor.processExecutionPhase(TestCaseExecutor.java:418)
	at com.kms.katalon.core.main.TestCaseExecutor.accessMainPhase(TestCaseExecutor.java:410)
	at com.kms.katalon.core.main.TestCaseExecutor.execute(TestCaseExecutor.java:285)
	at com.kms.katalon.core.common.CommonExecutor.accessTestCaseMainPhase(CommonExecutor.java:65)
	at com.kms.katalon.core.main.TestSuiteExecutor.accessTestSuiteMainPhase(TestSuiteExecutor.java:148)
	at com.kms.katalon.core.main.TestSuiteExecutor.execute(TestSuiteExecutor.java:106)
	at com.kms.katalon.core.main.TestCaseMain.startTestSuite(TestCaseMain.java:180)
	at TempTestSuite1704193631641.run(TempTestSuite1704193631641.groovy:36)
	at java.base/jdk.internal.reflect.NativeMethodAccessorImpl.invoke0(Native Method)
	at java.base/jdk.internal.reflect.NativeMethodAccessorImpl.invoke(NativeMethodAccessorImpl.java:77)
	at java.base/jdk.internal.reflect.DelegatingMethodAccessorImpl.invoke(DelegatingMethodAccessorImpl.java:43)
Caused by: com.kms.katalon.core.webui.exception.WebElementNotFoundException: Web element with id: 'Object Repository/StreamActivity/sembunyikan' located by '//*[@id="appMountPoint"]/div/div/div/div[2]/div/div/div[2]/div[2]/a[1]' not found
	at com.kms.katalon.core.webui.common.WebUiCommonHelper.findWebElement(WebUiCommonHelper.java:1379)
	at com.kms.katalon.core.webui.keyword.internal.WebUIAbstractKeyword.findWebElement(WebUIAbstractKeyword.groovy:27)
	at com.kms.katalon.core.webui.keyword.builtin.ClickKeyword$_click_closure1.doCall(ClickKeyword.groovy:65)
	at com.kms.katalon.core.webui.keyword.builtin.ClickKeyword$_click_closure1.call(ClickKeyword.groovy)
	at com.kms.katalon.core.webui.keyword.internal.WebUIKeywordMain.runKeyword(WebUIKeywordMain.groovy:20)
	at com.kms.katalon.core.webui.keyword.builtin.ClickKeyword.click(ClickKeyword.groovy:74)
	at com.kms.katalon.core.webui.keyword.builtin.ClickKeyword.execute(ClickKeyword.groovy:40)
	at com.kms.katalon.core.keyword.internal.KeywordExecutor.executeKeywordForPlatform(KeywordExecutor.groovy:74)
	at com.kms.katalon.core.webui.keyword.WebUiBuiltInKeywords.click(WebUiBuiltInKeywords.groovy:647)
	at Script1704176576008.run(Script1704176576008.groovy:524)
	... 15 more
)

02-01-2024T18:11:16 - [MESSAGE][INFO] - Unable to find the element located by 'By.xpath: //*[@id="appMountPoint"]/div/div/div/div[2]/div/div/div[2]/div[2]/a[1]'. Please recheck the objects properties to make sure the desired element is located. 

02-01-2024T18:11:16 - [MESSAGE][WARNING] - Unable to click on object 'Object Repository/StreamActivity/sembunyikan' (Root cause: com.kms.katalon.core.exception.StepFailedException: Unable to click on object 'Object Repository/StreamActivity/sembunyikan'
	at com.kms.katalon.core.webui.keyword.internal.WebUIKeywordMain.stepFailed(WebUIKeywordMain.groovy:64)
	at com.kms.katalon.core.webui.keyword.internal.WebUIKeywordMain.runKeyword(WebUIKeywordMain.groovy:26)
	at com.kms.katalon.core.webui.keyword.builtin.ClickKeyword.click(ClickKeyword.groovy:74)
	at com.kms.katalon.core.webui.keyword.builtin.ClickKeyword.execute(ClickKeyword.groovy:40)
	at com.kms.katalon.core.keyword.internal.KeywordExecutor.executeKeywordForPlatform(KeywordExecutor.groovy:74)
	at com.kms.katalon.core.webui.keyword.WebUiBuiltInKeywords.click(WebUiBuiltInKeywords.groovy:647)
	at TC Full Reset (Alfa Test).run(TC Full Reset (Alfa Test):524)
	at com.kms.katalon.core.main.ScriptEngine.run(ScriptEngine.java:194)
	at com.kms.katalon.core.main.ScriptEngine.runScriptAsRawText(ScriptEngine.java:119)
	at com.kms.katalon.core.main.TestCaseExecutor.runScript(TestCaseExecutor.java:448)
	at com.kms.katalon.core.main.TestCaseExecutor.doExecute(TestCaseExecutor.java:439)
	at com.kms.katalon.core.main.TestCaseExecutor.processExecutionPhase(TestCaseExecutor.java:418)
	at com.kms.katalon.core.main.TestCaseExecutor.accessMainPhase(TestCaseExecutor.java:410)
	at com.kms.katalon.core.main.TestCaseExecutor.execute(TestCaseExecutor.java:285)
	at com.kms.katalon.core.common.CommonExecutor.accessTestCaseMainPhase(CommonExecutor.java:65)
	at com.kms.katalon.core.main.TestSuiteExecutor.accessTestSuiteMainPhase(TestSuiteExecutor.java:148)
	at com.kms.katalon.core.main.TestSuiteExecutor.execute(TestSuiteExecutor.java:106)
	at com.kms.katalon.core.main.TestCaseMain.startTestSuite(TestCaseMain.java:180)
	at TempTestSuite1704193631641.run(TempTestSuite1704193631641.groovy:36)
	at java.base/jdk.internal.reflect.NativeMethodAccessorImpl.invoke0(Native Method)
	at java.base/jdk.internal.reflect.NativeMethodAccessorImpl.invoke(NativeMethodAccessorImpl.java:77)
	at java.base/jdk.internal.reflect.DelegatingMethodAccessorImpl.invoke(DelegatingMethodAccessorImpl.java:43)
Caused by: com.kms.katalon.core.webui.exception.WebElementNotFoundException: Web element with id: 'Object Repository/StreamActivity/sembunyikan' located by '//*[@id="appMountPoint"]/div/div/div/div[2]/div/div/div[2]/div[2]/a[1]' not found
	at com.kms.katalon.core.webui.common.WebUiCommonHelper.findWebElement(WebUiCommonHelper.java:1379)
	at com.kms.katalon.core.webui.keyword.internal.WebUIAbstractKeyword.findWebElement(WebUIAbstractKeyword.groovy:27)
	at com.kms.katalon.core.webui.keyword.builtin.ClickKeyword$_click_closure1.doCall(ClickKeyword.groovy:65)
	at com.kms.katalon.core.webui.keyword.builtin.ClickKeyword$_click_closure1.call(ClickKeyword.groovy)
	at com.kms.katalon.core.webui.keyword.internal.WebUIKeywordMain.runKeyword(WebUIKeywordMain.groovy:20)
	at com.kms.katalon.core.webui.keyword.builtin.ClickKeyword.click(ClickKeyword.groovy:74)
	at com.kms.katalon.core.webui.keyword.builtin.ClickKeyword.execute(ClickKeyword.groovy:40)
	at com.kms.katalon.core.keyword.internal.KeywordExecutor.executeKeywordForPlatform(KeywordExecutor.groovy:74)
	at com.kms.katalon.core.webui.keyword.WebUiBuiltInKeywords.click(WebUiBuiltInKeywords.groovy:647)
	at Script1704176576008.run(Script1704176576008.groovy:524)
	... 15 more
)
[[ATTACHMENT|D:\\katalon\\akunmu-netflix\\Reports\\20240102_180710\\Test\\20240102_180711\\1704193876790.png]]

02-01-2024T18:11:16 - [TEST_STEP][PASSED] - click(findTestObject("StreamActivity/sembunyikan ya"), OPTIONAL): Unable to click on object 'Object Repository/StreamActivity/sembunyikan ya' (Root cause: com.kms.katalon.core.exception.StepFailedException: Unable to click on object 'Object Repository/StreamActivity/sembunyikan ya'
	at com.kms.katalon.core.webui.keyword.internal.WebUIKeywordMain.stepFailed(WebUIKeywordMain.groovy:64)
	at com.kms.katalon.core.webui.keyword.internal.WebUIKeywordMain.runKeyword(WebUIKeywordMain.groovy:26)
	at com.kms.katalon.core.webui.keyword.builtin.ClickKeyword.click(ClickKeyword.groovy:74)
	at com.kms.katalon.core.webui.keyword.builtin.ClickKeyword.execute(ClickKeyword.groovy:40)
	at com.kms.katalon.core.keyword.internal.KeywordExecutor.executeKeywordForPlatform(KeywordExecutor.groovy:74)
	at com.kms.katalon.core.webui.keyword.WebUiBuiltInKeywords.click(WebUiBuiltInKeywords.groovy:647)
	at TC Full Reset (Alfa Test).run(TC Full Reset (Alfa Test):526)
	at com.kms.katalon.core.main.ScriptEngine.run(ScriptEngine.java:194)
	at com.kms.katalon.core.main.ScriptEngine.runScriptAsRawText(ScriptEngine.java:119)
	at com.kms.katalon.core.main.TestCaseExecutor.runScript(TestCaseExecutor.java:448)
	at com.kms.katalon.core.main.TestCaseExecutor.doExecute(TestCaseExecutor.java:439)
	at com.kms.katalon.core.main.TestCaseExecutor.processExecutionPhase(TestCaseExecutor.java:418)
	at com.kms.katalon.core.main.TestCaseExecutor.accessMainPhase(TestCaseExecutor.java:410)
	at com.kms.katalon.core.main.TestCaseExecutor.execute(TestCaseExecutor.java:285)
	at com.kms.katalon.core.common.CommonExecutor.accessTestCaseMainPhase(CommonExecutor.java:65)
	at com.kms.katalon.core.main.TestSuiteExecutor.accessTestSuiteMainPhase(TestSuiteExecutor.java:148)
	at com.kms.katalon.core.main.TestSuiteExecutor.execute(TestSuiteExecutor.java:106)
	at com.kms.katalon.core.main.TestCaseMain.startTestSuite(TestCaseMain.java:180)
	at TempTestSuite1704193631641.run(TempTestSuite1704193631641.groovy:36)
	at java.base/jdk.internal.reflect.NativeMethodAccessorImpl.invoke0(Native Method)
	at java.base/jdk.internal.reflect.NativeMethodAccessorImpl.invoke(NativeMethodAccessorImpl.java:77)
	at java.base/jdk.internal.reflect.DelegatingMethodAccessorImpl.invoke(DelegatingMethodAccessorImpl.java:43)
Caused by: com.kms.katalon.core.webui.exception.WebElementNotFoundException: Web element with id: 'Object Repository/StreamActivity/sembunyikan ya' located by '//*[@id="appMountPoint"]/div/div/div/div[2]/div/div/div[2]/div[3]/div/footer/div/button[2]' not found
	at com.kms.katalon.core.webui.common.WebUiCommonHelper.findWebElement(WebUiCommonHelper.java:1379)
	at com.kms.katalon.core.webui.keyword.internal.WebUIAbstractKeyword.findWebElement(WebUIAbstractKeyword.groovy:27)
	at com.kms.katalon.core.webui.keyword.builtin.ClickKeyword$_click_closure1.doCall(ClickKeyword.groovy:65)
	at com.kms.katalon.core.webui.keyword.builtin.ClickKeyword$_click_closure1.call(ClickKeyword.groovy)
	at com.kms.katalon.core.webui.keyword.internal.WebUIKeywordMain.runKeyword(WebUIKeywordMain.groovy:20)
	at com.kms.katalon.core.webui.keyword.builtin.ClickKeyword.click(ClickKeyword.groovy:74)
	at com.kms.katalon.core.webui.keyword.builtin.ClickKeyword.execute(ClickKeyword.groovy:40)
	at com.kms.katalon.core.keyword.internal.KeywordExecutor.executeKeywordForPlatform(KeywordExecutor.groovy:74)
	at com.kms.katalon.core.webui.keyword.WebUiBuiltInKeywords.click(WebUiBuiltInKeywords.groovy:647)
	at Script1704176576008.run(Script1704176576008.groovy:526)
	... 15 more
)

02-01-2024T18:11:20 - [MESSAGE][INFO] - Unable to find the element located by 'By.xpath: //*[@id="appMountPoint"]/div/div/div/div[2]/div/div/div[2]/div[3]/div/footer/div/button[2]'. Please recheck the objects properties to make sure the desired element is located. 

02-01-2024T18:11:20 - [MESSAGE][WARNING] - Unable to click on object 'Object Repository/StreamActivity/sembunyikan ya' (Root cause: com.kms.katalon.core.exception.StepFailedException: Unable to click on object 'Object Repository/StreamActivity/sembunyikan ya'
	at com.kms.katalon.core.webui.keyword.internal.WebUIKeywordMain.stepFailed(WebUIKeywordMain.groovy:64)
	at com.kms.katalon.core.webui.keyword.internal.WebUIKeywordMain.runKeyword(WebUIKeywordMain.groovy:26)
	at com.kms.katalon.core.webui.keyword.builtin.ClickKeyword.click(ClickKeyword.groovy:74)
	at com.kms.katalon.core.webui.keyword.builtin.ClickKeyword.execute(ClickKeyword.groovy:40)
	at com.kms.katalon.core.keyword.internal.KeywordExecutor.executeKeywordForPlatform(KeywordExecutor.groovy:74)
	at com.kms.katalon.core.webui.keyword.WebUiBuiltInKeywords.click(WebUiBuiltInKeywords.groovy:647)
	at TC Full Reset (Alfa Test).run(TC Full Reset (Alfa Test):526)
	at com.kms.katalon.core.main.ScriptEngine.run(ScriptEngine.java:194)
	at com.kms.katalon.core.main.ScriptEngine.runScriptAsRawText(ScriptEngine.java:119)
	at com.kms.katalon.core.main.TestCaseExecutor.runScript(TestCaseExecutor.java:448)
	at com.kms.katalon.core.main.TestCaseExecutor.doExecute(TestCaseExecutor.java:439)
	at com.kms.katalon.core.main.TestCaseExecutor.processExecutionPhase(TestCaseExecutor.java:418)
	at com.kms.katalon.core.main.TestCaseExecutor.accessMainPhase(TestCaseExecutor.java:410)
	at com.kms.katalon.core.main.TestCaseExecutor.execute(TestCaseExecutor.java:285)
	at com.kms.katalon.core.common.CommonExecutor.accessTestCaseMainPhase(CommonExecutor.java:65)
	at com.kms.katalon.core.main.TestSuiteExecutor.accessTestSuiteMainPhase(TestSuiteExecutor.java:148)
	at com.kms.katalon.core.main.TestSuiteExecutor.execute(TestSuiteExecutor.java:106)
	at com.kms.katalon.core.main.TestCaseMain.startTestSuite(TestCaseMain.java:180)
	at TempTestSuite1704193631641.run(TempTestSuite1704193631641.groovy:36)
	at java.base/jdk.internal.reflect.NativeMethodAccessorImpl.invoke0(Native Method)
	at java.base/jdk.internal.reflect.NativeMethodAccessorImpl.invoke(NativeMethodAccessorImpl.java:77)
	at java.base/jdk.internal.reflect.DelegatingMethodAccessorImpl.invoke(DelegatingMethodAccessorImpl.java:43)
Caused by: com.kms.katalon.core.webui.exception.WebElementNotFoundException: Web element with id: 'Object Repository/StreamActivity/sembunyikan ya' located by '//*[@id="appMountPoint"]/div/div/div/div[2]/div/div/div[2]/div[3]/div/footer/div/button[2]' not found
	at com.kms.katalon.core.webui.common.WebUiCommonHelper.findWebElement(WebUiCommonHelper.java:1379)
	at com.kms.katalon.core.webui.keyword.internal.WebUIAbstractKeyword.findWebElement(WebUIAbstractKeyword.groovy:27)
	at com.kms.katalon.core.webui.keyword.builtin.ClickKeyword$_click_closure1.doCall(ClickKeyword.groovy:65)
	at com.kms.katalon.core.webui.keyword.builtin.ClickKeyword$_click_closure1.call(ClickKeyword.groovy)
	at com.kms.katalon.core.webui.keyword.internal.WebUIKeywordMain.runKeyword(WebUIKeywordMain.groovy:20)
	at com.kms.katalon.core.webui.keyword.builtin.ClickKeyword.click(ClickKeyword.groovy:74)
	at com.kms.katalon.core.webui.keyword.builtin.ClickKeyword.execute(ClickKeyword.groovy:40)
	at com.kms.katalon.core.keyword.internal.KeywordExecutor.executeKeywordForPlatform(KeywordExecutor.groovy:74)
	at com.kms.katalon.core.webui.keyword.WebUiBuiltInKeywords.click(WebUiBuiltInKeywords.groovy:647)
	at Script1704176576008.run(Script1704176576008.groovy:526)
	... 15 more
)
[[ATTACHMENT|D:\\katalon\\akunmu-netflix\\Reports\\20240102_180710\\Test\\20240102_180711\\1704193880158.png]]

02-01-2024T18:11:20 - [TEST_STEP][PASSED] - navigateToUrl("https://www.netflix.com/YourAccount"): Navigate to 'https://www.netflix.com/YourAccount' successfully

02-01-2024T18:11:21 - [MESSAGE][PASSED] - Navigate to 'https://www.netflix.com/YourAccount' successfully

02-01-2024T18:11:21 - [TEST_STEP][PASSED] - click(findTestObject("Pin/pin expand button 5")): Object: 'Object Repository/Pin/pin expand button 5' is clicked on

02-01-2024T18:11:22 - [MESSAGE][PASSED] - Object: 'Object Repository/Pin/pin expand button 5' is clicked on

02-01-2024T18:11:22 - [TEST_STEP][PASSED] - click(findTestObject("StreamActivity/lihat 5")): Object: 'Object Repository/StreamActivity/lihat 5' is clicked on

02-01-2024T18:11:23 - [MESSAGE][PASSED] - Object: 'Object Repository/StreamActivity/lihat 5' is clicked on

02-01-2024T18:11:23 - [TEST_STEP][PASSED] - click(findTestObject("StreamActivity/sembunyikan"), OPTIONAL): Unable to click on object 'Object Repository/StreamActivity/sembunyikan' (Root cause: com.kms.katalon.core.exception.StepFailedException: Unable to click on object 'Object Repository/StreamActivity/sembunyikan'
	at com.kms.katalon.core.webui.keyword.internal.WebUIKeywordMain.stepFailed(WebUIKeywordMain.groovy:64)
	at com.kms.katalon.core.webui.keyword.internal.WebUIKeywordMain.runKeyword(WebUIKeywordMain.groovy:26)
	at com.kms.katalon.core.webui.keyword.builtin.ClickKeyword.click(ClickKeyword.groovy:74)
	at com.kms.katalon.core.webui.keyword.builtin.ClickKeyword.execute(ClickKeyword.groovy:40)
	at com.kms.katalon.core.keyword.internal.KeywordExecutor.executeKeywordForPlatform(KeywordExecutor.groovy:74)
	at com.kms.katalon.core.webui.keyword.WebUiBuiltInKeywords.click(WebUiBuiltInKeywords.groovy:647)
	at TC Full Reset (Alfa Test).run(TC Full Reset (Alfa Test):537)
	at com.kms.katalon.core.main.ScriptEngine.run(ScriptEngine.java:194)
	at com.kms.katalon.core.main.ScriptEngine.runScriptAsRawText(ScriptEngine.java:119)
	at com.kms.katalon.core.main.TestCaseExecutor.runScript(TestCaseExecutor.java:448)
	at com.kms.katalon.core.main.TestCaseExecutor.doExecute(TestCaseExecutor.java:439)
	at com.kms.katalon.core.main.TestCaseExecutor.processExecutionPhase(TestCaseExecutor.java:418)
	at com.kms.katalon.core.main.TestCaseExecutor.accessMainPhase(TestCaseExecutor.java:410)
	at com.kms.katalon.core.main.TestCaseExecutor.execute(TestCaseExecutor.java:285)
	at com.kms.katalon.core.common.CommonExecutor.accessTestCaseMainPhase(CommonExecutor.java:65)
	at com.kms.katalon.core.main.TestSuiteExecutor.accessTestSuiteMainPhase(TestSuiteExecutor.java:148)
	at com.kms.katalon.core.main.TestSuiteExecutor.execute(TestSuiteExecutor.java:106)
	at com.kms.katalon.core.main.TestCaseMain.startTestSuite(TestCaseMain.java:180)
	at TempTestSuite1704193631641.run(TempTestSuite1704193631641.groovy:36)
	at java.base/jdk.internal.reflect.NativeMethodAccessorImpl.invoke0(Native Method)
	at java.base/jdk.internal.reflect.NativeMethodAccessorImpl.invoke(NativeMethodAccessorImpl.java:77)
	at java.base/jdk.internal.reflect.DelegatingMethodAccessorImpl.invoke(DelegatingMethodAccessorImpl.java:43)
Caused by: com.kms.katalon.core.webui.exception.WebElementNotFoundException: Web element with id: 'Object Repository/StreamActivity/sembunyikan' located by '//*[@id="appMountPoint"]/div/div/div/div[2]/div/div/div[2]/div[2]/a[1]' not found
	at com.kms.katalon.core.webui.common.WebUiCommonHelper.findWebElement(WebUiCommonHelper.java:1379)
	at com.kms.katalon.core.webui.keyword.internal.WebUIAbstractKeyword.findWebElement(WebUIAbstractKeyword.groovy:27)
	at com.kms.katalon.core.webui.keyword.builtin.ClickKeyword$_click_closure1.doCall(ClickKeyword.groovy:65)
	at com.kms.katalon.core.webui.keyword.builtin.ClickKeyword$_click_closure1.call(ClickKeyword.groovy)
	at com.kms.katalon.core.webui.keyword.internal.WebUIKeywordMain.runKeyword(WebUIKeywordMain.groovy:20)
	at com.kms.katalon.core.webui.keyword.builtin.ClickKeyword.click(ClickKeyword.groovy:74)
	at com.kms.katalon.core.webui.keyword.builtin.ClickKeyword.execute(ClickKeyword.groovy:40)
	at com.kms.katalon.core.keyword.internal.KeywordExecutor.executeKeywordForPlatform(KeywordExecutor.groovy:74)
	at com.kms.katalon.core.webui.keyword.WebUiBuiltInKeywords.click(WebUiBuiltInKeywords.groovy:647)
	at Script1704176576008.run(Script1704176576008.groovy:537)
	... 15 more
)

02-01-2024T18:11:26 - [MESSAGE][INFO] - Unable to find the element located by 'By.xpath: //*[@id="appMountPoint"]/div/div/div/div[2]/div/div/div[2]/div[2]/a[1]'. Please recheck the objects properties to make sure the desired element is located. 

02-01-2024T18:11:26 - [MESSAGE][WARNING] - Unable to click on object 'Object Repository/StreamActivity/sembunyikan' (Root cause: com.kms.katalon.core.exception.StepFailedException: Unable to click on object 'Object Repository/StreamActivity/sembunyikan'
	at com.kms.katalon.core.webui.keyword.internal.WebUIKeywordMain.stepFailed(WebUIKeywordMain.groovy:64)
	at com.kms.katalon.core.webui.keyword.internal.WebUIKeywordMain.runKeyword(WebUIKeywordMain.groovy:26)
	at com.kms.katalon.core.webui.keyword.builtin.ClickKeyword.click(ClickKeyword.groovy:74)
	at com.kms.katalon.core.webui.keyword.builtin.ClickKeyword.execute(ClickKeyword.groovy:40)
	at com.kms.katalon.core.keyword.internal.KeywordExecutor.executeKeywordForPlatform(KeywordExecutor.groovy:74)
	at com.kms.katalon.core.webui.keyword.WebUiBuiltInKeywords.click(WebUiBuiltInKeywords.groovy:647)
	at TC Full Reset (Alfa Test).run(TC Full Reset (Alfa Test):537)
	at com.kms.katalon.core.main.ScriptEngine.run(ScriptEngine.java:194)
	at com.kms.katalon.core.main.ScriptEngine.runScriptAsRawText(ScriptEngine.java:119)
	at com.kms.katalon.core.main.TestCaseExecutor.runScript(TestCaseExecutor.java:448)
	at com.kms.katalon.core.main.TestCaseExecutor.doExecute(TestCaseExecutor.java:439)
	at com.kms.katalon.core.main.TestCaseExecutor.processExecutionPhase(TestCaseExecutor.java:418)
	at com.kms.katalon.core.main.TestCaseExecutor.accessMainPhase(TestCaseExecutor.java:410)
	at com.kms.katalon.core.main.TestCaseExecutor.execute(TestCaseExecutor.java:285)
	at com.kms.katalon.core.common.CommonExecutor.accessTestCaseMainPhase(CommonExecutor.java:65)
	at com.kms.katalon.core.main.TestSuiteExecutor.accessTestSuiteMainPhase(TestSuiteExecutor.java:148)
	at com.kms.katalon.core.main.TestSuiteExecutor.execute(TestSuiteExecutor.java:106)
	at com.kms.katalon.core.main.TestCaseMain.startTestSuite(TestCaseMain.java:180)
	at TempTestSuite1704193631641.run(TempTestSuite1704193631641.groovy:36)
	at java.base/jdk.internal.reflect.NativeMethodAccessorImpl.invoke0(Native Method)
	at java.base/jdk.internal.reflect.NativeMethodAccessorImpl.invoke(NativeMethodAccessorImpl.java:77)
	at java.base/jdk.internal.reflect.DelegatingMethodAccessorImpl.invoke(DelegatingMethodAccessorImpl.java:43)
Caused by: com.kms.katalon.core.webui.exception.WebElementNotFoundException: Web element with id: 'Object Repository/StreamActivity/sembunyikan' located by '//*[@id="appMountPoint"]/div/div/div/div[2]/div/div/div[2]/div[2]/a[1]' not found
	at com.kms.katalon.core.webui.common.WebUiCommonHelper.findWebElement(WebUiCommonHelper.java:1379)
	at com.kms.katalon.core.webui.keyword.internal.WebUIAbstractKeyword.findWebElement(WebUIAbstractKeyword.groovy:27)
	at com.kms.katalon.core.webui.keyword.builtin.ClickKeyword$_click_closure1.doCall(ClickKeyword.groovy:65)
	at com.kms.katalon.core.webui.keyword.builtin.ClickKeyword$_click_closure1.call(ClickKeyword.groovy)
	at com.kms.katalon.core.webui.keyword.internal.WebUIKeywordMain.runKeyword(WebUIKeywordMain.groovy:20)
	at com.kms.katalon.core.webui.keyword.builtin.ClickKeyword.click(ClickKeyword.groovy:74)
	at com.kms.katalon.core.webui.keyword.builtin.ClickKeyword.execute(ClickKeyword.groovy:40)
	at com.kms.katalon.core.keyword.internal.KeywordExecutor.executeKeywordForPlatform(KeywordExecutor.groovy:74)
	at com.kms.katalon.core.webui.keyword.WebUiBuiltInKeywords.click(WebUiBuiltInKeywords.groovy:647)
	at Script1704176576008.run(Script1704176576008.groovy:537)
	... 15 more
)
[[ATTACHMENT|D:\\katalon\\akunmu-netflix\\Reports\\20240102_180710\\Test\\20240102_180711\\1704193886753.png]]

02-01-2024T18:11:26 - [TEST_STEP][PASSED] - click(findTestObject("StreamActivity/sembunyikan ya"), OPTIONAL): Unable to click on object 'Object Repository/StreamActivity/sembunyikan ya' (Root cause: com.kms.katalon.core.exception.StepFailedException: Unable to click on object 'Object Repository/StreamActivity/sembunyikan ya'
	at com.kms.katalon.core.webui.keyword.internal.WebUIKeywordMain.stepFailed(WebUIKeywordMain.groovy:64)
	at com.kms.katalon.core.webui.keyword.internal.WebUIKeywordMain.runKeyword(WebUIKeywordMain.groovy:26)
	at com.kms.katalon.core.webui.keyword.builtin.ClickKeyword.click(ClickKeyword.groovy:74)
	at com.kms.katalon.core.webui.keyword.builtin.ClickKeyword.execute(ClickKeyword.groovy:40)
	at com.kms.katalon.core.keyword.internal.KeywordExecutor.executeKeywordForPlatform(KeywordExecutor.groovy:74)
	at com.kms.katalon.core.webui.keyword.WebUiBuiltInKeywords.click(WebUiBuiltInKeywords.groovy:647)
	at TC Full Reset (Alfa Test).run(TC Full Reset (Alfa Test):539)
	at com.kms.katalon.core.main.ScriptEngine.run(ScriptEngine.java:194)
	at com.kms.katalon.core.main.ScriptEngine.runScriptAsRawText(ScriptEngine.java:119)
	at com.kms.katalon.core.main.TestCaseExecutor.runScript(TestCaseExecutor.java:448)
	at com.kms.katalon.core.main.TestCaseExecutor.doExecute(TestCaseExecutor.java:439)
	at com.kms.katalon.core.main.TestCaseExecutor.processExecutionPhase(TestCaseExecutor.java:418)
	at com.kms.katalon.core.main.TestCaseExecutor.accessMainPhase(TestCaseExecutor.java:410)
	at com.kms.katalon.core.main.TestCaseExecutor.execute(TestCaseExecutor.java:285)
	at com.kms.katalon.core.common.CommonExecutor.accessTestCaseMainPhase(CommonExecutor.java:65)
	at com.kms.katalon.core.main.TestSuiteExecutor.accessTestSuiteMainPhase(TestSuiteExecutor.java:148)
	at com.kms.katalon.core.main.TestSuiteExecutor.execute(TestSuiteExecutor.java:106)
	at com.kms.katalon.core.main.TestCaseMain.startTestSuite(TestCaseMain.java:180)
	at TempTestSuite1704193631641.run(TempTestSuite1704193631641.groovy:36)
	at java.base/jdk.internal.reflect.NativeMethodAccessorImpl.invoke0(Native Method)
	at java.base/jdk.internal.reflect.NativeMethodAccessorImpl.invoke(NativeMethodAccessorImpl.java:77)
	at java.base/jdk.internal.reflect.DelegatingMethodAccessorImpl.invoke(DelegatingMethodAccessorImpl.java:43)
Caused by: com.kms.katalon.core.webui.exception.WebElementNotFoundException: Web element with id: 'Object Repository/StreamActivity/sembunyikan ya' located by '//*[@id="appMountPoint"]/div/div/div/div[2]/div/div/div[2]/div[3]/div/footer/div/button[2]' not found
	at com.kms.katalon.core.webui.common.WebUiCommonHelper.findWebElement(WebUiCommonHelper.java:1379)
	at com.kms.katalon.core.webui.keyword.internal.WebUIAbstractKeyword.findWebElement(WebUIAbstractKeyword.groovy:27)
	at com.kms.katalon.core.webui.keyword.builtin.ClickKeyword$_click_closure1.doCall(ClickKeyword.groovy:65)
	at com.kms.katalon.core.webui.keyword.builtin.ClickKeyword$_click_closure1.call(ClickKeyword.groovy)
	at com.kms.katalon.core.webui.keyword.internal.WebUIKeywordMain.runKeyword(WebUIKeywordMain.groovy:20)
	at com.kms.katalon.core.webui.keyword.builtin.ClickKeyword.click(ClickKeyword.groovy:74)
	at com.kms.katalon.core.webui.keyword.builtin.ClickKeyword.execute(ClickKeyword.groovy:40)
	at com.kms.katalon.core.keyword.internal.KeywordExecutor.executeKeywordForPlatform(KeywordExecutor.groovy:74)
	at com.kms.katalon.core.webui.keyword.WebUiBuiltInKeywords.click(WebUiBuiltInKeywords.groovy:647)
	at Script1704176576008.run(Script1704176576008.groovy:539)
	... 15 more
)

02-01-2024T18:11:30 - [MESSAGE][INFO] - Unable to find the element located by 'By.xpath: //*[@id="appMountPoint"]/div/div/div/div[2]/div/div/div[2]/div[3]/div/footer/div/button[2]'. Please recheck the objects properties to make sure the desired element is located. 

02-01-2024T18:11:30 - [MESSAGE][WARNING] - Unable to click on object 'Object Repository/StreamActivity/sembunyikan ya' (Root cause: com.kms.katalon.core.exception.StepFailedException: Unable to click on object 'Object Repository/StreamActivity/sembunyikan ya'
	at com.kms.katalon.core.webui.keyword.internal.WebUIKeywordMain.stepFailed(WebUIKeywordMain.groovy:64)
	at com.kms.katalon.core.webui.keyword.internal.WebUIKeywordMain.runKeyword(WebUIKeywordMain.groovy:26)
	at com.kms.katalon.core.webui.keyword.builtin.ClickKeyword.click(ClickKeyword.groovy:74)
	at com.kms.katalon.core.webui.keyword.builtin.ClickKeyword.execute(ClickKeyword.groovy:40)
	at com.kms.katalon.core.keyword.internal.KeywordExecutor.executeKeywordForPlatform(KeywordExecutor.groovy:74)
	at com.kms.katalon.core.webui.keyword.WebUiBuiltInKeywords.click(WebUiBuiltInKeywords.groovy:647)
	at TC Full Reset (Alfa Test).run(TC Full Reset (Alfa Test):539)
	at com.kms.katalon.core.main.ScriptEngine.run(ScriptEngine.java:194)
	at com.kms.katalon.core.main.ScriptEngine.runScriptAsRawText(ScriptEngine.java:119)
	at com.kms.katalon.core.main.TestCaseExecutor.runScript(TestCaseExecutor.java:448)
	at com.kms.katalon.core.main.TestCaseExecutor.doExecute(TestCaseExecutor.java:439)
	at com.kms.katalon.core.main.TestCaseExecutor.processExecutionPhase(TestCaseExecutor.java:418)
	at com.kms.katalon.core.main.TestCaseExecutor.accessMainPhase(TestCaseExecutor.java:410)
	at com.kms.katalon.core.main.TestCaseExecutor.execute(TestCaseExecutor.java:285)
	at com.kms.katalon.core.common.CommonExecutor.accessTestCaseMainPhase(CommonExecutor.java:65)
	at com.kms.katalon.core.main.TestSuiteExecutor.accessTestSuiteMainPhase(TestSuiteExecutor.java:148)
	at com.kms.katalon.core.main.TestSuiteExecutor.execute(TestSuiteExecutor.java:106)
	at com.kms.katalon.core.main.TestCaseMain.startTestSuite(TestCaseMain.java:180)
	at TempTestSuite1704193631641.run(TempTestSuite1704193631641.groovy:36)
	at java.base/jdk.internal.reflect.NativeMethodAccessorImpl.invoke0(Native Method)
	at java.base/jdk.internal.reflect.NativeMethodAccessorImpl.invoke(NativeMethodAccessorImpl.java:77)
	at java.base/jdk.internal.reflect.DelegatingMethodAccessorImpl.invoke(DelegatingMethodAccessorImpl.java:43)
Caused by: com.kms.katalon.core.webui.exception.WebElementNotFoundException: Web element with id: 'Object Repository/StreamActivity/sembunyikan ya' located by '//*[@id="appMountPoint"]/div/div/div/div[2]/div/div/div[2]/div[3]/div/footer/div/button[2]' not found
	at com.kms.katalon.core.webui.common.WebUiCommonHelper.findWebElement(WebUiCommonHelper.java:1379)
	at com.kms.katalon.core.webui.keyword.internal.WebUIAbstractKeyword.findWebElement(WebUIAbstractKeyword.groovy:27)
	at com.kms.katalon.core.webui.keyword.builtin.ClickKeyword$_click_closure1.doCall(ClickKeyword.groovy:65)
	at com.kms.katalon.core.webui.keyword.builtin.ClickKeyword$_click_closure1.call(ClickKeyword.groovy)
	at com.kms.katalon.core.webui.keyword.internal.WebUIKeywordMain.runKeyword(WebUIKeywordMain.groovy:20)
	at com.kms.katalon.core.webui.keyword.builtin.ClickKeyword.click(ClickKeyword.groovy:74)
	at com.kms.katalon.core.webui.keyword.builtin.ClickKeyword.execute(ClickKeyword.groovy:40)
	at com.kms.katalon.core.keyword.internal.KeywordExecutor.executeKeywordForPlatform(KeywordExecutor.groovy:74)
	at com.kms.katalon.core.webui.keyword.WebUiBuiltInKeywords.click(WebUiBuiltInKeywords.groovy:647)
	at Script1704176576008.run(Script1704176576008.groovy:539)
	... 15 more
)
[[ATTACHMENT|D:\\katalon\\akunmu-netflix\\Reports\\20240102_180710\\Test\\20240102_180711\\1704193890050.png]]

02-01-2024T18:11:30 - [TEST_STEP][PASSED] - navigateToUrl("https://www.netflix.com/YourAccount"): Navigate to 'https://www.netflix.com/YourAccount' successfully

02-01-2024T18:11:31 - [MESSAGE][PASSED] - Navigate to 'https://www.netflix.com/YourAccount' successfully

02-01-2024T18:11:31 - [TEST_STEP][PASSED] - navigateToUrl("https://www.netflix.com/id/logout"): Navigate to 'https://www.netflix.com/id/logout' successfully

02-01-2024T18:11:32 - [MESSAGE][PASSED] - Navigate to 'https://www.netflix.com/id/logout' successfully

02-01-2024T18:11:32 - [TEST_STEP][PASSED] - click(findTestObject("sign out")): Object: 'Object Repository/sign out' is clicked on

02-01-2024T18:11:34 - [MESSAGE][PASSED] - Object: 'Object Repository/sign out' is clicked on

02-01-2024T18:11:34 - [TEST_STEP][PASSED] - delay(2): Delayed 2 second(s)

02-01-2024T18:11:36 - [MESSAGE][PASSED] - Delayed 2 second(s)

02-01-2024T18:11:36 - [TEST_STEP][FAILED] - click(findTestObject(null)): Unable to click on object (Root cause: com.kms.katalon.core.exception.StepFailedException: Unable to click on object
	at com.kms.katalon.core.webui.keyword.internal.WebUIKeywordMain.stepFailed(WebUIKeywordMain.groovy:64)
	at com.kms.katalon.core.webui.keyword.internal.WebUIKeywordMain.runKeyword(WebUIKeywordMain.groovy:26)
	at com.kms.katalon.core.webui.keyword.builtin.ClickKeyword.click(ClickKeyword.groovy:74)
	at com.kms.katalon.core.webui.keyword.builtin.ClickKeyword.execute(ClickKeyword.groovy:40)
	at com.kms.katalon.core.keyword.internal.KeywordExecutor.executeKeywordForPlatform(KeywordExecutor.groovy:74)
	at com.kms.katalon.core.webui.keyword.WebUiBuiltInKeywords.click(WebUiBuiltInKeywords.groovy:659)
	at TC Full Reset (Alfa Test).run(TC Full Reset (Alfa Test):552)
	at com.kms.katalon.core.main.ScriptEngine.run(ScriptEngine.java:194)
	at com.kms.katalon.core.main.ScriptEngine.runScriptAsRawText(ScriptEngine.java:119)
	at com.kms.katalon.core.main.TestCaseExecutor.runScript(TestCaseExecutor.java:448)
	at com.kms.katalon.core.main.TestCaseExecutor.doExecute(TestCaseExecutor.java:439)
	at com.kms.katalon.core.main.TestCaseExecutor.processExecutionPhase(TestCaseExecutor.java:418)
	at com.kms.katalon.core.main.TestCaseExecutor.accessMainPhase(TestCaseExecutor.java:410)
	at com.kms.katalon.core.main.TestCaseExecutor.execute(TestCaseExecutor.java:285)
	at com.kms.katalon.core.common.CommonExecutor.accessTestCaseMainPhase(CommonExecutor.java:65)
	at com.kms.katalon.core.main.TestSuiteExecutor.accessTestSuiteMainPhase(TestSuiteExecutor.java:148)
	at com.kms.katalon.core.main.TestSuiteExecutor.execute(TestSuiteExecutor.java:106)
	at com.kms.katalon.core.main.TestCaseMain.startTestSuite(TestCaseMain.java:180)
	at TempTestSuite1704193631641.run(TempTestSuite1704193631641.groovy:36)
	at java.base/jdk.internal.reflect.NativeMethodAccessorImpl.invoke0(Native Method)
	at java.base/jdk.internal.reflect.NativeMethodAccessorImpl.invoke(NativeMethodAccessorImpl.java:77)
	at java.base/jdk.internal.reflect.DelegatingMethodAccessorImpl.invoke(DelegatingMethodAccessorImpl.java:43)
Caused by: java.lang.IllegalArgumentException: Object is null
	at com.kms.katalon.core.helper.KeywordHelper.checkTestObjectParameter(KeywordHelper.java:33)
	at com.kms.katalon.core.webui.keyword.builtin.ClickKeyword$_click_closure1.doCall(ClickKeyword.groovy:62)
	at com.kms.katalon.core.webui.keyword.builtin.ClickKeyword$_click_closure1.call(ClickKeyword.groovy)
	at com.kms.katalon.core.webui.keyword.internal.WebUIKeywordMain.runKeyword(WebUIKeywordMain.groovy:20)
	at com.kms.katalon.core.webui.keyword.builtin.ClickKeyword.click(ClickKeyword.groovy:74)
	at com.kms.katalon.core.webui.keyword.builtin.ClickKeyword.execute(ClickKeyword.groovy:40)
	at com.kms.katalon.core.keyword.internal.KeywordExecutor.executeKeywordForPlatform(KeywordExecutor.groovy:74)
	at com.kms.katalon.core.webui.keyword.WebUiBuiltInKeywords.click(WebUiBuiltInKeywords.groovy:659)
	at Script1704176576008.run(Script1704176576008.groovy:552)
	... 15 more
)

02-01-2024T18:11:36 - [MESSAGE][WARNING] - Test object id is null

02-01-2024T18:11:36 - [MESSAGE][WARNING] - Test object with id 'Object Repository/' does not exist

02-01-2024T18:11:36 - [MESSAGE][FAILED] - Unable to click on object (Root cause: com.kms.katalon.core.exception.StepFailedException: Unable to click on object
	at com.kms.katalon.core.webui.keyword.internal.WebUIKeywordMain.stepFailed(WebUIKeywordMain.groovy:64)
	at com.kms.katalon.core.webui.keyword.internal.WebUIKeywordMain.runKeyword(WebUIKeywordMain.groovy:26)
	at com.kms.katalon.core.webui.keyword.builtin.ClickKeyword.click(ClickKeyword.groovy:74)
	at com.kms.katalon.core.webui.keyword.builtin.ClickKeyword.execute(ClickKeyword.groovy:40)
	at com.kms.katalon.core.keyword.internal.KeywordExecutor.executeKeywordForPlatform(KeywordExecutor.groovy:74)
	at com.kms.katalon.core.webui.keyword.WebUiBuiltInKeywords.click(WebUiBuiltInKeywords.groovy:659)
	at TC Full Reset (Alfa Test).run(TC Full Reset (Alfa Test):552)
	at com.kms.katalon.core.main.ScriptEngine.run(ScriptEngine.java:194)
	at com.kms.katalon.core.main.ScriptEngine.runScriptAsRawText(ScriptEngine.java:119)
	at com.kms.katalon.core.main.TestCaseExecutor.runScript(TestCaseExecutor.java:448)
	at com.kms.katalon.core.main.TestCaseExecutor.doExecute(TestCaseExecutor.java:439)
	at com.kms.katalon.core.main.TestCaseExecutor.processExecutionPhase(TestCaseExecutor.java:418)
	at com.kms.katalon.core.main.TestCaseExecutor.accessMainPhase(TestCaseExecutor.java:410)
	at com.kms.katalon.core.main.TestCaseExecutor.execute(TestCaseExecutor.java:285)
	at com.kms.katalon.core.common.CommonExecutor.accessTestCaseMainPhase(CommonExecutor.java:65)
	at com.kms.katalon.core.main.TestSuiteExecutor.accessTestSuiteMainPhase(TestSuiteExecutor.java:148)
	at com.kms.katalon.core.main.TestSuiteExecutor.execute(TestSuiteExecutor.java:106)
	at com.kms.katalon.core.main.TestCaseMain.startTestSuite(TestCaseMain.java:180)
	at TempTestSuite1704193631641.run(TempTestSuite1704193631641.groovy:36)
	at java.base/jdk.internal.reflect.NativeMethodAccessorImpl.invoke0(Native Method)
	at java.base/jdk.internal.reflect.NativeMethodAccessorImpl.invoke(NativeMethodAccessorImpl.java:77)
	at java.base/jdk.internal.reflect.DelegatingMethodAccessorImpl.invoke(DelegatingMethodAccessorImpl.java:43)
Caused by: java.lang.IllegalArgumentException: Object is null
	at com.kms.katalon.core.helper.KeywordHelper.checkTestObjectParameter(KeywordHelper.java:33)
	at com.kms.katalon.core.webui.keyword.builtin.ClickKeyword$_click_closure1.doCall(ClickKeyword.groovy:62)
	at com.kms.katalon.core.webui.keyword.builtin.ClickKeyword$_click_closure1.call(ClickKeyword.groovy)
	at com.kms.katalon.core.webui.keyword.internal.WebUIKeywordMain.runKeyword(WebUIKeywordMain.groovy:20)
	at com.kms.katalon.core.webui.keyword.builtin.ClickKeyword.click(ClickKeyword.groovy:74)
	at com.kms.katalon.core.webui.keyword.builtin.ClickKeyword.execute(ClickKeyword.groovy:40)
	at com.kms.katalon.core.keyword.internal.KeywordExecutor.executeKeywordForPlatform(KeywordExecutor.groovy:74)
	at com.kms.katalon.core.webui.keyword.WebUiBuiltInKeywords.click(WebUiBuiltInKeywords.groovy:659)
	at Script1704176576008.run(Script1704176576008.groovy:552)
	... 15 more
)
[[ATTACHMENT|D:\\katalon\\akunmu-netflix\\Reports\\20240102_180710\\Test\\20240102_180711\\1704193896558.png]]]]></system-out>
         <system-err><![CDATA[02-01-2024T18:07:19 - [TEST_CASE][FAILED] - Test Cases/TC Full Reset (Alfa Test): Test Cases/TC Full Reset (Alfa Test) FAILED.
Reason:
com.kms.katalon.core.exception.StepFailedException: Unable to click on object
	at com.kms.katalon.core.webui.keyword.internal.WebUIKeywordMain.stepFailed(WebUIKeywordMain.groovy:64)
	at com.kms.katalon.core.webui.keyword.internal.WebUIKeywordMain.runKeyword(WebUIKeywordMain.groovy:26)
	at com.kms.katalon.core.webui.keyword.builtin.ClickKeyword.click(ClickKeyword.groovy:74)
	at com.kms.katalon.core.webui.keyword.builtin.ClickKeyword.execute(ClickKeyword.groovy:40)
	at com.kms.katalon.core.keyword.internal.KeywordExecutor.executeKeywordForPlatform(KeywordExecutor.groovy:74)
	at com.kms.katalon.core.webui.keyword.WebUiBuiltInKeywords.click(WebUiBuiltInKeywords.groovy:659)
	at TC Full Reset (Alfa Test).run(TC Full Reset (Alfa Test):552)
	at com.kms.katalon.core.main.ScriptEngine.run(ScriptEngine.java:194)
	at com.kms.katalon.core.main.ScriptEngine.runScriptAsRawText(ScriptEngine.java:119)
	at com.kms.katalon.core.main.TestCaseExecutor.runScript(TestCaseExecutor.java:448)
	at com.kms.katalon.core.main.TestCaseExecutor.doExecute(TestCaseExecutor.java:439)
	at com.kms.katalon.core.main.TestCaseExecutor.processExecutionPhase(TestCaseExecutor.java:418)
	at com.kms.katalon.core.main.TestCaseExecutor.accessMainPhase(TestCaseExecutor.java:410)
	at com.kms.katalon.core.main.TestCaseExecutor.execute(TestCaseExecutor.java:285)
	at com.kms.katalon.core.common.CommonExecutor.accessTestCaseMainPhase(CommonExecutor.java:65)
	at com.kms.katalon.core.main.TestSuiteExecutor.accessTestSuiteMainPhase(TestSuiteExecutor.java:148)
	at com.kms.katalon.core.main.TestSuiteExecutor.execute(TestSuiteExecutor.java:106)
	at com.kms.katalon.core.main.TestCaseMain.startTestSuite(TestCaseMain.java:180)
	at TempTestSuite1704193631641.run(TempTestSuite1704193631641.groovy:36)
	at java.base/jdk.internal.reflect.NativeMethodAccessorImpl.invoke0(Native Method)
	at java.base/jdk.internal.reflect.NativeMethodAccessorImpl.invoke(NativeMethodAccessorImpl.java:77)
	at java.base/jdk.internal.reflect.DelegatingMethodAccessorImpl.invoke(DelegatingMethodAccessorImpl.java:43)
Caused by: java.lang.IllegalArgumentException: Object is null
	at com.kms.katalon.core.helper.KeywordHelper.checkTestObjectParameter(KeywordHelper.java:33)
	at com.kms.katalon.core.webui.keyword.builtin.ClickKeyword$_click_closure1.doCall(ClickKeyword.groovy:62)
	at com.kms.katalon.core.webui.keyword.builtin.ClickKeyword$_click_closure1.call(ClickKeyword.groovy)
	at com.kms.katalon.core.webui.keyword.internal.WebUIKeywordMain.runKeyword(WebUIKeywordMain.groovy:20)
	... 20 more]]></system-err>
      </testcase>
      <system-out><![CDATA[02-01-2024T18:07:18 - [TEST_SUITE][FAILED] - Test: Test Cases/TC Full Reset (Alfa Test) FAILED.
Reason:
com.kms.katalon.core.exception.StepFailedException: Unable to click on object
	at com.kms.katalon.core.webui.keyword.internal.WebUIKeywordMain.stepFailed(WebUIKeywordMain.groovy:64)
	at com.kms.katalon.core.webui.keyword.internal.WebUIKeywordMain.runKeyword(WebUIKeywordMain.groovy:26)
	at com.kms.katalon.core.webui.keyword.builtin.ClickKeyword.click(ClickKeyword.groovy:74)
	at com.kms.katalon.core.webui.keyword.builtin.ClickKeyword.execute(ClickKeyword.groovy:40)
	at com.kms.katalon.core.keyword.internal.KeywordExecutor.executeKeywordForPlatform(KeywordExecutor.groovy:74)
	at com.kms.katalon.core.webui.keyword.WebUiBuiltInKeywords.click(WebUiBuiltInKeywords.groovy:659)
	at TC Full Reset (Alfa Test).run(TC Full Reset (Alfa Test):552)
	at com.kms.katalon.core.main.ScriptEngine.run(ScriptEngine.java:194)
	at com.kms.katalon.core.main.ScriptEngine.runScriptAsRawText(ScriptEngine.java:119)
	at com.kms.katalon.core.main.TestCaseExecutor.runScript(TestCaseExecutor.java:448)
	at com.kms.katalon.core.main.TestCaseExecutor.doExecute(TestCaseExecutor.java:439)
	at com.kms.katalon.core.main.TestCaseExecutor.processExecutionPhase(TestCaseExecutor.java:418)
	at com.kms.katalon.core.main.TestCaseExecutor.accessMainPhase(TestCaseExecutor.java:410)
	at com.kms.katalon.core.main.TestCaseExecutor.execute(TestCaseExecutor.java:285)
	at com.kms.katalon.core.common.CommonExecutor.accessTestCaseMainPhase(CommonExecutor.java:65)
	at com.kms.katalon.core.main.TestSuiteExecutor.accessTestSuiteMainPhase(TestSuiteExecutor.java:148)
	at com.kms.katalon.core.main.TestSuiteExecutor.execute(TestSuiteExecutor.java:106)
	at com.kms.katalon.core.main.TestCaseMain.startTestSuite(TestCaseMain.java:180)
	at TempTestSuite1704193631641.run(TempTestSuite1704193631641.groovy:36)
	at java.base/jdk.internal.reflect.NativeMethodAccessorImpl.invoke0(Native Method)
	at java.base/jdk.internal.reflect.NativeMethodAccessorImpl.invoke(NativeMethodAccessorImpl.java:77)
	at java.base/jdk.internal.reflect.DelegatingMethodAccessorImpl.invoke(DelegatingMethodAccessorImpl.java:43)
Caused by: java.lang.IllegalArgumentException: Object is null
	at com.kms.katalon.core.helper.KeywordHelper.checkTestObjectParameter(KeywordHelper.java:33)
	at com.kms.katalon.core.webui.keyword.builtin.ClickKeyword$_click_closure1.doCall(ClickKeyword.groovy:62)
	at com.kms.katalon.core.webui.keyword.builtin.ClickKeyword$_click_closure1.call(ClickKeyword.groovy)
	at com.kms.katalon.core.webui.keyword.internal.WebUIKeywordMain.runKeyword(WebUIKeywordMain.groovy:20)
	... 20 more]]></system-out>
      <system-err><![CDATA[02-01-2024T18:07:18 - [TEST_SUITE][FAILED] - Test: Test Cases/TC Full Reset (Alfa Test) FAILED.
Reason:
com.kms.katalon.core.exception.StepFailedException: Unable to click on object
	at com.kms.katalon.core.webui.keyword.internal.WebUIKeywordMain.stepFailed(WebUIKeywordMain.groovy:64)
	at com.kms.katalon.core.webui.keyword.internal.WebUIKeywordMain.runKeyword(WebUIKeywordMain.groovy:26)
	at com.kms.katalon.core.webui.keyword.builtin.ClickKeyword.click(ClickKeyword.groovy:74)
	at com.kms.katalon.core.webui.keyword.builtin.ClickKeyword.execute(ClickKeyword.groovy:40)
	at com.kms.katalon.core.keyword.internal.KeywordExecutor.executeKeywordForPlatform(KeywordExecutor.groovy:74)
	at com.kms.katalon.core.webui.keyword.WebUiBuiltInKeywords.click(WebUiBuiltInKeywords.groovy:659)
	at TC Full Reset (Alfa Test).run(TC Full Reset (Alfa Test):552)
	at com.kms.katalon.core.main.ScriptEngine.run(ScriptEngine.java:194)
	at com.kms.katalon.core.main.ScriptEngine.runScriptAsRawText(ScriptEngine.java:119)
	at com.kms.katalon.core.main.TestCaseExecutor.runScript(TestCaseExecutor.java:448)
	at com.kms.katalon.core.main.TestCaseExecutor.doExecute(TestCaseExecutor.java:439)
	at com.kms.katalon.core.main.TestCaseExecutor.processExecutionPhase(TestCaseExecutor.java:418)
	at com.kms.katalon.core.main.TestCaseExecutor.accessMainPhase(TestCaseExecutor.java:410)
	at com.kms.katalon.core.main.TestCaseExecutor.execute(TestCaseExecutor.java:285)
	at com.kms.katalon.core.common.CommonExecutor.accessTestCaseMainPhase(CommonExecutor.java:65)
	at com.kms.katalon.core.main.TestSuiteExecutor.accessTestSuiteMainPhase(TestSuiteExecutor.java:148)
	at com.kms.katalon.core.main.TestSuiteExecutor.execute(TestSuiteExecutor.java:106)
	at com.kms.katalon.core.main.TestCaseMain.startTestSuite(TestCaseMain.java:180)
	at TempTestSuite1704193631641.run(TempTestSuite1704193631641.groovy:36)
	at java.base/jdk.internal.reflect.NativeMethodAccessorImpl.invoke0(Native Method)
	at java.base/jdk.internal.reflect.NativeMethodAccessorImpl.invoke(NativeMethodAccessorImpl.java:77)
	at java.base/jdk.internal.reflect.DelegatingMethodAccessorImpl.invoke(DelegatingMethodAccessorImpl.java:43)
Caused by: java.lang.IllegalArgumentException: Object is null
	at com.kms.katalon.core.helper.KeywordHelper.checkTestObjectParameter(KeywordHelper.java:33)
	at com.kms.katalon.core.webui.keyword.builtin.ClickKeyword$_click_closure1.doCall(ClickKeyword.groovy:62)
	at com.kms.katalon.core.webui.keyword.builtin.ClickKeyword$_click_closure1.call(ClickKeyword.groovy)
	at com.kms.katalon.core.webui.keyword.internal.WebUIKeywordMain.runKeyword(WebUIKeywordMain.groovy:20)
	... 20 more]]></system-err>
   </testsuite>
</testsuites>
