<?xml version="1.0" encoding="UTF-8"?>
<testsuites name="Reset" time="105.243" tests="1" failures="0" errors="0">
   <testsuite name="Reset" tests="1" failures="0" errors="0" time="105.243" skipped="0" timestamp="01-01-2024T20:13:29" hostname="abyad - Thinkbook" id="Test Suites/Reset">
      <properties>
         <property name="deviceName" value=""/>
         <property name="devicePlatform" value=""/>
         <property name="logFolder" value="D:\\katalon\\Netflix\\Netflix - Create Profile\\Reports\\20240101_201322\\Reset\\20240101_201322"/>
         <property name="logFiles" value="D:\\katalon\\Netflix\\Netflix - Create Profile\\Reports\\20240101_201322\\Reset\\20240101_201322\\execution0.log"/>
         <property name="attachments" value=""/>
         <property name="hostName" value="abyad - Thinkbook"/>
         <property name="os" value="Windows 11 64bit"/>
         <property name="katalonVersion" value="9.2.0.212"/>
         <property name="browser" value="Chrome 120.0.0.0"/>
         <property name="hostAddress" value="192.168.18.169"/>
         <property name="sessionId" value="26d969f0eb92c01b914c70d490b98d75"/>
         <property name="seleniumVersion" value="3.141.59"/>
         <property name="proxyInformation" value="ProxyInformation { proxyOption=NO_PROXY, proxyServerType=HTTP, username=, password=********, proxyServerAddress=, proxyServerPort=0, executionList=&quot;&quot;, isApplyToDesiredCapabilities=true }"/>
         <property name="platform" value="Windows 11"/>
      </properties>
      <testcase name="Test Cases/Profile" time="104.914" classname="Test Cases/Profile" status="PASSED">
         <system-out><![CDATA[01-01-2024T20:13:30 - [TEST_CASE][PASSED] - Test Cases/Profile: Test Cases/Profile

01-01-2024T20:13:30 - [TEST_STEP][PASSED] - openBrowser(""): Browser is opened with url: ''

01-01-2024T20:13:31 - [MESSAGE][INFO] - Starting 'Chrome' driver

01-01-2024T20:13:31 - [MESSAGE][INFO] - Action delay is set to 0 milliseconds

01-01-2024T20:13:32 - [MESSAGE][PASSED] - Browser is opened with url: ''

01-01-2024T20:13:32 - [TEST_STEP][PASSED] - navigateToUrl("https://www.netflix.com/id/login"): Navigate to 'https://www.netflix.com/id/login' successfully

01-01-2024T20:13:36 - [MESSAGE][PASSED] - Navigate to 'https://www.netflix.com/id/login' successfully

01-01-2024T20:13:36 - [TEST_STEP][PASSED] - click(findTestObject("Object Repository/Login/1 email")): Object: 'Object Repository/Login/1 email' is clicked on

01-01-2024T20:13:36 - [MESSAGE][PASSED] - Object: 'Object Repository/Login/1 email' is clicked on

01-01-2024T20:13:36 - [TEST_STEP][PASSED] - setText(findTestObject("Object Repository/Login/2 user id"), email): Text 'jhp@frilsa.com' is set on object 'Object Repository/Login/2 user id'

01-01-2024T20:13:37 - [MESSAGE][PASSED] - Text 'jhp@frilsa.com' is set on object 'Object Repository/Login/2 user id'

01-01-2024T20:13:37 - [TEST_STEP][PASSED] - setEncryptedText(findTestObject("Object Repository/Login/3 password"), "tcoL0gTvL8A="): Text ****** has been set on object 'Object Repository/Login/3 password'

01-01-2024T20:13:37 - [MESSAGE][PASSED] - Text ****** has been set on object 'Object Repository/Login/3 password'

01-01-2024T20:13:37 - [TEST_STEP][PASSED] - click(findTestObject("Object Repository/Login/4 sign in")): Object: 'Object Repository/Login/4 sign in' is clicked on

01-01-2024T20:13:38 - [MESSAGE][PASSED] - Object: 'Object Repository/Login/4 sign in' is clicked on

01-01-2024T20:13:38 - [TEST_STEP][PASSED] - delay(5): Delayed 5 second(s)

01-01-2024T20:13:43 - [MESSAGE][PASSED] - Delayed 5 second(s)

01-01-2024T20:13:43 - [TEST_STEP][PASSED] - navigateToUrl("https://www.netflix.com/profiles/manage"): Navigate to 'https://www.netflix.com/profiles/manage' successfully

01-01-2024T20:13:45 - [MESSAGE][PASSED] - Navigate to 'https://www.netflix.com/profiles/manage' successfully

01-01-2024T20:13:45 - [TEST_STEP][PASSED] - click(findTestObject("Profile/profile yang ingin dihapus"), OPTIONAL): Object: 'Object Repository/Profile/profile yang ingin dihapus' is clicked on

01-01-2024T20:13:46 - [MESSAGE][PASSED] - Object: 'Object Repository/Profile/profile yang ingin dihapus' is clicked on

01-01-2024T20:13:46 - [TEST_STEP][PASSED] - click(findTestObject("Profile/profile delete"), OPTIONAL): Object: 'Object Repository/Profile/profile delete' is clicked on

01-01-2024T20:13:47 - [MESSAGE][PASSED] - Object: 'Object Repository/Profile/profile delete' is clicked on

01-01-2024T20:13:47 - [TEST_STEP][PASSED] - click(findTestObject("Profile/profile delete confirm"), OPTIONAL): Object: 'Object Repository/Profile/profile delete confirm' is clicked on

01-01-2024T20:13:47 - [MESSAGE][PASSED] - Object: 'Object Repository/Profile/profile delete confirm' is clicked on

01-01-2024T20:13:47 - [TEST_STEP][PASSED] - click(findTestObject("Profile/profile yang ingin dihapus"), OPTIONAL): Object: 'Object Repository/Profile/profile yang ingin dihapus' is clicked on

01-01-2024T20:13:48 - [MESSAGE][PASSED] - Object: 'Object Repository/Profile/profile yang ingin dihapus' is clicked on

01-01-2024T20:13:48 - [TEST_STEP][PASSED] - click(findTestObject("Profile/profile delete"), OPTIONAL): Object: 'Object Repository/Profile/profile delete' is clicked on

01-01-2024T20:13:49 - [MESSAGE][PASSED] - Object: 'Object Repository/Profile/profile delete' is clicked on

01-01-2024T20:13:49 - [TEST_STEP][PASSED] - click(findTestObject("Profile/profile delete confirm"), OPTIONAL): Object: 'Object Repository/Profile/profile delete confirm' is clicked on

01-01-2024T20:13:50 - [MESSAGE][PASSED] - Object: 'Object Repository/Profile/profile delete confirm' is clicked on

01-01-2024T20:13:50 - [TEST_STEP][PASSED] - click(findTestObject("Profile/profile yang ingin dihapus"), OPTIONAL): Object: 'Object Repository/Profile/profile yang ingin dihapus' is clicked on

01-01-2024T20:13:51 - [MESSAGE][PASSED] - Object: 'Object Repository/Profile/profile yang ingin dihapus' is clicked on

01-01-2024T20:13:51 - [TEST_STEP][PASSED] - click(findTestObject("Profile/profile delete"), OPTIONAL): Object: 'Object Repository/Profile/profile delete' is clicked on

01-01-2024T20:13:52 - [MESSAGE][PASSED] - Object: 'Object Repository/Profile/profile delete' is clicked on

01-01-2024T20:13:52 - [TEST_STEP][PASSED] - click(findTestObject("Profile/profile delete confirm"), OPTIONAL): Object: 'Object Repository/Profile/profile delete confirm' is clicked on

01-01-2024T20:13:53 - [MESSAGE][PASSED] - Object: 'Object Repository/Profile/profile delete confirm' is clicked on

01-01-2024T20:13:53 - [TEST_STEP][PASSED] - click(findTestObject("Profile/profile yang ingin dihapus"), OPTIONAL): Object: 'Object Repository/Profile/profile yang ingin dihapus' is clicked on

01-01-2024T20:13:54 - [MESSAGE][PASSED] - Object: 'Object Repository/Profile/profile yang ingin dihapus' is clicked on

01-01-2024T20:13:54 - [TEST_STEP][PASSED] - click(findTestObject("Profile/profile delete"), OPTIONAL): Object: 'Object Repository/Profile/profile delete' is clicked on

01-01-2024T20:13:55 - [MESSAGE][PASSED] - Object: 'Object Repository/Profile/profile delete' is clicked on

01-01-2024T20:13:55 - [TEST_STEP][PASSED] - click(findTestObject("Profile/profile delete confirm"), OPTIONAL): Object: 'Object Repository/Profile/profile delete confirm' is clicked on

01-01-2024T20:13:56 - [MESSAGE][PASSED] - Object: 'Object Repository/Profile/profile delete confirm' is clicked on

01-01-2024T20:13:56 - [TEST_STEP][PASSED] - navigateToUrl("https://www.netflix.com/profiles/manage", OPTIONAL): Navigate to 'https://www.netflix.com/profiles/manage' successfully

01-01-2024T20:13:57 - [MESSAGE][PASSED] - Navigate to 'https://www.netflix.com/profiles/manage' successfully

01-01-2024T20:13:57 - [TEST_STEP][PASSED] - click(findTestObject("Profile/profile edit name 1")): Object: 'Object Repository/Profile/profile edit name 1' is clicked on

01-01-2024T20:13:57 - [MESSAGE][PASSED] - Object: 'Object Repository/Profile/profile edit name 1' is clicked on

01-01-2024T20:13:57 - [TEST_STEP][PASSED] - clearText(findTestObject("Profile/profile edit name text")): Text of object 'Object Repository/Profile/profile edit name text' is cleared

01-01-2024T20:13:59 - [MESSAGE][PASSED] - Text of object 'Object Repository/Profile/profile edit name text' is cleared

01-01-2024T20:13:59 - [TEST_STEP][PASSED] - setText(findTestObject("Profile/profile edit name text"), "PROFILE 1"): Text 'PROFILE 1' is set on object 'Object Repository/Profile/profile edit name text'

01-01-2024T20:13:59 - [MESSAGE][PASSED] - Text 'PROFILE 1' is set on object 'Object Repository/Profile/profile edit name text'

01-01-2024T20:13:59 - [TEST_STEP][PASSED] - click(findTestObject("Profile/language change")): Object: 'Object Repository/Profile/language change' is clicked on

01-01-2024T20:14:00 - [MESSAGE][PASSED] - Object: 'Object Repository/Profile/language change' is clicked on

01-01-2024T20:14:00 - [TEST_STEP][PASSED] - click(findTestObject("Profile/language indonesia")): Object: 'Object Repository/Profile/language indonesia' is clicked on

01-01-2024T20:14:00 - [MESSAGE][PASSED] - Object: 'Object Repository/Profile/language indonesia' is clicked on

01-01-2024T20:14:00 - [TEST_STEP][PASSED] - click(findTestObject("Profile/profile edit name save")): Object: 'Object Repository/Profile/profile edit name save' is clicked on

01-01-2024T20:14:01 - [MESSAGE][PASSED] - Object: 'Object Repository/Profile/profile edit name save' is clicked on

01-01-2024T20:14:01 - [TEST_STEP][PASSED] - click(findTestObject("Profile/profile add 2")): Object: 'Object Repository/Profile/profile add 2' is clicked on

01-01-2024T20:14:03 - [MESSAGE][PASSED] - Object: 'Object Repository/Profile/profile add 2' is clicked on

01-01-2024T20:14:03 - [TEST_STEP][PASSED] - setText(findTestObject("Profile/profile input name"), "PROFILE 2"): Text 'PROFILE 2' is set on object 'Object Repository/Profile/profile input name'

01-01-2024T20:14:04 - [MESSAGE][PASSED] - Text 'PROFILE 2' is set on object 'Object Repository/Profile/profile input name'

01-01-2024T20:14:04 - [TEST_STEP][PASSED] - click(findTestObject("Profile/profile input name continue")): Object: 'Object Repository/Profile/profile input name continue' is clicked on

01-01-2024T20:14:05 - [MESSAGE][PASSED] - Object: 'Object Repository/Profile/profile input name continue' is clicked on

01-01-2024T20:14:05 - [TEST_STEP][PASSED] - click(findTestObject("Profile/profile add 3")): Object: 'Object Repository/Profile/profile add 3' is clicked on

01-01-2024T20:14:06 - [MESSAGE][PASSED] - Object: 'Object Repository/Profile/profile add 3' is clicked on

01-01-2024T20:14:06 - [TEST_STEP][PASSED] - setText(findTestObject("Profile/profile input name"), "PROFILE 3"): Text 'PROFILE 3' is set on object 'Object Repository/Profile/profile input name'

01-01-2024T20:14:07 - [MESSAGE][PASSED] - Text 'PROFILE 3' is set on object 'Object Repository/Profile/profile input name'

01-01-2024T20:14:07 - [TEST_STEP][PASSED] - click(findTestObject("Profile/profile input name continue")): Object: 'Object Repository/Profile/profile input name continue' is clicked on

01-01-2024T20:14:08 - [MESSAGE][PASSED] - Object: 'Object Repository/Profile/profile input name continue' is clicked on

01-01-2024T20:14:08 - [TEST_STEP][PASSED] - click(findTestObject("Profile/profile add 4")): Object: 'Object Repository/Profile/profile add 4' is clicked on

01-01-2024T20:14:09 - [MESSAGE][PASSED] - Object: 'Object Repository/Profile/profile add 4' is clicked on

01-01-2024T20:14:09 - [TEST_STEP][PASSED] - setText(findTestObject("Profile/profile input name"), "PROFILE 4"): Text 'PROFILE 4' is set on object 'Object Repository/Profile/profile input name'

01-01-2024T20:14:11 - [MESSAGE][PASSED] - Text 'PROFILE 4' is set on object 'Object Repository/Profile/profile input name'

01-01-2024T20:14:11 - [TEST_STEP][PASSED] - click(findTestObject("Profile/profile input name continue")): Object: 'Object Repository/Profile/profile input name continue' is clicked on

01-01-2024T20:14:11 - [MESSAGE][PASSED] - Object: 'Object Repository/Profile/profile input name continue' is clicked on

01-01-2024T20:14:11 - [TEST_STEP][PASSED] - click(findTestObject("Profile/profile add 5")): Object: 'Object Repository/Profile/profile add 5' is clicked on

01-01-2024T20:14:12 - [MESSAGE][PASSED] - Object: 'Object Repository/Profile/profile add 5' is clicked on

01-01-2024T20:14:12 - [TEST_STEP][PASSED] - setText(findTestObject("Profile/profile input name"), "PROFILE 5"): Text 'PROFILE 5' is set on object 'Object Repository/Profile/profile input name'

01-01-2024T20:14:14 - [MESSAGE][PASSED] - Text 'PROFILE 5' is set on object 'Object Repository/Profile/profile input name'

01-01-2024T20:14:14 - [TEST_STEP][PASSED] - click(findTestObject("Profile/profile input name continue")): Object: 'Object Repository/Profile/profile input name continue' is clicked on

01-01-2024T20:14:14 - [MESSAGE][PASSED] - Object: 'Object Repository/Profile/profile input name continue' is clicked on

01-01-2024T20:14:14 - [TEST_STEP][PASSED] - click(findTestObject("Profile/profile done")): Object: 'Object Repository/Profile/profile done' is clicked on

01-01-2024T20:14:17 - [MESSAGE][PASSED] - Object: 'Object Repository/Profile/profile done' is clicked on

01-01-2024T20:14:17 - [TEST_STEP][PASSED] - navigateToUrl("https://www.netflix.com/YourAccount"): Navigate to 'https://www.netflix.com/YourAccount' successfully

01-01-2024T20:14:19 - [MESSAGE][PASSED] - Navigate to 'https://www.netflix.com/YourAccount' successfully

01-01-2024T20:14:19 - [TEST_STEP][PASSED] - click(findTestObject("Pin/pin expand button 1")): Object: 'Object Repository/Pin/pin expand button 1' is clicked on

01-01-2024T20:14:19 - [MESSAGE][PASSED] - Object: 'Object Repository/Pin/pin expand button 1' is clicked on

01-01-2024T20:14:19 - [TEST_STEP][PASSED] - click(findTestObject("Pin/pin change 1")): Object: 'Object Repository/Pin/pin change 1' is clicked on

01-01-2024T20:14:21 - [MESSAGE][PASSED] - Object: 'Object Repository/Pin/pin change 1' is clicked on

01-01-2024T20:14:21 - [TEST_STEP][PASSED] - setEncryptedText(findTestObject("Pin/pin input password"), "tcoL0gTvL8A="): Text ****** has been set on object 'Object Repository/Pin/pin input password'

01-01-2024T20:14:21 - [MESSAGE][PASSED] - Text ****** has been set on object 'Object Repository/Pin/pin input password'

01-01-2024T20:14:21 - [TEST_STEP][PASSED] - click(findTestObject("Pin/pin input password continue")): Object: 'Object Repository/Pin/pin input password continue' is clicked on

01-01-2024T20:14:22 - [MESSAGE][PASSED] - Object: 'Object Repository/Pin/pin input password continue' is clicked on

01-01-2024T20:14:22 - [TEST_STEP][PASSED] - if (verifyElementPresent(findTestObject("Pin/pin input A"), 5, CONTINUE_ON_FAILURE)): null

01-01-2024T20:14:23 - [MESSAGE][PASSED] - Object 'Object Repository/Pin/pin input A' is present

01-01-2024T20:14:23 - [TEST_STEP][PASSED] - click(findTestObject("Pin/pin checkbox")): Object: 'Object Repository/Pin/pin checkbox' is clicked on

01-01-2024T20:14:23 - [MESSAGE][PASSED] - Object: 'Object Repository/Pin/pin checkbox' is clicked on

01-01-2024T20:14:23 - [TEST_STEP][PASSED] - click(findTestObject("Pin/pin checkbox")): Object: 'Object Repository/Pin/pin checkbox' is clicked on

01-01-2024T20:14:24 - [MESSAGE][PASSED] - Object: 'Object Repository/Pin/pin checkbox' is clicked on

01-01-2024T20:14:24 - [TEST_STEP][PASSED] - setText(findTestObject("Pin/pin input A"), "1"): Text '1' is set on object 'Object Repository/Pin/pin input A'

01-01-2024T20:14:25 - [MESSAGE][PASSED] - Text '1' is set on object 'Object Repository/Pin/pin input A'

01-01-2024T20:14:25 - [TEST_STEP][PASSED] - setText(findTestObject("Pin/pin input B"), "1"): Text '1' is set on object 'Object Repository/Pin/pin input B'

01-01-2024T20:14:26 - [MESSAGE][PASSED] - Text '1' is set on object 'Object Repository/Pin/pin input B'

01-01-2024T20:14:26 - [TEST_STEP][PASSED] - setText(findTestObject("Pin/pin input C"), "1"): Text '1' is set on object 'Object Repository/Pin/pin input C'

01-01-2024T20:14:27 - [MESSAGE][PASSED] - Text '1' is set on object 'Object Repository/Pin/pin input C'

01-01-2024T20:14:27 - [TEST_STEP][PASSED] - setText(findTestObject("Pin/pin input D"), "1"): Text '1' is set on object 'Object Repository/Pin/pin input D'

01-01-2024T20:14:28 - [MESSAGE][PASSED] - Text '1' is set on object 'Object Repository/Pin/pin input D'

01-01-2024T20:14:28 - [TEST_STEP][PASSED] - click(findTestObject("Pin/pin input save 1")): Object: 'Object Repository/Pin/pin input save 1' is clicked on

01-01-2024T20:14:28 - [MESSAGE][PASSED] - Object: 'Object Repository/Pin/pin input save 1' is clicked on

01-01-2024T20:14:28 - [TEST_STEP][PASSED] - click(findTestObject("Pin/pin expand button 2")): Object: 'Object Repository/Pin/pin expand button 2' is clicked on

01-01-2024T20:14:31 - [MESSAGE][PASSED] - Object: 'Object Repository/Pin/pin expand button 2' is clicked on

01-01-2024T20:14:31 - [TEST_STEP][PASSED] - click(findTestObject("Pin/pin change 2")): Object: 'Object Repository/Pin/pin change 2' is clicked on

01-01-2024T20:14:32 - [MESSAGE][PASSED] - Object: 'Object Repository/Pin/pin change 2' is clicked on

01-01-2024T20:14:32 - [TEST_STEP][PASSED] - setEncryptedText(findTestObject("Pin/pin input password"), "tcoL0gTvL8A="): Text ****** has been set on object 'Object Repository/Pin/pin input password'

01-01-2024T20:14:33 - [MESSAGE][PASSED] - Text ****** has been set on object 'Object Repository/Pin/pin input password'

01-01-2024T20:14:33 - [TEST_STEP][PASSED] - click(findTestObject("Pin/pin input password continue")): Object: 'Object Repository/Pin/pin input password continue' is clicked on

01-01-2024T20:14:34 - [MESSAGE][PASSED] - Object: 'Object Repository/Pin/pin input password continue' is clicked on

01-01-2024T20:14:34 - [TEST_STEP][PASSED] - click(findTestObject("Pin/pin checkbox")): Object: 'Object Repository/Pin/pin checkbox' is clicked on

01-01-2024T20:14:34 - [MESSAGE][PASSED] - Object: 'Object Repository/Pin/pin checkbox' is clicked on

01-01-2024T20:14:34 - [TEST_STEP][PASSED] - setText(findTestObject("Pin/pin input A"), "1"): Text '1' is set on object 'Object Repository/Pin/pin input A'

01-01-2024T20:14:35 - [MESSAGE][PASSED] - Text '1' is set on object 'Object Repository/Pin/pin input A'

01-01-2024T20:14:35 - [TEST_STEP][PASSED] - setText(findTestObject("Pin/pin input B"), "1"): Text '1' is set on object 'Object Repository/Pin/pin input B'

01-01-2024T20:14:36 - [MESSAGE][PASSED] - Text '1' is set on object 'Object Repository/Pin/pin input B'

01-01-2024T20:14:36 - [TEST_STEP][PASSED] - setText(findTestObject("Pin/pin input C"), "1"): Text '1' is set on object 'Object Repository/Pin/pin input C'

01-01-2024T20:14:37 - [MESSAGE][PASSED] - Text '1' is set on object 'Object Repository/Pin/pin input C'

01-01-2024T20:14:37 - [TEST_STEP][PASSED] - setText(findTestObject("Pin/pin input D"), "2"): Text '2' is set on object 'Object Repository/Pin/pin input D'

01-01-2024T20:14:38 - [MESSAGE][PASSED] - Text '2' is set on object 'Object Repository/Pin/pin input D'

01-01-2024T20:14:38 - [TEST_STEP][PASSED] - click(findTestObject("Pin/pin input save 2")): Object: 'Object Repository/Pin/pin input save 2' is clicked on

01-01-2024T20:14:38 - [MESSAGE][PASSED] - Object: 'Object Repository/Pin/pin input save 2' is clicked on

01-01-2024T20:14:38 - [TEST_STEP][PASSED] - click(findTestObject("Pin/pin expand button 3")): Object: 'Object Repository/Pin/pin expand button 3' is clicked on

01-01-2024T20:14:42 - [MESSAGE][PASSED] - Object: 'Object Repository/Pin/pin expand button 3' is clicked on

01-01-2024T20:14:42 - [TEST_STEP][PASSED] - click(findTestObject("Pin/pin change 3")): Object: 'Object Repository/Pin/pin change 3' is clicked on

01-01-2024T20:14:43 - [MESSAGE][PASSED] - Object: 'Object Repository/Pin/pin change 3' is clicked on

01-01-2024T20:14:43 - [TEST_STEP][PASSED] - setEncryptedText(findTestObject("Pin/pin input password"), "tcoL0gTvL8A="): Text ****** has been set on object 'Object Repository/Pin/pin input password'

01-01-2024T20:14:43 - [MESSAGE][PASSED] - Text ****** has been set on object 'Object Repository/Pin/pin input password'

01-01-2024T20:14:43 - [TEST_STEP][PASSED] - click(findTestObject("Pin/pin input password continue")): Object: 'Object Repository/Pin/pin input password continue' is clicked on

01-01-2024T20:14:44 - [MESSAGE][PASSED] - Object: 'Object Repository/Pin/pin input password continue' is clicked on

01-01-2024T20:14:44 - [TEST_STEP][PASSED] - click(findTestObject("Pin/pin checkbox")): Object: 'Object Repository/Pin/pin checkbox' is clicked on

01-01-2024T20:14:45 - [MESSAGE][PASSED] - Object: 'Object Repository/Pin/pin checkbox' is clicked on

01-01-2024T20:14:45 - [TEST_STEP][PASSED] - setText(findTestObject("Pin/pin input A"), "1"): Text '1' is set on object 'Object Repository/Pin/pin input A'

01-01-2024T20:14:46 - [MESSAGE][PASSED] - Text '1' is set on object 'Object Repository/Pin/pin input A'

01-01-2024T20:14:46 - [TEST_STEP][PASSED] - setText(findTestObject("Pin/pin input B"), "1"): Text '1' is set on object 'Object Repository/Pin/pin input B'

01-01-2024T20:14:46 - [MESSAGE][PASSED] - Text '1' is set on object 'Object Repository/Pin/pin input B'

01-01-2024T20:14:46 - [TEST_STEP][PASSED] - setText(findTestObject("Pin/pin input C"), "1"): Text '1' is set on object 'Object Repository/Pin/pin input C'

01-01-2024T20:14:47 - [MESSAGE][PASSED] - Text '1' is set on object 'Object Repository/Pin/pin input C'

01-01-2024T20:14:47 - [TEST_STEP][PASSED] - setText(findTestObject("Pin/pin input D"), "3"): Text '3' is set on object 'Object Repository/Pin/pin input D'

01-01-2024T20:14:48 - [MESSAGE][PASSED] - Text '3' is set on object 'Object Repository/Pin/pin input D'

01-01-2024T20:14:48 - [TEST_STEP][PASSED] - click(findTestObject("Pin/pin input save 3")): Object: 'Object Repository/Pin/pin input save 3' is clicked on

01-01-2024T20:14:49 - [MESSAGE][PASSED] - Object: 'Object Repository/Pin/pin input save 3' is clicked on

01-01-2024T20:14:49 - [TEST_STEP][PASSED] - click(findTestObject("Pin/pin expand button 4")): Object: 'Object Repository/Pin/pin expand button 4' is clicked on

01-01-2024T20:14:52 - [MESSAGE][PASSED] - Object: 'Object Repository/Pin/pin expand button 4' is clicked on

01-01-2024T20:14:52 - [TEST_STEP][PASSED] - click(findTestObject("Pin/pin change 4")): Object: 'Object Repository/Pin/pin change 4' is clicked on

01-01-2024T20:14:53 - [MESSAGE][PASSED] - Object: 'Object Repository/Pin/pin change 4' is clicked on

01-01-2024T20:14:53 - [TEST_STEP][PASSED] - setEncryptedText(findTestObject("Pin/pin input password"), "tcoL0gTvL8A="): Text ****** has been set on object 'Object Repository/Pin/pin input password'

01-01-2024T20:14:53 - [MESSAGE][PASSED] - Text ****** has been set on object 'Object Repository/Pin/pin input password'

01-01-2024T20:14:53 - [TEST_STEP][PASSED] - click(findTestObject("Pin/pin input password continue")): Object: 'Object Repository/Pin/pin input password continue' is clicked on

01-01-2024T20:14:54 - [MESSAGE][PASSED] - Object: 'Object Repository/Pin/pin input password continue' is clicked on

01-01-2024T20:14:54 - [TEST_STEP][PASSED] - click(findTestObject("Pin/pin checkbox")): Object: 'Object Repository/Pin/pin checkbox' is clicked on

01-01-2024T20:14:55 - [MESSAGE][PASSED] - Object: 'Object Repository/Pin/pin checkbox' is clicked on

01-01-2024T20:14:55 - [TEST_STEP][PASSED] - setText(findTestObject("Pin/pin input A"), "1"): Text '1' is set on object 'Object Repository/Pin/pin input A'

01-01-2024T20:14:55 - [MESSAGE][PASSED] - Text '1' is set on object 'Object Repository/Pin/pin input A'

01-01-2024T20:14:55 - [TEST_STEP][PASSED] - setText(findTestObject("Pin/pin input B"), "1"): Text '1' is set on object 'Object Repository/Pin/pin input B'

01-01-2024T20:14:56 - [MESSAGE][PASSED] - Text '1' is set on object 'Object Repository/Pin/pin input B'

01-01-2024T20:14:56 - [TEST_STEP][PASSED] - setText(findTestObject("Pin/pin input C"), "1"): Text '1' is set on object 'Object Repository/Pin/pin input C'

01-01-2024T20:14:57 - [MESSAGE][PASSED] - Text '1' is set on object 'Object Repository/Pin/pin input C'

01-01-2024T20:14:57 - [TEST_STEP][PASSED] - setText(findTestObject("Pin/pin input D"), "4"): Text '4' is set on object 'Object Repository/Pin/pin input D'

01-01-2024T20:14:58 - [MESSAGE][PASSED] - Text '4' is set on object 'Object Repository/Pin/pin input D'

01-01-2024T20:14:58 - [TEST_STEP][PASSED] - click(findTestObject("Pin/pin input save 4")): Object: 'Object Repository/Pin/pin input save 4' is clicked on

01-01-2024T20:14:59 - [MESSAGE][PASSED] - Object: 'Object Repository/Pin/pin input save 4' is clicked on

01-01-2024T20:14:59 - [TEST_STEP][PASSED] - click(findTestObject("Pin/pin expand button 5")): Object: 'Object Repository/Pin/pin expand button 5' is clicked on

01-01-2024T20:15:01 - [MESSAGE][PASSED] - Object: 'Object Repository/Pin/pin expand button 5' is clicked on

01-01-2024T20:15:01 - [TEST_STEP][PASSED] - click(findTestObject("Pin/pin change 5")): Object: 'Object Repository/Pin/pin change 5' is clicked on

01-01-2024T20:15:02 - [MESSAGE][PASSED] - Object: 'Object Repository/Pin/pin change 5' is clicked on

01-01-2024T20:15:02 - [TEST_STEP][PASSED] - setEncryptedText(findTestObject("Pin/pin input password"), "tcoL0gTvL8A="): Text ****** has been set on object 'Object Repository/Pin/pin input password'

01-01-2024T20:15:02 - [MESSAGE][PASSED] - Text ****** has been set on object 'Object Repository/Pin/pin input password'

01-01-2024T20:15:02 - [TEST_STEP][PASSED] - click(findTestObject("Pin/pin input password continue")): Object: 'Object Repository/Pin/pin input password continue' is clicked on

01-01-2024T20:15:03 - [MESSAGE][PASSED] - Object: 'Object Repository/Pin/pin input password continue' is clicked on

01-01-2024T20:15:03 - [TEST_STEP][PASSED] - click(findTestObject("Pin/pin checkbox")): Object: 'Object Repository/Pin/pin checkbox' is clicked on

01-01-2024T20:15:04 - [MESSAGE][PASSED] - Object: 'Object Repository/Pin/pin checkbox' is clicked on

01-01-2024T20:15:04 - [TEST_STEP][PASSED] - setText(findTestObject("Pin/pin input A"), "1"): Text '1' is set on object 'Object Repository/Pin/pin input A'

01-01-2024T20:15:05 - [MESSAGE][PASSED] - Text '1' is set on object 'Object Repository/Pin/pin input A'

01-01-2024T20:15:05 - [TEST_STEP][PASSED] - setText(findTestObject("Pin/pin input B"), "1"): Text '1' is set on object 'Object Repository/Pin/pin input B'

01-01-2024T20:15:05 - [MESSAGE][PASSED] - Text '1' is set on object 'Object Repository/Pin/pin input B'

01-01-2024T20:15:05 - [TEST_STEP][PASSED] - setText(findTestObject("Pin/pin input C"), "1"): Text '1' is set on object 'Object Repository/Pin/pin input C'

01-01-2024T20:15:06 - [MESSAGE][PASSED] - Text '1' is set on object 'Object Repository/Pin/pin input C'

01-01-2024T20:15:06 - [TEST_STEP][PASSED] - setText(findTestObject("Pin/pin input D"), "5"): Text '5' is set on object 'Object Repository/Pin/pin input D'

01-01-2024T20:15:07 - [MESSAGE][PASSED] - Text '5' is set on object 'Object Repository/Pin/pin input D'

01-01-2024T20:15:07 - [TEST_STEP][PASSED] - click(findTestObject("Pin/pin input save 5")): Object: 'Object Repository/Pin/pin input save 5' is clicked on

01-01-2024T20:15:08 - [MESSAGE][PASSED] - Object: 'Object Repository/Pin/pin input save 5' is clicked on

01-01-2024T20:15:08 - [TEST_STEP][PASSED] - delay(2): Delayed 2 second(s)

01-01-2024T20:15:10 - [MESSAGE][PASSED] - Delayed 2 second(s)

01-01-2024T20:15:10 - [TEST_STEP][PASSED] - navigateToUrl("https://www.netflix.com/id/logout"): Navigate to 'https://www.netflix.com/id/logout' successfully

01-01-2024T20:15:11 - [MESSAGE][PASSED] - Navigate to 'https://www.netflix.com/id/logout' successfully

01-01-2024T20:15:11 - [TEST_STEP][PASSED] - click(findTestObject("sign out")): Object: 'Object Repository/sign out' is clicked on

01-01-2024T20:15:13 - [MESSAGE][PASSED] - Object: 'Object Repository/sign out' is clicked on

01-01-2024T20:15:13 - [TEST_STEP][PASSED] - delay(2): Delayed 2 second(s)

01-01-2024T20:15:15 - [MESSAGE][PASSED] - Delayed 2 second(s)]]></system-out>
         <system-err><![CDATA[]]></system-err>
      </testcase>
      <system-out><![CDATA[01-01-2024T20:13:29 - [TEST_SUITE][PASSED] - Reset: Test Cases/Profile]]></system-out>
      <system-err><![CDATA[]]></system-err>
   </testsuite>
</testsuites>
