<?xml version="1.0" encoding="UTF-8"?>
<testsuites name="Test" time="24.517" tests="1" failures="0" errors="0">
   <testsuite name="Test" tests="1" failures="0" errors="0" time="24.517" skipped="0" timestamp="02-01-2024T17:53:42" hostname="abyad - Thinkbook" id="Test Suites/Test">
      <properties>
         <property name="deviceName" value=""/>
         <property name="devicePlatform" value=""/>
         <property name="logFolder" value="D:\\katalon\\akunmu-netflix\\Reports\\20240102_175335\\Test\\20240102_175335"/>
         <property name="logFiles" value="D:\\katalon\\akunmu-netflix\\Reports\\20240102_175335\\Test\\20240102_175335\\execution0.log"/>
         <property name="attachments" value=""/>
         <property name="hostName" value="abyad - Thinkbook"/>
         <property name="os" value="Windows 11 64bit"/>
         <property name="katalonVersion" value="9.2.0.212"/>
         <property name="browser" value="Chrome 120.0.0.0"/>
         <property name="hostAddress" value="192.168.18.169"/>
         <property name="sessionId" value="97f380694b869703f0cfaf246bea63ac"/>
         <property name="seleniumVersion" value="3.141.59"/>
         <property name="proxyInformation" value="ProxyInformation { proxyOption=NO_PROXY, proxyServerType=HTTP, username=, password=********, proxyServerAddress=, proxyServerPort=0, executionList=&quot;&quot;, isApplyToDesiredCapabilities=true }"/>
         <property name="platform" value="Windows 11"/>
      </properties>
      <testcase name="Test Cases/TC Test" time="24.035" classname="Test Cases/TC Test" status="PASSED">
         <system-out><![CDATA[02-01-2024T17:53:43 - [TEST_CASE][PASSED] - Test Cases/TC Test: Test Cases/TC Test

02-01-2024T17:53:43 - [TEST_STEP][PASSED] - openBrowser(""): Browser is opened with url: ''

02-01-2024T17:53:44 - [MESSAGE][INFO] - Starting 'Chrome' driver

02-01-2024T17:53:44 - [MESSAGE][INFO] - Action delay is set to 0 milliseconds

02-01-2024T17:53:45 - [MESSAGE][PASSED] - Browser is opened with url: ''

02-01-2024T17:53:45 - [TEST_STEP][PASSED] - navigateToUrl("https://www.netflix.com/id/login"): Navigate to 'https://www.netflix.com/id/login' successfully

02-01-2024T17:53:49 - [MESSAGE][PASSED] - Navigate to 'https://www.netflix.com/id/login' successfully

02-01-2024T17:53:49 - [TEST_STEP][PASSED] - click(findTestObject("Object Repository/Login/1 email")): Object: 'Object Repository/Login/1 email' is clicked on

02-01-2024T17:53:49 - [MESSAGE][PASSED] - Object: 'Object Repository/Login/1 email' is clicked on

02-01-2024T17:53:49 - [TEST_STEP][PASSED] - setText(findTestObject("Object Repository/Login/2 user id"), email): Text 'jhp@frilsa.com' is set on object 'Object Repository/Login/2 user id'

02-01-2024T17:53:50 - [MESSAGE][PASSED] - Text 'jhp@frilsa.com' is set on object 'Object Repository/Login/2 user id'

02-01-2024T17:53:50 - [TEST_STEP][PASSED] - setText(findTestObject("Object Repository/Login/3 password"), password): Text 'aku1100' is set on object 'Object Repository/Login/3 password'

02-01-2024T17:53:51 - [MESSAGE][PASSED] - Text 'aku1100' is set on object 'Object Repository/Login/3 password'

02-01-2024T17:53:51 - [TEST_STEP][PASSED] - click(findTestObject("Object Repository/Login/4 sign in")): Object: 'Object Repository/Login/4 sign in' is clicked on

02-01-2024T17:53:51 - [MESSAGE][PASSED] - Object: 'Object Repository/Login/4 sign in' is clicked on

02-01-2024T17:53:51 - [TEST_STEP][PASSED] - delay(2): Delayed 2 second(s)

02-01-2024T17:53:53 - [MESSAGE][PASSED] - Delayed 2 second(s)

02-01-2024T17:53:53 - [TEST_STEP][PASSED] - navigateToUrl("https://www.netflix.com/YourAccount"): Navigate to 'https://www.netflix.com/YourAccount' successfully

02-01-2024T17:53:55 - [MESSAGE][PASSED] - Navigate to 'https://www.netflix.com/YourAccount' successfully

02-01-2024T17:53:55 - [TEST_STEP][PASSED] - click(findTestObject("Pin/pin expand button 1")): Object: 'Object Repository/Pin/pin expand button 1' is clicked on

02-01-2024T17:53:56 - [MESSAGE][PASSED] - Object: 'Object Repository/Pin/pin expand button 1' is clicked on

02-01-2024T17:53:56 - [TEST_STEP][PASSED] - click(findTestObject("StreamActivity/lihat 1")): Object: 'Object Repository/StreamActivity/lihat 1' is clicked on

02-01-2024T17:53:57 - [MESSAGE][PASSED] - Object: 'Object Repository/StreamActivity/lihat 1' is clicked on

02-01-2024T17:53:57 - [TEST_STEP][PASSED] - click(findTestObject("StreamActivity/sembunyikan"), OPTIONAL): Object: 'Object Repository/StreamActivity/sembunyikan' is clicked on

02-01-2024T17:53:58 - [MESSAGE][PASSED] - Object: 'Object Repository/StreamActivity/sembunyikan' is clicked on

02-01-2024T17:53:58 - [TEST_STEP][PASSED] - click(findTestObject("StreamActivity/sembunyikan ya"), OPTIONAL): Object: 'Object Repository/StreamActivity/sembunyikan ya' is clicked on

02-01-2024T17:53:58 - [MESSAGE][PASSED] - Object: 'Object Repository/StreamActivity/sembunyikan ya' is clicked on

02-01-2024T17:53:58 - [TEST_STEP][PASSED] - navigateToUrl("https://www.netflix.com/YourAccount"): Navigate to 'https://www.netflix.com/YourAccount' successfully

02-01-2024T17:54:00 - [MESSAGE][PASSED] - Navigate to 'https://www.netflix.com/YourAccount' successfully

02-01-2024T17:54:00 - [TEST_STEP][PASSED] - delay(2): Delayed 2 second(s)

02-01-2024T17:54:02 - [MESSAGE][PASSED] - Delayed 2 second(s)

02-01-2024T17:54:02 - [TEST_STEP][PASSED] - navigateToUrl("https://www.netflix.com/id/logout"): Navigate to 'https://www.netflix.com/id/logout' successfully

02-01-2024T17:54:03 - [MESSAGE][PASSED] - Navigate to 'https://www.netflix.com/id/logout' successfully

02-01-2024T17:54:03 - [TEST_STEP][PASSED] - click(findTestObject("sign out")): Object: 'Object Repository/sign out' is clicked on

02-01-2024T17:54:05 - [MESSAGE][PASSED] - Object: 'Object Repository/sign out' is clicked on

02-01-2024T17:54:05 - [TEST_STEP][PASSED] - delay(2): Delayed 2 second(s)

02-01-2024T17:54:07 - [MESSAGE][PASSED] - Delayed 2 second(s)]]></system-out>
         <system-err><![CDATA[]]></system-err>
      </testcase>
      <system-out><![CDATA[02-01-2024T17:53:42 - [TEST_SUITE][PASSED] - Test: Test Cases/TC Test]]></system-out>
      <system-err><![CDATA[]]></system-err>
   </testsuite>
</testsuites>
